

================================================================
== Vitis HLS Report for 'fftStageKernelS2S_64_2_1_0_0_3_complex_ap_fixed_27_12_5_3_0_complex_ap_fixed_16_3_5_3_0_complex_ap_fixed_16_3_5_3_0_complex_ap_fixed_26_11_5_3_0_complex_ap_fixed_27_12_5_3_0_s'
================================================================
* Date:           Mon Nov 28 17:13:10 2022

* Version:        2021.1 (Build 3247384 on Thu Jun 10 19:36:07 MDT 2021)
* Project:        project
* Solution:       solution1 (Vivado IP Flow Target)
* Product family: zynquplus
* Target device:  xck26-sfvc784-2LV-c


================================================================
== Performance Estimates
================================================================
+ Timing: 
    * Summary: 
    +--------+----------+----------+------------+
    |  Clock |  Target  | Estimated| Uncertainty|
    +--------+----------+----------+------------+
    |ap_clk  |  20.00 ns|  3.464 ns|     5.40 ns|
    +--------+----------+----------+------------+

+ Latency: 
    * Summary: 
    +---------+---------+----------+----------+-----+-----+---------+
    |  Latency (cycles) |  Latency (absolute) |  Interval | Pipeline|
    |   min   |   max   |    min   |    max   | min | max |   Type  |
    +---------+---------+----------+----------+-----+-----+---------+
    |        ?|        ?|         ?|         ?|    ?|    ?|       no|
    +---------+---------+----------+----------+-----+-----+---------+

    + Detail: 
        * Instance: 
        N/A

        * Loop: 
        +-----------------+---------+---------+----------+-----------+-----------+------+----------+
        |                 |  Latency (cycles) | Iteration|  Initiation Interval  | Trip |          |
        |    Loop Name    |   min   |   max   |  Latency |  achieved |   target  | Count| Pipelined|
        +-----------------+---------+---------+----------+-----------+-----------+------+----------+
        |- L_FFTs_LOOP    |        ?|        ?|         ?|          -|          -|     8|        no|
        | + L_BFLYs_LOOP  |        ?|        ?|         5|          1|          1|     ?|       yes|
        +-----------------+---------+---------+----------+-----------+-----------+------+----------+



================================================================
== Utilization Estimates
================================================================
* Summary: 
+-----------------+---------+------+--------+--------+-----+
|       Name      | BRAM_18K|  DSP |   FF   |   LUT  | URAM|
+-----------------+---------+------+--------+--------+-----+
|DSP              |        -|     4|       -|       -|    -|
|Expression       |        -|     -|       0|     604|    -|
|FIFO             |        -|     -|       -|       -|    -|
|Instance         |        -|     -|       -|       -|    -|
|Memory           |        0|     -|      28|       4|    -|
|Multiplexer      |        -|     -|       -|     103|    -|
|Register         |        -|     -|     436|      96|    -|
+-----------------+---------+------+--------+--------+-----+
|Total            |        0|     4|     464|     807|    0|
+-----------------+---------+------+--------+--------+-----+
|Available        |      288|  1248|  234240|  117120|   64|
+-----------------+---------+------+--------+--------+-----+
|Utilization (%)  |        0|    ~0|      ~0|      ~0|    0|
+-----------------+---------+------+--------+--------+-----+

+ Detail: 
    * Instance: 
    N/A

    * DSP: 
    +----------------------------+------------------------+-----------+
    |          Instance          |         Module         | Expression|
    +----------------------------+------------------------+-----------+
    |mul_mul_26s_15s_40_4_1_U90  |mul_mul_26s_15s_40_4_1  |    i0 * i1|
    |mul_mul_26s_15s_40_4_1_U91  |mul_mul_26s_15s_40_4_1  |    i0 * i1|
    |mul_mul_26s_15s_40_4_1_U92  |mul_mul_26s_15s_40_4_1  |    i0 * i1|
    |mul_mul_26s_15s_40_4_1_U93  |mul_mul_26s_15s_40_4_1  |    i0 * i1|
    +----------------------------+------------------------+-----------+

    * Memory: 
    +--------------------------------------+----------------------------------------------------------------------------------+---------+----+----+-----+------+-----+------+-------------+
    |                Memory                |                                      Module                                      | BRAM_18K| FF | LUT| URAM| Words| Bits| Banks| W*Bits*Banks|
    +--------------------------------------+----------------------------------------------------------------------------------+---------+----+----+-----+------+-----+------+-------------+
    |twiddleObj_twiddleTable_M_imag_V_3_U  |fftStageKernelS2S_64_2_1_0_0_6_complex_ap_fixed_24_9_5_3_0_complex_ap_fixed_1bkb  |        0|  28|   4|    0|    16|   14|     1|          224|
    +--------------------------------------+----------------------------------------------------------------------------------+---------+----+----+-----+------+-----+------+-------------+
    |Total                                 |                                                                                  |        0|  28|   4|    0|    16|   14|     1|          224|
    +--------------------------------------+----------------------------------------------------------------------------------+---------+----+----+-----+------+-----+------+-------------+

    * FIFO: 
    N/A

    * Expression: 
    +--------------------------------------------+----------+----+---+----+------------+------------+
    |                Variable Name               | Operation| DSP| FF| LUT| Bitwidth P0| Bitwidth P1|
    +--------------------------------------------+----------+----+---+----+------------+------------+
    |bflyOutData_M_imag_V_0_fu_382_p2            |         +|   0|  0|  33|          26|          26|
    |complexExpMulOut_M_real_V_0_fu_378_p2       |         +|   0|  0|  33|          26|          26|
    |f_fu_199_p2                                 |         +|   0|  0|  10|           3|           1|
    |imag_out_V_fu_587_p2                        |         +|   0|  0|  34|          27|          27|
    |index_cos_V_fu_258_p2                       |         +|   0|  0|  13|           6|           6|
    |k_6_fu_205_p2                               |         +|   0|  0|  39|          32|           2|
    |k_fu_356_p2                                 |         +|   0|  0|  39|          32|           1|
    |r_V_19_fu_432_p2                            |         +|   0|  0|  33|          26|          26|
    |r_V_20_fu_437_p2                            |         +|   0|  0|  33|          26|          26|
    |lut_index_imag_V_7_fu_292_p2                |         -|   0|  0|  12|           1|           4|
    |lut_index_real_V_7_fu_337_p2                |         -|   0|  0|  12|           1|           4|
    |p_Val2_19_fu_470_p2                         |         -|   0|  0|  21|           1|          14|
    |p_Val2_20_fu_509_p2                         |         -|   0|  0|  21|           1|          14|
    |r_V_18_fu_416_p2                            |         -|   0|  0|  46|           1|          39|
    |r_V_fu_393_p2                               |         -|   0|  0|  46|           1|          39|
    |real_out_V_fu_563_p2                        |         -|   0|  0|  34|          27|          27|
    |ap_block_state3_pp0_stage0_iter0            |       and|   0|  0|   2|           1|           1|
    |ap_block_state7_pp0_stage0_iter4            |       and|   0|  0|   2|           1|           1|
    |tmp_nbreadreq_fu_120_p3                     |       and|   0|  0|   2|           1|           0|
    |icmp_ln1049_10_fu_447_p2                    |      icmp|   0|  0|   8|           3|           3|
    |icmp_ln1049_11_fu_327_p2                    |      icmp|   0|  0|  10|           6|           5|
    |icmp_ln1049_12_fu_487_p2                    |      icmp|   0|  0|   8|           3|           1|
    |icmp_ln1049_fu_442_p2                       |      icmp|   0|  0|   8|           3|           2|
    |icmp_ln149_fu_621_p2                        |      icmp|   0|  0|   8|           3|           2|
    |icmp_ln151_fu_372_p2                        |      icmp|   0|  0|  19|          30|           1|
    |ap_block_pp0_stage0_01001                   |        or|   0|  0|   2|           1|           1|
    |ap_block_state1                             |        or|   0|  0|   2|           1|           1|
    |output_saturation_control_imag_fu_452_p2    |        or|   0|  0|   2|           1|           1|
    |output_saturation_control_real_V_fu_492_p2  |        or|   0|  0|   2|           1|           1|
    |lut_index_imag_V_8_fu_298_p3                |    select|   0|  0|   4|           1|           4|
    |lut_index_real_V_8_fu_343_p3                |    select|   0|  0|   4|           1|           4|
    |p_Val2_22_fu_519_p3                         |    select|   0|  0|  15|           1|          15|
    |p_Val2_s_fu_480_p3                          |    select|   0|  0|  15|           1|          15|
    |temp_out_cos_V_fu_497_p3                    |    select|   0|  0|  15|           1|          15|
    |temp_out_sin_V_fu_458_p3                    |    select|   0|  0|  15|           1|          15|
    |ap_enable_pp0                               |       xor|   0|  0|   2|           1|           2|
    +--------------------------------------------+----------+----+---+----+------------+------------+
    |Total                                       |          |   0|  0| 604|         299|         372|
    +--------------------------------------------+----------+----+---+----+------------+------------+

    * Multiplexer: 
    +------------------------------+----+-----------+-----+-----------+
    |             Name             | LUT| Input Size| Bits| Total Bits|
    +------------------------------+----+-----------+-----+-----------+
    |ap_NS_fsm                     |  26|          5|    1|          5|
    |ap_done                       |   9|          2|    1|          2|
    |ap_enable_reg_pp0_iter4       |   9|          2|    1|          2|
    |ap_phi_mux_k9_phi_fu_182_p4   |   9|          2|   32|         64|
    |ap_phi_mux_k_1_phi_fu_192_p4  |  14|          3|   32|         96|
    |f10_reg_166                   |   9|          2|    3|          6|
    |fftOutData_local2_blk_n       |   9|          2|    1|          2|
    |fftOutData_local_blk_n        |   9|          2|    1|          2|
    |k9_reg_178                    |   9|          2|   32|         64|
    +------------------------------+----+-----------+-----+-----------+
    |Total                         | 103|         22|  104|        243|
    +------------------------------+----+-----------+-----+-----------+

    * Register: 
    +--------------------------------------+----+----+-----+-----------+
    |                 Name                 | FF | LUT| Bits| Const Bits|
    +--------------------------------------+----+----+-----+-----------+
    |X_of_ns_M_imag_V_0_reg_670            |  26|   0|   26|          0|
    |X_of_ns_M_imag_V_1_reg_682            |  26|   0|   26|          0|
    |X_of_ns_M_real_V_0_reg_664            |  26|   0|   26|          0|
    |X_of_ns_M_real_V_1_reg_676            |  26|   0|   26|          0|
    |ap_CS_fsm                             |   4|   0|    4|          0|
    |ap_done_reg                           |   1|   0|    1|          0|
    |ap_enable_reg_pp0_iter0               |   1|   0|    1|          0|
    |ap_enable_reg_pp0_iter1               |   1|   0|    1|          0|
    |ap_enable_reg_pp0_iter2               |   1|   0|    1|          0|
    |ap_enable_reg_pp0_iter3               |   1|   0|    1|          0|
    |ap_enable_reg_pp0_iter4               |   1|   0|    1|          0|
    |bflyOutData_M_imag_V_0_reg_734        |  26|   0|   26|          0|
    |complexExpMulOut_M_real_V_0_reg_729   |  26|   0|   26|          0|
    |f10_reg_166                           |   3|   0|    3|          0|
    |f_reg_655                             |   3|   0|    3|          0|
    |icmp_ln1049_11_reg_710                |   1|   0|    1|          0|
    |icmp_ln151_reg_725                    |   1|   0|    1|          0|
    |k9_reg_178                            |  32|   0|   32|          0|
    |k_reg_720                             |  32|   0|   32|          0|
    |output_negate_control_imag_reg_695    |   1|   0|    1|          0|
    |output_negate_control_real_V_reg_705  |   1|   0|    1|          0|
    |tmp_reg_660                           |   1|   0|    1|          0|
    |trunc_ln177_reg_688                   |   3|   0|    3|          0|
    |bflyOutData_M_imag_V_0_reg_734        |  64|  32|   26|          0|
    |complexExpMulOut_M_real_V_0_reg_729   |  64|  32|   26|          0|
    |tmp_reg_660                           |  64|  32|    1|          0|
    +--------------------------------------+----+----+-----+-----------+
    |Total                                 | 436|  96|  297|          0|
    +--------------------------------------+----+----+-----+-----------+



================================================================
== Interface
================================================================
* Summary: 
+---------------------------+-----+-----+------------+------------------------------------------------------------------------------------------------------------------------------------------------------------------------------------------------------------------------------+--------------+
|         RTL Ports         | Dir | Bits|  Protocol  |                                                                                                         Source Object                                                                                                        |    C Type    |
+---------------------------+-----+-----+------------+------------------------------------------------------------------------------------------------------------------------------------------------------------------------------------------------------------------------------+--------------+
|ap_clk                     |   in|    1|  ap_ctrl_hs|  fftStageKernelS2S<64, 2, 1, 0, 0, 3, complex<ap_fixed<27, 12, 5, 3, 0> >, complex<ap_fixed<16, 3, 5, 3, 0> >, complex<ap_fixed<16, 3, 5, 3, 0> >, complex<ap_fixed<26, 11, 5, 3, 0> >, complex<ap_fixed<27, 12, 5, 3, 0> > >|  return value|
|ap_rst                     |   in|    1|  ap_ctrl_hs|  fftStageKernelS2S<64, 2, 1, 0, 0, 3, complex<ap_fixed<27, 12, 5, 3, 0> >, complex<ap_fixed<16, 3, 5, 3, 0> >, complex<ap_fixed<16, 3, 5, 3, 0> >, complex<ap_fixed<26, 11, 5, 3, 0> >, complex<ap_fixed<27, 12, 5, 3, 0> > >|  return value|
|ap_start                   |   in|    1|  ap_ctrl_hs|  fftStageKernelS2S<64, 2, 1, 0, 0, 3, complex<ap_fixed<27, 12, 5, 3, 0> >, complex<ap_fixed<16, 3, 5, 3, 0> >, complex<ap_fixed<16, 3, 5, 3, 0> >, complex<ap_fixed<26, 11, 5, 3, 0> >, complex<ap_fixed<27, 12, 5, 3, 0> > >|  return value|
|ap_done                    |  out|    1|  ap_ctrl_hs|  fftStageKernelS2S<64, 2, 1, 0, 0, 3, complex<ap_fixed<27, 12, 5, 3, 0> >, complex<ap_fixed<16, 3, 5, 3, 0> >, complex<ap_fixed<16, 3, 5, 3, 0> >, complex<ap_fixed<26, 11, 5, 3, 0> >, complex<ap_fixed<27, 12, 5, 3, 0> > >|  return value|
|ap_continue                |   in|    1|  ap_ctrl_hs|  fftStageKernelS2S<64, 2, 1, 0, 0, 3, complex<ap_fixed<27, 12, 5, 3, 0> >, complex<ap_fixed<16, 3, 5, 3, 0> >, complex<ap_fixed<16, 3, 5, 3, 0> >, complex<ap_fixed<26, 11, 5, 3, 0> >, complex<ap_fixed<27, 12, 5, 3, 0> > >|  return value|
|ap_idle                    |  out|    1|  ap_ctrl_hs|  fftStageKernelS2S<64, 2, 1, 0, 0, 3, complex<ap_fixed<27, 12, 5, 3, 0> >, complex<ap_fixed<16, 3, 5, 3, 0> >, complex<ap_fixed<16, 3, 5, 3, 0> >, complex<ap_fixed<26, 11, 5, 3, 0> >, complex<ap_fixed<27, 12, 5, 3, 0> > >|  return value|
|ap_ready                   |  out|    1|  ap_ctrl_hs|  fftStageKernelS2S<64, 2, 1, 0, 0, 3, complex<ap_fixed<27, 12, 5, 3, 0> >, complex<ap_fixed<16, 3, 5, 3, 0> >, complex<ap_fixed<16, 3, 5, 3, 0> >, complex<ap_fixed<26, 11, 5, 3, 0> >, complex<ap_fixed<27, 12, 5, 3, 0> > >|  return value|
|fftOutData_local2_dout     |   in|  128|     ap_fifo|                                                                                                                                                                                                             fftOutData_local2|       pointer|
|fftOutData_local2_empty_n  |   in|    1|     ap_fifo|                                                                                                                                                                                                             fftOutData_local2|       pointer|
|fftOutData_local2_read     |  out|    1|     ap_fifo|                                                                                                                                                                                                             fftOutData_local2|       pointer|
|fftOutData_local_din       |  out|  128|     ap_fifo|                                                                                                                                                                                                              fftOutData_local|       pointer|
|fftOutData_local_full_n    |   in|    1|     ap_fifo|                                                                                                                                                                                                              fftOutData_local|       pointer|
|fftOutData_local_write     |  out|    1|     ap_fifo|                                                                                                                                                                                                              fftOutData_local|       pointer|
+---------------------------+-----+-----+------------+------------------------------------------------------------------------------------------------------------------------------------------------------------------------------------------------------------------------------+--------------+

