

================================================================
== Vitis HLS Report for 'innerFFT_64_2_1_1_0_0_0_complex_ap_fixed_16_3_5_3_0_complex_ap_fixed_16_3_5_3_0_complex_ap_fixed_22_7_5_3_0_complex_ap_fixed_27_14_5_3_0_s'
================================================================
* Date:           Mon Nov 28 17:13:15 2022

* Version:        2021.1 (Build 3247384 on Thu Jun 10 19:36:07 MDT 2021)
* Project:        project
* Solution:       solution1 (Vivado IP Flow Target)
* Product family: zynquplus
* Target device:  xck26-sfvc784-2LV-c


================================================================
== Performance Estimates
================================================================
+ Timing: 
    * Summary: 
    +--------+----------+----------+------------+
    |  Clock |  Target  | Estimated| Uncertainty|
    +--------+----------+----------+------------+
    |ap_clk  |  20.00 ns|  4.465 ns|     5.40 ns|
    +--------+----------+----------+------------+

+ Latency: 
    * Summary: 
    +---------+---------+----------+----------+-----+-----+----------+
    |  Latency (cycles) |  Latency (absolute) |  Interval | Pipeline |
    |   min   |   max   |    min   |    max   | min | max |   Type   |
    +---------+---------+----------+----------+-----+-----+----------+
    |        ?|        ?|         ?|         ?|    ?|    ?|  dataflow|
    +---------+---------+----------+----------+-----+-----+----------+

    + Detail: 
        * Instance: 
        +--------------------------------------------------------------------------------------+-------------------------------------------------------------------------------------+---------+---------+----------+----------+-----+-----+----------+
        |                                                                                      |                                                                                     |  Latency (cycles) |  Latency (absolute) |  Interval | Pipeline |
        |                                       Instance                                       |                                        Module                                       |   min   |   max   |    min   |    max   | min | max |   Type   |
        +--------------------------------------------------------------------------------------+-------------------------------------------------------------------------------------+---------+---------+----------+----------+-----+-----+----------+
        |castArrayS2Streaming_64_2_complex_ap_fixed_22_7_5_3_0_complex_ap_fixed_22_7_5_3_0_U0  |castArrayS2Streaming_64_2_complex_ap_fixed_22_7_5_3_0_complex_ap_fixed_22_7_5_3_0_s  |       31|       32|  0.620 us|  0.640 us|   31|   32|        no|
        |swap_complex_ap_fixed_22_7_5_3_0_U0                                                   |swap_complex_ap_fixed_22_7_5_3_0_s                                                   |       77|       78|  1.540 us|  1.560 us|   64|   64|  dataflow|
        |fftStage_U0                                                                           |fftStage                                                                             |        ?|        ?|         ?|         ?|    ?|    ?|  dataflow|
        +--------------------------------------------------------------------------------------+-------------------------------------------------------------------------------------+---------+---------+----------+----------+-----+-----+----------+

        * Loop: 
        N/A



================================================================
== Utilization Estimates
================================================================
* Summary: 
+-----------------+---------+------+--------+--------+-----+
|       Name      | BRAM_18K|  DSP |   FF   |   LUT  | URAM|
+-----------------+---------+------+--------+--------+-----+
|DSP              |        -|     -|       -|       -|    -|
|Expression       |        -|     -|       0|       6|    -|
|FIFO             |        -|     -|     198|     132|    -|
|Instance         |        0|    20|    8707|   10971|    0|
|Memory           |        -|     -|       -|       -|    -|
|Multiplexer      |        -|     -|       -|       -|    -|
|Register         |        -|     -|       2|       -|    -|
+-----------------+---------+------+--------+--------+-----+
|Total            |        0|    20|    8907|   11109|    0|
+-----------------+---------+------+--------+--------+-----+
|Available        |      288|  1248|  234240|  117120|   64|
+-----------------+---------+------+--------+--------+-----+
|Utilization (%)  |        0|     1|       3|       9|    0|
+-----------------+---------+------+--------+--------+-----+

+ Detail: 
    * Instance: 
    +--------------------------------------------------------------------------------------+-------------------------------------------------------------------------------------+---------+----+------+------+-----+
    |                                       Instance                                       |                                        Module                                       | BRAM_18K| DSP|  FF  |  LUT | URAM|
    +--------------------------------------------------------------------------------------+-------------------------------------------------------------------------------------+---------+----+------+------+-----+
    |castArrayS2Streaming_64_2_complex_ap_fixed_22_7_5_3_0_complex_ap_fixed_22_7_5_3_0_U0  |castArrayS2Streaming_64_2_complex_ap_fixed_22_7_5_3_0_complex_ap_fixed_22_7_5_3_0_s  |        0|   0|     8|   106|    0|
    |fftStage_U0                                                                           |fftStage                                                                             |        0|  20|  6284|  8456|    0|
    |swap_complex_ap_fixed_22_7_5_3_0_U0                                                   |swap_complex_ap_fixed_22_7_5_3_0_s                                                   |        0|   0|  2415|  2409|    0|
    +--------------------------------------------------------------------------------------+-------------------------------------------------------------------------------------+---------+----+------+------+-----+
    |Total                                                                                 |                                                                                     |        0|  20|  8707| 10971|    0|
    +--------------------------------------------------------------------------------------+-------------------------------------------------------------------------------------+---------+----+------+------+-----+

    * DSP: 
    N/A

    * Memory: 
    N/A

    * FIFO: 
    +-------------------------+---------+----+----+-----+------+-----+---------+
    |           Name          | BRAM_18K| FF | LUT| URAM| Depth| Bits| Size:D*B|
    +-------------------------+---------+----+----+-----+------+-----+---------+
    |casted_output_U          |        0|  99|   0|    -|     8|  128|     1024|
    |p_fftInData_reOrdered_U  |        0|  99|   0|    -|     8|  128|     1024|
    +-------------------------+---------+----+----+-----+------+-----+---------+
    |Total                    |        0| 198|   0|    0|    16|  256|     2048|
    +-------------------------+---------+----+----+-----+------+-----+---------+

    * Expression: 
    +----------------------------------------------+----------+----+---+----+------------+------------+
    |                 Variable Name                | Operation| DSP| FF| LUT| Bitwidth P0| Bitwidth P1|
    +----------------------------------------------+----------+----+---+----+------------+------------+
    |ap_idle                                       |       and|   0|  0|   2|           1|           1|
    |fftStage_U0_ap_start                          |        or|   0|  0|   2|           1|           1|
    |swap_complex_ap_fixed_22_7_5_3_0_U0_ap_start  |        or|   0|  0|   2|           1|           1|
    +----------------------------------------------+----------+----+---+----+------------+------------+
    |Total                                         |          |   0|  0|   6|           3|           3|
    +----------------------------------------------+----------+----+---+----+------------+------------+

    * Multiplexer: 
    N/A

    * Register: 
    +----------------------------------------------------------+---+----+-----+-----------+
    |                           Name                           | FF| LUT| Bits| Const Bits|
    +----------------------------------------------------------+---+----+-----+-----------+
    |ap_sync_reg_fftStage_U0_ap_start                          |  1|   0|    1|          0|
    |ap_sync_reg_swap_complex_ap_fixed_22_7_5_3_0_U0_ap_start  |  1|   0|    1|          0|
    +----------------------------------------------------------+---+----+-----+-----------+
    |Total                                                     |  2|   0|    2|          0|
    +----------------------------------------------------------+---+----+-----+-----------+



================================================================
== Interface
================================================================
* Summary: 
+--------------------------------+-----+-----+------------+----------------------------------------------------------------------------------------------------------------------------------------------------------------------------------+--------------+
|            RTL Ports           | Dir | Bits|  Protocol  |                                                                                   Source Object                                                                                  |    C Type    |
+--------------------------------+-----+-----+------------+----------------------------------------------------------------------------------------------------------------------------------------------------------------------------------+--------------+
|p_fftInData_0_0_0_0_0_dout      |   in|   22|     ap_fifo|                                                                                                                                                             p_fftInData_0_0_0_0_0|       pointer|
|p_fftInData_0_0_0_0_0_empty_n   |   in|    1|     ap_fifo|                                                                                                                                                             p_fftInData_0_0_0_0_0|       pointer|
|p_fftInData_0_0_0_0_0_read      |  out|    1|     ap_fifo|                                                                                                                                                             p_fftInData_0_0_0_0_0|       pointer|
|p_fftInData_0_0_0_0_01_dout     |   in|   22|     ap_fifo|                                                                                                                                                            p_fftInData_0_0_0_0_01|       pointer|
|p_fftInData_0_0_0_0_01_empty_n  |   in|    1|     ap_fifo|                                                                                                                                                            p_fftInData_0_0_0_0_01|       pointer|
|p_fftInData_0_0_0_0_01_read     |  out|    1|     ap_fifo|                                                                                                                                                            p_fftInData_0_0_0_0_01|       pointer|
|p_fftInData_0_1_0_0_0_dout      |   in|   22|     ap_fifo|                                                                                                                                                             p_fftInData_0_1_0_0_0|       pointer|
|p_fftInData_0_1_0_0_0_empty_n   |   in|    1|     ap_fifo|                                                                                                                                                             p_fftInData_0_1_0_0_0|       pointer|
|p_fftInData_0_1_0_0_0_read      |  out|    1|     ap_fifo|                                                                                                                                                             p_fftInData_0_1_0_0_0|       pointer|
|p_fftInData_0_1_0_0_02_dout     |   in|   22|     ap_fifo|                                                                                                                                                            p_fftInData_0_1_0_0_02|       pointer|
|p_fftInData_0_1_0_0_02_empty_n  |   in|    1|     ap_fifo|                                                                                                                                                            p_fftInData_0_1_0_0_02|       pointer|
|p_fftInData_0_1_0_0_02_read     |  out|    1|     ap_fifo|                                                                                                                                                            p_fftInData_0_1_0_0_02|       pointer|
|p_fftOutData_0_0_0_0_0_din      |  out|   27|     ap_fifo|                                                                                                                                                            p_fftOutData_0_0_0_0_0|       pointer|
|p_fftOutData_0_0_0_0_0_full_n   |   in|    1|     ap_fifo|                                                                                                                                                            p_fftOutData_0_0_0_0_0|       pointer|
|p_fftOutData_0_0_0_0_0_write    |  out|    1|     ap_fifo|                                                                                                                                                            p_fftOutData_0_0_0_0_0|       pointer|
|p_fftOutData_0_0_0_0_03_din     |  out|   27|     ap_fifo|                                                                                                                                                           p_fftOutData_0_0_0_0_03|       pointer|
|p_fftOutData_0_0_0_0_03_full_n  |   in|    1|     ap_fifo|                                                                                                                                                           p_fftOutData_0_0_0_0_03|       pointer|
|p_fftOutData_0_0_0_0_03_write   |  out|    1|     ap_fifo|                                                                                                                                                           p_fftOutData_0_0_0_0_03|       pointer|
|p_fftOutData_0_1_0_0_0_din      |  out|   27|     ap_fifo|                                                                                                                                                            p_fftOutData_0_1_0_0_0|       pointer|
|p_fftOutData_0_1_0_0_0_full_n   |   in|    1|     ap_fifo|                                                                                                                                                            p_fftOutData_0_1_0_0_0|       pointer|
|p_fftOutData_0_1_0_0_0_write    |  out|    1|     ap_fifo|                                                                                                                                                            p_fftOutData_0_1_0_0_0|       pointer|
|p_fftOutData_0_1_0_0_04_din     |  out|   27|     ap_fifo|                                                                                                                                                           p_fftOutData_0_1_0_0_04|       pointer|
|p_fftOutData_0_1_0_0_04_full_n  |   in|    1|     ap_fifo|                                                                                                                                                           p_fftOutData_0_1_0_0_04|       pointer|
|p_fftOutData_0_1_0_0_04_write   |  out|    1|     ap_fifo|                                                                                                                                                           p_fftOutData_0_1_0_0_04|       pointer|
|ap_clk                          |   in|    1|  ap_ctrl_hs|  innerFFT<64, 2, 1, 1, 0, 0, 0, complex<ap_fixed<16, 3, 5, 3, 0> >, complex<ap_fixed<16, 3, 5, 3, 0> >, complex<ap_fixed<22, 7, 5, 3, 0> >, complex<ap_fixed<27, 14, 5, 3, 0> > >|  return value|
|ap_rst                          |   in|    1|  ap_ctrl_hs|  innerFFT<64, 2, 1, 1, 0, 0, 0, complex<ap_fixed<16, 3, 5, 3, 0> >, complex<ap_fixed<16, 3, 5, 3, 0> >, complex<ap_fixed<22, 7, 5, 3, 0> >, complex<ap_fixed<27, 14, 5, 3, 0> > >|  return value|
|ap_start                        |   in|    1|  ap_ctrl_hs|  innerFFT<64, 2, 1, 1, 0, 0, 0, complex<ap_fixed<16, 3, 5, 3, 0> >, complex<ap_fixed<16, 3, 5, 3, 0> >, complex<ap_fixed<22, 7, 5, 3, 0> >, complex<ap_fixed<27, 14, 5, 3, 0> > >|  return value|
|ap_done                         |  out|    1|  ap_ctrl_hs|  innerFFT<64, 2, 1, 1, 0, 0, 0, complex<ap_fixed<16, 3, 5, 3, 0> >, complex<ap_fixed<16, 3, 5, 3, 0> >, complex<ap_fixed<22, 7, 5, 3, 0> >, complex<ap_fixed<27, 14, 5, 3, 0> > >|  return value|
|ap_ready                        |  out|    1|  ap_ctrl_hs|  innerFFT<64, 2, 1, 1, 0, 0, 0, complex<ap_fixed<16, 3, 5, 3, 0> >, complex<ap_fixed<16, 3, 5, 3, 0> >, complex<ap_fixed<22, 7, 5, 3, 0> >, complex<ap_fixed<27, 14, 5, 3, 0> > >|  return value|
|ap_idle                         |  out|    1|  ap_ctrl_hs|  innerFFT<64, 2, 1, 1, 0, 0, 0, complex<ap_fixed<16, 3, 5, 3, 0> >, complex<ap_fixed<16, 3, 5, 3, 0> >, complex<ap_fixed<22, 7, 5, 3, 0> >, complex<ap_fixed<27, 14, 5, 3, 0> > >|  return value|
|ap_continue                     |   in|    1|  ap_ctrl_hs|  innerFFT<64, 2, 1, 1, 0, 0, 0, complex<ap_fixed<16, 3, 5, 3, 0> >, complex<ap_fixed<16, 3, 5, 3, 0> >, complex<ap_fixed<22, 7, 5, 3, 0> >, complex<ap_fixed<27, 14, 5, 3, 0> > >|  return value|
+--------------------------------+-----+-----+------------+----------------------------------------------------------------------------------------------------------------------------------------------------------------------------------+--------------+

