

================================================================
== Vitis HLS Report for 'streamingDataCommutor_complex_ap_fixed_22_7_5_3_0_4'
================================================================
* Date:           Mon Nov 28 17:11:24 2022

* Version:        2021.1 (Build 3247384 on Thu Jun 10 19:36:07 MDT 2021)
* Project:        project
* Solution:       solution1 (Vivado IP Flow Target)
* Product family: zynquplus
* Target device:  xck26-sfvc784-2LV-c


================================================================
== Performance Estimates
================================================================
+ Timing: 
    * Summary: 
    +--------+----------+----------+------------+
    |  Clock |  Target  | Estimated| Uncertainty|
    +--------+----------+----------+------------+
    |ap_clk  |  20.00 ns|  2.063 ns|     5.40 ns|
    +--------+----------+----------+------------+

+ Latency: 
    * Summary: 
    +---------+---------+----------+----------+-----+-----+------------------------------------------+
    |  Latency (cycles) |  Latency (absolute) |  Interval |                 Pipeline                 |
    |   min   |   max   |    min   |    max   | min | max |                   Type                   |
    +---------+---------+----------+----------+-----+-----+------------------------------------------+
    |       65|       66|  1.300 us|  1.320 us|   64|   64|  loop rewind stp(delay=0 clock cycles(s))|
    +---------+---------+----------+----------+-----+-----+------------------------------------------+

    + Detail: 
        * Instance: 
        N/A

        * Loop: 
        +--------------------+---------+---------+----------+-----------+-----------+------+----------+
        |                    |  Latency (cycles) | Iteration|  Initiation Interval  | Trip |          |
        |      Loop Name     |   min   |   max   |  Latency |  achieved |   target  | Count| Pipelined|
        +--------------------+---------+---------+----------+-----------+-----------+------+----------+
        |- VITIS_LOOP_231_1  |       65|       65|         3|          1|          1|    64|       yes|
        +--------------------+---------+---------+----------+-----------+-----------+------+----------+



================================================================
== Utilization Estimates
================================================================
* Summary: 
+-----------------+---------+------+--------+--------+-----+
|       Name      | BRAM_18K|  DSP |   FF   |   LUT  | URAM|
+-----------------+---------+------+--------+--------+-----+
|DSP              |        -|     -|       -|       -|    -|
|Expression       |        -|     -|       0|     177|    -|
|FIFO             |        -|     -|       -|       -|    -|
|Instance         |        -|     -|       -|       -|    -|
|Memory           |        -|     -|     192|      96|    -|
|Multiplexer      |        -|     -|       -|     161|    -|
|Register         |        -|     -|     213|       -|    -|
+-----------------+---------+------+--------+--------+-----+
|Total            |        0|     0|     405|     434|    0|
+-----------------+---------+------+--------+--------+-----+
|Available        |      288|  1248|  234240|  117120|   64|
+-----------------+---------+------+--------+--------+-----+
|Utilization (%)  |        0|     0|      ~0|      ~0|    0|
+-----------------+---------+------+--------+--------+-----+

+ Detail: 
    * Instance: 
    N/A

    * DSP: 
    N/A

    * Memory: 
    +-----------------------------+-------------------------------------------------------------------------------+---------+----+----+-----+------+-----+------+-------------+
    |            Memory           |                                     Module                                    | BRAM_18K| FF | LUT| URAM| Words| Bits| Banks| W*Bits*Banks|
    +-----------------------------+-------------------------------------------------------------------------------+---------+----+----+-----+------+-----+------+-------------+
    |control_delayline_Array_3_U  |streamingDataCommutor_complex_ap_fixed_22_7_5_3_0_4_control_delayline_Array_3  |        0|  64|  32|    0|    16|   32|     1|          512|
    |delayline_Array_16_U         |streamingDataCommutor_complex_ap_fixed_22_7_5_3_0_4_delayline_Array_16         |        0|  64|  32|    0|    16|   45|     1|          720|
    |delayline_Array_15_U         |streamingDataCommutor_complex_ap_fixed_22_7_5_3_0_4_delayline_Array_16         |        0|  64|  32|    0|    16|   45|     1|          720|
    +-----------------------------+-------------------------------------------------------------------------------+---------+----+----+-----+------+-----+------+-------------+
    |Total                        |                                                                               |        0| 192|  96|    0|    48|  122|     3|         1952|
    +-----------------------------+-------------------------------------------------------------------------------+---------+----+----+-----+------+-----+------+-------------+

    * FIFO: 
    N/A

    * Expression: 
    +------------------------------------------+----------+----+---+----+------------+------------+
    |               Variable Name              | Operation| DSP| FF| LUT| Bitwidth P0| Bitwidth P1|
    +------------------------------------------+----------+----+---+----+------------+------------+
    |add_ln870_3_fu_321_p2                     |         +|   0|  0|  12|           5|           1|
    |add_ln870_fu_287_p2                       |         +|   0|  0|  12|           4|           1|
    |t_fu_223_p2                               |         +|   0|  0|  13|           6|           1|
    |and_ln297_fu_505_p2                       |       and|   0|  0|   2|           1|           1|
    |ap_block_state2_pp0_stage0_iter0          |       and|   0|  0|   2|           1|           1|
    |ap_block_state4_pp0_stage0_iter2          |       and|   0|  0|   2|           1|           1|
    |ap_condition_187                          |       and|   0|  0|   2|           1|           1|
    |ap_condition_198                          |       and|   0|  0|   2|           1|           1|
    |ap_condition_77                           |       and|   0|  0|   2|           1|           1|
    |fifo_has_next_sample_nbreadreq_fu_116_p3  |       and|   0|  0|   2|           1|           0|
    |icmp_ln1049_fu_281_p2                     |      icmp|   0|  0|   9|           4|           2|
    |icmp_ln231_fu_345_p2                      |      icmp|   0|  0|  10|           6|           2|
    |icmp_ln256_fu_327_p2                      |      icmp|   0|  0|   9|           5|           2|
    |ap_block_pp0_stage0_01001                 |        or|   0|  0|   2|           1|           1|
    |ap_block_state1                           |        or|   0|  0|   2|           1|           1|
    |ap_predicate_op79_write_state4            |        or|   0|  0|   2|           1|           1|
    |select_ln68_7_fu_419_p3                   |    select|   0|  0|  21|           1|          22|
    |select_ln68_8_fu_427_p3                   |    select|   0|  0|   2|           1|           1|
    |select_ln68_fu_411_p3                     |    select|   0|  0|  21|           1|          22|
    |select_ln79_7_fu_447_p3                   |    select|   0|  0|  21|           1|          22|
    |select_ln79_8_fu_455_p3                   |    select|   0|  0|   2|           1|           1|
    |select_ln79_fu_439_p3                     |    select|   0|  0|  21|           1|          22|
    |ap_enable_pp0                             |       xor|   0|  0|   2|           1|           2|
    |xor_ln251_fu_305_p2                       |       xor|   0|  0|   2|           1|           2|
    +------------------------------------------+----------+----+---+----+------------+------------+
    |Total                                     |          |   0|  0| 177|          48|         112|
    +------------------------------------------+----------+----+---+----+------------+------------+

    * Multiplexer: 
    +----------------------------------------------------------------------------+----+-----------+-----+-----------+
    |                                    Name                                    | LUT| Input Size| Bits| Total Bits|
    +----------------------------------------------------------------------------+----+-----------+-----+-----------+
    |ap_NS_fsm                                                                   |  14|          3|    1|          3|
    |ap_done                                                                     |   9|          2|    1|          2|
    |ap_enable_reg_pp0_iter1                                                     |   9|          2|    1|          2|
    |ap_enable_reg_pp0_iter2                                                     |   9|          2|    1|          2|
    |ap_phi_mux_t17_phi_fu_156_p6                                                |  14|          3|    6|         18|
    |ap_phi_reg_pp0_iter1_arrayidx_0_01_load_0_i365_reg_166                      |  14|          3|   22|         66|
    |ap_phi_reg_pp0_iter1_arrayidx_0_11_load_0_i364_reg_177                      |  14|          3|   22|         66|
    |ap_phi_reg_pp0_iter1_temp_tagged_mux_chain_input_sample_M_imag_V_0_reg_212  |  14|          3|   22|         66|
    |ap_phi_reg_pp0_iter1_temp_tagged_mux_chain_input_sample_M_real_V_0_reg_201  |  14|          3|   22|         66|
    |ap_phi_reg_pp0_iter1_temp_tagged_mux_chain_input_valid_0_reg_188            |  14|          3|    1|          3|
    |p_fftInData_reOrdered_blk_n                                                 |   9|          2|    1|          2|
    |pf_count_V_2                                                                |   9|          2|    4|          8|
    |t17_reg_152                                                                 |   9|          2|    6|         12|
    |temp_blk_n                                                                  |   9|          2|    1|          2|
    +----------------------------------------------------------------------------+----+-----------+-----+-----------+
    |Total                                                                       | 161|         35|  111|        318|
    +----------------------------------------------------------------------------+----+-----------+-----+-----------+

    * Register: 
    +----------------------------------------------------------------------------+----+----+-----+-----------+
    |                                    Name                                    | FF | LUT| Bits| Const Bits|
    +----------------------------------------------------------------------------+----+----+-----+-----------+
    |and_ln297_reg_594                                                           |   1|   0|    1|          0|
    |ap_CS_fsm                                                                   |   2|   0|    2|          0|
    |ap_done_reg                                                                 |   1|   0|    1|          0|
    |ap_enable_reg_pp0_iter1                                                     |   1|   0|    1|          0|
    |ap_enable_reg_pp0_iter2                                                     |   1|   0|    1|          0|
    |ap_phi_reg_pp0_iter1_arrayidx_0_01_load_0_i365_reg_166                      |  22|   0|   22|          0|
    |ap_phi_reg_pp0_iter1_arrayidx_0_11_load_0_i364_reg_177                      |  22|   0|   22|          0|
    |ap_phi_reg_pp0_iter1_temp_tagged_mux_chain_input_sample_M_imag_V_0_reg_212  |  22|   0|   22|          0|
    |ap_phi_reg_pp0_iter1_temp_tagged_mux_chain_input_sample_M_real_V_0_reg_201  |  22|   0|   22|          0|
    |ap_phi_reg_pp0_iter1_temp_tagged_mux_chain_input_valid_0_reg_188            |   1|   0|    1|          0|
    |control_bits_V_3                                                            |   1|   0|    1|          0|
    |control_count_V_3                                                           |   1|   0|    1|          0|
    |delay_line_stall_3                                                          |   1|   0|    1|          0|
    |delay_line_stall_3_load_reg_543                                             |   1|   0|    1|          0|
    |delay_line_stall_3_load_reg_543_pp0_iter1_reg                               |   1|   0|    1|          0|
    |fifo_has_next_sample_reg_534                                                |   1|   0|    1|          0|
    |fifo_has_next_sample_reg_534_pp0_iter1_reg                                  |   1|   0|    1|          0|
    |icmp_ln231_reg_570                                                          |   1|   0|    1|          0|
    |icmp_ln231_reg_570_pp0_iter1_reg                                            |   1|   0|    1|          0|
    |lshr_ln130_s_reg_589                                                        |  22|   0|   22|          0|
    |pf_count_V_2                                                                |   4|   0|    4|          0|
    |sample_in_read_count_V_3                                                    |   5|   0|    5|          0|
    |select_ln79_7_reg_579                                                       |  22|   0|   22|          0|
    |select_ln79_reg_574                                                         |  22|   0|   22|          0|
    |t17_reg_152                                                                 |   6|   0|    6|          0|
    |t_reg_538                                                                   |   6|   0|    6|          0|
    |trunc_ln130_reg_584                                                         |  22|   0|   22|          0|
    +----------------------------------------------------------------------------+----+----+-----+-----------+
    |Total                                                                       | 213|   0|  213|          0|
    +----------------------------------------------------------------------------+----+----+-----+-----------+



================================================================
== Interface
================================================================
* Summary: 
+------------------------------+-----+-----+------------+--------------------------------------------------------------+--------------+
|           RTL Ports          | Dir | Bits|  Protocol  |                         Source Object                        |    C Type    |
+------------------------------+-----+-----+------------+--------------------------------------------------------------+--------------+
|ap_clk                        |   in|    1|  ap_ctrl_hs|  streamingDataCommutor<complex<ap_fixed<22, 7, 5, 3, 0> > >.4|  return value|
|ap_rst                        |   in|    1|  ap_ctrl_hs|  streamingDataCommutor<complex<ap_fixed<22, 7, 5, 3, 0> > >.4|  return value|
|ap_start                      |   in|    1|  ap_ctrl_hs|  streamingDataCommutor<complex<ap_fixed<22, 7, 5, 3, 0> > >.4|  return value|
|ap_done                       |  out|    1|  ap_ctrl_hs|  streamingDataCommutor<complex<ap_fixed<22, 7, 5, 3, 0> > >.4|  return value|
|ap_continue                   |   in|    1|  ap_ctrl_hs|  streamingDataCommutor<complex<ap_fixed<22, 7, 5, 3, 0> > >.4|  return value|
|ap_idle                       |  out|    1|  ap_ctrl_hs|  streamingDataCommutor<complex<ap_fixed<22, 7, 5, 3, 0> > >.4|  return value|
|ap_ready                      |  out|    1|  ap_ctrl_hs|  streamingDataCommutor<complex<ap_fixed<22, 7, 5, 3, 0> > >.4|  return value|
|temp_dout                     |   in|  128|     ap_fifo|                                                          temp|       pointer|
|temp_empty_n                  |   in|    1|     ap_fifo|                                                          temp|       pointer|
|temp_read                     |  out|    1|     ap_fifo|                                                          temp|       pointer|
|p_fftInData_reOrdered_din     |  out|  128|     ap_fifo|                                         p_fftInData_reOrdered|       pointer|
|p_fftInData_reOrdered_full_n  |   in|    1|     ap_fifo|                                         p_fftInData_reOrdered|       pointer|
|p_fftInData_reOrdered_write   |  out|    1|     ap_fifo|                                         p_fftInData_reOrdered|       pointer|
+------------------------------+-----+-----+------------+--------------------------------------------------------------+--------------+

