

================================================================
== Vitis HLS Report for 'streamingDataCommutor_complex_ap_fixed_26_11_5_3_0_s'
================================================================
* Date:           Mon Nov 28 17:13:09 2022

* Version:        2021.1 (Build 3247384 on Thu Jun 10 19:36:07 MDT 2021)
* Project:        project
* Solution:       solution1 (Vivado IP Flow Target)
* Product family: zynquplus
* Target device:  xck26-sfvc784-2LV-c


================================================================
== Performance Estimates
================================================================
+ Timing: 
    * Summary: 
    +--------+----------+----------+------------+
    |  Clock |  Target  | Estimated| Uncertainty|
    +--------+----------+----------+------------+
    |ap_clk  |  20.00 ns|  2.044 ns|     5.40 ns|
    +--------+----------+----------+------------+

+ Latency: 
    * Summary: 
    +---------+---------+----------+----------+-----+-----+------------------------------------------+
    |  Latency (cycles) |  Latency (absolute) |  Interval |                 Pipeline                 |
    |   min   |   max   |    min   |    max   | min | max |                   Type                   |
    +---------+---------+----------+----------+-----+-----+------------------------------------------+
    |       41|       42|  0.820 us|  0.840 us|   40|   40|  loop rewind stp(delay=0 clock cycles(s))|
    +---------+---------+----------+----------+-----+-----+------------------------------------------+

    + Detail: 
        * Instance: 
        N/A

        * Loop: 
        +--------------------+---------+---------+----------+-----------+-----------+------+----------+
        |                    |  Latency (cycles) | Iteration|  Initiation Interval  | Trip |          |
        |      Loop Name     |   min   |   max   |  Latency |  achieved |   target  | Count| Pipelined|
        +--------------------+---------+---------+----------+-----------+-----------+------+----------+
        |- VITIS_LOOP_231_1  |       41|       41|         3|          1|          1|    40|       yes|
        +--------------------+---------+---------+----------+-----------+-----------+------+----------+



================================================================
== Utilization Estimates
================================================================
* Summary: 
+-----------------+---------+------+--------+--------+-----+
|       Name      | BRAM_18K|  DSP |   FF   |   LUT  | URAM|
+-----------------+---------+------+--------+--------+-----+
|DSP              |        -|     -|       -|       -|    -|
|Expression       |        -|     -|       0|     193|    -|
|FIFO             |        -|     -|       -|       -|    -|
|Instance         |        -|     -|       -|       -|    -|
|Memory           |        -|     -|     192|      96|    -|
|Multiplexer      |        -|     -|       -|     161|    -|
|Register         |        -|     -|     243|       -|    -|
+-----------------+---------+------+--------+--------+-----+
|Total            |        0|     0|     435|     450|    0|
+-----------------+---------+------+--------+--------+-----+
|Available        |      288|  1248|  234240|  117120|   64|
+-----------------+---------+------+--------+--------+-----+
|Utilization (%)  |        0|     0|      ~0|      ~0|    0|
+-----------------+---------+------+--------+--------+-----+

+ Detail: 
    * Instance: 
    N/A

    * DSP: 
    N/A

    * Memory: 
    +-----------------------------+-------------------------------------------------------------------------------+---------+----+----+-----+------+-----+------+-------------+
    |            Memory           |                                     Module                                    | BRAM_18K| FF | LUT| URAM| Words| Bits| Banks| W*Bits*Banks|
    +-----------------------------+-------------------------------------------------------------------------------+---------+----+----+-----+------+-----+------+-------------+
    |control_delayline_Array_7_U  |streamingDataCommutor_complex_ap_fixed_22_7_5_3_0_2_control_delayline_Array_8  |        0|  64|  32|    0|     4|   32|     1|          128|
    |delayline_Array_13_U         |streamingDataCommutor_complex_ap_fixed_26_11_5_3_0_s_delayline_Array_13        |        0|  64|  32|    0|     4|   53|     1|          212|
    |delayline_Array_5_U          |streamingDataCommutor_complex_ap_fixed_26_11_5_3_0_s_delayline_Array_13        |        0|  64|  32|    0|     4|   53|     1|          212|
    +-----------------------------+-------------------------------------------------------------------------------+---------+----+----+-----+------+-----+------+-------------+
    |Total                        |                                                                               |        0| 192|  96|    0|    12|  138|     3|          552|
    +-----------------------------+-------------------------------------------------------------------------------+---------+----+----+-----+------+-----+------+-------------+

    * FIFO: 
    N/A

    * Expression: 
    +------------------------------------------+----------+----+---+----+------------+------------+
    |               Variable Name              | Operation| DSP| FF| LUT| Bitwidth P0| Bitwidth P1|
    +------------------------------------------+----------+----+---+----+------------+------------+
    |add_ln870_1_fu_319_p2                     |         +|   0|  0|  12|           5|           1|
    |add_ln870_fu_285_p2                       |         +|   0|  0|   9|           2|           1|
    |t_fu_221_p2                               |         +|   0|  0|  13|           6|           1|
    |and_ln297_fu_503_p2                       |       and|   0|  0|   2|           1|           1|
    |ap_block_state2_pp0_stage0_iter0          |       and|   0|  0|   2|           1|           1|
    |ap_block_state4_pp0_stage0_iter2          |       and|   0|  0|   2|           1|           1|
    |ap_condition_187                          |       and|   0|  0|   2|           1|           1|
    |ap_condition_198                          |       and|   0|  0|   2|           1|           1|
    |ap_condition_77                           |       and|   0|  0|   2|           1|           1|
    |fifo_has_next_sample_nbreadreq_fu_114_p3  |       and|   0|  0|   2|           1|           0|
    |icmp_ln1049_fu_279_p2                     |      icmp|   0|  0|   8|           2|           2|
    |icmp_ln231_fu_343_p2                      |      icmp|   0|  0|  10|           6|           6|
    |icmp_ln256_fu_325_p2                      |      icmp|   0|  0|   9|           5|           2|
    |ap_block_pp0_stage0_01001                 |        or|   0|  0|   2|           1|           1|
    |ap_block_state1                           |        or|   0|  0|   2|           1|           1|
    |ap_predicate_op79_write_state4            |        or|   0|  0|   2|           1|           1|
    |select_ln68_5_fu_417_p3                   |    select|   0|  0|  26|           1|          26|
    |select_ln68_6_fu_425_p3                   |    select|   0|  0|   2|           1|           1|
    |select_ln68_fu_409_p3                     |    select|   0|  0|  26|           1|          26|
    |select_ln79_5_fu_445_p3                   |    select|   0|  0|  26|           1|          26|
    |select_ln79_6_fu_453_p3                   |    select|   0|  0|   2|           1|           1|
    |select_ln79_fu_437_p3                     |    select|   0|  0|  26|           1|          26|
    |ap_enable_pp0                             |       xor|   0|  0|   2|           1|           2|
    |xor_ln251_fu_303_p2                       |       xor|   0|  0|   2|           1|           2|
    +------------------------------------------+----------+----+---+----+------------+------------+
    |Total                                     |          |   0|  0| 193|          44|         132|
    +------------------------------------------+----------+----+---+----+------------+------------+

    * Multiplexer: 
    +----------------------------------------------------------------------------+----+-----------+-----+-----------+
    |                                    Name                                    | LUT| Input Size| Bits| Total Bits|
    +----------------------------------------------------------------------------+----+-----------+-----+-----------+
    |ap_NS_fsm                                                                   |  14|          3|    1|          3|
    |ap_done                                                                     |   9|          2|    1|          2|
    |ap_enable_reg_pp0_iter1                                                     |   9|          2|    1|          2|
    |ap_enable_reg_pp0_iter2                                                     |   9|          2|    1|          2|
    |ap_phi_mux_t17_phi_fu_154_p6                                                |  14|          3|    6|         18|
    |ap_phi_reg_pp0_iter1_arrayidx_0_01_load_0_i365_reg_164                      |  14|          3|   26|         78|
    |ap_phi_reg_pp0_iter1_arrayidx_0_11_load_0_i364_reg_175                      |  14|          3|   26|         78|
    |ap_phi_reg_pp0_iter1_temp_tagged_mux_chain_input_sample_M_imag_V_0_reg_210  |  14|          3|   26|         78|
    |ap_phi_reg_pp0_iter1_temp_tagged_mux_chain_input_sample_M_real_V_0_reg_199  |  14|          3|   26|         78|
    |ap_phi_reg_pp0_iter1_temp_tagged_mux_chain_input_valid_0_reg_186            |  14|          3|    1|          3|
    |fftOutData_local2_blk_n                                                     |   9|          2|    1|          2|
    |fftOutData_local_blk_n                                                      |   9|          2|    1|          2|
    |pf_count_V_5                                                                |   9|          2|    2|          4|
    |t17_reg_150                                                                 |   9|          2|    6|         12|
    +----------------------------------------------------------------------------+----+-----------+-----+-----------+
    |Total                                                                       | 161|         35|  125|        362|
    +----------------------------------------------------------------------------+----+-----------+-----+-----------+

    * Register: 
    +----------------------------------------------------------------------------+----+----+-----+-----------+
    |                                    Name                                    | FF | LUT| Bits| Const Bits|
    +----------------------------------------------------------------------------+----+----+-----+-----------+
    |and_ln297_reg_592                                                           |   1|   0|    1|          0|
    |ap_CS_fsm                                                                   |   2|   0|    2|          0|
    |ap_done_reg                                                                 |   1|   0|    1|          0|
    |ap_enable_reg_pp0_iter1                                                     |   1|   0|    1|          0|
    |ap_enable_reg_pp0_iter2                                                     |   1|   0|    1|          0|
    |ap_phi_reg_pp0_iter1_arrayidx_0_01_load_0_i365_reg_164                      |  26|   0|   26|          0|
    |ap_phi_reg_pp0_iter1_arrayidx_0_11_load_0_i364_reg_175                      |  26|   0|   26|          0|
    |ap_phi_reg_pp0_iter1_temp_tagged_mux_chain_input_sample_M_imag_V_0_reg_210  |  26|   0|   26|          0|
    |ap_phi_reg_pp0_iter1_temp_tagged_mux_chain_input_sample_M_real_V_0_reg_199  |  26|   0|   26|          0|
    |ap_phi_reg_pp0_iter1_temp_tagged_mux_chain_input_valid_0_reg_186            |   1|   0|    1|          0|
    |control_bits_V_7                                                            |   1|   0|    1|          0|
    |control_count_V_7                                                           |   1|   0|    1|          0|
    |delay_line_stall_7                                                          |   1|   0|    1|          0|
    |delay_line_stall_7_load_reg_541                                             |   1|   0|    1|          0|
    |delay_line_stall_7_load_reg_541_pp0_iter1_reg                               |   1|   0|    1|          0|
    |fifo_has_next_sample_reg_532                                                |   1|   0|    1|          0|
    |fifo_has_next_sample_reg_532_pp0_iter1_reg                                  |   1|   0|    1|          0|
    |icmp_ln231_reg_568                                                          |   1|   0|    1|          0|
    |icmp_ln231_reg_568_pp0_iter1_reg                                            |   1|   0|    1|          0|
    |lshr_ln130_s_reg_587                                                        |  26|   0|   26|          0|
    |pf_count_V_5                                                                |   2|   0|    2|          0|
    |sample_in_read_count_V_7                                                    |   5|   0|    5|          0|
    |select_ln79_5_reg_577                                                       |  26|   0|   26|          0|
    |select_ln79_reg_572                                                         |  26|   0|   26|          0|
    |t17_reg_150                                                                 |   6|   0|    6|          0|
    |t_reg_536                                                                   |   6|   0|    6|          0|
    |trunc_ln130_reg_582                                                         |  26|   0|   26|          0|
    +----------------------------------------------------------------------------+----+----+-----+-----------+
    |Total                                                                       | 243|   0|  243|          0|
    +----------------------------------------------------------------------------+----+----+-----+-----------+



================================================================
== Interface
================================================================
* Summary: 
+--------------------------+-----+-----+------------+-------------------------------------------------------------+--------------+
|         RTL Ports        | Dir | Bits|  Protocol  |                        Source Object                        |    C Type    |
+--------------------------+-----+-----+------------+-------------------------------------------------------------+--------------+
|ap_clk                    |   in|    1|  ap_ctrl_hs|  streamingDataCommutor<complex<ap_fixed<26, 11, 5, 3, 0> > >|  return value|
|ap_rst                    |   in|    1|  ap_ctrl_hs|  streamingDataCommutor<complex<ap_fixed<26, 11, 5, 3, 0> > >|  return value|
|ap_start                  |   in|    1|  ap_ctrl_hs|  streamingDataCommutor<complex<ap_fixed<26, 11, 5, 3, 0> > >|  return value|
|ap_done                   |  out|    1|  ap_ctrl_hs|  streamingDataCommutor<complex<ap_fixed<26, 11, 5, 3, 0> > >|  return value|
|ap_continue               |   in|    1|  ap_ctrl_hs|  streamingDataCommutor<complex<ap_fixed<26, 11, 5, 3, 0> > >|  return value|
|ap_idle                   |  out|    1|  ap_ctrl_hs|  streamingDataCommutor<complex<ap_fixed<26, 11, 5, 3, 0> > >|  return value|
|ap_ready                  |  out|    1|  ap_ctrl_hs|  streamingDataCommutor<complex<ap_fixed<26, 11, 5, 3, 0> > >|  return value|
|fftOutData_local_dout     |   in|  128|     ap_fifo|                                             fftOutData_local|       pointer|
|fftOutData_local_empty_n  |   in|    1|     ap_fifo|                                             fftOutData_local|       pointer|
|fftOutData_local_read     |  out|    1|     ap_fifo|                                             fftOutData_local|       pointer|
|fftOutData_local2_din     |  out|  128|     ap_fifo|                                            fftOutData_local2|       pointer|
|fftOutData_local2_full_n  |   in|    1|     ap_fifo|                                            fftOutData_local2|       pointer|
|fftOutData_local2_write   |  out|    1|     ap_fifo|                                            fftOutData_local2|       pointer|
+--------------------------+-----+-----+------------+-------------------------------------------------------------+--------------+

