

================================================================
== Vitis HLS Report for 'decoder_bit_Block_split148_proc3_Pipeline_VITIS_LOOP_198_3'
================================================================
* Date:           Mon Dec  5 17:43:03 2022

* Version:        2021.1 (Build 3247384 on Thu Jun 10 19:36:07 MDT 2021)
* Project:        ecc_decoder_src
* Solution:       solution1 (Vivado IP Flow Target)
* Product family: zynquplus
* Target device:  xck26-sfvc784-2LV-c


================================================================
== Performance Estimates
================================================================
+ Timing: 
    * Summary: 
    +--------+----------+----------+------------+
    |  Clock |  Target  | Estimated| Uncertainty|
    +--------+----------+----------+------------+
    |ap_clk  |  20.00 ns|  2.407 ns|     5.40 ns|
    +--------+----------+----------+------------+

+ Latency: 
    * Summary: 
    +---------+---------+----------+----------+-----+-----+---------+
    |  Latency (cycles) |  Latency (absolute) |  Interval | Pipeline|
    |   min   |   max   |    min   |    max   | min | max |   Type  |
    +---------+---------+----------+----------+-----+-----+---------+
    |      128|      128|  2.560 us|  2.560 us|  128|  128|       no|
    +---------+---------+----------+----------+-----+-----+---------+

    + Detail: 
        * Instance: 
        N/A

        * Loop: 
        +--------------------+---------+---------+----------+-----------+-----------+------+----------+
        |                    |  Latency (cycles) | Iteration|  Initiation Interval  | Trip |          |
        |      Loop Name     |   min   |   max   |  Latency |  achieved |   target  | Count| Pipelined|
        +--------------------+---------+---------+----------+-----------+-----------+------+----------+
        |- VITIS_LOOP_198_3  |      126|      126|         2|          1|          1|   126|       yes|
        +--------------------+---------+---------+----------+-----------+-----------+------+----------+

============================================================
+ Verbose Summary: Synthesis Manager
============================================================
InlineROM: 1
ExposeGlobal: 0
============================================================
+ Verbose Summary: CDFG Model
============================================================
IsTopModel: 0
ResetActiveHigh: 1
IsCombinational: 0
IsDatapathOnly: 0
HasWiredReturn: 1
HasMFsm: 2
HasVarLatency: 1
IsPipeline: 0
IsRtlPipelined: 0
IsInstanceOverlapped: 0
IsDontTouch: 0
HasImplIP: 0
IsGatedGlobalClock: 0

+ Individual pipeline summary: 
  * Pipeline-0: initiation interval (II) = 1, depth = 3


============================================================
+ Verbose Summary: Schedule
============================================================
* Number of FSM states : 3
* Pipeline : 1
  Pipeline-0 : II = 1, D = 3, States = { 1 2 3 }
* Dataflow Pipeline: 0

* FSM state transitions: 
1 --> 2 
2 --> 3 
3 --> 

* FSM state operations: 

State 1 <SV = 0> <Delay = 0.42>
ST_1 : Operation 5 [1/1] (0.00ns)   --->   "%flag = alloca i32 1"   --->   Operation 5 'alloca' 'flag' <Predicate = true> <Delay = 0.00>
ST_1 : Operation 6 [1/1] (0.00ns)   --->   "%i_2 = alloca i32 1"   --->   Operation 6 'alloca' 'i_2' <Predicate = true> <Delay = 0.00>
ST_1 : Operation 7 [1/1] (0.00ns)   --->   "%temp = alloca i32 1"   --->   Operation 7 'alloca' 'temp' <Predicate = true> <Delay = 0.00>
ST_1 : Operation 8 [1/1] (0.00ns)   --->   "%best_metric_1 = alloca i32 1"   --->   Operation 8 'alloca' 'best_metric_1' <Predicate = true> <Delay = 0.00>
ST_1 : Operation 9 [1/1] (0.00ns)   --->   "%best_branch = alloca i32 1"   --->   Operation 9 'alloca' 'best_branch' <Predicate = true> <Delay = 0.00>
ST_1 : Operation 10 [1/1] (0.00ns)   --->   "%count_1_1 = alloca i32 1"   --->   Operation 10 'alloca' 'count_1_1' <Predicate = true> <Delay = 0.00>
ST_1 : Operation 11 [1/1] (0.00ns)   --->   "%best_metric_read = read i32 @_ssdm_op_Read.ap_auto.i32, i32 %best_metric"   --->   Operation 11 'read' 'best_metric_read' <Predicate = true> <Delay = 0.00>
ST_1 : Operation 12 [1/1] (0.42ns)   --->   "%store_ln0 = store i32 1, i32 %count_1_1"   --->   Operation 12 'store' 'store_ln0' <Predicate = true> <Delay = 0.42>
ST_1 : Operation 13 [1/1] (0.42ns)   --->   "%store_ln0 = store i32 0, i32 %best_branch"   --->   Operation 13 'store' 'store_ln0' <Predicate = true> <Delay = 0.42>
ST_1 : Operation 14 [1/1] (0.42ns)   --->   "%store_ln0 = store i32 %best_metric_read, i32 %best_metric_1"   --->   Operation 14 'store' 'store_ln0' <Predicate = true> <Delay = 0.42>
ST_1 : Operation 15 [1/1] (0.42ns)   --->   "%store_ln0 = store i7 1, i7 %i_2"   --->   Operation 15 'store' 'store_ln0' <Predicate = true> <Delay = 0.42>
ST_1 : Operation 16 [1/1] (0.00ns)   --->   "%br_ln0 = br void"   --->   Operation 16 'br' 'br_ln0' <Predicate = true> <Delay = 0.00>

State 2 <SV = 1> <Delay = 1.89>
ST_2 : Operation 17 [1/1] (0.00ns)   --->   "%i = load i7 %i_2"   --->   Operation 17 'load' 'i' <Predicate = true> <Delay = 0.00>
ST_2 : Operation 18 [1/1] (0.00ns)   --->   "%specpipeline_ln0 = specpipeline void @_ssdm_op_SpecPipeline, i32 4294967295, i32 0, i32 1, i32 0, void @p_str"   --->   Operation 18 'specpipeline' 'specpipeline_ln0' <Predicate = true> <Delay = 0.00>
ST_2 : Operation 19 [1/1] (0.81ns)   --->   "%icmp_ln198 = icmp_eq  i7 %i, i7 127" [ecc_decoder_src/src/decoder.cpp:198]   --->   Operation 19 'icmp' 'icmp_ln198' <Predicate = true> <Delay = 0.81> <CoreInst = "Cmp">   --->   Core 9 'Cmp' <Latency = 0> <II = 1> <Delay = 0.99> <FuncUnit> <Opcode : 'icmp'> <InPorts = 2> <OutPorts = 1>
ST_2 : Operation 20 [1/1] (0.00ns)   --->   "%empty = speclooptripcount i32 @_ssdm_op_SpecLoopTripCount, i64 126, i64 126, i64 126"   --->   Operation 20 'speclooptripcount' 'empty' <Predicate = true> <Delay = 0.00>
ST_2 : Operation 21 [1/1] (0.00ns)   --->   "%br_ln198 = br i1 %icmp_ln198, void %_ifconv1, void %.split222.exitStub" [ecc_decoder_src/src/decoder.cpp:198]   --->   Operation 21 'br' 'br_ln198' <Predicate = true> <Delay = 0.00>
ST_2 : Operation 22 [1/1] (0.00ns)   --->   "%count_load = load i32 %count_1_1" [ecc_decoder_src/src/decoder.cpp:207]   --->   Operation 22 'load' 'count_load' <Predicate = (!icmp_ln198)> <Delay = 0.00>
ST_2 : Operation 23 [1/1] (0.00ns)   --->   "%empty_24 = trunc i7 %i"   --->   Operation 23 'trunc' 'empty_24' <Predicate = (!icmp_ln198)> <Delay = 0.00>
ST_2 : Operation 24 [1/1] (0.00ns)   --->   "%zext_ln200 = zext i32 %count_load" [ecc_decoder_src/src/decoder.cpp:200]   --->   Operation 24 'zext' 'zext_ln200' <Predicate = (!icmp_ln198)> <Delay = 0.00>
ST_2 : Operation 25 [1/1] (0.00ns)   --->   "%temp_trellis_metric_addr = getelementptr i32 %temp_trellis_metric, i64 0, i64 %zext_ln200" [ecc_decoder_src/src/decoder.cpp:200]   --->   Operation 25 'getelementptr' 'temp_trellis_metric_addr' <Predicate = (!icmp_ln198)> <Delay = 0.00>
ST_2 : Operation 26 [2/2] (1.23ns)   --->   "%temp_2 = load i6 %temp_trellis_metric_addr" [ecc_decoder_src/src/decoder.cpp:200]   --->   Operation 26 'load' 'temp_2' <Predicate = (!icmp_ln198)> <Delay = 1.23> <CoreInst = "RAM">   --->   Core 83 'RAM' <Latency = 1> <II = 1> <Delay = 1.23> <Storage> <Opcode : 'load' 'store'> <Ports = 2> <Width = 32> <Depth = 64> <RAM>
ST_2 : Operation 27 [1/1] (1.01ns)   --->   "%count_2 = add i32 %count_load, i32 1" [ecc_decoder_src/src/decoder.cpp:207]   --->   Operation 27 'add' 'count_2' <Predicate = (!icmp_ln198)> <Delay = 1.01> <CoreInst = "Adder">   --->   Core 1 'Adder' <Latency = 0> <II = 1> <Delay = 0.77> <FuncUnit> <Opcode : 'add' 'sub'> <InPorts = 2> <OutPorts = 1>
ST_2 : Operation 28 [1/1] (0.44ns)   --->   "%count_1 = select i1 %empty_24, i32 %count_load, i32 %count_2" [ecc_decoder_src/src/decoder.cpp:207]   --->   Operation 28 'select' 'count_1' <Predicate = (!icmp_ln198)> <Delay = 0.44> <CoreInst = "Sel">   --->   Core 73 'Sel' <Latency = 0> <II = 1> <Delay = 0.44> <FuncUnit> <Opcode : 'select'> <InPorts = 3> <OutPorts = 1>
ST_2 : Operation 29 [1/1] (0.77ns)   --->   "%i_4 = add i7 %i, i7 1" [ecc_decoder_src/src/decoder.cpp:198]   --->   Operation 29 'add' 'i_4' <Predicate = (!icmp_ln198)> <Delay = 0.77> <CoreInst = "Adder">   --->   Core 1 'Adder' <Latency = 0> <II = 1> <Delay = 0.77> <FuncUnit> <Opcode : 'add' 'sub'> <InPorts = 2> <OutPorts = 1>
ST_2 : Operation 30 [1/1] (0.42ns)   --->   "%store_ln198 = store i32 %count_1, i32 %count_1_1" [ecc_decoder_src/src/decoder.cpp:198]   --->   Operation 30 'store' 'store_ln198' <Predicate = (!icmp_ln198)> <Delay = 0.42>
ST_2 : Operation 31 [1/1] (0.42ns)   --->   "%store_ln198 = store i7 %i_4, i7 %i_2" [ecc_decoder_src/src/decoder.cpp:198]   --->   Operation 31 'store' 'store_ln198' <Predicate = (!icmp_ln198)> <Delay = 0.42>
ST_2 : Operation 50 [1/1] (0.00ns)   --->   "%best_branch_load = load i32 %best_branch"   --->   Operation 50 'load' 'best_branch_load' <Predicate = (icmp_ln198)> <Delay = 0.00>
ST_2 : Operation 51 [1/1] (0.00ns)   --->   "%write_ln0 = write void @_ssdm_op_Write.ap_auto.i32P0A, i32 %best_branch_out, i32 %best_branch_load"   --->   Operation 51 'write' 'write_ln0' <Predicate = (icmp_ln198)> <Delay = 0.00>
ST_2 : Operation 52 [1/1] (0.00ns)   --->   "%ret_ln0 = ret"   --->   Operation 52 'ret' 'ret_ln0' <Predicate = (icmp_ln198)> <Delay = 0.00>

State 3 <SV = 2> <Delay = 2.40>
ST_3 : Operation 32 [1/1] (0.00ns)   --->   "%flag_load = load i1 %flag"   --->   Operation 32 'load' 'flag_load' <Predicate = true> <Delay = 0.00>
ST_3 : Operation 33 [1/1] (0.00ns)   --->   "%temp_load = load i32 %temp"   --->   Operation 33 'load' 'temp_load' <Predicate = true> <Delay = 0.00>
ST_3 : Operation 34 [1/1] (0.00ns)   --->   "%best_metric_1_load = load i32 %best_metric_1"   --->   Operation 34 'load' 'best_metric_1_load' <Predicate = true> <Delay = 0.00>
ST_3 : Operation 35 [1/1] (0.00ns)   --->   "%best_branch_load_1 = load i32 %best_branch"   --->   Operation 35 'load' 'best_branch_load_1' <Predicate = true> <Delay = 0.00>
ST_3 : Operation 36 [1/1] (0.00ns)   --->   "%specloopname_ln0 = specloopname void @_ssdm_op_SpecLoopName, void @empty_3"   --->   Operation 36 'specloopname' 'specloopname_ln0' <Predicate = true> <Delay = 0.00>
ST_3 : Operation 37 [1/2] (1.23ns)   --->   "%temp_2 = load i6 %temp_trellis_metric_addr" [ecc_decoder_src/src/decoder.cpp:200]   --->   Operation 37 'load' 'temp_2' <Predicate = true> <Delay = 1.23> <CoreInst = "RAM">   --->   Core 83 'RAM' <Latency = 1> <II = 1> <Delay = 1.23> <Storage> <Opcode : 'load' 'store'> <Ports = 2> <Width = 32> <Depth = 64> <RAM>
ST_3 : Operation 38 [1/1] (0.99ns)   --->   "%flag_2 = icmp_sgt  i32 %best_metric_1_load, i32 %temp_2" [ecc_decoder_src/src/decoder.cpp:201]   --->   Operation 38 'icmp' 'flag_2' <Predicate = (empty_24)> <Delay = 0.99> <CoreInst = "Cmp">   --->   Core 9 'Cmp' <Latency = 0> <II = 1> <Delay = 0.99> <FuncUnit> <Opcode : 'icmp'> <InPorts = 2> <OutPorts = 1>
ST_3 : Operation 39 [1/1] (0.00ns) (grouped into LUT with out node best_branch_2)   --->   "%best_branch_3 = select i1 %flag_load, i32 %count_load, i32 %best_branch_load_1" [ecc_decoder_src/src/decoder.cpp:203]   --->   Operation 39 'select' 'best_branch_3' <Predicate = (!empty_24)> <Delay = 0.00> <CoreInst = "Sel">   --->   Core 73 'Sel' <Latency = 0> <II = 1> <Delay = 0.44> <FuncUnit> <Opcode : 'select'> <InPorts = 3> <OutPorts = 1>
ST_3 : Operation 40 [1/1] (0.00ns) (grouped into LUT with out node best_metric_2)   --->   "%best_metric_3 = select i1 %flag_load, i32 %temp_load, i32 %best_metric_1_load" [ecc_decoder_src/src/decoder.cpp:203]   --->   Operation 40 'select' 'best_metric_3' <Predicate = (!empty_24)> <Delay = 0.00> <CoreInst = "Sel">   --->   Core 73 'Sel' <Latency = 0> <II = 1> <Delay = 0.44> <FuncUnit> <Opcode : 'select'> <InPorts = 3> <OutPorts = 1>
ST_3 : Operation 41 [1/1] (0.17ns)   --->   "%flag_1 = select i1 %empty_24, i1 %flag_2, i1 %flag_load" [ecc_decoder_src/src/decoder.cpp:201]   --->   Operation 41 'select' 'flag_1' <Predicate = true> <Delay = 0.17> <CoreInst = "Sel">   --->   Core 73 'Sel' <Latency = 0> <II = 1> <Delay = 0.44> <FuncUnit> <Opcode : 'select'> <InPorts = 3> <OutPorts = 1>
ST_3 : Operation 42 [1/1] (0.44ns) (out node of the LUT)   --->   "%best_branch_2 = select i1 %empty_24, i32 %best_branch_load_1, i32 %best_branch_3" [ecc_decoder_src/src/decoder.cpp:203]   --->   Operation 42 'select' 'best_branch_2' <Predicate = true> <Delay = 0.44> <CoreInst = "Sel">   --->   Core 73 'Sel' <Latency = 0> <II = 1> <Delay = 0.44> <FuncUnit> <Opcode : 'select'> <InPorts = 3> <OutPorts = 1>
ST_3 : Operation 43 [1/1] (0.44ns) (out node of the LUT)   --->   "%best_metric_2 = select i1 %empty_24, i32 %best_metric_1_load, i32 %best_metric_3" [ecc_decoder_src/src/decoder.cpp:203]   --->   Operation 43 'select' 'best_metric_2' <Predicate = true> <Delay = 0.44> <CoreInst = "Sel">   --->   Core 73 'Sel' <Latency = 0> <II = 1> <Delay = 0.44> <FuncUnit> <Opcode : 'select'> <InPorts = 3> <OutPorts = 1>
ST_3 : Operation 44 [1/1] (0.44ns)   --->   "%temp_1 = select i1 %empty_24, i32 %temp_2, i32 %temp_load" [ecc_decoder_src/src/decoder.cpp:200]   --->   Operation 44 'select' 'temp_1' <Predicate = true> <Delay = 0.44> <CoreInst = "Sel">   --->   Core 73 'Sel' <Latency = 0> <II = 1> <Delay = 0.44> <FuncUnit> <Opcode : 'select'> <InPorts = 3> <OutPorts = 1>
ST_3 : Operation 45 [1/1] (0.42ns)   --->   "%store_ln198 = store i32 %best_branch_2, i32 %best_branch" [ecc_decoder_src/src/decoder.cpp:198]   --->   Operation 45 'store' 'store_ln198' <Predicate = true> <Delay = 0.42>
ST_3 : Operation 46 [1/1] (0.42ns)   --->   "%store_ln198 = store i32 %best_metric_2, i32 %best_metric_1" [ecc_decoder_src/src/decoder.cpp:198]   --->   Operation 46 'store' 'store_ln198' <Predicate = true> <Delay = 0.42>
ST_3 : Operation 47 [1/1] (0.00ns)   --->   "%store_ln198 = store i32 %temp_1, i32 %temp" [ecc_decoder_src/src/decoder.cpp:198]   --->   Operation 47 'store' 'store_ln198' <Predicate = true> <Delay = 0.00>
ST_3 : Operation 48 [1/1] (0.00ns)   --->   "%store_ln198 = store i1 %flag_1, i1 %flag" [ecc_decoder_src/src/decoder.cpp:198]   --->   Operation 48 'store' 'store_ln198' <Predicate = true> <Delay = 0.00>
ST_3 : Operation 49 [1/1] (0.00ns)   --->   "%br_ln198 = br void" [ecc_decoder_src/src/decoder.cpp:198]   --->   Operation 49 'br' 'br_ln198' <Predicate = true> <Delay = 0.00>


============================================================
+ Verbose Summary: Binding
============================================================
STG Binding: 
---------------- STG Properties BEGIN ----------------
- Is combinational: 0
- Is one-state seq: 0
- Is datapath-only: 0
- Is pipelined: 0
- Is top level: 0
Port [ Return ] is wired: 1; IO mode=ap_ctrl_hs:ce=0
Port [ best_metric]:  wired=1; compound=0; hidden=0; nouse=0; global=0; static=0; extern=0; dir=0; type=0; pingpong=0; private_global=0; IO mode=ap_none:ce=0
Port [ temp_trellis_metric]:  wired=1; compound=1; hidden=0; nouse=0; global=0; static=0; extern=0; dir=0; type=1; pingpong=0; private_global=0; MemPort=[13]; IO mode=ap_memory:ce=0
Port [ best_branch_out]:  wired=1; compound=0; hidden=0; nouse=0; global=0; static=0; extern=0; dir=1; type=0; pingpong=0; private_global=0; IO mode=ap_vld:ce=0
---------------- STG Properties END ------------------

---------------- Datapath Model BEGIN ----------------

<LifeTime>
<method=bitvector/>
flag                     (alloca           ) [ 0111]
i_2                      (alloca           ) [ 0110]
temp                     (alloca           ) [ 0111]
best_metric_1            (alloca           ) [ 0111]
best_branch              (alloca           ) [ 0111]
count_1_1                (alloca           ) [ 0110]
best_metric_read         (read             ) [ 0000]
store_ln0                (store            ) [ 0000]
store_ln0                (store            ) [ 0000]
store_ln0                (store            ) [ 0000]
store_ln0                (store            ) [ 0000]
br_ln0                   (br               ) [ 0000]
i                        (load             ) [ 0000]
specpipeline_ln0         (specpipeline     ) [ 0000]
icmp_ln198               (icmp             ) [ 0110]
empty                    (speclooptripcount) [ 0000]
br_ln198                 (br               ) [ 0000]
count_load               (load             ) [ 0101]
empty_24                 (trunc            ) [ 0101]
zext_ln200               (zext             ) [ 0000]
temp_trellis_metric_addr (getelementptr    ) [ 0101]
count_2                  (add              ) [ 0000]
count_1                  (select           ) [ 0000]
i_4                      (add              ) [ 0000]
store_ln198              (store            ) [ 0000]
store_ln198              (store            ) [ 0000]
flag_load                (load             ) [ 0000]
temp_load                (load             ) [ 0000]
best_metric_1_load       (load             ) [ 0000]
best_branch_load_1       (load             ) [ 0000]
specloopname_ln0         (specloopname     ) [ 0000]
temp_2                   (load             ) [ 0000]
flag_2                   (icmp             ) [ 0000]
best_branch_3            (select           ) [ 0000]
best_metric_3            (select           ) [ 0000]
flag_1                   (select           ) [ 0000]
best_branch_2            (select           ) [ 0000]
best_metric_2            (select           ) [ 0000]
temp_1                   (select           ) [ 0000]
store_ln198              (store            ) [ 0000]
store_ln198              (store            ) [ 0000]
store_ln198              (store            ) [ 0000]
store_ln198              (store            ) [ 0000]
br_ln198                 (br               ) [ 0000]
best_branch_load         (load             ) [ 0000]
write_ln0                (write            ) [ 0000]
ret_ln0                  (ret              ) [ 0000]
</LifeTime>

<model>

<comp_list>
<comp id="0" class="1000" name="best_metric">
<pin_list>
<pin id="1" dir="1" index="0" bw="1" slack="0"/>
</pin_list>
<bind>
<StgValue><ssdm name="best_metric"/></StgValue>
</bind>
</comp>

<comp id="2" class="1000" name="temp_trellis_metric">
<pin_list>
<pin id="3" dir="1" index="0" bw="1" slack="0"/>
</pin_list>
<bind>
<StgValue><ssdm name="temp_trellis_metric"/><MemPortTyVec>1 3 </MemPortTyVec>
</StgValue>
</bind>
</comp>

<comp id="4" class="1000" name="best_branch_out">
<pin_list>
<pin id="5" dir="1" index="0" bw="1" slack="0"/>
</pin_list>
<bind>
<StgValue><ssdm name="best_branch_out"/></StgValue>
</bind>
</comp>

<comp id="6" class="1001" name="const_6">
<pin_list>
<pin id="7" dir="1" index="0" bw="1" slack="0"/>
</pin_list>
<bind>
<StgValue><ssdm name=""/></StgValue>
</bind>
</comp>

<comp id="8" class="1001" name="const_8">
<pin_list>
<pin id="9" dir="1" index="0" bw="1" slack="0"/>
</pin_list>
<bind>
<StgValue><ssdm name="_ssdm_op_Read.ap_auto.i32"/></StgValue>
</bind>
</comp>

<comp id="10" class="1001" name="const_10">
<pin_list>
<pin id="11" dir="1" index="0" bw="1" slack="0"/>
</pin_list>
<bind>
<StgValue><ssdm name=""/></StgValue>
</bind>
</comp>

<comp id="12" class="1001" name="const_12">
<pin_list>
<pin id="13" dir="1" index="0" bw="1" slack="0"/>
</pin_list>
<bind>
<StgValue><ssdm name=""/></StgValue>
</bind>
</comp>

<comp id="14" class="1001" name="const_14">
<pin_list>
<pin id="15" dir="1" index="0" bw="1" slack="2147483647"/>
</pin_list>
<bind>
<StgValue><ssdm name="_ssdm_op_SpecPipeline"/></StgValue>
</bind>
</comp>

<comp id="16" class="1001" name="const_16">
<pin_list>
<pin id="17" dir="1" index="0" bw="1" slack="2147483647"/>
</pin_list>
<bind>
<StgValue><ssdm name=""/></StgValue>
</bind>
</comp>

<comp id="18" class="1001" name="const_18">
<pin_list>
<pin id="19" dir="1" index="0" bw="1" slack="2147483647"/>
</pin_list>
<bind>
<StgValue><ssdm name="p_str"/></StgValue>
</bind>
</comp>

<comp id="20" class="1001" name="const_20">
<pin_list>
<pin id="21" dir="1" index="0" bw="1" slack="0"/>
</pin_list>
<bind>
<StgValue><ssdm name=""/></StgValue>
</bind>
</comp>

<comp id="22" class="1001" name="const_22">
<pin_list>
<pin id="23" dir="1" index="0" bw="1" slack="2147483647"/>
</pin_list>
<bind>
<StgValue><ssdm name="_ssdm_op_SpecLoopTripCount"/></StgValue>
</bind>
</comp>

<comp id="24" class="1001" name="const_24">
<pin_list>
<pin id="25" dir="1" index="0" bw="1" slack="2147483647"/>
</pin_list>
<bind>
<StgValue><ssdm name=""/></StgValue>
</bind>
</comp>

<comp id="26" class="1001" name="const_26">
<pin_list>
<pin id="27" dir="1" index="0" bw="1" slack="0"/>
</pin_list>
<bind>
<StgValue><ssdm name=""/></StgValue>
</bind>
</comp>

<comp id="28" class="1001" name="const_28">
<pin_list>
<pin id="29" dir="1" index="0" bw="1" slack="2147483647"/>
</pin_list>
<bind>
<StgValue><ssdm name="_ssdm_op_SpecLoopName"/></StgValue>
</bind>
</comp>

<comp id="30" class="1001" name="const_30">
<pin_list>
<pin id="31" dir="1" index="0" bw="1" slack="2147483647"/>
</pin_list>
<bind>
<StgValue><ssdm name="empty_3"/></StgValue>
</bind>
</comp>

<comp id="32" class="1001" name="const_32">
<pin_list>
<pin id="33" dir="1" index="0" bw="1" slack="0"/>
</pin_list>
<bind>
<StgValue><ssdm name="_ssdm_op_Write.ap_auto.i32P0A"/></StgValue>
</bind>
</comp>

<comp id="34" class="1004" name="flag_fu_34">
<pin_list>
<pin id="35" dir="0" index="0" bw="1" slack="0"/>
<pin id="36" dir="1" index="1" bw="1" slack="2"/>
</pin_list>
<bind>
<opcode="alloca(26) " fcode="alloca"/>
<opset="flag/1 "/>
</bind>
</comp>

<comp id="38" class="1004" name="i_2_fu_38">
<pin_list>
<pin id="39" dir="0" index="0" bw="1" slack="0"/>
<pin id="40" dir="1" index="1" bw="7" slack="0"/>
</pin_list>
<bind>
<opcode="alloca(26) " fcode="alloca"/>
<opset="i_2/1 "/>
</bind>
</comp>

<comp id="42" class="1004" name="temp_fu_42">
<pin_list>
<pin id="43" dir="0" index="0" bw="1" slack="0"/>
<pin id="44" dir="1" index="1" bw="32" slack="2"/>
</pin_list>
<bind>
<opcode="alloca(26) " fcode="alloca"/>
<opset="temp/1 "/>
</bind>
</comp>

<comp id="46" class="1004" name="best_metric_1_fu_46">
<pin_list>
<pin id="47" dir="0" index="0" bw="1" slack="0"/>
<pin id="48" dir="1" index="1" bw="32" slack="0"/>
</pin_list>
<bind>
<opcode="alloca(26) " fcode="alloca"/>
<opset="best_metric_1/1 "/>
</bind>
</comp>

<comp id="50" class="1004" name="best_branch_fu_50">
<pin_list>
<pin id="51" dir="0" index="0" bw="1" slack="0"/>
<pin id="52" dir="1" index="1" bw="32" slack="0"/>
</pin_list>
<bind>
<opcode="alloca(26) " fcode="alloca"/>
<opset="best_branch/1 "/>
</bind>
</comp>

<comp id="54" class="1004" name="count_1_1_fu_54">
<pin_list>
<pin id="55" dir="0" index="0" bw="1" slack="0"/>
<pin id="56" dir="1" index="1" bw="32" slack="0"/>
</pin_list>
<bind>
<opcode="alloca(26) " fcode="alloca"/>
<opset="count_1_1/1 "/>
</bind>
</comp>

<comp id="58" class="1004" name="best_metric_read_read_fu_58">
<pin_list>
<pin id="59" dir="0" index="0" bw="32" slack="0"/>
<pin id="60" dir="0" index="1" bw="32" slack="0"/>
<pin id="61" dir="1" index="2" bw="32" slack="0"/>
</pin_list>
<bind>
<opcode="read(1150) " fcode="read"/>
<opset="best_metric_read/1 "/>
</bind>
</comp>

<comp id="64" class="1004" name="write_ln0_write_fu_64">
<pin_list>
<pin id="65" dir="0" index="0" bw="0" slack="0"/>
<pin id="66" dir="0" index="1" bw="32" slack="0"/>
<pin id="67" dir="0" index="2" bw="32" slack="0"/>
<pin id="68" dir="1" index="3" bw="0" slack="2147483647"/>
</pin_list>
<bind>
<opcode="write(1151) " fcode="write"/>
<opset="write_ln0/2 "/>
</bind>
</comp>

<comp id="71" class="1004" name="temp_trellis_metric_addr_gep_fu_71">
<pin_list>
<pin id="72" dir="0" index="0" bw="32" slack="0"/>
<pin id="73" dir="0" index="1" bw="1" slack="0"/>
<pin id="74" dir="0" index="2" bw="32" slack="0"/>
<pin id="75" dir="1" index="3" bw="6" slack="0"/>
</pin_list>
<bind>
<opcode="getelementptr(29) " fcode="getelementptr"/>
<opset="temp_trellis_metric_addr/2 "/>
</bind>
</comp>

<comp id="78" class="1004" name="grp_access_fu_78">
<pin_list>
<pin id="79" dir="0" index="0" bw="6" slack="0"/>
<pin id="80" dir="0" index="1" bw="32" slack="2147483647"/>
<pin id="81" dir="0" index="2" bw="0" slack="2147483647"/>
<pin id="82" dir="1" index="3" bw="32" slack="0"/>
</pin_list>
<bind>
<opcode="load(27) " fcode="load"/>
<opset="temp_2/2 "/>
</bind>
</comp>

<comp id="84" class="1004" name="store_ln0_store_fu_84">
<pin_list>
<pin id="85" dir="0" index="0" bw="1" slack="0"/>
<pin id="86" dir="0" index="1" bw="32" slack="0"/>
<pin id="87" dir="1" index="2" bw="0" slack="2147483647"/>
</pin_list>
<bind>
<opcode="store(28) " fcode="store"/>
<opset="store_ln0/1 "/>
</bind>
</comp>

<comp id="89" class="1004" name="store_ln0_store_fu_89">
<pin_list>
<pin id="90" dir="0" index="0" bw="1" slack="0"/>
<pin id="91" dir="0" index="1" bw="32" slack="0"/>
<pin id="92" dir="1" index="2" bw="0" slack="2147483647"/>
</pin_list>
<bind>
<opcode="store(28) " fcode="store"/>
<opset="store_ln0/1 "/>
</bind>
</comp>

<comp id="94" class="1004" name="store_ln0_store_fu_94">
<pin_list>
<pin id="95" dir="0" index="0" bw="32" slack="0"/>
<pin id="96" dir="0" index="1" bw="32" slack="0"/>
<pin id="97" dir="1" index="2" bw="0" slack="2147483647"/>
</pin_list>
<bind>
<opcode="store(28) " fcode="store"/>
<opset="store_ln0/1 "/>
</bind>
</comp>

<comp id="99" class="1004" name="store_ln0_store_fu_99">
<pin_list>
<pin id="100" dir="0" index="0" bw="1" slack="0"/>
<pin id="101" dir="0" index="1" bw="7" slack="0"/>
<pin id="102" dir="1" index="2" bw="0" slack="2147483647"/>
</pin_list>
<bind>
<opcode="store(28) " fcode="store"/>
<opset="store_ln0/1 "/>
</bind>
</comp>

<comp id="104" class="1004" name="i_load_fu_104">
<pin_list>
<pin id="105" dir="0" index="0" bw="7" slack="1"/>
<pin id="106" dir="1" index="1" bw="7" slack="0"/>
</pin_list>
<bind>
<opcode="load(27) " fcode="load"/>
<opset="i/2 "/>
</bind>
</comp>

<comp id="107" class="1004" name="icmp_ln198_fu_107">
<pin_list>
<pin id="108" dir="0" index="0" bw="7" slack="0"/>
<pin id="109" dir="0" index="1" bw="1" slack="0"/>
<pin id="110" dir="1" index="2" bw="1" slack="2147483647"/>
</pin_list>
<bind>
<opcode="icmp(45) " fcode="icmp"/>
<opset="icmp_ln198/2 "/>
</bind>
</comp>

<comp id="113" class="1004" name="count_load_load_fu_113">
<pin_list>
<pin id="114" dir="0" index="0" bw="32" slack="1"/>
<pin id="115" dir="1" index="1" bw="32" slack="0"/>
</pin_list>
<bind>
<opcode="load(27) " fcode="load"/>
<opset="count_load/2 "/>
</bind>
</comp>

<comp id="116" class="1004" name="empty_24_fu_116">
<pin_list>
<pin id="117" dir="0" index="0" bw="7" slack="0"/>
<pin id="118" dir="1" index="1" bw="1" slack="0"/>
</pin_list>
<bind>
<opcode="trunc(33) " fcode="trunc"/>
<opset="empty_24/2 "/>
</bind>
</comp>

<comp id="120" class="1004" name="zext_ln200_fu_120">
<pin_list>
<pin id="121" dir="0" index="0" bw="32" slack="0"/>
<pin id="122" dir="1" index="1" bw="64" slack="0"/>
</pin_list>
<bind>
<opcode="zext(34) " fcode="zext"/>
<opset="zext_ln200/2 "/>
</bind>
</comp>

<comp id="125" class="1004" name="count_2_fu_125">
<pin_list>
<pin id="126" dir="0" index="0" bw="32" slack="0"/>
<pin id="127" dir="0" index="1" bw="1" slack="0"/>
<pin id="128" dir="1" index="2" bw="32" slack="0"/>
</pin_list>
<bind>
<opcode="add(8) " fcode="add"/>
<opset="count_2/2 "/>
</bind>
</comp>

<comp id="131" class="1004" name="count_1_fu_131">
<pin_list>
<pin id="132" dir="0" index="0" bw="1" slack="0"/>
<pin id="133" dir="0" index="1" bw="32" slack="0"/>
<pin id="134" dir="0" index="2" bw="32" slack="0"/>
<pin id="135" dir="1" index="3" bw="32" slack="0"/>
</pin_list>
<bind>
<opcode="select(49) " fcode="select"/>
<opset="count_1/2 "/>
</bind>
</comp>

<comp id="139" class="1004" name="i_4_fu_139">
<pin_list>
<pin id="140" dir="0" index="0" bw="7" slack="0"/>
<pin id="141" dir="0" index="1" bw="1" slack="0"/>
<pin id="142" dir="1" index="2" bw="7" slack="0"/>
</pin_list>
<bind>
<opcode="add(8) " fcode="add"/>
<opset="i_4/2 "/>
</bind>
</comp>

<comp id="145" class="1004" name="store_ln198_store_fu_145">
<pin_list>
<pin id="146" dir="0" index="0" bw="32" slack="0"/>
<pin id="147" dir="0" index="1" bw="32" slack="1"/>
<pin id="148" dir="1" index="2" bw="0" slack="2147483647"/>
</pin_list>
<bind>
<opcode="store(28) " fcode="store"/>
<opset="store_ln198/2 "/>
</bind>
</comp>

<comp id="150" class="1004" name="store_ln198_store_fu_150">
<pin_list>
<pin id="151" dir="0" index="0" bw="7" slack="0"/>
<pin id="152" dir="0" index="1" bw="7" slack="1"/>
<pin id="153" dir="1" index="2" bw="0" slack="2147483647"/>
</pin_list>
<bind>
<opcode="store(28) " fcode="store"/>
<opset="store_ln198/2 "/>
</bind>
</comp>

<comp id="155" class="1004" name="flag_load_load_fu_155">
<pin_list>
<pin id="156" dir="0" index="0" bw="1" slack="2"/>
<pin id="157" dir="1" index="1" bw="1" slack="0"/>
</pin_list>
<bind>
<opcode="load(27) " fcode="load"/>
<opset="flag_load/3 "/>
</bind>
</comp>

<comp id="158" class="1004" name="temp_load_load_fu_158">
<pin_list>
<pin id="159" dir="0" index="0" bw="32" slack="2"/>
<pin id="160" dir="1" index="1" bw="32" slack="0"/>
</pin_list>
<bind>
<opcode="load(27) " fcode="load"/>
<opset="temp_load/3 "/>
</bind>
</comp>

<comp id="161" class="1004" name="best_metric_1_load_load_fu_161">
<pin_list>
<pin id="162" dir="0" index="0" bw="32" slack="2"/>
<pin id="163" dir="1" index="1" bw="32" slack="0"/>
</pin_list>
<bind>
<opcode="load(27) " fcode="load"/>
<opset="best_metric_1_load/3 "/>
</bind>
</comp>

<comp id="164" class="1004" name="best_branch_load_1_load_fu_164">
<pin_list>
<pin id="165" dir="0" index="0" bw="32" slack="2"/>
<pin id="166" dir="1" index="1" bw="32" slack="0"/>
</pin_list>
<bind>
<opcode="load(27) " fcode="load"/>
<opset="best_branch_load_1/3 "/>
</bind>
</comp>

<comp id="167" class="1004" name="flag_2_fu_167">
<pin_list>
<pin id="168" dir="0" index="0" bw="32" slack="0"/>
<pin id="169" dir="0" index="1" bw="32" slack="0"/>
<pin id="170" dir="1" index="2" bw="1" slack="0"/>
</pin_list>
<bind>
<opcode="icmp(45) " fcode="icmp"/>
<opset="flag_2/3 "/>
</bind>
</comp>

<comp id="173" class="1004" name="best_branch_3_fu_173">
<pin_list>
<pin id="174" dir="0" index="0" bw="1" slack="0"/>
<pin id="175" dir="0" index="1" bw="32" slack="1"/>
<pin id="176" dir="0" index="2" bw="32" slack="0"/>
<pin id="177" dir="1" index="3" bw="32" slack="0"/>
</pin_list>
<bind>
<opcode="select(49) " fcode="select"/>
<opset="best_branch_3/3 "/>
</bind>
</comp>

<comp id="180" class="1004" name="best_metric_3_fu_180">
<pin_list>
<pin id="181" dir="0" index="0" bw="1" slack="0"/>
<pin id="182" dir="0" index="1" bw="32" slack="0"/>
<pin id="183" dir="0" index="2" bw="32" slack="0"/>
<pin id="184" dir="1" index="3" bw="32" slack="0"/>
</pin_list>
<bind>
<opcode="select(49) " fcode="select"/>
<opset="best_metric_3/3 "/>
</bind>
</comp>

<comp id="188" class="1004" name="flag_1_fu_188">
<pin_list>
<pin id="189" dir="0" index="0" bw="1" slack="1"/>
<pin id="190" dir="0" index="1" bw="1" slack="0"/>
<pin id="191" dir="0" index="2" bw="1" slack="0"/>
<pin id="192" dir="1" index="3" bw="1" slack="0"/>
</pin_list>
<bind>
<opcode="select(49) " fcode="select"/>
<opset="flag_1/3 "/>
</bind>
</comp>

<comp id="195" class="1004" name="best_branch_2_fu_195">
<pin_list>
<pin id="196" dir="0" index="0" bw="1" slack="1"/>
<pin id="197" dir="0" index="1" bw="32" slack="0"/>
<pin id="198" dir="0" index="2" bw="32" slack="0"/>
<pin id="199" dir="1" index="3" bw="32" slack="0"/>
</pin_list>
<bind>
<opcode="select(49) " fcode="select"/>
<opset="best_branch_2/3 "/>
</bind>
</comp>

<comp id="202" class="1004" name="best_metric_2_fu_202">
<pin_list>
<pin id="203" dir="0" index="0" bw="1" slack="1"/>
<pin id="204" dir="0" index="1" bw="32" slack="0"/>
<pin id="205" dir="0" index="2" bw="32" slack="0"/>
<pin id="206" dir="1" index="3" bw="32" slack="0"/>
</pin_list>
<bind>
<opcode="select(49) " fcode="select"/>
<opset="best_metric_2/3 "/>
</bind>
</comp>

<comp id="209" class="1004" name="temp_1_fu_209">
<pin_list>
<pin id="210" dir="0" index="0" bw="1" slack="1"/>
<pin id="211" dir="0" index="1" bw="32" slack="0"/>
<pin id="212" dir="0" index="2" bw="32" slack="0"/>
<pin id="213" dir="1" index="3" bw="32" slack="0"/>
</pin_list>
<bind>
<opcode="select(49) " fcode="select"/>
<opset="temp_1/3 "/>
</bind>
</comp>

<comp id="216" class="1004" name="store_ln198_store_fu_216">
<pin_list>
<pin id="217" dir="0" index="0" bw="32" slack="0"/>
<pin id="218" dir="0" index="1" bw="32" slack="2"/>
<pin id="219" dir="1" index="2" bw="0" slack="2147483647"/>
</pin_list>
<bind>
<opcode="store(28) " fcode="store"/>
<opset="store_ln198/3 "/>
</bind>
</comp>

<comp id="221" class="1004" name="store_ln198_store_fu_221">
<pin_list>
<pin id="222" dir="0" index="0" bw="32" slack="0"/>
<pin id="223" dir="0" index="1" bw="32" slack="2"/>
<pin id="224" dir="1" index="2" bw="0" slack="2147483647"/>
</pin_list>
<bind>
<opcode="store(28) " fcode="store"/>
<opset="store_ln198/3 "/>
</bind>
</comp>

<comp id="226" class="1004" name="store_ln198_store_fu_226">
<pin_list>
<pin id="227" dir="0" index="0" bw="32" slack="0"/>
<pin id="228" dir="0" index="1" bw="32" slack="2"/>
<pin id="229" dir="1" index="2" bw="0" slack="2147483647"/>
</pin_list>
<bind>
<opcode="store(28) " fcode="store"/>
<opset="store_ln198/3 "/>
</bind>
</comp>

<comp id="231" class="1004" name="store_ln198_store_fu_231">
<pin_list>
<pin id="232" dir="0" index="0" bw="1" slack="0"/>
<pin id="233" dir="0" index="1" bw="1" slack="2"/>
<pin id="234" dir="1" index="2" bw="0" slack="2147483647"/>
</pin_list>
<bind>
<opcode="store(28) " fcode="store"/>
<opset="store_ln198/3 "/>
</bind>
</comp>

<comp id="236" class="1004" name="best_branch_load_load_fu_236">
<pin_list>
<pin id="237" dir="0" index="0" bw="32" slack="1"/>
<pin id="238" dir="1" index="1" bw="32" slack="0"/>
</pin_list>
<bind>
<opcode="load(27) " fcode="load"/>
<opset="best_branch_load/2 "/>
</bind>
</comp>

<comp id="240" class="1005" name="flag_reg_240">
<pin_list>
<pin id="241" dir="0" index="0" bw="1" slack="2"/>
<pin id="242" dir="1" index="1" bw="1" slack="2"/>
</pin_list>
<bind>
<opset="flag "/>
</bind>
</comp>

<comp id="246" class="1005" name="i_2_reg_246">
<pin_list>
<pin id="247" dir="0" index="0" bw="7" slack="0"/>
<pin id="248" dir="1" index="1" bw="7" slack="0"/>
</pin_list>
<bind>
<opset="i_2 "/>
</bind>
</comp>

<comp id="253" class="1005" name="temp_reg_253">
<pin_list>
<pin id="254" dir="0" index="0" bw="32" slack="2"/>
<pin id="255" dir="1" index="1" bw="32" slack="2"/>
</pin_list>
<bind>
<opset="temp "/>
</bind>
</comp>

<comp id="259" class="1005" name="best_metric_1_reg_259">
<pin_list>
<pin id="260" dir="0" index="0" bw="32" slack="0"/>
<pin id="261" dir="1" index="1" bw="32" slack="0"/>
</pin_list>
<bind>
<opset="best_metric_1 "/>
</bind>
</comp>

<comp id="266" class="1005" name="best_branch_reg_266">
<pin_list>
<pin id="267" dir="0" index="0" bw="32" slack="0"/>
<pin id="268" dir="1" index="1" bw="32" slack="0"/>
</pin_list>
<bind>
<opset="best_branch "/>
</bind>
</comp>

<comp id="274" class="1005" name="count_1_1_reg_274">
<pin_list>
<pin id="275" dir="0" index="0" bw="32" slack="0"/>
<pin id="276" dir="1" index="1" bw="32" slack="0"/>
</pin_list>
<bind>
<opset="count_1_1 "/>
</bind>
</comp>

<comp id="284" class="1005" name="count_load_reg_284">
<pin_list>
<pin id="285" dir="0" index="0" bw="32" slack="1"/>
<pin id="286" dir="1" index="1" bw="32" slack="1"/>
</pin_list>
<bind>
<opset="count_load "/>
</bind>
</comp>

<comp id="289" class="1005" name="empty_24_reg_289">
<pin_list>
<pin id="290" dir="0" index="0" bw="1" slack="1"/>
<pin id="291" dir="1" index="1" bw="1" slack="1"/>
</pin_list>
<bind>
<opset="empty_24 "/>
</bind>
</comp>

<comp id="297" class="1005" name="temp_trellis_metric_addr_reg_297">
<pin_list>
<pin id="298" dir="0" index="0" bw="6" slack="1"/>
<pin id="299" dir="1" index="1" bw="6" slack="1"/>
</pin_list>
<bind>
<opset="temp_trellis_metric_addr "/>
</bind>
</comp>

</comp_list>

<net_list>
<net id="37"><net_src comp="6" pin="0"/><net_sink comp="34" pin=0"/></net>

<net id="41"><net_src comp="6" pin="0"/><net_sink comp="38" pin=0"/></net>

<net id="45"><net_src comp="6" pin="0"/><net_sink comp="42" pin=0"/></net>

<net id="49"><net_src comp="6" pin="0"/><net_sink comp="46" pin=0"/></net>

<net id="53"><net_src comp="6" pin="0"/><net_sink comp="50" pin=0"/></net>

<net id="57"><net_src comp="6" pin="0"/><net_sink comp="54" pin=0"/></net>

<net id="62"><net_src comp="8" pin="0"/><net_sink comp="58" pin=0"/></net>

<net id="63"><net_src comp="0" pin="0"/><net_sink comp="58" pin=1"/></net>

<net id="69"><net_src comp="32" pin="0"/><net_sink comp="64" pin=0"/></net>

<net id="70"><net_src comp="4" pin="0"/><net_sink comp="64" pin=1"/></net>

<net id="76"><net_src comp="2" pin="0"/><net_sink comp="71" pin=0"/></net>

<net id="77"><net_src comp="26" pin="0"/><net_sink comp="71" pin=1"/></net>

<net id="83"><net_src comp="71" pin="3"/><net_sink comp="78" pin=0"/></net>

<net id="88"><net_src comp="6" pin="0"/><net_sink comp="84" pin=0"/></net>

<net id="93"><net_src comp="10" pin="0"/><net_sink comp="89" pin=0"/></net>

<net id="98"><net_src comp="58" pin="2"/><net_sink comp="94" pin=0"/></net>

<net id="103"><net_src comp="12" pin="0"/><net_sink comp="99" pin=0"/></net>

<net id="111"><net_src comp="104" pin="1"/><net_sink comp="107" pin=0"/></net>

<net id="112"><net_src comp="20" pin="0"/><net_sink comp="107" pin=1"/></net>

<net id="119"><net_src comp="104" pin="1"/><net_sink comp="116" pin=0"/></net>

<net id="123"><net_src comp="113" pin="1"/><net_sink comp="120" pin=0"/></net>

<net id="124"><net_src comp="120" pin="1"/><net_sink comp="71" pin=2"/></net>

<net id="129"><net_src comp="113" pin="1"/><net_sink comp="125" pin=0"/></net>

<net id="130"><net_src comp="6" pin="0"/><net_sink comp="125" pin=1"/></net>

<net id="136"><net_src comp="116" pin="1"/><net_sink comp="131" pin=0"/></net>

<net id="137"><net_src comp="113" pin="1"/><net_sink comp="131" pin=1"/></net>

<net id="138"><net_src comp="125" pin="2"/><net_sink comp="131" pin=2"/></net>

<net id="143"><net_src comp="104" pin="1"/><net_sink comp="139" pin=0"/></net>

<net id="144"><net_src comp="12" pin="0"/><net_sink comp="139" pin=1"/></net>

<net id="149"><net_src comp="131" pin="3"/><net_sink comp="145" pin=0"/></net>

<net id="154"><net_src comp="139" pin="2"/><net_sink comp="150" pin=0"/></net>

<net id="171"><net_src comp="161" pin="1"/><net_sink comp="167" pin=0"/></net>

<net id="172"><net_src comp="78" pin="3"/><net_sink comp="167" pin=1"/></net>

<net id="178"><net_src comp="155" pin="1"/><net_sink comp="173" pin=0"/></net>

<net id="179"><net_src comp="164" pin="1"/><net_sink comp="173" pin=2"/></net>

<net id="185"><net_src comp="155" pin="1"/><net_sink comp="180" pin=0"/></net>

<net id="186"><net_src comp="158" pin="1"/><net_sink comp="180" pin=1"/></net>

<net id="187"><net_src comp="161" pin="1"/><net_sink comp="180" pin=2"/></net>

<net id="193"><net_src comp="167" pin="2"/><net_sink comp="188" pin=1"/></net>

<net id="194"><net_src comp="155" pin="1"/><net_sink comp="188" pin=2"/></net>

<net id="200"><net_src comp="164" pin="1"/><net_sink comp="195" pin=1"/></net>

<net id="201"><net_src comp="173" pin="3"/><net_sink comp="195" pin=2"/></net>

<net id="207"><net_src comp="161" pin="1"/><net_sink comp="202" pin=1"/></net>

<net id="208"><net_src comp="180" pin="3"/><net_sink comp="202" pin=2"/></net>

<net id="214"><net_src comp="78" pin="3"/><net_sink comp="209" pin=1"/></net>

<net id="215"><net_src comp="158" pin="1"/><net_sink comp="209" pin=2"/></net>

<net id="220"><net_src comp="195" pin="3"/><net_sink comp="216" pin=0"/></net>

<net id="225"><net_src comp="202" pin="3"/><net_sink comp="221" pin=0"/></net>

<net id="230"><net_src comp="209" pin="3"/><net_sink comp="226" pin=0"/></net>

<net id="235"><net_src comp="188" pin="3"/><net_sink comp="231" pin=0"/></net>

<net id="239"><net_src comp="236" pin="1"/><net_sink comp="64" pin=2"/></net>

<net id="243"><net_src comp="34" pin="1"/><net_sink comp="240" pin=0"/></net>

<net id="244"><net_src comp="240" pin="1"/><net_sink comp="155" pin=0"/></net>

<net id="245"><net_src comp="240" pin="1"/><net_sink comp="231" pin=1"/></net>

<net id="249"><net_src comp="38" pin="1"/><net_sink comp="246" pin=0"/></net>

<net id="250"><net_src comp="246" pin="1"/><net_sink comp="99" pin=1"/></net>

<net id="251"><net_src comp="246" pin="1"/><net_sink comp="104" pin=0"/></net>

<net id="252"><net_src comp="246" pin="1"/><net_sink comp="150" pin=1"/></net>

<net id="256"><net_src comp="42" pin="1"/><net_sink comp="253" pin=0"/></net>

<net id="257"><net_src comp="253" pin="1"/><net_sink comp="158" pin=0"/></net>

<net id="258"><net_src comp="253" pin="1"/><net_sink comp="226" pin=1"/></net>

<net id="262"><net_src comp="46" pin="1"/><net_sink comp="259" pin=0"/></net>

<net id="263"><net_src comp="259" pin="1"/><net_sink comp="94" pin=1"/></net>

<net id="264"><net_src comp="259" pin="1"/><net_sink comp="161" pin=0"/></net>

<net id="265"><net_src comp="259" pin="1"/><net_sink comp="221" pin=1"/></net>

<net id="269"><net_src comp="50" pin="1"/><net_sink comp="266" pin=0"/></net>

<net id="270"><net_src comp="266" pin="1"/><net_sink comp="89" pin=1"/></net>

<net id="271"><net_src comp="266" pin="1"/><net_sink comp="164" pin=0"/></net>

<net id="272"><net_src comp="266" pin="1"/><net_sink comp="216" pin=1"/></net>

<net id="273"><net_src comp="266" pin="1"/><net_sink comp="236" pin=0"/></net>

<net id="277"><net_src comp="54" pin="1"/><net_sink comp="274" pin=0"/></net>

<net id="278"><net_src comp="274" pin="1"/><net_sink comp="84" pin=1"/></net>

<net id="279"><net_src comp="274" pin="1"/><net_sink comp="113" pin=0"/></net>

<net id="280"><net_src comp="274" pin="1"/><net_sink comp="145" pin=1"/></net>

<net id="287"><net_src comp="113" pin="1"/><net_sink comp="284" pin=0"/></net>

<net id="288"><net_src comp="284" pin="1"/><net_sink comp="173" pin=1"/></net>

<net id="292"><net_src comp="116" pin="1"/><net_sink comp="289" pin=0"/></net>

<net id="293"><net_src comp="289" pin="1"/><net_sink comp="188" pin=0"/></net>

<net id="294"><net_src comp="289" pin="1"/><net_sink comp="195" pin=0"/></net>

<net id="295"><net_src comp="289" pin="1"/><net_sink comp="202" pin=0"/></net>

<net id="296"><net_src comp="289" pin="1"/><net_sink comp="209" pin=0"/></net>

<net id="300"><net_src comp="71" pin="3"/><net_sink comp="297" pin=0"/></net>

<net id="301"><net_src comp="297" pin="1"/><net_sink comp="78" pin=0"/></net>

</net_list>

</model> 
---------------- Datapath Model END ------------------

* FSMD analyzer results:
  - Output states:
	Port: best_branch_out | {2 }
 - Input state : 
	Port: decoder_bit_Block_.split148_proc3_Pipeline_VITIS_LOOP_198_3 : best_metric | {1 }
	Port: decoder_bit_Block_.split148_proc3_Pipeline_VITIS_LOOP_198_3 : temp_trellis_metric | {2 3 }
  - Chain level:
	State 1
		store_ln0 : 1
		store_ln0 : 1
		store_ln0 : 1
	State 2
		icmp_ln198 : 1
		br_ln198 : 2
		empty_24 : 1
		zext_ln200 : 1
		temp_trellis_metric_addr : 2
		temp_2 : 3
		count_2 : 1
		count_1 : 2
		i_4 : 1
		store_ln198 : 3
		store_ln198 : 2
		write_ln0 : 1
	State 3
		flag_2 : 1
		best_branch_3 : 1
		best_metric_3 : 1
		flag_1 : 2
		best_branch_2 : 2
		best_metric_2 : 2
		temp_1 : 1
		store_ln198 : 3
		store_ln198 : 3
		store_ln198 : 2
		store_ln198 : 3


============================================================
+ Verbose Summary: Datapath Resource usage 
============================================================

* Functional unit list:
|----------|-----------------------------|---------|---------|
| Operation|       Functional Unit       |    FF   |   LUT   |
|----------|-----------------------------|---------|---------|
|          |        count_1_fu_131       |    0    |    32   |
|          |     best_branch_3_fu_173    |    0    |    32   |
|          |     best_metric_3_fu_180    |    0    |    32   |
|  select  |        flag_1_fu_188        |    0    |    2    |
|          |     best_branch_2_fu_195    |    0    |    32   |
|          |     best_metric_2_fu_202    |    0    |    32   |
|          |        temp_1_fu_209        |    0    |    32   |
|----------|-----------------------------|---------|---------|
|    add   |        count_2_fu_125       |    0    |    39   |
|          |          i_4_fu_139         |    0    |    14   |
|----------|-----------------------------|---------|---------|
|   icmp   |      icmp_ln198_fu_107      |    0    |    10   |
|          |        flag_2_fu_167        |    0    |    20   |
|----------|-----------------------------|---------|---------|
|   read   | best_metric_read_read_fu_58 |    0    |    0    |
|----------|-----------------------------|---------|---------|
|   write  |    write_ln0_write_fu_64    |    0    |    0    |
|----------|-----------------------------|---------|---------|
|   trunc  |       empty_24_fu_116       |    0    |    0    |
|----------|-----------------------------|---------|---------|
|   zext   |      zext_ln200_fu_120      |    0    |    0    |
|----------|-----------------------------|---------|---------|
|   Total  |                             |    0    |   277   |
|----------|-----------------------------|---------|---------|

Memories:
N/A

* Register list:
+--------------------------------+--------+
|                                |   FF   |
+--------------------------------+--------+
|       best_branch_reg_266      |   32   |
|      best_metric_1_reg_259     |   32   |
|        count_1_1_reg_274       |   32   |
|       count_load_reg_284       |   32   |
|        empty_24_reg_289        |    1   |
|          flag_reg_240          |    1   |
|           i_2_reg_246          |    7   |
|          temp_reg_253          |   32   |
|temp_trellis_metric_addr_reg_297|    6   |
+--------------------------------+--------+
|              Total             |   175  |
+--------------------------------+--------+

* Multiplexer (MUX) list: 
|------------------|------|------|------|--------||---------||---------|
|       Comp       |  Pin | Size |  BW  | S x BW ||  Delay  ||   LUT   |
|------------------|------|------|------|--------||---------||---------|
| grp_access_fu_78 |  p0  |   2  |   6  |   12   ||    9    |
|------------------|------|------|------|--------||---------||---------|
|       Total      |      |      |      |   12   ||  0.427  ||    9    |
|------------------|------|------|------|--------||---------||---------|



* Summary:
+-----------+--------+--------+--------+
|           |  Delay |   FF   |   LUT  |
+-----------+--------+--------+--------+
|  Function |    -   |    0   |   277  |
|   Memory  |    -   |    -   |    -   |
|Multiplexer|    0   |    -   |    9   |
|  Register |    -   |   175  |    -   |
+-----------+--------+--------+--------+
|   Total   |    0   |   175  |   286  |
+-----------+--------+--------+--------+
