

================================================================
== Vitis HLS Report for 'decoder_bit_Block_split148_proc3_Pipeline_VITIS_LOOP_216_4'
================================================================
* Date:           Mon Dec  5 17:43:03 2022

* Version:        2021.1 (Build 3247384 on Thu Jun 10 19:36:07 MDT 2021)
* Project:        ecc_decoder_src
* Solution:       solution1 (Vivado IP Flow Target)
* Product family: zynquplus
* Target device:  xck26-sfvc784-2LV-c


================================================================
== Performance Estimates
================================================================
+ Timing: 
    * Summary: 
    +--------+----------+----------+------------+
    |  Clock |  Target  | Estimated| Uncertainty|
    +--------+----------+----------+------------+
    |ap_clk  |  20.00 ns|  3.490 ns|     5.40 ns|
    +--------+----------+----------+------------+

+ Latency: 
    * Summary: 
    +---------+---------+----------+----------+-----+-----+---------+
    |  Latency (cycles) |  Latency (absolute) |  Interval | Pipeline|
    |   min   |   max   |    min   |    max   | min | max |   Type  |
    +---------+---------+----------+----------+-----+-----+---------+
    |       66|       66|  1.320 us|  1.320 us|   66|   66|       no|
    +---------+---------+----------+----------+-----+-----+---------+

    + Detail: 
        * Instance: 
        N/A

        * Loop: 
        +--------------------+---------+---------+----------+-----------+-----------+------+----------+
        |                    |  Latency (cycles) | Iteration|  Initiation Interval  | Trip |          |
        |      Loop Name     |   min   |   max   |  Latency |  achieved |   target  | Count| Pipelined|
        +--------------------+---------+---------+----------+-----------+-----------+------+----------+
        |- VITIS_LOOP_216_4  |       64|       64|         2|          1|          1|    64|       yes|
        +--------------------+---------+---------+----------+-----------+-----------+------+----------+

============================================================
+ Verbose Summary: Synthesis Manager
============================================================
InlineROM: 1
ExposeGlobal: 0
============================================================
+ Verbose Summary: CDFG Model
============================================================
IsTopModel: 0
ResetActiveHigh: 1
IsCombinational: 0
IsDatapathOnly: 0
HasWiredReturn: 1
HasMFsm: 2
HasVarLatency: 1
IsPipeline: 0
IsRtlPipelined: 0
IsInstanceOverlapped: 0
IsDontTouch: 0
HasImplIP: 0
IsGatedGlobalClock: 0

+ Individual pipeline summary: 
  * Pipeline-0: initiation interval (II) = 1, depth = 2


============================================================
+ Verbose Summary: Schedule
============================================================
* Number of FSM states : 2
* Pipeline : 1
  Pipeline-0 : II = 1, D = 2, States = { 1 2 }
* Dataflow Pipeline: 0

* FSM state transitions: 
1 --> 2 
2 --> 

* FSM state operations: 

State 1 <SV = 0> <Delay = 1.24>
ST_1 : Operation 5 [1/1] (0.00ns)   --->   "%i_3 = alloca i32 1"   --->   Operation 5 'alloca' 'i_3' <Predicate = true> <Delay = 0.00>
ST_1 : Operation 6 [1/1] (0.42ns)   --->   "%store_ln0 = store i7 0, i7 %i_3"   --->   Operation 6 'store' 'store_ln0' <Predicate = true> <Delay = 0.42>
ST_1 : Operation 7 [1/1] (0.00ns)   --->   "%br_ln0 = br void %.preheader15"   --->   Operation 7 'br' 'br_ln0' <Predicate = true> <Delay = 0.00>
ST_1 : Operation 8 [1/1] (0.00ns)   --->   "%i = load i7 %i_3" [ecc_decoder_src/src/decoder.cpp:216]   --->   Operation 8 'load' 'i' <Predicate = true> <Delay = 0.00>
ST_1 : Operation 9 [1/1] (0.00ns)   --->   "%specpipeline_ln0 = specpipeline void @_ssdm_op_SpecPipeline, i32 4294967295, i32 0, i32 1, i32 0, void @p_str"   --->   Operation 9 'specpipeline' 'specpipeline_ln0' <Predicate = true> <Delay = 0.00>
ST_1 : Operation 10 [1/1] (0.81ns)   --->   "%icmp_ln216 = icmp_eq  i7 %i, i7 64" [ecc_decoder_src/src/decoder.cpp:216]   --->   Operation 10 'icmp' 'icmp_ln216' <Predicate = true> <Delay = 0.81> <CoreInst = "Cmp">   --->   Core 9 'Cmp' <Latency = 0> <II = 1> <Delay = 0.81> <FuncUnit> <Opcode : 'icmp'> <InPorts = 2> <OutPorts = 1>
ST_1 : Operation 11 [1/1] (0.00ns)   --->   "%empty = speclooptripcount i32 @_ssdm_op_SpecLoopTripCount, i64 64, i64 64, i64 64"   --->   Operation 11 'speclooptripcount' 'empty' <Predicate = true> <Delay = 0.00>
ST_1 : Operation 12 [1/1] (0.77ns)   --->   "%add_ln216 = add i7 %i, i7 1" [ecc_decoder_src/src/decoder.cpp:216]   --->   Operation 12 'add' 'add_ln216' <Predicate = true> <Delay = 0.77> <CoreInst = "Adder">   --->   Core 1 'Adder' <Latency = 0> <II = 1> <Delay = 1.01> <FuncUnit> <Opcode : 'add' 'sub'> <InPorts = 2> <OutPorts = 1>
ST_1 : Operation 13 [1/1] (0.00ns)   --->   "%br_ln216 = br i1 %icmp_ln216, void, void %.loopexit.loopexit147.exitStub" [ecc_decoder_src/src/decoder.cpp:216]   --->   Operation 13 'br' 'br_ln216' <Predicate = true> <Delay = 0.00>
ST_1 : Operation 14 [1/1] (0.00ns)   --->   "%i_3_cast = zext i7 %i" [ecc_decoder_src/src/decoder.cpp:216]   --->   Operation 14 'zext' 'i_3_cast' <Predicate = (!icmp_ln216)> <Delay = 0.00>
ST_1 : Operation 15 [1/1] (0.00ns)   --->   "%temp_trellis_metric_addr = getelementptr i32 %temp_trellis_metric, i64 0, i64 %i_3_cast" [ecc_decoder_src/src/decoder.cpp:217]   --->   Operation 15 'getelementptr' 'temp_trellis_metric_addr' <Predicate = (!icmp_ln216)> <Delay = 0.00>
ST_1 : Operation 16 [2/2] (1.23ns)   --->   "%temp_trellis_metric_load = load i6 %temp_trellis_metric_addr" [ecc_decoder_src/src/decoder.cpp:217]   --->   Operation 16 'load' 'temp_trellis_metric_load' <Predicate = (!icmp_ln216)> <Delay = 1.23> <CoreInst = "RAM">   --->   Core 83 'RAM' <Latency = 1> <II = 1> <Delay = 1.23> <Storage> <Opcode : 'load' 'store'> <Ports = 2> <Width = 32> <Depth = 64> <RAM>
ST_1 : Operation 17 [1/1] (0.42ns)   --->   "%store_ln216 = store i7 %add_ln216, i7 %i_3" [ecc_decoder_src/src/decoder.cpp:216]   --->   Operation 17 'store' 'store_ln216' <Predicate = (!icmp_ln216)> <Delay = 0.42>
ST_1 : Operation 24 [1/1] (0.00ns)   --->   "%ret_ln0 = ret"   --->   Operation 24 'ret' 'ret_ln0' <Predicate = (icmp_ln216)> <Delay = 0.00>

State 2 <SV = 1> <Delay = 3.49>
ST_2 : Operation 18 [1/1] (0.00ns)   --->   "%specloopname_ln217 = specloopname void @_ssdm_op_SpecLoopName, void @empty_5" [ecc_decoder_src/src/decoder.cpp:217]   --->   Operation 18 'specloopname' 'specloopname_ln217' <Predicate = true> <Delay = 0.00>
ST_2 : Operation 19 [1/2] (1.23ns)   --->   "%temp_trellis_metric_load = load i6 %temp_trellis_metric_addr" [ecc_decoder_src/src/decoder.cpp:217]   --->   Operation 19 'load' 'temp_trellis_metric_load' <Predicate = true> <Delay = 1.23> <CoreInst = "RAM">   --->   Core 83 'RAM' <Latency = 1> <II = 1> <Delay = 1.23> <Storage> <Opcode : 'load' 'store'> <Ports = 2> <Width = 32> <Depth = 64> <RAM>
ST_2 : Operation 20 [1/1] (1.01ns)   --->   "%add_ln217 = add i32 %temp_trellis_metric_load, i32 4194967296" [ecc_decoder_src/src/decoder.cpp:217]   --->   Operation 20 'add' 'add_ln217' <Predicate = true> <Delay = 1.01> <CoreInst = "Adder">   --->   Core 1 'Adder' <Latency = 0> <II = 1> <Delay = 1.01> <FuncUnit> <Opcode : 'add' 'sub'> <InPorts = 2> <OutPorts = 1>
ST_2 : Operation 21 [1/1] (0.00ns)   --->   "%trellis_metric_addr = getelementptr i32 %trellis_metric, i64 0, i64 %i_3_cast" [ecc_decoder_src/src/decoder.cpp:217]   --->   Operation 21 'getelementptr' 'trellis_metric_addr' <Predicate = true> <Delay = 0.00>
ST_2 : Operation 22 [1/1] (1.23ns)   --->   "%store_ln217 = store i32 %add_ln217, i6 %trellis_metric_addr" [ecc_decoder_src/src/decoder.cpp:217]   --->   Operation 22 'store' 'store_ln217' <Predicate = true> <Delay = 1.23> <CoreInst = "RAM">   --->   Core 83 'RAM' <Latency = 1> <II = 1> <Delay = 1.23> <Storage> <Opcode : 'load' 'store'> <Ports = 2> <Width = 32> <Depth = 64> <RAM>
ST_2 : Operation 23 [1/1] (0.00ns)   --->   "%br_ln216 = br void %.preheader15" [ecc_decoder_src/src/decoder.cpp:216]   --->   Operation 23 'br' 'br_ln216' <Predicate = true> <Delay = 0.00>


============================================================
+ Verbose Summary: Binding
============================================================
STG Binding: 
---------------- STG Properties BEGIN ----------------
- Is combinational: 0
- Is one-state seq: 0
- Is datapath-only: 0
- Is pipelined: 0
- Is top level: 0
Port [ Return ] is wired: 1; IO mode=ap_ctrl_hs:ce=0
Port [ temp_trellis_metric]:  wired=1; compound=1; hidden=0; nouse=0; global=0; static=0; extern=0; dir=0; type=1; pingpong=0; private_global=0; MemPort=[13]; IO mode=ap_memory:ce=0
Port [ trellis_metric]:  wired=1; compound=1; hidden=0; nouse=0; global=1; static=1; extern=0; dir=1; type=1; pingpong=0; private_global=0; MemPort=[03]; IO mode=ap_memory:ce=0
---------------- STG Properties END ------------------

---------------- Datapath Model BEGIN ----------------

<LifeTime>
<method=bitvector/>
i_3                      (alloca           ) [ 010]
store_ln0                (store            ) [ 000]
br_ln0                   (br               ) [ 000]
i                        (load             ) [ 000]
specpipeline_ln0         (specpipeline     ) [ 000]
icmp_ln216               (icmp             ) [ 010]
empty                    (speclooptripcount) [ 000]
add_ln216                (add              ) [ 000]
br_ln216                 (br               ) [ 000]
i_3_cast                 (zext             ) [ 011]
temp_trellis_metric_addr (getelementptr    ) [ 011]
store_ln216              (store            ) [ 000]
specloopname_ln217       (specloopname     ) [ 000]
temp_trellis_metric_load (load             ) [ 000]
add_ln217                (add              ) [ 000]
trellis_metric_addr      (getelementptr    ) [ 000]
store_ln217              (store            ) [ 000]
br_ln216                 (br               ) [ 000]
ret_ln0                  (ret              ) [ 000]
</LifeTime>

<model>

<comp_list>
<comp id="0" class="1000" name="temp_trellis_metric">
<pin_list>
<pin id="1" dir="1" index="0" bw="1" slack="0"/>
</pin_list>
<bind>
<StgValue><ssdm name="temp_trellis_metric"/><MemPortTyVec>1 3 </MemPortTyVec>
</StgValue>
</bind>
</comp>

<comp id="2" class="1000" name="trellis_metric">
<pin_list>
<pin id="3" dir="1" index="0" bw="1" slack="0"/>
</pin_list>
<bind>
<StgValue><ssdm name="trellis_metric"/><MemPortTyVec>0 3 </MemPortTyVec>
</StgValue>
</bind>
</comp>

<comp id="4" class="1001" name="const_4">
<pin_list>
<pin id="5" dir="1" index="0" bw="1" slack="0"/>
</pin_list>
<bind>
<StgValue><ssdm name=""/></StgValue>
</bind>
</comp>

<comp id="6" class="1001" name="const_6">
<pin_list>
<pin id="7" dir="1" index="0" bw="1" slack="0"/>
</pin_list>
<bind>
<StgValue><ssdm name=""/></StgValue>
</bind>
</comp>

<comp id="8" class="1001" name="const_8">
<pin_list>
<pin id="9" dir="1" index="0" bw="1" slack="2147483647"/>
</pin_list>
<bind>
<StgValue><ssdm name="_ssdm_op_SpecPipeline"/></StgValue>
</bind>
</comp>

<comp id="10" class="1001" name="const_10">
<pin_list>
<pin id="11" dir="1" index="0" bw="1" slack="2147483647"/>
</pin_list>
<bind>
<StgValue><ssdm name=""/></StgValue>
</bind>
</comp>

<comp id="12" class="1001" name="const_12">
<pin_list>
<pin id="13" dir="1" index="0" bw="1" slack="2147483647"/>
</pin_list>
<bind>
<StgValue><ssdm name=""/></StgValue>
</bind>
</comp>

<comp id="14" class="1001" name="const_14">
<pin_list>
<pin id="15" dir="1" index="0" bw="1" slack="2147483647"/>
</pin_list>
<bind>
<StgValue><ssdm name="p_str"/></StgValue>
</bind>
</comp>

<comp id="16" class="1001" name="const_16">
<pin_list>
<pin id="17" dir="1" index="0" bw="1" slack="0"/>
</pin_list>
<bind>
<StgValue><ssdm name=""/></StgValue>
</bind>
</comp>

<comp id="18" class="1001" name="const_18">
<pin_list>
<pin id="19" dir="1" index="0" bw="1" slack="2147483647"/>
</pin_list>
<bind>
<StgValue><ssdm name="_ssdm_op_SpecLoopTripCount"/></StgValue>
</bind>
</comp>

<comp id="20" class="1001" name="const_20">
<pin_list>
<pin id="21" dir="1" index="0" bw="1" slack="2147483647"/>
</pin_list>
<bind>
<StgValue><ssdm name=""/></StgValue>
</bind>
</comp>

<comp id="22" class="1001" name="const_22">
<pin_list>
<pin id="23" dir="1" index="0" bw="1" slack="0"/>
</pin_list>
<bind>
<StgValue><ssdm name=""/></StgValue>
</bind>
</comp>

<comp id="24" class="1001" name="const_24">
<pin_list>
<pin id="25" dir="1" index="0" bw="1" slack="0"/>
</pin_list>
<bind>
<StgValue><ssdm name=""/></StgValue>
</bind>
</comp>

<comp id="26" class="1001" name="const_26">
<pin_list>
<pin id="27" dir="1" index="0" bw="1" slack="2147483647"/>
</pin_list>
<bind>
<StgValue><ssdm name="_ssdm_op_SpecLoopName"/></StgValue>
</bind>
</comp>

<comp id="28" class="1001" name="const_28">
<pin_list>
<pin id="29" dir="1" index="0" bw="1" slack="2147483647"/>
</pin_list>
<bind>
<StgValue><ssdm name="empty_5"/></StgValue>
</bind>
</comp>

<comp id="30" class="1001" name="const_30">
<pin_list>
<pin id="31" dir="1" index="0" bw="1" slack="0"/>
</pin_list>
<bind>
<StgValue><ssdm name=""/></StgValue>
</bind>
</comp>

<comp id="32" class="1004" name="i_3_fu_32">
<pin_list>
<pin id="33" dir="0" index="0" bw="1" slack="0"/>
<pin id="34" dir="1" index="1" bw="7" slack="0"/>
</pin_list>
<bind>
<opcode="alloca(26) " fcode="alloca"/>
<opset="i_3/1 "/>
</bind>
</comp>

<comp id="36" class="1004" name="temp_trellis_metric_addr_gep_fu_36">
<pin_list>
<pin id="37" dir="0" index="0" bw="32" slack="0"/>
<pin id="38" dir="0" index="1" bw="1" slack="0"/>
<pin id="39" dir="0" index="2" bw="7" slack="0"/>
<pin id="40" dir="1" index="3" bw="6" slack="0"/>
</pin_list>
<bind>
<opcode="getelementptr(29) " fcode="getelementptr"/>
<opset="temp_trellis_metric_addr/1 "/>
</bind>
</comp>

<comp id="43" class="1004" name="grp_access_fu_43">
<pin_list>
<pin id="44" dir="0" index="0" bw="6" slack="0"/>
<pin id="45" dir="0" index="1" bw="32" slack="2147483647"/>
<pin id="46" dir="0" index="2" bw="0" slack="2147483647"/>
<pin id="47" dir="1" index="3" bw="32" slack="0"/>
</pin_list>
<bind>
<opcode="load(27) " fcode="load"/>
<opset="temp_trellis_metric_load/1 "/>
</bind>
</comp>

<comp id="49" class="1004" name="trellis_metric_addr_gep_fu_49">
<pin_list>
<pin id="50" dir="0" index="0" bw="32" slack="0"/>
<pin id="51" dir="0" index="1" bw="1" slack="0"/>
<pin id="52" dir="0" index="2" bw="7" slack="1"/>
<pin id="53" dir="1" index="3" bw="6" slack="0"/>
</pin_list>
<bind>
<opcode="getelementptr(29) " fcode="getelementptr"/>
<opset="trellis_metric_addr/2 "/>
</bind>
</comp>

<comp id="56" class="1004" name="store_ln217_access_fu_56">
<pin_list>
<pin id="57" dir="0" index="0" bw="6" slack="0"/>
<pin id="58" dir="0" index="1" bw="32" slack="0"/>
<pin id="59" dir="0" index="2" bw="0" slack="2147483647"/>
<pin id="60" dir="1" index="3" bw="32" slack="2147483647"/>
</pin_list>
<bind>
<opcode="store(28) " fcode="store"/>
<opset="store_ln217/2 "/>
</bind>
</comp>

<comp id="62" class="1004" name="store_ln0_store_fu_62">
<pin_list>
<pin id="63" dir="0" index="0" bw="1" slack="0"/>
<pin id="64" dir="0" index="1" bw="7" slack="0"/>
<pin id="65" dir="1" index="2" bw="0" slack="2147483647"/>
</pin_list>
<bind>
<opcode="store(28) " fcode="store"/>
<opset="store_ln0/1 "/>
</bind>
</comp>

<comp id="67" class="1004" name="i_load_fu_67">
<pin_list>
<pin id="68" dir="0" index="0" bw="7" slack="0"/>
<pin id="69" dir="1" index="1" bw="7" slack="0"/>
</pin_list>
<bind>
<opcode="load(27) " fcode="load"/>
<opset="i/1 "/>
</bind>
</comp>

<comp id="70" class="1004" name="icmp_ln216_fu_70">
<pin_list>
<pin id="71" dir="0" index="0" bw="7" slack="0"/>
<pin id="72" dir="0" index="1" bw="7" slack="0"/>
<pin id="73" dir="1" index="2" bw="1" slack="2147483647"/>
</pin_list>
<bind>
<opcode="icmp(45) " fcode="icmp"/>
<opset="icmp_ln216/1 "/>
</bind>
</comp>

<comp id="76" class="1004" name="add_ln216_fu_76">
<pin_list>
<pin id="77" dir="0" index="0" bw="7" slack="0"/>
<pin id="78" dir="0" index="1" bw="1" slack="0"/>
<pin id="79" dir="1" index="2" bw="7" slack="0"/>
</pin_list>
<bind>
<opcode="add(8) " fcode="add"/>
<opset="add_ln216/1 "/>
</bind>
</comp>

<comp id="82" class="1004" name="i_3_cast_fu_82">
<pin_list>
<pin id="83" dir="0" index="0" bw="7" slack="0"/>
<pin id="84" dir="1" index="1" bw="64" slack="0"/>
</pin_list>
<bind>
<opcode="zext(34) " fcode="zext"/>
<opset="i_3_cast/1 "/>
</bind>
</comp>

<comp id="87" class="1004" name="store_ln216_store_fu_87">
<pin_list>
<pin id="88" dir="0" index="0" bw="7" slack="0"/>
<pin id="89" dir="0" index="1" bw="7" slack="0"/>
<pin id="90" dir="1" index="2" bw="0" slack="2147483647"/>
</pin_list>
<bind>
<opcode="store(28) " fcode="store"/>
<opset="store_ln216/1 "/>
</bind>
</comp>

<comp id="92" class="1004" name="add_ln217_fu_92">
<pin_list>
<pin id="93" dir="0" index="0" bw="32" slack="0"/>
<pin id="94" dir="0" index="1" bw="28" slack="0"/>
<pin id="95" dir="1" index="2" bw="32" slack="0"/>
</pin_list>
<bind>
<opcode="add(8) " fcode="add"/>
<opset="add_ln217/2 "/>
</bind>
</comp>

<comp id="99" class="1005" name="i_3_reg_99">
<pin_list>
<pin id="100" dir="0" index="0" bw="7" slack="0"/>
<pin id="101" dir="1" index="1" bw="7" slack="0"/>
</pin_list>
<bind>
<opset="i_3 "/>
</bind>
</comp>

<comp id="109" class="1005" name="i_3_cast_reg_109">
<pin_list>
<pin id="110" dir="0" index="0" bw="64" slack="1"/>
<pin id="111" dir="1" index="1" bw="64" slack="1"/>
</pin_list>
<bind>
<opset="i_3_cast "/>
</bind>
</comp>

<comp id="114" class="1005" name="temp_trellis_metric_addr_reg_114">
<pin_list>
<pin id="115" dir="0" index="0" bw="6" slack="1"/>
<pin id="116" dir="1" index="1" bw="6" slack="1"/>
</pin_list>
<bind>
<opset="temp_trellis_metric_addr "/>
</bind>
</comp>

</comp_list>

<net_list>
<net id="35"><net_src comp="4" pin="0"/><net_sink comp="32" pin=0"/></net>

<net id="41"><net_src comp="0" pin="0"/><net_sink comp="36" pin=0"/></net>

<net id="42"><net_src comp="24" pin="0"/><net_sink comp="36" pin=1"/></net>

<net id="48"><net_src comp="36" pin="3"/><net_sink comp="43" pin=0"/></net>

<net id="54"><net_src comp="2" pin="0"/><net_sink comp="49" pin=0"/></net>

<net id="55"><net_src comp="24" pin="0"/><net_sink comp="49" pin=1"/></net>

<net id="61"><net_src comp="49" pin="3"/><net_sink comp="56" pin=0"/></net>

<net id="66"><net_src comp="6" pin="0"/><net_sink comp="62" pin=0"/></net>

<net id="74"><net_src comp="67" pin="1"/><net_sink comp="70" pin=0"/></net>

<net id="75"><net_src comp="16" pin="0"/><net_sink comp="70" pin=1"/></net>

<net id="80"><net_src comp="67" pin="1"/><net_sink comp="76" pin=0"/></net>

<net id="81"><net_src comp="22" pin="0"/><net_sink comp="76" pin=1"/></net>

<net id="85"><net_src comp="67" pin="1"/><net_sink comp="82" pin=0"/></net>

<net id="86"><net_src comp="82" pin="1"/><net_sink comp="36" pin=2"/></net>

<net id="91"><net_src comp="76" pin="2"/><net_sink comp="87" pin=0"/></net>

<net id="96"><net_src comp="43" pin="3"/><net_sink comp="92" pin=0"/></net>

<net id="97"><net_src comp="30" pin="0"/><net_sink comp="92" pin=1"/></net>

<net id="98"><net_src comp="92" pin="2"/><net_sink comp="56" pin=1"/></net>

<net id="102"><net_src comp="32" pin="1"/><net_sink comp="99" pin=0"/></net>

<net id="103"><net_src comp="99" pin="1"/><net_sink comp="62" pin=1"/></net>

<net id="104"><net_src comp="99" pin="1"/><net_sink comp="67" pin=0"/></net>

<net id="105"><net_src comp="99" pin="1"/><net_sink comp="87" pin=1"/></net>

<net id="112"><net_src comp="82" pin="1"/><net_sink comp="109" pin=0"/></net>

<net id="113"><net_src comp="109" pin="1"/><net_sink comp="49" pin=2"/></net>

<net id="117"><net_src comp="36" pin="3"/><net_sink comp="114" pin=0"/></net>

<net id="118"><net_src comp="114" pin="1"/><net_sink comp="43" pin=0"/></net>

</net_list>

</model> 
---------------- Datapath Model END ------------------

* FSMD analyzer results:
  - Output states:
	Port: trellis_metric | {2 }
 - Input state : 
	Port: decoder_bit_Block_.split148_proc3_Pipeline_VITIS_LOOP_216_4 : temp_trellis_metric | {1 2 }
  - Chain level:
	State 1
		store_ln0 : 1
		i : 1
		icmp_ln216 : 2
		add_ln216 : 2
		br_ln216 : 3
		i_3_cast : 2
		temp_trellis_metric_addr : 3
		temp_trellis_metric_load : 4
		store_ln216 : 3
	State 2
		add_ln217 : 1
		store_ln217 : 2


============================================================
+ Verbose Summary: Datapath Resource usage 
============================================================

* Functional unit list:
|----------|------------------|---------|---------|
| Operation|  Functional Unit |    FF   |   LUT   |
|----------|------------------|---------|---------|
|    add   |  add_ln216_fu_76 |    0    |    14   |
|          |  add_ln217_fu_92 |    0    |    39   |
|----------|------------------|---------|---------|
|   icmp   | icmp_ln216_fu_70 |    0    |    10   |
|----------|------------------|---------|---------|
|   zext   |  i_3_cast_fu_82  |    0    |    0    |
|----------|------------------|---------|---------|
|   Total  |                  |    0    |    63   |
|----------|------------------|---------|---------|

Memories:
N/A

* Register list:
+--------------------------------+--------+
|                                |   FF   |
+--------------------------------+--------+
|        i_3_cast_reg_109        |   64   |
|           i_3_reg_99           |    7   |
|temp_trellis_metric_addr_reg_114|    6   |
+--------------------------------+--------+
|              Total             |   77   |
+--------------------------------+--------+

* Multiplexer (MUX) list: 
|------------------|------|------|------|--------||---------||---------|
|       Comp       |  Pin | Size |  BW  | S x BW ||  Delay  ||   LUT   |
|------------------|------|------|------|--------||---------||---------|
| grp_access_fu_43 |  p0  |   2  |   6  |   12   ||    9    |
|------------------|------|------|------|--------||---------||---------|
|       Total      |      |      |      |   12   ||  0.427  ||    9    |
|------------------|------|------|------|--------||---------||---------|



* Summary:
+-----------+--------+--------+--------+
|           |  Delay |   FF   |   LUT  |
+-----------+--------+--------+--------+
|  Function |    -   |    0   |   63   |
|   Memory  |    -   |    -   |    -   |
|Multiplexer|    0   |    -   |    9   |
|  Register |    -   |   77   |    -   |
+-----------+--------+--------+--------+
|   Total   |    0   |   77   |   72   |
+-----------+--------+--------+--------+
