

================================================================
== Vitis HLS Report for 'decoder_bit_Block_split148_proc3_Pipeline_VITIS_LOOP_221_5'
================================================================
* Date:           Mon Dec  5 17:43:05 2022

* Version:        2021.1 (Build 3247384 on Thu Jun 10 19:36:07 MDT 2021)
* Project:        ecc_decoder_src
* Solution:       solution1 (Vivado IP Flow Target)
* Product family: zynquplus
* Target device:  xck26-sfvc784-2LV-c


================================================================
== Performance Estimates
================================================================
+ Timing: 
    * Summary: 
    +--------+----------+----------+------------+
    |  Clock |  Target  | Estimated| Uncertainty|
    +--------+----------+----------+------------+
    |ap_clk  |  20.00 ns|  2.474 ns|     5.40 ns|
    +--------+----------+----------+------------+

+ Latency: 
    * Summary: 
    +---------+---------+----------+----------+-----+-----+---------+
    |  Latency (cycles) |  Latency (absolute) |  Interval | Pipeline|
    |   min   |   max   |    min   |    max   | min | max |   Type  |
    +---------+---------+----------+----------+-----+-----+---------+
    |       66|       66|  1.320 us|  1.320 us|   66|   66|       no|
    +---------+---------+----------+----------+-----+-----+---------+

    + Detail: 
        * Instance: 
        N/A

        * Loop: 
        +--------------------+---------+---------+----------+-----------+-----------+------+----------+
        |                    |  Latency (cycles) | Iteration|  Initiation Interval  | Trip |          |
        |      Loop Name     |   min   |   max   |  Latency |  achieved |   target  | Count| Pipelined|
        +--------------------+---------+---------+----------+-----------+-----------+------+----------+
        |- VITIS_LOOP_221_5  |       64|       64|         2|          1|          1|    64|       yes|
        +--------------------+---------+---------+----------+-----------+-----------+------+----------+



================================================================
== Utilization Estimates
================================================================
* Summary: 
+-----------------+---------+------+--------+--------+-----+
|       Name      | BRAM_18K|  DSP |   FF   |   LUT  | URAM|
+-----------------+---------+------+--------+--------+-----+
|DSP              |        -|     -|       -|       -|    -|
|Expression       |        -|     -|       0|      27|    -|
|FIFO             |        -|     -|       -|       -|    -|
|Instance         |        -|     -|       -|       -|    -|
|Memory           |        -|     -|       -|       -|    -|
|Multiplexer      |        -|     -|       -|      36|    -|
|Register         |        -|     -|      17|       -|    -|
+-----------------+---------+------+--------+--------+-----+
|Total            |        0|     0|      17|      63|    0|
+-----------------+---------+------+--------+--------+-----+
|Available        |      288|  1248|  234240|  117120|   64|
+-----------------+---------+------+--------+--------+-----+
|Utilization (%)  |        0|     0|      ~0|      ~0|    0|
+-----------------+---------+------+--------+--------+-----+

+ Detail: 
    * Instance: 
    N/A

    * DSP: 
    N/A

    * Memory: 
    N/A

    * FIFO: 
    N/A

    * Expression: 
    +---------------------+----------+----+---+----+------------+------------+
    |    Variable Name    | Operation| DSP| FF| LUT| Bitwidth P0| Bitwidth P1|
    +---------------------+----------+----+---+----+------------+------------+
    |add_ln221_fu_75_p2   |         +|   0|  0|  14|           7|           1|
    |icmp_ln221_fu_69_p2  |      icmp|   0|  0|  11|           7|           8|
    |ap_enable_pp0        |       xor|   0|  0|   2|           1|           2|
    +---------------------+----------+----+---+----+------------+------------+
    |Total                |          |   0|  0|  27|          15|          11|
    +---------------------+----------+----+---+----+------------+------------+

    * Multiplexer: 
    +-------------------------+----+-----------+-----+-----------+
    |           Name          | LUT| Input Size| Bits| Total Bits|
    +-------------------------+----+-----------+-----+-----------+
    |ap_done_int              |   9|          2|    1|          2|
    |ap_enable_reg_pp0_iter1  |   9|          2|    1|          2|
    |ap_sig_allocacmp_i_3     |   9|          2|    7|         14|
    |i_fu_30                  |   9|          2|    7|         14|
    +-------------------------+----+-----------+-----+-----------+
    |Total                    |  36|          8|   16|         32|
    +-------------------------+----+-----------+-----+-----------+

    * Register: 
    +-------------------------+---+----+-----+-----------+
    |           Name          | FF| LUT| Bits| Const Bits|
    +-------------------------+---+----+-----+-----------+
    |ap_CS_fsm                |  1|   0|    1|          0|
    |ap_done_reg              |  1|   0|    1|          0|
    |ap_enable_reg_pp0_iter1  |  1|   0|    1|          0|
    |i_4_cast_reg_101         |  7|   0|   64|         57|
    |i_fu_30                  |  7|   0|    7|          0|
    +-------------------------+---+----+-----+-----------+
    |Total                    | 17|   0|   74|         57|
    +-------------------------+---+----+-----+-----------+



================================================================
== Interface
================================================================
* Summary: 
+------------------------------+-----+-----+------------+-------------------------------------------------------------+--------------+
|           RTL Ports          | Dir | Bits|  Protocol  |                        Source Object                        |    C Type    |
+------------------------------+-----+-----+------------+-------------------------------------------------------------+--------------+
|ap_clk                        |   in|    1|  ap_ctrl_hs|  decoder_bit_Block_.split148_proc3_Pipeline_VITIS_LOOP_221_5|  return value|
|ap_rst                        |   in|    1|  ap_ctrl_hs|  decoder_bit_Block_.split148_proc3_Pipeline_VITIS_LOOP_221_5|  return value|
|ap_start                      |   in|    1|  ap_ctrl_hs|  decoder_bit_Block_.split148_proc3_Pipeline_VITIS_LOOP_221_5|  return value|
|ap_done                       |  out|    1|  ap_ctrl_hs|  decoder_bit_Block_.split148_proc3_Pipeline_VITIS_LOOP_221_5|  return value|
|ap_idle                       |  out|    1|  ap_ctrl_hs|  decoder_bit_Block_.split148_proc3_Pipeline_VITIS_LOOP_221_5|  return value|
|ap_ready                      |  out|    1|  ap_ctrl_hs|  decoder_bit_Block_.split148_proc3_Pipeline_VITIS_LOOP_221_5|  return value|
|temp_trellis_metric_address0  |  out|    6|   ap_memory|                                          temp_trellis_metric|         array|
|temp_trellis_metric_ce0       |  out|    1|   ap_memory|                                          temp_trellis_metric|         array|
|temp_trellis_metric_q0        |   in|   32|   ap_memory|                                          temp_trellis_metric|         array|
|trellis_metric_address0       |  out|    6|   ap_memory|                                               trellis_metric|         array|
|trellis_metric_ce0            |  out|    1|   ap_memory|                                               trellis_metric|         array|
|trellis_metric_we0            |  out|    1|   ap_memory|                                               trellis_metric|         array|
|trellis_metric_d0             |  out|   32|   ap_memory|                                               trellis_metric|         array|
+------------------------------+-----+-----+------------+-------------------------------------------------------------+--------------+

============================================================
+ Verbose Summary: Synthesis Manager
============================================================
InlineROM: 1
ExposeGlobal: 0
============================================================
+ Verbose Summary: CDFG Model
============================================================
IsTopModel: 0
ResetActiveHigh: 1
IsCombinational: 2
IsDatapathOnly: 2
HasWiredReturn: 1
HasMFsm: 2
HasVarLatency: 1
IsPipeline: 0
IsRtlPipelined: 0
IsInstanceOverlapped: 0
IsDontTouch: 0
HasImplIP: 0
IsGatedGlobalClock: 0

+ Individual pipeline summary: 
  * Pipeline-0: initiation interval (II) = 1, depth = 2


============================================================
+ Verbose Summary: Schedule
============================================================
* Number of FSM states : 2
* Pipeline : 1
  Pipeline-0 : II = 1, D = 2, States = { 1 2 }
* Dataflow Pipeline: 0

* FSM state transitions: 
1 --> 2 
2 --> 

* FSM state operations: 

State 1 <SV = 0> <Delay = 1.24>
ST_1 : Operation 5 [1/1] (0.00ns)   --->   "%i = alloca i32 1"   --->   Operation 5 'alloca' 'i' <Predicate = true> <Delay = 0.00>
ST_1 : Operation 6 [1/1] (0.42ns)   --->   "%store_ln0 = store i7 0, i7 %i"   --->   Operation 6 'store' 'store_ln0' <Predicate = true> <Delay = 0.42>
ST_1 : Operation 7 [1/1] (0.00ns)   --->   "%br_ln0 = br void %.preheader"   --->   Operation 7 'br' 'br_ln0' <Predicate = true> <Delay = 0.00>
ST_1 : Operation 8 [1/1] (0.00ns)   --->   "%i_3 = load i7 %i" [ecc_decoder_src/src/decoder.cpp:221]   --->   Operation 8 'load' 'i_3' <Predicate = true> <Delay = 0.00>
ST_1 : Operation 9 [1/1] (0.00ns)   --->   "%specpipeline_ln0 = specpipeline void @_ssdm_op_SpecPipeline, i32 4294967295, i32 0, i32 1, i32 0, void @p_str"   --->   Operation 9 'specpipeline' 'specpipeline_ln0' <Predicate = true> <Delay = 0.00>
ST_1 : Operation 10 [1/1] (0.81ns)   --->   "%icmp_ln221 = icmp_eq  i7 %i_3, i7 64" [ecc_decoder_src/src/decoder.cpp:221]   --->   Operation 10 'icmp' 'icmp_ln221' <Predicate = true> <Delay = 0.81> <CoreInst = "Cmp">   --->   Core 9 'Cmp' <Latency = 0> <II = 1> <Delay = 0.84> <FuncUnit> <Opcode : 'icmp'> <InPorts = 2> <OutPorts = 1>
ST_1 : Operation 11 [1/1] (0.00ns)   --->   "%empty = speclooptripcount i32 @_ssdm_op_SpecLoopTripCount, i64 64, i64 64, i64 64"   --->   Operation 11 'speclooptripcount' 'empty' <Predicate = true> <Delay = 0.00>
ST_1 : Operation 12 [1/1] (0.77ns)   --->   "%add_ln221 = add i7 %i_3, i7 1" [ecc_decoder_src/src/decoder.cpp:221]   --->   Operation 12 'add' 'add_ln221' <Predicate = true> <Delay = 0.77> <CoreInst = "Adder">   --->   Core 1 'Adder' <Latency = 0> <II = 1> <Delay = 0.77> <FuncUnit> <Opcode : 'add' 'sub'> <InPorts = 2> <OutPorts = 1>
ST_1 : Operation 13 [1/1] (0.00ns)   --->   "%br_ln221 = br i1 %icmp_ln221, void, void %.loopexit.loopexit.exitStub" [ecc_decoder_src/src/decoder.cpp:221]   --->   Operation 13 'br' 'br_ln221' <Predicate = true> <Delay = 0.00>
ST_1 : Operation 14 [1/1] (0.00ns)   --->   "%i_4_cast = zext i7 %i_3" [ecc_decoder_src/src/decoder.cpp:221]   --->   Operation 14 'zext' 'i_4_cast' <Predicate = (!icmp_ln221)> <Delay = 0.00>
ST_1 : Operation 15 [1/1] (0.00ns)   --->   "%temp_trellis_metric_addr = getelementptr i32 %temp_trellis_metric, i64 0, i64 %i_4_cast" [ecc_decoder_src/src/decoder.cpp:222]   --->   Operation 15 'getelementptr' 'temp_trellis_metric_addr' <Predicate = (!icmp_ln221)> <Delay = 0.00>
ST_1 : Operation 16 [2/2] (1.23ns)   --->   "%temp_trellis_metric_load = load i6 %temp_trellis_metric_addr" [ecc_decoder_src/src/decoder.cpp:222]   --->   Operation 16 'load' 'temp_trellis_metric_load' <Predicate = (!icmp_ln221)> <Delay = 1.23> <CoreInst = "RAM">   --->   Core 83 'RAM' <Latency = 1> <II = 1> <Delay = 1.23> <Storage> <Opcode : 'load' 'store'> <Ports = 2> <Width = 32> <Depth = 64> <RAM>
ST_1 : Operation 17 [1/1] (0.42ns)   --->   "%store_ln221 = store i7 %add_ln221, i7 %i" [ecc_decoder_src/src/decoder.cpp:221]   --->   Operation 17 'store' 'store_ln221' <Predicate = (!icmp_ln221)> <Delay = 0.42>
ST_1 : Operation 23 [1/1] (0.00ns)   --->   "%ret_ln0 = ret"   --->   Operation 23 'ret' 'ret_ln0' <Predicate = (icmp_ln221)> <Delay = 0.00>

State 2 <SV = 1> <Delay = 2.47>
ST_2 : Operation 18 [1/1] (0.00ns)   --->   "%specloopname_ln222 = specloopname void @_ssdm_op_SpecLoopName, void @empty_4" [ecc_decoder_src/src/decoder.cpp:222]   --->   Operation 18 'specloopname' 'specloopname_ln222' <Predicate = true> <Delay = 0.00>
ST_2 : Operation 19 [1/2] (1.23ns)   --->   "%temp_trellis_metric_load = load i6 %temp_trellis_metric_addr" [ecc_decoder_src/src/decoder.cpp:222]   --->   Operation 19 'load' 'temp_trellis_metric_load' <Predicate = true> <Delay = 1.23> <CoreInst = "RAM">   --->   Core 83 'RAM' <Latency = 1> <II = 1> <Delay = 1.23> <Storage> <Opcode : 'load' 'store'> <Ports = 2> <Width = 32> <Depth = 64> <RAM>
ST_2 : Operation 20 [1/1] (0.00ns)   --->   "%trellis_metric_addr = getelementptr i32 %trellis_metric, i64 0, i64 %i_4_cast" [ecc_decoder_src/src/decoder.cpp:222]   --->   Operation 20 'getelementptr' 'trellis_metric_addr' <Predicate = true> <Delay = 0.00>
ST_2 : Operation 21 [1/1] (1.23ns)   --->   "%store_ln222 = store i32 %temp_trellis_metric_load, i6 %trellis_metric_addr" [ecc_decoder_src/src/decoder.cpp:222]   --->   Operation 21 'store' 'store_ln222' <Predicate = true> <Delay = 1.23> <CoreInst = "RAM">   --->   Core 83 'RAM' <Latency = 1> <II = 1> <Delay = 1.23> <Storage> <Opcode : 'load' 'store'> <Ports = 2> <Width = 32> <Depth = 64> <RAM>
ST_2 : Operation 22 [1/1] (0.00ns)   --->   "%br_ln221 = br void %.preheader" [ecc_decoder_src/src/decoder.cpp:221]   --->   Operation 22 'br' 'br_ln221' <Predicate = true> <Delay = 0.00>


============================================================
+ Verbose Summary: Binding
============================================================
STG Binding: 
---------------- STG Properties BEGIN ----------------
- Is combinational: 0
- Is one-state seq: 0
- Is datapath-only: 0
- Is pipelined: 0
- Is top level: 0
Port [ Return ] is wired: 1; IO mode=ap_ctrl_hs:ce=0
Port [ temp_trellis_metric]:  wired=1; compound=1; hidden=0; nouse=0; global=0; static=0; extern=0; dir=0; type=1; pingpong=0; private_global=0; MemPort=[13]; IO mode=ap_memory:ce=0
Port [ trellis_metric]:  wired=1; compound=1; hidden=0; nouse=0; global=1; static=1; extern=0; dir=1; type=1; pingpong=0; private_global=0; MemPort=[03]; IO mode=ap_memory:ce=0
---------------- STG Properties END ------------------

---------------- Datapath Model BEGIN ----------------

<LifeTime>
<method=bitvector/>
i                        (alloca           ) [ 010]
store_ln0                (store            ) [ 000]
br_ln0                   (br               ) [ 000]
i_3                      (load             ) [ 000]
specpipeline_ln0         (specpipeline     ) [ 000]
icmp_ln221               (icmp             ) [ 010]
empty                    (speclooptripcount) [ 000]
add_ln221                (add              ) [ 000]
br_ln221                 (br               ) [ 000]
i_4_cast                 (zext             ) [ 011]
temp_trellis_metric_addr (getelementptr    ) [ 011]
store_ln221              (store            ) [ 000]
specloopname_ln222       (specloopname     ) [ 000]
temp_trellis_metric_load (load             ) [ 000]
trellis_metric_addr      (getelementptr    ) [ 000]
store_ln222              (store            ) [ 000]
br_ln221                 (br               ) [ 000]
ret_ln0                  (ret              ) [ 000]
</LifeTime>

<model>

<comp_list>
<comp id="0" class="1000" name="temp_trellis_metric">
<pin_list>
<pin id="1" dir="1" index="0" bw="1" slack="0"/>
</pin_list>
<bind>
<StgValue><ssdm name="temp_trellis_metric"/><MemPortTyVec>1 3 </MemPortTyVec>
</StgValue>
</bind>
</comp>

<comp id="2" class="1000" name="trellis_metric">
<pin_list>
<pin id="3" dir="1" index="0" bw="1" slack="0"/>
</pin_list>
<bind>
<StgValue><ssdm name="trellis_metric"/><MemPortTyVec>0 3 </MemPortTyVec>
</StgValue>
</bind>
</comp>

<comp id="4" class="1001" name="const_4">
<pin_list>
<pin id="5" dir="1" index="0" bw="1" slack="0"/>
</pin_list>
<bind>
<StgValue><ssdm name=""/></StgValue>
</bind>
</comp>

<comp id="6" class="1001" name="const_6">
<pin_list>
<pin id="7" dir="1" index="0" bw="1" slack="0"/>
</pin_list>
<bind>
<StgValue><ssdm name=""/></StgValue>
</bind>
</comp>

<comp id="8" class="1001" name="const_8">
<pin_list>
<pin id="9" dir="1" index="0" bw="1" slack="2147483647"/>
</pin_list>
<bind>
<StgValue><ssdm name="_ssdm_op_SpecPipeline"/></StgValue>
</bind>
</comp>

<comp id="10" class="1001" name="const_10">
<pin_list>
<pin id="11" dir="1" index="0" bw="1" slack="2147483647"/>
</pin_list>
<bind>
<StgValue><ssdm name=""/></StgValue>
</bind>
</comp>

<comp id="12" class="1001" name="const_12">
<pin_list>
<pin id="13" dir="1" index="0" bw="1" slack="2147483647"/>
</pin_list>
<bind>
<StgValue><ssdm name=""/></StgValue>
</bind>
</comp>

<comp id="14" class="1001" name="const_14">
<pin_list>
<pin id="15" dir="1" index="0" bw="1" slack="2147483647"/>
</pin_list>
<bind>
<StgValue><ssdm name="p_str"/></StgValue>
</bind>
</comp>

<comp id="16" class="1001" name="const_16">
<pin_list>
<pin id="17" dir="1" index="0" bw="1" slack="0"/>
</pin_list>
<bind>
<StgValue><ssdm name=""/></StgValue>
</bind>
</comp>

<comp id="18" class="1001" name="const_18">
<pin_list>
<pin id="19" dir="1" index="0" bw="1" slack="2147483647"/>
</pin_list>
<bind>
<StgValue><ssdm name="_ssdm_op_SpecLoopTripCount"/></StgValue>
</bind>
</comp>

<comp id="20" class="1001" name="const_20">
<pin_list>
<pin id="21" dir="1" index="0" bw="1" slack="2147483647"/>
</pin_list>
<bind>
<StgValue><ssdm name=""/></StgValue>
</bind>
</comp>

<comp id="22" class="1001" name="const_22">
<pin_list>
<pin id="23" dir="1" index="0" bw="1" slack="0"/>
</pin_list>
<bind>
<StgValue><ssdm name=""/></StgValue>
</bind>
</comp>

<comp id="24" class="1001" name="const_24">
<pin_list>
<pin id="25" dir="1" index="0" bw="1" slack="0"/>
</pin_list>
<bind>
<StgValue><ssdm name=""/></StgValue>
</bind>
</comp>

<comp id="26" class="1001" name="const_26">
<pin_list>
<pin id="27" dir="1" index="0" bw="1" slack="2147483647"/>
</pin_list>
<bind>
<StgValue><ssdm name="_ssdm_op_SpecLoopName"/></StgValue>
</bind>
</comp>

<comp id="28" class="1001" name="const_28">
<pin_list>
<pin id="29" dir="1" index="0" bw="1" slack="2147483647"/>
</pin_list>
<bind>
<StgValue><ssdm name="empty_4"/></StgValue>
</bind>
</comp>

<comp id="30" class="1004" name="i_fu_30">
<pin_list>
<pin id="31" dir="0" index="0" bw="1" slack="0"/>
<pin id="32" dir="1" index="1" bw="7" slack="0"/>
</pin_list>
<bind>
<opcode="alloca(26) " fcode="alloca"/>
<opset="i/1 "/>
</bind>
</comp>

<comp id="34" class="1004" name="temp_trellis_metric_addr_gep_fu_34">
<pin_list>
<pin id="35" dir="0" index="0" bw="32" slack="0"/>
<pin id="36" dir="0" index="1" bw="1" slack="0"/>
<pin id="37" dir="0" index="2" bw="7" slack="0"/>
<pin id="38" dir="1" index="3" bw="6" slack="0"/>
</pin_list>
<bind>
<opcode="getelementptr(29) " fcode="getelementptr"/>
<opset="temp_trellis_metric_addr/1 "/>
</bind>
</comp>

<comp id="41" class="1004" name="grp_access_fu_41">
<pin_list>
<pin id="42" dir="0" index="0" bw="6" slack="0"/>
<pin id="43" dir="0" index="1" bw="32" slack="2147483647"/>
<pin id="44" dir="0" index="2" bw="0" slack="2147483647"/>
<pin id="45" dir="1" index="3" bw="32" slack="0"/>
</pin_list>
<bind>
<opcode="load(27) " fcode="load"/>
<opset="temp_trellis_metric_load/1 "/>
</bind>
</comp>

<comp id="47" class="1004" name="trellis_metric_addr_gep_fu_47">
<pin_list>
<pin id="48" dir="0" index="0" bw="32" slack="0"/>
<pin id="49" dir="0" index="1" bw="1" slack="0"/>
<pin id="50" dir="0" index="2" bw="7" slack="1"/>
<pin id="51" dir="1" index="3" bw="6" slack="0"/>
</pin_list>
<bind>
<opcode="getelementptr(29) " fcode="getelementptr"/>
<opset="trellis_metric_addr/2 "/>
</bind>
</comp>

<comp id="54" class="1004" name="store_ln222_access_fu_54">
<pin_list>
<pin id="55" dir="0" index="0" bw="6" slack="0"/>
<pin id="56" dir="0" index="1" bw="32" slack="0"/>
<pin id="57" dir="0" index="2" bw="0" slack="2147483647"/>
<pin id="58" dir="1" index="3" bw="32" slack="2147483647"/>
</pin_list>
<bind>
<opcode="store(28) " fcode="store"/>
<opset="store_ln222/2 "/>
</bind>
</comp>

<comp id="61" class="1004" name="store_ln0_store_fu_61">
<pin_list>
<pin id="62" dir="0" index="0" bw="1" slack="0"/>
<pin id="63" dir="0" index="1" bw="7" slack="0"/>
<pin id="64" dir="1" index="2" bw="0" slack="2147483647"/>
</pin_list>
<bind>
<opcode="store(28) " fcode="store"/>
<opset="store_ln0/1 "/>
</bind>
</comp>

<comp id="66" class="1004" name="i_3_load_fu_66">
<pin_list>
<pin id="67" dir="0" index="0" bw="7" slack="0"/>
<pin id="68" dir="1" index="1" bw="7" slack="0"/>
</pin_list>
<bind>
<opcode="load(27) " fcode="load"/>
<opset="i_3/1 "/>
</bind>
</comp>

<comp id="69" class="1004" name="icmp_ln221_fu_69">
<pin_list>
<pin id="70" dir="0" index="0" bw="7" slack="0"/>
<pin id="71" dir="0" index="1" bw="7" slack="0"/>
<pin id="72" dir="1" index="2" bw="1" slack="2147483647"/>
</pin_list>
<bind>
<opcode="icmp(45) " fcode="icmp"/>
<opset="icmp_ln221/1 "/>
</bind>
</comp>

<comp id="75" class="1004" name="add_ln221_fu_75">
<pin_list>
<pin id="76" dir="0" index="0" bw="7" slack="0"/>
<pin id="77" dir="0" index="1" bw="1" slack="0"/>
<pin id="78" dir="1" index="2" bw="7" slack="0"/>
</pin_list>
<bind>
<opcode="add(8) " fcode="add"/>
<opset="add_ln221/1 "/>
</bind>
</comp>

<comp id="81" class="1004" name="i_4_cast_fu_81">
<pin_list>
<pin id="82" dir="0" index="0" bw="7" slack="0"/>
<pin id="83" dir="1" index="1" bw="64" slack="0"/>
</pin_list>
<bind>
<opcode="zext(34) " fcode="zext"/>
<opset="i_4_cast/1 "/>
</bind>
</comp>

<comp id="86" class="1004" name="store_ln221_store_fu_86">
<pin_list>
<pin id="87" dir="0" index="0" bw="7" slack="0"/>
<pin id="88" dir="0" index="1" bw="7" slack="0"/>
<pin id="89" dir="1" index="2" bw="0" slack="2147483647"/>
</pin_list>
<bind>
<opcode="store(28) " fcode="store"/>
<opset="store_ln221/1 "/>
</bind>
</comp>

<comp id="91" class="1005" name="i_reg_91">
<pin_list>
<pin id="92" dir="0" index="0" bw="7" slack="0"/>
<pin id="93" dir="1" index="1" bw="7" slack="0"/>
</pin_list>
<bind>
<opset="i "/>
</bind>
</comp>

<comp id="101" class="1005" name="i_4_cast_reg_101">
<pin_list>
<pin id="102" dir="0" index="0" bw="64" slack="1"/>
<pin id="103" dir="1" index="1" bw="64" slack="1"/>
</pin_list>
<bind>
<opset="i_4_cast "/>
</bind>
</comp>

<comp id="106" class="1005" name="temp_trellis_metric_addr_reg_106">
<pin_list>
<pin id="107" dir="0" index="0" bw="6" slack="1"/>
<pin id="108" dir="1" index="1" bw="6" slack="1"/>
</pin_list>
<bind>
<opset="temp_trellis_metric_addr "/>
</bind>
</comp>

</comp_list>

<net_list>
<net id="33"><net_src comp="4" pin="0"/><net_sink comp="30" pin=0"/></net>

<net id="39"><net_src comp="0" pin="0"/><net_sink comp="34" pin=0"/></net>

<net id="40"><net_src comp="24" pin="0"/><net_sink comp="34" pin=1"/></net>

<net id="46"><net_src comp="34" pin="3"/><net_sink comp="41" pin=0"/></net>

<net id="52"><net_src comp="2" pin="0"/><net_sink comp="47" pin=0"/></net>

<net id="53"><net_src comp="24" pin="0"/><net_sink comp="47" pin=1"/></net>

<net id="59"><net_src comp="41" pin="3"/><net_sink comp="54" pin=1"/></net>

<net id="60"><net_src comp="47" pin="3"/><net_sink comp="54" pin=0"/></net>

<net id="65"><net_src comp="6" pin="0"/><net_sink comp="61" pin=0"/></net>

<net id="73"><net_src comp="66" pin="1"/><net_sink comp="69" pin=0"/></net>

<net id="74"><net_src comp="16" pin="0"/><net_sink comp="69" pin=1"/></net>

<net id="79"><net_src comp="66" pin="1"/><net_sink comp="75" pin=0"/></net>

<net id="80"><net_src comp="22" pin="0"/><net_sink comp="75" pin=1"/></net>

<net id="84"><net_src comp="66" pin="1"/><net_sink comp="81" pin=0"/></net>

<net id="85"><net_src comp="81" pin="1"/><net_sink comp="34" pin=2"/></net>

<net id="90"><net_src comp="75" pin="2"/><net_sink comp="86" pin=0"/></net>

<net id="94"><net_src comp="30" pin="1"/><net_sink comp="91" pin=0"/></net>

<net id="95"><net_src comp="91" pin="1"/><net_sink comp="61" pin=1"/></net>

<net id="96"><net_src comp="91" pin="1"/><net_sink comp="66" pin=0"/></net>

<net id="97"><net_src comp="91" pin="1"/><net_sink comp="86" pin=1"/></net>

<net id="104"><net_src comp="81" pin="1"/><net_sink comp="101" pin=0"/></net>

<net id="105"><net_src comp="101" pin="1"/><net_sink comp="47" pin=2"/></net>

<net id="109"><net_src comp="34" pin="3"/><net_sink comp="106" pin=0"/></net>

<net id="110"><net_src comp="106" pin="1"/><net_sink comp="41" pin=0"/></net>

</net_list>

</model> 
---------------- Datapath Model END ------------------

* FSMD analyzer results:
  - Output states:
	Port: trellis_metric | {2 }
 - Input state : 
	Port: decoder_bit_Block_.split148_proc3_Pipeline_VITIS_LOOP_221_5 : temp_trellis_metric | {1 2 }
	Port: decoder_bit_Block_.split148_proc3_Pipeline_VITIS_LOOP_221_5 : trellis_metric | {}
  - Chain level:
	State 1
		store_ln0 : 1
		i_3 : 1
		icmp_ln221 : 2
		add_ln221 : 2
		br_ln221 : 3
		i_4_cast : 2
		temp_trellis_metric_addr : 3
		temp_trellis_metric_load : 4
		store_ln221 : 3
	State 2
		store_ln222 : 1


============================================================
+ Verbose Summary: Datapath Resource usage 
============================================================

* Functional unit list:
|----------|------------------|---------|---------|
| Operation|  Functional Unit |    FF   |   LUT   |
|----------|------------------|---------|---------|
|    add   |  add_ln221_fu_75 |    0    |    14   |
|----------|------------------|---------|---------|
|   icmp   | icmp_ln221_fu_69 |    0    |    10   |
|----------|------------------|---------|---------|
|   zext   |  i_4_cast_fu_81  |    0    |    0    |
|----------|------------------|---------|---------|
|   Total  |                  |    0    |    24   |
|----------|------------------|---------|---------|

Memories:
N/A

* Register list:
+--------------------------------+--------+
|                                |   FF   |
+--------------------------------+--------+
|        i_4_cast_reg_101        |   64   |
|            i_reg_91            |    7   |
|temp_trellis_metric_addr_reg_106|    6   |
+--------------------------------+--------+
|              Total             |   77   |
+--------------------------------+--------+

* Multiplexer (MUX) list: 
|------------------|------|------|------|--------||---------||---------|
|       Comp       |  Pin | Size |  BW  | S x BW ||  Delay  ||   LUT   |
|------------------|------|------|------|--------||---------||---------|
| grp_access_fu_41 |  p0  |   2  |   6  |   12   ||    9    |
|------------------|------|------|------|--------||---------||---------|
|       Total      |      |      |      |   12   ||  0.427  ||    9    |
|------------------|------|------|------|--------||---------||---------|



* Summary:
+-----------+--------+--------+--------+
|           |  Delay |   FF   |   LUT  |
+-----------+--------+--------+--------+
|  Function |    -   |    0   |   24   |
|   Memory  |    -   |    -   |    -   |
|Multiplexer|    0   |    -   |    9   |
|  Register |    -   |   77   |    -   |
+-----------+--------+--------+--------+
|   Total   |    0   |   77   |   33   |
+-----------+--------+--------+--------+
