INFO: [SIM 2] *************** CSIM start ***************
INFO: [SIM 4] CSIM will launch GCC as the compiler.
   Compiling ../../../../../equalizer_pilot_removal.cpp in debug mode
   Generating csim.exe
>> Start test!
>> Start test!
>> Pilot Insertion
------------------------
r = 0    	i = 0
r = 32768    	i = 32768
r = 65536    	i = 65536
r = 98304    	i = 98304
r = 131072    	i = 131072
r = 163840    	i = 163840
r = 196608    	i = 196608
r = 229376    	i = 229376
r = 262144    	i = 262144
r = 294912    	i = 294912
r = 327680    	i = 327680
r = 360448    	i = 360448
r = 393216    	i = 393216
r = 425984    	i = 425984
r = 458752    	i = 458752
r = 491520    	i = 491520
r = 0    	i = 0
r = 32768    	i = 32768
r = 65536    	i = 65536
r = 98304    	i = 98304
r = 131072    	i = 131072
r = 163840    	i = 163840
r = 196608    	i = 196608
r = 229376    	i = 229376
r = 262144    	i = 262144
r = 294912    	i = 294912
r = 327680    	i = 327680
r = 360448    	i = 360448
r = 393216    	i = 393216
r = 425984    	i = 425984
r = 458752    	i = 458752
r = 491520    	i = 491520
r = 0    	i = 0
r = 32768    	i = 32768
r = 65536    	i = 65536
r = 98304    	i = 98304
r = 131072    	i = 131072
r = 163840    	i = 163840
r = 196608    	i = 196608
r = 229376    	i = 229376
r = 262144    	i = 262144
r = 294912    	i = 294912
r = 327680    	i = 327680
r = 360448    	i = 360448
r = 393216    	i = 393216
r = 425984    	i = 425984
r = 458752    	i = 458752
r = 491520    	i = 491520
r = 0    	i = 0
r = 32768    	i = 32768
r = 65536    	i = 65536
r = 98304    	i = 98304
r = 131072    	i = 131072
r = 163840    	i = 163840
r = 196608    	i = 196608
r = 229376    	i = 229376
r = 262144    	i = 262144
r = 294912    	i = 294912
r = 327680    	i = 327680
r = 360448    	i = 360448
r = 393216    	i = 393216
r = 425984    	i = 425984
r = 458752    	i = 458752
r = 491520    	i = 491520
r = 0    	i = 0
r = 32768    	i = 32768
r = 65536    	i = 65536
r = 98304    	i = 98304
r = 131072    	i = 131072
r = 163840    	i = 163840
r = 196608    	i = 196608
r = 229376    	i = 229376
r = 262144    	i = 262144
r = 294912    	i = 294912
r = 327680    	i = 327680
r = 360448    	i = 360448
r = 393216    	i = 393216
r = 425984    	i = 425984
r = 458752    	i = 458752
r = 491520    	i = 491520
r = 0    	i = 0
r = 32768    	i = 32768
r = 65536    	i = 65536
r = 98304    	i = 98304
r = 131072    	i = 131072
r = 163840    	i = 163840
r = 196608    	i = 196608
r = 229376    	i = 229376
r = 262144    	i = 262144
r = 294912    	i = 294912
r = 327680    	i = 327680
r = 360448    	i = 360448
r = 393216    	i = 393216
r = 425984    	i = 425984
r = 458752    	i = 458752
r = 491520    	i = 491520
------------------------

>> Output Check
------------------------
r = 0    	i = 0
r = 32767    	i = 32767
r = 65534    	i = 65534
r = 98302    	i = 98302
r = 131069    	i = 131069
r = 163839    	i = 163839
r = 196607    	i = 196607
r = 229374    	i = 229374
r = 262142    	i = 262142
r = 294909    	i = 294909
r = 327679    	i = 327679
r = 360447    	i = 360447
r = 393214    	i = 393214
r = 425981    	i = 425981
r = 458749    	i = 458749
r = 491519    	i = 491519
r = 0    	i = 0
r = 32767    	i = 32767
r = 65534    	i = 65534
r = 98302    	i = 98302
r = 131069    	i = 131069
r = 163839    	i = 163839
r = 196607    	i = 196607
r = 229374    	i = 229374
r = 262142    	i = 262142
r = 294909    	i = 294909
r = 327679    	i = 327679
r = 360447    	i = 360447
r = 393214    	i = 393214
r = 425981    	i = 425981
r = 458749    	i = 458749
r = 491519    	i = 491519
r = 0    	i = 0
r = 32767    	i = 32767
r = 65534    	i = 65534
r = 98302    	i = 98302
r = 131069    	i = 131069
r = 163839    	i = 163839
r = 196607    	i = 196607
r = 229374    	i = 229374
r = 262142    	i = 262142
r = 294909    	i = 294909
r = 327679    	i = 327679
r = 360447    	i = 360447
r = 393214    	i = 393214
r = 425981    	i = 425981
r = 458749    	i = 458749
r = 491519    	i = 491519
r = 0    	i = 0
r = 32767    	i = 32767
r = 65534    	i = 65534
r = 98302    	i = 98302
r = 131069    	i = 131069
r = 163839    	i = 163839
r = 196607    	i = 196607
r = 229374    	i = 229374
r = 262142    	i = 262142
r = 294909    	i = 294909
r = 327679    	i = 327679
r = 360447    	i = 360447
r = 393214    	i = 393214
r = 425981    	i = 425981
r = 458749    	i = 458749
r = 491519    	i = 491519
r = 0    	i = 0
r = 32767    	i = 32767
r = 65534    	i = 65534
r = 98302    	i = 98302
r = 131069    	i = 131069
r = 163839    	i = 163839
r = 196607    	i = 196607
r = 229374    	i = 229374
r = 262142    	i = 262142
r = 294909    	i = 294909
r = 327679    	i = 327679
r = 360447    	i = 360447
r = 393214    	i = 393214
r = 425981    	i = 425981
r = 458749    	i = 458749
r = 491519    	i = 491519
r = 0    	i = 0
r = 32767    	i = 32767
r = 65534    	i = 65534
r = 98302    	i = 98302
r = 131069    	i = 131069
r = 163839    	i = 163839
r = 196607    	i = 196607
r = 229374    	i = 229374
r = 262142    	i = 262142
r = 294909    	i = 294909
r = 327679    	i = 327679
r = 360447    	i = 360447
r = 393214    	i = 393214
r = 425981    	i = 425981
r = 458749    	i = 458749
r = 491519    	i = 491519
------------------------
INFO: [SIM 1] CSim done with 0 errors.
INFO: [SIM 3] *************** CSIM finish ***************
