

================================================================
== Vitis HLS Report for 'deQAM_Pipeline_VITIS_LOOP_105_5'
================================================================
* Date:           Mon Dec  5 17:17:08 2022

* Version:        2021.1 (Build 3247384 on Thu Jun 10 19:36:07 MDT 2021)
* Project:        qam
* Solution:       solution1 (Vivado IP Flow Target)
* Product family: zynquplus
* Target device:  xck26-sfvc784-2LV-c


================================================================
== Performance Estimates
================================================================
+ Timing: 
    * Summary: 
    +--------+----------+----------+------------+
    |  Clock |  Target  | Estimated| Uncertainty|
    +--------+----------+----------+------------+
    |ap_clk  |  20.00 ns|  1.713 ns|     5.40 ns|
    +--------+----------+----------+------------+

+ Latency: 
    * Summary: 
    +---------+---------+-----------+-----------+-----+-----+---------+
    |  Latency (cycles) |   Latency (absolute)  |  Interval | Pipeline|
    |   min   |   max   |    min    |    max    | min | max |   Type  |
    +---------+---------+-----------+-----------+-----+-----+---------+
    |        4|        4|  80.000 ns|  80.000 ns|    4|    4|       no|
    +---------+---------+-----------+-----------+-----+-----+---------+

    + Detail: 
        * Instance: 
        N/A

        * Loop: 
        +--------------------+---------+---------+----------+-----------+-----------+------+----------+
        |                    |  Latency (cycles) | Iteration|  Initiation Interval  | Trip |          |
        |      Loop Name     |   min   |   max   |  Latency |  achieved |   target  | Count| Pipelined|
        +--------------------+---------+---------+----------+-----------+-----------+------+----------+
        |- VITIS_LOOP_105_5  |        2|        2|         1|          1|          1|     2|       yes|
        +--------------------+---------+---------+----------+-----------+-----------+------+----------+

============================================================
+ Verbose Summary: Synthesis Manager
============================================================
InlineROM: 1
ExposeGlobal: 0
============================================================
+ Verbose Summary: CDFG Model
============================================================
IsTopModel: 0
ResetActiveHigh: 1
IsCombinational: 0
IsDatapathOnly: 0
HasWiredReturn: 1
HasMFsm: 2
HasVarLatency: 1
IsPipeline: 0
IsRtlPipelined: 0
IsInstanceOverlapped: 0
IsDontTouch: 0
HasImplIP: 0
IsGatedGlobalClock: 0

+ Individual pipeline summary: 
  * Pipeline-0: initiation interval (II) = 1, depth = 1


============================================================
+ Verbose Summary: Schedule
============================================================
* Number of FSM states : 1
* Pipeline : 1
  Pipeline-0 : II = 1, D = 1, States = { 1 }
* Dataflow Pipeline: 0

* FSM state transitions: 
1 --> 

* FSM state operations: 

State 1 <SV = 0> <Delay = 1.71>
ST_1 : Operation 4 [1/1] (0.00ns)   --->   "%i_V_4 = alloca i32 1"   --->   Operation 4 'alloca' 'i_V_4' <Predicate = true> <Delay = 0.00>
ST_1 : Operation 5 [1/1] (0.00ns)   --->   "%v_out_V = alloca i32 1"   --->   Operation 5 'alloca' 'v_out_V' <Predicate = true> <Delay = 0.00>
ST_1 : Operation 6 [1/1] (0.00ns)   --->   "%v_V_0_reload_read = read i4 @_ssdm_op_Read.ap_auto.i4, i4 %v_V_0_reload"   --->   Operation 6 'read' 'v_V_0_reload_read' <Predicate = true> <Delay = 0.00>
ST_1 : Operation 7 [1/1] (0.00ns)   --->   "%v_V_1_reload_read = read i4 @_ssdm_op_Read.ap_auto.i4, i4 %v_V_1_reload"   --->   Operation 7 'read' 'v_V_1_reload_read' <Predicate = true> <Delay = 0.00>
ST_1 : Operation 8 [1/1] (0.52ns)   --->   "%store_ln0 = store i4 0, i4 %v_out_V"   --->   Operation 8 'store' 'store_ln0' <Predicate = true> <Delay = 0.52>
ST_1 : Operation 9 [1/1] (0.42ns)   --->   "%store_ln0 = store i2 0, i2 %i_V_4"   --->   Operation 9 'store' 'store_ln0' <Predicate = true> <Delay = 0.42>
ST_1 : Operation 10 [1/1] (0.00ns)   --->   "%br_ln0 = br void %.preheader10"   --->   Operation 10 'br' 'br_ln0' <Predicate = true> <Delay = 0.00>
ST_1 : Operation 11 [1/1] (0.00ns)   --->   "%i_V = load i2 %i_V_4"   --->   Operation 11 'load' 'i_V' <Predicate = true> <Delay = 0.00>
ST_1 : Operation 12 [1/1] (0.00ns)   --->   "%specpipeline_ln0 = specpipeline void @_ssdm_op_SpecPipeline, i32 4294967295, i32 0, i32 1, i32 0, void @p_str"   --->   Operation 12 'specpipeline' 'specpipeline_ln0' <Predicate = true> <Delay = 0.00>
ST_1 : Operation 13 [1/1] (0.44ns)   --->   "%icmp_ln1057 = icmp_eq  i2 %i_V, i2 2"   --->   Operation 13 'icmp' 'icmp_ln1057' <Predicate = true> <Delay = 0.44> <CoreInst = "Cmp">   --->   Core 9 'Cmp' <Latency = 0> <II = 1> <Delay = 0.44> <FuncUnit> <Opcode : 'icmp'> <InPorts = 2> <OutPorts = 1>
ST_1 : Operation 14 [1/1] (0.00ns)   --->   "%empty = speclooptripcount i32 @_ssdm_op_SpecLoopTripCount, i64 2, i64 2, i64 2"   --->   Operation 14 'speclooptripcount' 'empty' <Predicate = true> <Delay = 0.00>
ST_1 : Operation 15 [1/1] (0.54ns)   --->   "%add_ln870 = add i2 %i_V, i2 1"   --->   Operation 15 'add' 'add_ln870' <Predicate = true> <Delay = 0.54> <CoreInst = "Adder">   --->   Core 1 'Adder' <Latency = 0> <II = 1> <Delay = 0.79> <FuncUnit> <Opcode : 'add' 'sub'> <InPorts = 2> <OutPorts = 1>
ST_1 : Operation 16 [1/1] (0.00ns)   --->   "%br_ln105 = br i1 %icmp_ln1057, void %.split8, void %.loopexit.loopexit2.exitStub" [../deQAM.cpp:105]   --->   Operation 16 'br' 'br_ln105' <Predicate = true> <Delay = 0.00>
ST_1 : Operation 17 [1/1] (0.00ns)   --->   "%specloopname_ln1795 = specloopname void @_ssdm_op_SpecLoopName, void @empty_7"   --->   Operation 17 'specloopname' 'specloopname_ln1795' <Predicate = (!icmp_ln1057)> <Delay = 0.00>
ST_1 : Operation 18 [1/1] (0.00ns)   --->   "%trunc_ln1049 = trunc i2 %i_V"   --->   Operation 18 'trunc' 'trunc_ln1049' <Predicate = (!icmp_ln1057)> <Delay = 0.00>
ST_1 : Operation 19 [1/1] (0.39ns)   --->   "%select_ln573_1 = select i1 %trunc_ln1049, i4 1, i4 4"   --->   Operation 19 'select' 'select_ln573_1' <Predicate = (!icmp_ln1057)> <Delay = 0.39> <CoreInst = "Sel">   --->   Core 73 'Sel' <Latency = 0> <II = 1> <Delay = 0.39> <FuncUnit> <Opcode : 'select'> <InPorts = 3> <OutPorts = 1>
ST_1 : Operation 20 [1/1] (0.39ns)   --->   "%select_ln573 = select i1 %trunc_ln1049, i4 %v_V_1_reload_read, i4 %v_V_0_reload_read"   --->   Operation 20 'select' 'select_ln573' <Predicate = (!icmp_ln1057)> <Delay = 0.39> <CoreInst = "Sel">   --->   Core 73 'Sel' <Latency = 0> <II = 1> <Delay = 0.39> <FuncUnit> <Opcode : 'select'> <InPorts = 3> <OutPorts = 1>
ST_1 : Operation 21 [1/1] (0.72ns)   --->   "%switch_ln112 = switch i4 %select_ln573, void, i4 13, void %.split8._crit_edge, i4 15, void, i4 1, void" [../deQAM.cpp:112]   --->   Operation 21 'switch' 'switch_ln112' <Predicate = (!icmp_ln1057)> <Delay = 0.72>
ST_1 : Operation 22 [1/1] (0.00ns)   --->   "%v_out_V_load_4 = load i4 %v_out_V"   --->   Operation 22 'load' 'v_out_V_load_4' <Predicate = (!icmp_ln1057 & select_ln573 == 1)> <Delay = 0.00>
ST_1 : Operation 23 [1/1] (0.00ns) (grouped into LUT with out node v_out_V_5)   --->   "%select_ln223_1 = select i1 %trunc_ln1049, i4 3, i4 12"   --->   Operation 23 'select' 'select_ln223_1' <Predicate = (!icmp_ln1057 & select_ln573 == 1)> <Delay = 0.00> <CoreInst = "Sel">   --->   Core 73 'Sel' <Latency = 0> <II = 1> <Delay = 0.39> <FuncUnit> <Opcode : 'select'> <InPorts = 3> <OutPorts = 1>
ST_1 : Operation 24 [1/1] (0.79ns) (out node of the LUT)   --->   "%v_out_V_5 = add i4 %select_ln223_1, i4 %v_out_V_load_4"   --->   Operation 24 'add' 'v_out_V_5' <Predicate = (!icmp_ln1057 & select_ln573 == 1)> <Delay = 0.79> <CoreInst = "Adder">   --->   Core 1 'Adder' <Latency = 0> <II = 1> <Delay = 0.79> <FuncUnit> <Opcode : 'add' 'sub'> <InPorts = 2> <OutPorts = 1>
ST_1 : Operation 25 [1/1] (0.52ns)   --->   "%store_ln121 = store i4 %v_out_V_5, i4 %v_out_V" [../deQAM.cpp:121]   --->   Operation 25 'store' 'store_ln121' <Predicate = (!icmp_ln1057 & select_ln573 == 1)> <Delay = 0.52>
ST_1 : Operation 26 [1/1] (0.00ns)   --->   "%br_ln121 = br void %.split8._crit_edge" [../deQAM.cpp:121]   --->   Operation 26 'br' 'br_ln121' <Predicate = (!icmp_ln1057 & select_ln573 == 1)> <Delay = 0.00>
ST_1 : Operation 27 [1/1] (0.00ns)   --->   "%v_out_V_load = load i4 %v_out_V"   --->   Operation 27 'load' 'v_out_V_load' <Predicate = (!icmp_ln1057 & select_ln573 == 15)> <Delay = 0.00>
ST_1 : Operation 28 [1/1] (0.79ns)   --->   "%v_out_V_4 = add i4 %select_ln573_1, i4 %v_out_V_load"   --->   Operation 28 'add' 'v_out_V_4' <Predicate = (!icmp_ln1057 & select_ln573 == 15)> <Delay = 0.79> <CoreInst = "Adder">   --->   Core 1 'Adder' <Latency = 0> <II = 1> <Delay = 0.79> <FuncUnit> <Opcode : 'add' 'sub'> <InPorts = 2> <OutPorts = 1>
ST_1 : Operation 29 [1/1] (0.52ns)   --->   "%store_ln118 = store i4 %v_out_V_4, i4 %v_out_V" [../deQAM.cpp:118]   --->   Operation 29 'store' 'store_ln118' <Predicate = (!icmp_ln1057 & select_ln573 == 15)> <Delay = 0.52>
ST_1 : Operation 30 [1/1] (0.00ns)   --->   "%br_ln118 = br void %.split8._crit_edge" [../deQAM.cpp:118]   --->   Operation 30 'br' 'br_ln118' <Predicate = (!icmp_ln1057 & select_ln573 == 15)> <Delay = 0.00>
ST_1 : Operation 31 [1/1] (0.00ns)   --->   "%v_out_V_load_3 = load i4 %v_out_V"   --->   Operation 31 'load' 'v_out_V_load_3' <Predicate = (!icmp_ln1057 & select_ln573 != 13 & select_ln573 != 15 & select_ln573 != 1)> <Delay = 0.00>
ST_1 : Operation 32 [1/1] (0.00ns) (grouped into LUT with out node v_out_V_3)   --->   "%select_ln223 = select i1 %trunc_ln1049, i4 2, i4 8"   --->   Operation 32 'select' 'select_ln223' <Predicate = (!icmp_ln1057 & select_ln573 != 13 & select_ln573 != 15 & select_ln573 != 1)> <Delay = 0.00> <CoreInst = "Sel">   --->   Core 73 'Sel' <Latency = 0> <II = 1> <Delay = 0.39> <FuncUnit> <Opcode : 'select'> <InPorts = 3> <OutPorts = 1>
ST_1 : Operation 33 [1/1] (0.79ns) (out node of the LUT)   --->   "%v_out_V_3 = add i4 %select_ln223, i4 %v_out_V_load_3"   --->   Operation 33 'add' 'v_out_V_3' <Predicate = (!icmp_ln1057 & select_ln573 != 13 & select_ln573 != 15 & select_ln573 != 1)> <Delay = 0.79> <CoreInst = "Adder">   --->   Core 1 'Adder' <Latency = 0> <II = 1> <Delay = 0.79> <FuncUnit> <Opcode : 'add' 'sub'> <InPorts = 2> <OutPorts = 1>
ST_1 : Operation 34 [1/1] (0.52ns)   --->   "%store_ln124 = store i4 %v_out_V_3, i4 %v_out_V" [../deQAM.cpp:124]   --->   Operation 34 'store' 'store_ln124' <Predicate = (!icmp_ln1057 & select_ln573 != 13 & select_ln573 != 15 & select_ln573 != 1)> <Delay = 0.52>
ST_1 : Operation 35 [1/1] (0.00ns)   --->   "%br_ln124 = br void %.split8._crit_edge" [../deQAM.cpp:124]   --->   Operation 35 'br' 'br_ln124' <Predicate = (!icmp_ln1057 & select_ln573 != 13 & select_ln573 != 15 & select_ln573 != 1)> <Delay = 0.00>
ST_1 : Operation 36 [1/1] (0.42ns)   --->   "%store_ln870 = store i2 %add_ln870, i2 %i_V_4"   --->   Operation 36 'store' 'store_ln870' <Predicate = (!icmp_ln1057)> <Delay = 0.42>
ST_1 : Operation 37 [1/1] (0.00ns)   --->   "%br_ln0 = br void %.preheader10"   --->   Operation 37 'br' 'br_ln0' <Predicate = (!icmp_ln1057)> <Delay = 0.00>
ST_1 : Operation 38 [1/1] (0.00ns)   --->   "%v_out_V_load_2 = load i4 %v_out_V"   --->   Operation 38 'load' 'v_out_V_load_2' <Predicate = (icmp_ln1057)> <Delay = 0.00>
ST_1 : Operation 39 [1/1] (0.00ns)   --->   "%write_ln0 = write void @_ssdm_op_Write.ap_auto.i4P0A, i4 %v_out_V_out, i4 %v_out_V_load_2"   --->   Operation 39 'write' 'write_ln0' <Predicate = (icmp_ln1057)> <Delay = 0.00>
ST_1 : Operation 40 [1/1] (0.00ns)   --->   "%ret_ln0 = ret"   --->   Operation 40 'ret' 'ret_ln0' <Predicate = (icmp_ln1057)> <Delay = 0.00>


============================================================
+ Verbose Summary: Timing violations
============================================================
Target clock period: 20ns, clock uncertainty: 5.4ns.

 <State 1>: 1.71ns
The critical path consists of the following:
	'alloca' operation ('i.V') [4]  (0 ns)
	'load' operation ('i.V') on local variable 'i.V' [12]  (0 ns)
	'select' operation ('select_ln573_1') [21]  (0.391 ns)
	'add' operation ('v_out.V') [32]  (0.797 ns)
	'store' operation ('store_ln118', ../deQAM.cpp:118) of variable 'v_out.V' on local variable 'v_out.V' [33]  (0.525 ns)


============================================================
+ Verbose Summary: Binding
============================================================
N/A
* FSMD analyzer results:
  - Output states:
 - Input state : 
  - Chain level:
	State 1


============================================================
+ Verbose Summary: Datapath Resource usage 
============================================================
N/A
