INFO: [SIM 2] *************** CSIM start ***************
INFO: [SIM 4] CSIM will launch GCC as the compiler.
   Compiling ../../../../../main.cpp in debug mode
   Generating csim.exe
>> Start test!
0 17592186048512000
1 17592186048577536
2 17592186044514304
3 17592186044448768
4 17873661025222656
5 17873661025288192
6 17873661021224960
7 17873661021159424
8 422212469161984
9 422212469227520
10 422212465164288
11 422212465098752
12 140737492451328
13 140737492516864
14 140737488453632
15 140737488388096
16 17592186048512000
17 17592186048577536
18 17592186044514304
19 17592186044448768
20 17873661025222656
21 17873661025288192
22 17873661021224960
23 17873661021159424
24 422212469161984
25 422212469227520
26 422212465164288
27 422212465098752
28 140737492451328
29 140737492516864
30 140737488453632
31 140737488388096
32 17592186048512000
33 17592186048577536
34 17592186044514304
35 17592186044448768
36 17873661025222656
37 17873661025288192
38 17873661021224960
39 17873661021159424
40 422212469161984
41 422212469227520
42 422212465164288
43 422212465098752
44 140737492451328
45 140737492516864
46 140737488453632
47 140737488388096
48 17592186048512000
49 17592186048577536
50 17592186044514304
51 17592186044448768
52 17873661025222656
53 17873661025288192
54 17873661021224960
55 17873661021159424
56 422212469161984
57 422212469227520
58 422212465164288
59 422212465098752
60 140737492451328
61 140737492516864
62 140737488453632
63 140737488388096
64 17592186048512000
65 17592186048577536
66 17592186044514304
67 17592186044448768
68 17873661025222656
69 17873661025288192
70 17873661021224960
71 17873661021159424
72 422212469161984
73 422212469227520
74 422212465164288
75 422212465098752
76 140737492451328
77 140737492516864
78 140737488453632
79 140737488388096
80 17592186048512000
81 17592186048577536
82 17592186044514304
83 17592186044448768
84 17873661025222656
85 17873661025288192
86 17873661021224960
87 17873661021159424
88 422212469161984
89 422212469227520
90 422212465164288
91 422212465098752
92 140737492451328
93 140737492516864
94 140737488453632
95 140737488388096
QAM_finished
0  18446462598732840960
1  0
2  1
3  2
4  3
5  4
6  5
7  6
8  7
9  8
10  9
11  10
12  11
13  12
14  13
15  14
16  15
17  0
18  1
19  2
20  3
21  4
22  5
23  6
24  7
25  8
26  9
27  10
28  11
29  12
30  13
31  14
32  15
33  0
34  1
35  2
36  3
37  4
38  5
39  6
40  7
41  8
42  9
43  10
44  11
45  12
46  13
47  14
48  15
49  0
50  1
51  2
52  3
53  4
54  5
55  6
56  7
57  8
58  9
59  10
60  11
61  12
62  13
63  14
64  15
65  0
66  1
67  2
68  3
69  4
70  5
71  6
72  7
73  8
74  9
75  10
76  11
77  12
78  13
79  14
80  15
81  0
82  1
83  2
84  3
85  4
86  5
87  6
88  7
89  8
90  9
91  10
92  11
93  12
94  13
95  14
  15
>> Test Finished!
INFO: [SIM 1] CSim done with 0 errors.
INFO: [SIM 3] *************** CSIM finish ***************
