INFO: [SIM 2] *************** CSIM start ***************
INFO: [SIM 4] CSIM will launch GCC as the compiler.
   Compiling ../../../../../deQAM.cpp in debug mode
   Generating csim.exe
>> Start test!
QAM_finished
0  18446462598732840960
1  0
2  1
3  2
4  3
5  4
6  5
7  6
8  7
9  8
10  9
11  10
12  11
13  12
14  13
15  14
16  15
17  0
18  1
19  2
20  3
21  4
22  5
23  6
24  7
25  8
26  9
27  10
28  11
29  12
30  13
31  14
32  15
33  0
34  1
35  2
36  3
37  4
38  5
39  6
40  7
41  8
42  9
43  10
44  11
45  12
46  13
47  14
48  15
49  0
50  1
51  2
52  3
53  4
54  5
55  6
56  7
57  8
58  9
59  10
  11
>> Test Finished!
INFO: [SIM 1] CSim done with 0 errors.
INFO: [SIM 3] *************** CSIM finish ***************
