INFO: [SIM 2] *************** CSIM start ***************
INFO: [SIM 4] CSIM will launch GCC as the compiler.
   Compiling ../../../../../main.cpp in debug mode
   Compiling ../../../../../deQAM.cpp in debug mode
   Compiling ../../../../../QAM.cpp in debug mode
   Generating csim.exe
>> Start test!
QAM_finished
0  0
1  1
2  2
3  3
4  4
5  5
6  6
7  7
8  8
9  9
10  10
11  11
12  12
13  13
14  14
15  15
16  0
17  1
18  2
19  3
20  4
21  5
22  6
23  7
24  8
25  9
26  10
27  11
28  12
29  13
30  14
31  15
32  0
33  1
34  2
35  3
36  4
37  5
38  6
39  7
40  8
41  9
42  10
43  11
44  12
45  13
46  14
47  15
48  0
49  1
50  2
51  3
52  4
53  5
54  6
55  7
56  8
57  9
58  10
59  11
>> Test Finished!
INFO: [SIM 1] CSim done with 0 errors.
INFO: [SIM 3] *************** CSIM finish ***************
