

================================================================
== Vitis HLS Report for 'digitReversedDataReOrder_64_2_ap_fixed_27_8_5_3_0_ap_fixed_27_8_5_3_0_s'
================================================================
* Date:           Mon Nov 28 16:40:01 2022

* Version:        2021.1 (Build 3247384 on Thu Jun 10 19:36:07 MDT 2021)
* Project:        project
* Solution:       solution1 (Vivado IP Flow Target)
* Product family: zynquplus
* Target device:  xck26-sfvc784-2LV-c


================================================================
== Performance Estimates
================================================================
+ Timing: 
    * Summary: 
    +--------+----------+----------+------------+
    |  Clock |  Target  | Estimated| Uncertainty|
    +--------+----------+----------+------------+
    |ap_clk  |  20.00 ns|  2.932 ns|     5.40 ns|
    +--------+----------+----------+------------+

+ Latency: 
    * Summary: 
    +---------+---------+----------+----------+-----+-----+---------+
    |  Latency (cycles) |  Latency (absolute) |  Interval | Pipeline|
    |   min   |   max   |    min   |    max   | min | max |   Type  |
    +---------+---------+----------+----------+-----+-----+---------+
    |       66|       68|  1.320 us|  1.360 us|   66|   68|       no|
    +---------+---------+----------+----------+-----+-----+---------+

    + Detail: 
        * Instance: 
        N/A

        * Loop: 
        N/A

============================================================
+ Verbose Summary: Synthesis Manager
============================================================
InlineROM: 1
ExposeGlobal: 0
============================================================
+ Verbose Summary: CDFG Model
============================================================
IsTopModel: 0
ResetActiveHigh: 1
IsCombinational: 2
IsDatapathOnly: 0
HasWiredReturn: 1
HasMFsm: 0
HasVarLatency: 1
IsPipeline: 0
IsRtlPipelined: 0
IsInstanceOverlapped: 0
IsDontTouch: 0
HasImplIP: 0
IsGatedGlobalClock: 0


============================================================
+ Verbose Summary: Schedule
============================================================
* Number of FSM states : 4
* Pipeline : 0
* Dataflow Pipeline: 0

* FSM state transitions: 
1 --> 2 
2 --> 3 
3 --> 4 
4 --> 

* FSM state operations: 

State 1 <SV = 0> <Delay = 0.00>
ST_1 : Operation 5 [1/1] (0.00ns)   --->   "%digitReverseBuff_M_real_V_0 = alloca i64 1" [../fixed/vitis_fft/hls_ssr_fft_data_reorder.hpp:393]   --->   Operation 5 'alloca' 'digitReverseBuff_M_real_V_0' <Predicate = true> <Delay = 0.00>
ST_1 : Operation 6 [1/1] (0.00ns)   --->   "%digitReverseBuff_M_real_V_1 = alloca i64 1" [../fixed/vitis_fft/hls_ssr_fft_data_reorder.hpp:393]   --->   Operation 6 'alloca' 'digitReverseBuff_M_real_V_1' <Predicate = true> <Delay = 0.00>
ST_1 : Operation 7 [1/1] (0.00ns)   --->   "%digitReverseBuff_M_imag_V_0 = alloca i64 1" [../fixed/vitis_fft/hls_ssr_fft_data_reorder.hpp:393]   --->   Operation 7 'alloca' 'digitReverseBuff_M_imag_V_0' <Predicate = true> <Delay = 0.00>
ST_1 : Operation 8 [1/1] (0.00ns)   --->   "%digitReverseBuff_M_imag_V_1 = alloca i64 1" [../fixed/vitis_fft/hls_ssr_fft_data_reorder.hpp:393]   --->   Operation 8 'alloca' 'digitReverseBuff_M_imag_V_1' <Predicate = true> <Delay = 0.00>
ST_1 : Operation 9 [2/2] (0.00ns)   --->   "%call_ln398 = call void @cacheDataDR<64, 2, ap_fixed<27, 8, 5, 3, 0>, ap_fixed<27, 8, 5, 3, 0> >, i27 %p_inData_0_0_0_0_0, i27 %p_inData_0_0_0_0_01, i27 %p_inData_0_1_0_0_0, i27 %p_inData_0_1_0_0_02, i27 %digitReverseBuff_M_real_V_0, i27 %digitReverseBuff_M_real_V_1, i27 %digitReverseBuff_M_imag_V_0, i27 %digitReverseBuff_M_imag_V_1" [../fixed/vitis_fft/hls_ssr_fft_data_reorder.hpp:398]   --->   Operation 9 'call' 'call_ln398' <Predicate = true> <Delay = 0.00> <CoreType = "Generic">   --->   Core 0 '' <Latency = 0> <II = 1> <Delay = 1.00> <Generic> <Opcode : >

State 2 <SV = 1> <Delay = 0.00>
ST_2 : Operation 10 [1/2] (0.00ns)   --->   "%call_ln398 = call void @cacheDataDR<64, 2, ap_fixed<27, 8, 5, 3, 0>, ap_fixed<27, 8, 5, 3, 0> >, i27 %p_inData_0_0_0_0_0, i27 %p_inData_0_0_0_0_01, i27 %p_inData_0_1_0_0_0, i27 %p_inData_0_1_0_0_02, i27 %digitReverseBuff_M_real_V_0, i27 %digitReverseBuff_M_real_V_1, i27 %digitReverseBuff_M_imag_V_0, i27 %digitReverseBuff_M_imag_V_1" [../fixed/vitis_fft/hls_ssr_fft_data_reorder.hpp:398]   --->   Operation 10 'call' 'call_ln398' <Predicate = true> <Delay = 0.00> <CoreType = "Generic">   --->   Core 0 '' <Latency = 0> <II = 1> <Delay = 1.00> <Generic> <Opcode : >

State 3 <SV = 2> <Delay = 0.00>
ST_3 : Operation 11 [2/2] (0.00ns)   --->   "%call_ln399 = call void @writeBackCacheDataDR<64, 2, ap_fixed<27, 8, 5, 3, 0>, ap_fixed<27, 8, 5, 3, 0> >, i27 %digitReverseBuff_M_real_V_0, i27 %digitReverseBuff_M_real_V_1, i27 %digitReverseBuff_M_imag_V_0, i27 %digitReverseBuff_M_imag_V_1, i27 %p_outData_0_0_0_0_0, i27 %p_outData_0_0_0_0_03, i27 %p_outData_0_1_0_0_0, i27 %p_outData_0_1_0_0_04" [../fixed/vitis_fft/hls_ssr_fft_data_reorder.hpp:399]   --->   Operation 11 'call' 'call_ln399' <Predicate = true> <Delay = 0.00> <CoreType = "Generic">   --->   Core 0 '' <Latency = 0> <II = 1> <Delay = 1.00> <Generic> <Opcode : >

State 4 <SV = 3> <Delay = 0.00>
ST_4 : Operation 12 [1/1] (0.00ns)   --->   "%specinterface_ln0 = specinterface void @_ssdm_op_SpecInterface, i27 %p_inData_0_1_0_0_02, void @ap_fifo_str, i32 0, i32 0, void @p_str, i32 0, i32 0, void @p_str, void @p_str, void @p_str, i32 2, i32 2, i32 16, i32 16, void @p_str, void @p_str"   --->   Operation 12 'specinterface' 'specinterface_ln0' <Predicate = true> <Delay = 0.00>
ST_4 : Operation 13 [1/1] (0.00ns)   --->   "%specinterface_ln0 = specinterface void @_ssdm_op_SpecInterface, i27 %p_inData_0_1_0_0_0, void @ap_fifo_str, i32 0, i32 0, void @p_str, i32 0, i32 0, void @p_str, void @p_str, void @p_str, i32 2, i32 2, i32 16, i32 16, void @p_str, void @p_str"   --->   Operation 13 'specinterface' 'specinterface_ln0' <Predicate = true> <Delay = 0.00>
ST_4 : Operation 14 [1/1] (0.00ns)   --->   "%specinterface_ln0 = specinterface void @_ssdm_op_SpecInterface, i27 %p_inData_0_0_0_0_01, void @ap_fifo_str, i32 0, i32 0, void @p_str, i32 0, i32 0, void @p_str, void @p_str, void @p_str, i32 2, i32 2, i32 16, i32 16, void @p_str, void @p_str"   --->   Operation 14 'specinterface' 'specinterface_ln0' <Predicate = true> <Delay = 0.00>
ST_4 : Operation 15 [1/1] (0.00ns)   --->   "%specinterface_ln0 = specinterface void @_ssdm_op_SpecInterface, i27 %p_inData_0_0_0_0_0, void @ap_fifo_str, i32 0, i32 0, void @p_str, i32 0, i32 0, void @p_str, void @p_str, void @p_str, i32 2, i32 2, i32 16, i32 16, void @p_str, void @p_str"   --->   Operation 15 'specinterface' 'specinterface_ln0' <Predicate = true> <Delay = 0.00>
ST_4 : Operation 16 [1/1] (0.00ns)   --->   "%specinterface_ln0 = specinterface void @_ssdm_op_SpecInterface, i27 %p_outData_0_0_0_0_0, void @ap_fifo_str, i32 0, i32 0, void @p_str, i32 0, i32 0, void @p_str, void @p_str, void @p_str, i32 2, i32 2, i32 16, i32 16, void @p_str, void @p_str"   --->   Operation 16 'specinterface' 'specinterface_ln0' <Predicate = true> <Delay = 0.00>
ST_4 : Operation 17 [1/1] (0.00ns)   --->   "%specinterface_ln0 = specinterface void @_ssdm_op_SpecInterface, i27 %p_outData_0_0_0_0_03, void @ap_fifo_str, i32 0, i32 0, void @p_str, i32 0, i32 0, void @p_str, void @p_str, void @p_str, i32 2, i32 2, i32 16, i32 16, void @p_str, void @p_str"   --->   Operation 17 'specinterface' 'specinterface_ln0' <Predicate = true> <Delay = 0.00>
ST_4 : Operation 18 [1/1] (0.00ns)   --->   "%specinterface_ln0 = specinterface void @_ssdm_op_SpecInterface, i27 %p_outData_0_1_0_0_0, void @ap_fifo_str, i32 0, i32 0, void @p_str, i32 0, i32 0, void @p_str, void @p_str, void @p_str, i32 2, i32 2, i32 16, i32 16, void @p_str, void @p_str"   --->   Operation 18 'specinterface' 'specinterface_ln0' <Predicate = true> <Delay = 0.00>
ST_4 : Operation 19 [1/1] (0.00ns)   --->   "%specinterface_ln0 = specinterface void @_ssdm_op_SpecInterface, i27 %p_outData_0_1_0_0_04, void @ap_fifo_str, i32 0, i32 0, void @p_str, i32 0, i32 0, void @p_str, void @p_str, void @p_str, i32 2, i32 2, i32 16, i32 16, void @p_str, void @p_str"   --->   Operation 19 'specinterface' 'specinterface_ln0' <Predicate = true> <Delay = 0.00>
ST_4 : Operation 20 [1/1] (0.00ns)   --->   "%specmemcore_ln0 = specmemcore void @_ssdm_op_SpecMemCore, i27 %p_inData_0_1_0_0_0, i27 %p_inData_0_1_0_0_02, i64 666, i64 9, i64 18446744073709551615"   --->   Operation 20 'specmemcore' 'specmemcore_ln0' <Predicate = true> <Delay = 0.00>
ST_4 : Operation 21 [1/1] (0.00ns)   --->   "%specmemcore_ln0 = specmemcore void @_ssdm_op_SpecMemCore, i27 %p_inData_0_0_0_0_0, i27 %p_inData_0_0_0_0_01, i64 666, i64 9, i64 18446744073709551615"   --->   Operation 21 'specmemcore' 'specmemcore_ln0' <Predicate = true> <Delay = 0.00>
ST_4 : Operation 22 [1/2] (0.00ns)   --->   "%call_ln399 = call void @writeBackCacheDataDR<64, 2, ap_fixed<27, 8, 5, 3, 0>, ap_fixed<27, 8, 5, 3, 0> >, i27 %digitReverseBuff_M_real_V_0, i27 %digitReverseBuff_M_real_V_1, i27 %digitReverseBuff_M_imag_V_0, i27 %digitReverseBuff_M_imag_V_1, i27 %p_outData_0_0_0_0_0, i27 %p_outData_0_0_0_0_03, i27 %p_outData_0_1_0_0_0, i27 %p_outData_0_1_0_0_04" [../fixed/vitis_fft/hls_ssr_fft_data_reorder.hpp:399]   --->   Operation 22 'call' 'call_ln399' <Predicate = true> <Delay = 0.00> <CoreType = "Generic">   --->   Core 0 '' <Latency = 0> <II = 1> <Delay = 1.00> <Generic> <Opcode : >
ST_4 : Operation 23 [1/1] (0.00ns)   --->   "%ret_ln400 = ret" [../fixed/vitis_fft/hls_ssr_fft_data_reorder.hpp:400]   --->   Operation 23 'ret' 'ret_ln400' <Predicate = true> <Delay = 0.00>


============================================================
+ Verbose Summary: Timing violations
============================================================
Target clock period: 20ns, clock uncertainty: 5.4ns.

 <State 1>: 0ns
The critical path consists of the following:

 <State 2>: 0ns
The critical path consists of the following:

 <State 3>: 0ns
The critical path consists of the following:

 <State 4>: 0ns
The critical path consists of the following:


============================================================
+ Verbose Summary: Binding
============================================================
N/A
* FSMD analyzer results:
  - Output states:
 - Input state : 
  - Chain level:
	State 1
	State 2
	State 3
	State 4


============================================================
+ Verbose Summary: Datapath Resource usage 
============================================================
N/A
