

================================================================
== Vitis HLS Report for 'fftStage_5'
================================================================
* Date:           Mon Nov 28 16:40:02 2022

* Version:        2021.1 (Build 3247384 on Thu Jun 10 19:36:07 MDT 2021)
* Project:        project
* Solution:       solution1 (Vivado IP Flow Target)
* Product family: zynquplus
* Target device:  xck26-sfvc784-2LV-c


================================================================
== Performance Estimates
================================================================
+ Timing: 
    * Summary: 
    +--------+----------+----------+------------+
    |  Clock |  Target  | Estimated| Uncertainty|
    +--------+----------+----------+------------+
    |ap_clk  |  20.00 ns|  6.083 ns|     5.40 ns|
    +--------+----------+----------+------------+

+ Latency: 
    * Summary: 
    +---------+---------+----------+----------+-----+-----+----------+
    |  Latency (cycles) |  Latency (absolute) |  Interval | Pipeline |
    |   min   |   max   |    min   |    max   | min | max |   Type   |
    +---------+---------+----------+----------+-----+-----+----------+
    |        ?|        ?|         ?|         ?|    ?|    ?|  dataflow|
    +---------+---------+----------+----------+-----+-----+----------+

    + Detail: 
        * Instance: 
        N/A

        * Loop: 
        N/A

============================================================
+ Verbose Summary: Synthesis Manager
============================================================
InlineROM: 1
ExposeGlobal: 0
============================================================
+ Verbose Summary: CDFG Model
============================================================
IsTopModel: 0
ResetActiveHigh: 1
IsCombinational: 2
IsDatapathOnly: 0
HasWiredReturn: 1
HasMFsm: 0
HasVarLatency: 1
IsPipeline: 0
IsRtlPipelined: 0
IsInstanceOverlapped: 0
IsDontTouch: 0
HasImplIP: 0
IsGatedGlobalClock: 0


============================================================
+ Verbose Summary: Schedule
============================================================
* Number of FSM states : 6
* Pipeline : 0
* Dataflow Pipeline: 1
  DF-Pipeline-0: Size = 6, States = { 1 2 3 4 5 6 }

* FSM state transitions: 
1 --> 2 
2 --> 3 
3 --> 4 
4 --> 5 
5 --> 6 
6 --> 

* FSM state operations: 

State 1 <SV = 0> <Delay = 0.00>
ST_1 : Operation 7 [1/1] (0.00ns)   --->   "%fftOutData_local = alloca i64 1" [../fixed/vitis_fft/hls_ssr_fft.hpp:1105]   --->   Operation 7 'alloca' 'fftOutData_local' <Predicate = true> <Delay = 0.00> <CoreInst = "FIFO_LUTRAM">   --->   Core 80 'FIFO_LUTRAM' <Latency = 0> <II = 1> <Delay = 1.93> <Storage> <Opcode : 'read' 'write' 'nbread' 'nbwrite'> <Ports = 0> <Width = 128> <Depth = 8> <FIFO>
ST_1 : Operation 8 [1/1] (0.00ns)   --->   "%fftOutData_local2_V_M_real_V_0 = alloca i64 1"   --->   Operation 8 'alloca' 'fftOutData_local2_V_M_real_V_0' <Predicate = true> <Delay = 0.00> <CoreInst = "FIFO_LUTRAM">   --->   Core 80 'FIFO_LUTRAM' <Latency = 0> <II = 1> <Delay = 1.93> <Storage> <Opcode : 'read' 'write' 'nbread' 'nbwrite'> <Ports = 0> <Width = 27> <Depth = 8> <FIFO>
ST_1 : Operation 9 [1/1] (0.00ns)   --->   "%fftOutData_local2_V_M_real_V_1 = alloca i64 1"   --->   Operation 9 'alloca' 'fftOutData_local2_V_M_real_V_1' <Predicate = true> <Delay = 0.00> <CoreInst = "FIFO_LUTRAM">   --->   Core 80 'FIFO_LUTRAM' <Latency = 0> <II = 1> <Delay = 1.93> <Storage> <Opcode : 'read' 'write' 'nbread' 'nbwrite'> <Ports = 0> <Width = 27> <Depth = 8> <FIFO>
ST_1 : Operation 10 [1/1] (0.00ns)   --->   "%fftOutData_local2_V_M_imag_V_0 = alloca i64 1"   --->   Operation 10 'alloca' 'fftOutData_local2_V_M_imag_V_0' <Predicate = true> <Delay = 0.00> <CoreInst = "FIFO_LUTRAM">   --->   Core 80 'FIFO_LUTRAM' <Latency = 0> <II = 1> <Delay = 1.93> <Storage> <Opcode : 'read' 'write' 'nbread' 'nbwrite'> <Ports = 0> <Width = 27> <Depth = 8> <FIFO>
ST_1 : Operation 11 [1/1] (0.00ns)   --->   "%fftOutData_local2_V_M_imag_V_1 = alloca i64 1"   --->   Operation 11 'alloca' 'fftOutData_local2_V_M_imag_V_1' <Predicate = true> <Delay = 0.00> <CoreInst = "FIFO_LUTRAM">   --->   Core 80 'FIFO_LUTRAM' <Latency = 0> <II = 1> <Delay = 1.93> <Storage> <Opcode : 'read' 'write' 'nbread' 'nbwrite'> <Ports = 0> <Width = 27> <Depth = 8> <FIFO>
ST_1 : Operation 12 [2/2] (0.00ns)   --->   "%call_ln1117 = call void @fftStageKernelLastStageS2S<64, 2, 1, 1, 0, 1, complex<ap_fixed<27, 14, 5, 3, 0> >, complex<ap_fixed<16, 3, 5, 3, 0> >, complex<ap_fixed<27, 13, 5, 3, 0> >, complex<ap_fixed<27, 14, 5, 3, 0> > >, i128 %fftOutData_local2, i128 %fftOutData_local" [../fixed/vitis_fft/hls_ssr_fft.hpp:1117]   --->   Operation 12 'call' 'call_ln1117' <Predicate = true> <Delay = 0.00> <CoreType = "Generic">   --->   Core 0 '' <Latency = 0> <II = 1> <Delay = 1.00> <Generic> <Opcode : >

State 2 <SV = 1> <Delay = 0.00>
ST_2 : Operation 13 [1/2] (0.00ns)   --->   "%call_ln1117 = call void @fftStageKernelLastStageS2S<64, 2, 1, 1, 0, 1, complex<ap_fixed<27, 14, 5, 3, 0> >, complex<ap_fixed<16, 3, 5, 3, 0> >, complex<ap_fixed<27, 13, 5, 3, 0> >, complex<ap_fixed<27, 14, 5, 3, 0> > >, i128 %fftOutData_local2, i128 %fftOutData_local" [../fixed/vitis_fft/hls_ssr_fft.hpp:1117]   --->   Operation 13 'call' 'call_ln1117' <Predicate = true> <Delay = 0.00> <CoreType = "Generic">   --->   Core 0 '' <Latency = 0> <II = 1> <Delay = 1.00> <Generic> <Opcode : >

State 3 <SV = 2> <Delay = 0.00>
ST_3 : Operation 14 [2/2] (0.00ns)   --->   "%call_ln1120 = call void @convertSuperStreamToArrayNScale<1, 1, 50000, 64, 2, complex<ap_fixed<27, 14, 5, 3, 0> >, complex<ap_fixed<27, 8, 5, 3, 0> > >, i128 %fftOutData_local, i27 %fftOutData_local2_V_M_real_V_0, i27 %fftOutData_local2_V_M_real_V_1, i27 %fftOutData_local2_V_M_imag_V_0, i27 %fftOutData_local2_V_M_imag_V_1" [../fixed/vitis_fft/hls_ssr_fft.hpp:1120]   --->   Operation 14 'call' 'call_ln1120' <Predicate = true> <Delay = 0.00> <CoreType = "Generic">   --->   Core 0 '' <Latency = 0> <II = 1> <Delay = 1.00> <Generic> <Opcode : >

State 4 <SV = 3> <Delay = 0.00>
ST_4 : Operation 15 [1/2] (0.00ns)   --->   "%call_ln1120 = call void @convertSuperStreamToArrayNScale<1, 1, 50000, 64, 2, complex<ap_fixed<27, 14, 5, 3, 0> >, complex<ap_fixed<27, 8, 5, 3, 0> > >, i128 %fftOutData_local, i27 %fftOutData_local2_V_M_real_V_0, i27 %fftOutData_local2_V_M_real_V_1, i27 %fftOutData_local2_V_M_imag_V_0, i27 %fftOutData_local2_V_M_imag_V_1" [../fixed/vitis_fft/hls_ssr_fft.hpp:1120]   --->   Operation 15 'call' 'call_ln1120' <Predicate = true> <Delay = 0.00> <CoreType = "Generic">   --->   Core 0 '' <Latency = 0> <II = 1> <Delay = 1.00> <Generic> <Opcode : >

State 5 <SV = 4> <Delay = 0.00>
ST_5 : Operation 16 [2/2] (0.00ns)   --->   "%call_ln1123 = call void @digitReversedDataReOrder<64, 2, ap_fixed<27, 8, 5, 3, 0>, ap_fixed<27, 8, 5, 3, 0> >, i27 %fftOutData_local2_V_M_real_V_0, i27 %fftOutData_local2_V_M_real_V_1, i27 %fftOutData_local2_V_M_imag_V_0, i27 %fftOutData_local2_V_M_imag_V_1, i27 %p_fftOutData_0_0_0_0_0, i27 %p_fftOutData_0_0_0_0_01, i27 %p_fftOutData_0_1_0_0_0, i27 %p_fftOutData_0_1_0_0_02" [../fixed/vitis_fft/hls_ssr_fft.hpp:1123]   --->   Operation 16 'call' 'call_ln1123' <Predicate = true> <Delay = 0.00> <CoreType = "Generic">   --->   Core 0 '' <Latency = 0> <II = 1> <Delay = 1.00> <Generic> <Opcode : >

State 6 <SV = 5> <Delay = 0.00>
ST_6 : Operation 17 [1/1] (0.00ns)   --->   "%specinterface_ln0 = specinterface void @_ssdm_op_SpecInterface, i27 %p_fftOutData_0_1_0_0_02, void @ap_fifo_str, i32 0, i32 0, void @p_str, i32 0, i32 0, void @p_str, void @p_str, void @p_str, i32 2, i32 2, i32 16, i32 16, void @p_str, void @p_str"   --->   Operation 17 'specinterface' 'specinterface_ln0' <Predicate = true> <Delay = 0.00>
ST_6 : Operation 18 [1/1] (0.00ns)   --->   "%specinterface_ln0 = specinterface void @_ssdm_op_SpecInterface, i27 %p_fftOutData_0_1_0_0_0, void @ap_fifo_str, i32 0, i32 0, void @p_str, i32 0, i32 0, void @p_str, void @p_str, void @p_str, i32 2, i32 2, i32 16, i32 16, void @p_str, void @p_str"   --->   Operation 18 'specinterface' 'specinterface_ln0' <Predicate = true> <Delay = 0.00>
ST_6 : Operation 19 [1/1] (0.00ns)   --->   "%specinterface_ln0 = specinterface void @_ssdm_op_SpecInterface, i27 %p_fftOutData_0_0_0_0_01, void @ap_fifo_str, i32 0, i32 0, void @p_str, i32 0, i32 0, void @p_str, void @p_str, void @p_str, i32 2, i32 2, i32 16, i32 16, void @p_str, void @p_str"   --->   Operation 19 'specinterface' 'specinterface_ln0' <Predicate = true> <Delay = 0.00>
ST_6 : Operation 20 [1/1] (0.00ns)   --->   "%specinterface_ln0 = specinterface void @_ssdm_op_SpecInterface, i27 %p_fftOutData_0_0_0_0_0, void @ap_fifo_str, i32 0, i32 0, void @p_str, i32 0, i32 0, void @p_str, void @p_str, void @p_str, i32 2, i32 2, i32 16, i32 16, void @p_str, void @p_str"   --->   Operation 20 'specinterface' 'specinterface_ln0' <Predicate = true> <Delay = 0.00>
ST_6 : Operation 21 [1/1] (0.00ns)   --->   "%specdataflowpipeline_ln0 = specdataflowpipeline void @_ssdm_op_SpecDataflowPipeline, i32 4294967295, i32 0, void @empty_12"   --->   Operation 21 'specdataflowpipeline' 'specdataflowpipeline_ln0' <Predicate = true> <Delay = 0.00>
ST_6 : Operation 22 [1/1] (0.00ns)   --->   "%specmemcore_ln0 = specmemcore void @_ssdm_op_SpecMemCore, i128 %fftOutData_local2, i64 666, i64 9, i64 18446744073709551615"   --->   Operation 22 'specmemcore' 'specmemcore_ln0' <Predicate = true> <Delay = 0.00>
ST_6 : Operation 23 [1/1] (0.00ns)   --->   "%specinterface_ln0 = specinterface void @_ssdm_op_SpecInterface, i128 %fftOutData_local2, void @empty_0, i32 0, i32 0, void @empty_12, i32 0, i32 0, void @empty_12, void @empty_12, void @empty_12, i32 0, i32 0, i32 0, i32 0, void @empty_12, void @empty_12"   --->   Operation 23 'specinterface' 'specinterface_ln0' <Predicate = true> <Delay = 0.00>
ST_6 : Operation 24 [1/1] (0.00ns)   --->   "%empty = specchannel i32 @_ssdm_op_SpecChannel, void @fftOutData_local_str, i32 1, void @p_str, void @p_str, i32 8, i32 8, i128 %fftOutData_local, i128 %fftOutData_local"   --->   Operation 24 'specchannel' 'empty' <Predicate = true> <Delay = 0.00>
ST_6 : Operation 25 [1/1] (0.00ns)   --->   "%specmemcore_ln1105 = specmemcore void @_ssdm_op_SpecMemCore, i128 %fftOutData_local, i64 666, i64 9, i64 18446744073709551615" [../fixed/vitis_fft/hls_ssr_fft.hpp:1105]   --->   Operation 25 'specmemcore' 'specmemcore_ln1105' <Predicate = true> <Delay = 0.00>
ST_6 : Operation 26 [1/1] (0.00ns)   --->   "%specinterface_ln0 = specinterface void @_ssdm_op_SpecInterface, i128 %fftOutData_local, void @empty_0, i32 0, i32 0, void @empty_12, i32 0, i32 0, void @empty_12, void @empty_12, void @empty_12, i32 0, i32 0, i32 0, i32 0, void @empty_12, void @empty_12"   --->   Operation 26 'specinterface' 'specinterface_ln0' <Predicate = true> <Delay = 0.00>
ST_6 : Operation 27 [1/1] (0.00ns)   --->   "%empty_76 = specchannel i32 @_ssdm_op_SpecChannel, void @fftOutData_local2_OC_V_OC_M_real_OC_V_OC_0_str, i32 1, void @p_str, void @p_str, i32 8, i32 8, i27 %fftOutData_local2_V_M_real_V_0, i27 %fftOutData_local2_V_M_real_V_0"   --->   Operation 27 'specchannel' 'empty_76' <Predicate = true> <Delay = 0.00>
ST_6 : Operation 28 [1/1] (0.00ns)   --->   "%specinterface_ln0 = specinterface void @_ssdm_op_SpecInterface, i27 %fftOutData_local2_V_M_real_V_0, void @ap_fifo_str, i32 0, i32 0, void @p_str, i32 0, i32 0, void @p_str, void @p_str, void @p_str, i32 2, i32 2, i32 16, i32 16, void @p_str, void @p_str"   --->   Operation 28 'specinterface' 'specinterface_ln0' <Predicate = true> <Delay = 0.00>
ST_6 : Operation 29 [1/1] (0.00ns)   --->   "%empty_77 = specchannel i32 @_ssdm_op_SpecChannel, void @fftOutData_local2_OC_V_OC_M_real_OC_V_OC_1_str, i32 1, void @p_str, void @p_str, i32 8, i32 8, i27 %fftOutData_local2_V_M_real_V_1, i27 %fftOutData_local2_V_M_real_V_1"   --->   Operation 29 'specchannel' 'empty_77' <Predicate = true> <Delay = 0.00>
ST_6 : Operation 30 [1/1] (0.00ns)   --->   "%specinterface_ln0 = specinterface void @_ssdm_op_SpecInterface, i27 %fftOutData_local2_V_M_real_V_1, void @ap_fifo_str, i32 0, i32 0, void @p_str, i32 0, i32 0, void @p_str, void @p_str, void @p_str, i32 2, i32 2, i32 16, i32 16, void @p_str, void @p_str"   --->   Operation 30 'specinterface' 'specinterface_ln0' <Predicate = true> <Delay = 0.00>
ST_6 : Operation 31 [1/1] (0.00ns)   --->   "%empty_78 = specchannel i32 @_ssdm_op_SpecChannel, void @fftOutData_local2_OC_V_OC_M_imag_OC_V_OC_0_str, i32 1, void @p_str, void @p_str, i32 8, i32 8, i27 %fftOutData_local2_V_M_imag_V_0, i27 %fftOutData_local2_V_M_imag_V_0"   --->   Operation 31 'specchannel' 'empty_78' <Predicate = true> <Delay = 0.00>
ST_6 : Operation 32 [1/1] (0.00ns)   --->   "%specinterface_ln0 = specinterface void @_ssdm_op_SpecInterface, i27 %fftOutData_local2_V_M_imag_V_0, void @ap_fifo_str, i32 0, i32 0, void @p_str, i32 0, i32 0, void @p_str, void @p_str, void @p_str, i32 2, i32 2, i32 16, i32 16, void @p_str, void @p_str"   --->   Operation 32 'specinterface' 'specinterface_ln0' <Predicate = true> <Delay = 0.00>
ST_6 : Operation 33 [1/1] (0.00ns)   --->   "%empty_79 = specchannel i32 @_ssdm_op_SpecChannel, void @fftOutData_local2_OC_V_OC_M_imag_OC_V_OC_1_str, i32 1, void @p_str, void @p_str, i32 8, i32 8, i27 %fftOutData_local2_V_M_imag_V_1, i27 %fftOutData_local2_V_M_imag_V_1"   --->   Operation 33 'specchannel' 'empty_79' <Predicate = true> <Delay = 0.00>
ST_6 : Operation 34 [1/1] (0.00ns)   --->   "%specinterface_ln0 = specinterface void @_ssdm_op_SpecInterface, i27 %fftOutData_local2_V_M_imag_V_1, void @ap_fifo_str, i32 0, i32 0, void @p_str, i32 0, i32 0, void @p_str, void @p_str, void @p_str, i32 2, i32 2, i32 16, i32 16, void @p_str, void @p_str"   --->   Operation 34 'specinterface' 'specinterface_ln0' <Predicate = true> <Delay = 0.00>
ST_6 : Operation 35 [1/1] (0.00ns)   --->   "%specmemcore_ln1111 = specmemcore void @_ssdm_op_SpecMemCore, i27 %fftOutData_local2_V_M_real_V_0, i27 %fftOutData_local2_V_M_real_V_1, i27 %fftOutData_local2_V_M_imag_V_0, i27 %fftOutData_local2_V_M_imag_V_1, i64 666, i64 9, i64 18446744073709551615" [../fixed/vitis_fft/hls_ssr_fft.hpp:1111]   --->   Operation 35 'specmemcore' 'specmemcore_ln1111' <Predicate = true> <Delay = 0.00>
ST_6 : Operation 36 [1/2] (0.00ns)   --->   "%call_ln1123 = call void @digitReversedDataReOrder<64, 2, ap_fixed<27, 8, 5, 3, 0>, ap_fixed<27, 8, 5, 3, 0> >, i27 %fftOutData_local2_V_M_real_V_0, i27 %fftOutData_local2_V_M_real_V_1, i27 %fftOutData_local2_V_M_imag_V_0, i27 %fftOutData_local2_V_M_imag_V_1, i27 %p_fftOutData_0_0_0_0_0, i27 %p_fftOutData_0_0_0_0_01, i27 %p_fftOutData_0_1_0_0_0, i27 %p_fftOutData_0_1_0_0_02" [../fixed/vitis_fft/hls_ssr_fft.hpp:1123]   --->   Operation 36 'call' 'call_ln1123' <Predicate = true> <Delay = 0.00> <CoreType = "Generic">   --->   Core 0 '' <Latency = 0> <II = 1> <Delay = 1.00> <Generic> <Opcode : >
ST_6 : Operation 37 [1/1] (0.00ns)   --->   "%ret_ln1125 = ret" [../fixed/vitis_fft/hls_ssr_fft.hpp:1125]   --->   Operation 37 'ret' 'ret_ln1125' <Predicate = true> <Delay = 0.00>


============================================================
+ Verbose Summary: Timing violations
============================================================
Target clock period: 20ns, clock uncertainty: 5.4ns.

 <State 1>: 0ns
The critical path consists of the following:

 <State 2>: 0ns
The critical path consists of the following:

 <State 3>: 0ns
The critical path consists of the following:

 <State 4>: 0ns
The critical path consists of the following:

 <State 5>: 0ns
The critical path consists of the following:

 <State 6>: 0ns
The critical path consists of the following:


============================================================
+ Verbose Summary: Binding
============================================================
N/A
* FSMD analyzer results:
  - Output states:
 - Input state : 
  - Chain level:
	State 1
	State 2
	State 3
	State 4
	State 5
	State 6


============================================================
+ Verbose Summary: Datapath Resource usage 
============================================================
N/A
