INFO: [SIM 2] *************** CSIM start ***************
INFO: [SIM 4] CSIM will launch GCC as the compiler.
   Compiling ../../../../../fft.cpp in debug mode
   Generating csim.exe
>> Start test!
>> Start test!
>> FFT 
------------------------
0 : in_r = 6854 in_i = 7657
1 : in_r = 24927 in_i = 31954
2 : in_r = 8548 in_i = 26868
3 : in_r = 24632 in_i = 1325
4 : in_r = 27789 in_i = 29948
5 : in_r = 6362 in_i = 9926
6 : in_r = 5800 in_i = 9143
7 : in_r = 20196 in_i = 26153
8 : in_r = 14387 in_i = 18374
9 : in_r = 11198 in_i = 480
10 : in_r = 4631 in_i = 15729
11 : in_r = 27844 in_i = 17651
12 : in_r = 13023 in_i = 23749
13 : in_r = 28858 in_i = 28986
14 : in_r = 1037 in_i = 19424
15 : in_r = 19862 in_i = 7891
16 : in_r = 27081 in_i = 12021
17 : in_r = 7078 in_i = 2862
18 : in_r = 6121 in_i = 31711
19 : in_r = 4187 in_i = 1142
20 : in_r = 28892 in_i = 10550
21 : in_r = 11069 in_i = 1924
22 : in_r = 19694 in_i = 31265
23 : in_r = 28078 in_i = 1313
24 : in_r = 16871 in_i = 6508
25 : in_r = 1794 in_i = 21502
26 : in_r = 22238 in_i = 29639
27 : in_r = 6386 in_i = 2494
28 : in_r = 20620 in_i = 2476
29 : in_r = 31480 in_i = 21657
30 : in_r = 21900 in_i = 18575
31 : in_r = 29549 in_i = 16214
32 : in_r = 30596 in_i = 3860
33 : in_r = 19076 in_i = 3949
34 : in_r = 2804 in_i = 23263
35 : in_r = 5092 in_i = 31697
36 : in_r = 1046 in_i = 16161
37 : in_r = 853 in_i = 20740
38 : in_r = 14659 in_i = 28932
39 : in_r = 22054 in_i = 31531
40 : in_r = 2672 in_i = 23848
41 : in_r = 20266 in_i = 24911
42 : in_r = 20720 in_i = 26652
43 : in_r = 27405 in_i = 8572
44 : in_r = 29129 in_i = 26117
45 : in_r = 30230 in_i = 18262
46 : in_r = 11924 in_i = 27012
47 : in_r = 1708 in_i = 9753
48 : in_r = 30873 in_i = 20785
49 : in_r = 13702 in_i = 909
50 : in_r = 11281 in_i = 18795
51 : in_r = 32606 in_i = 12327
52 : in_r = 2189 in_i = 692
53 : in_r = 299 in_i = 16848
54 : in_r = 29624 in_i = 22353
55 : in_r = 15611 in_i = 32297
56 : in_r = 13434 in_i = 3109
57 : in_r = 24440 in_i = 1386
58 : in_r = 29762 in_i = 19077
59 : in_r = 9959 in_i = 26124
60 : in_r = 12427 in_i = 7422
61 : in_r = 11619 in_i = 24352
62 : in_r = 1666 in_i = 13328
63 : in_r = 1337 in_i = 32540
64 : in_r = 1345 in_i = 15040
65 : in_r = 682 in_i = 12626
66 : in_r = 1068 in_i = 521
67 : in_r = 24954 in_i = 3257
68 : in_r = 1213 in_i = 25253
69 : in_r = 20106 in_i = 30838
70 : in_r = 14839 in_i = 2950
71 : in_r = 30367 in_i = 28274
72 : in_r = 6060 in_i = 22040
73 : in_r = 29661 in_i = 3055
74 : in_r = 8349 in_i = 6853
75 : in_r = 29179 in_i = 20777
76 : in_r = 14275 in_i = 8030
77 : in_r = 12361 in_i = 15942
78 : in_r = 21359 in_i = 13699
79 : in_r = 15714 in_i = 22704
80 : in_r = 28739 in_i = 16396
81 : in_r = 2563 in_i = 29808
82 : in_r = 16917 in_i = 27517
83 : in_r = 297 in_i = 18131
84 : in_r = 20003 in_i = 20403
85 : in_r = 16202 in_i = 2075
86 : in_r = 23354 in_i = 13801
87 : in_r = 30349 in_i = 29414
88 : in_r = 3073 in_i = 27243
89 : in_r = 32469 in_i = 11423
90 : in_r = 1328 in_i = 28881
91 : in_r = 32200 in_i = 15603
92 : in_r = 4144 in_i = 11794
93 : in_r = 31546 in_i = 25503
94 : in_r = 25493 in_i = 14493
95 : in_r = 15440 in_i = 21465
96 : in_r = 30890 in_i = 18003
97 : in_r = 18505 in_i = 15040
98 : in_r = 12753 in_i = 18802
99 : in_r = 403 in_i = 32756
100 : in_r = 6438 in_i = 16606
101 : in_r = 2063 in_i = 29792
102 : in_r = 30407 in_i = 32413
103 : in_r = 26439 in_i = 713
104 : in_r = 26888 in_i = 26141
105 : in_r = 12137 in_i = 28217
106 : in_r = 22254 in_i = 11570
107 : in_r = 11053 in_i = 26398
108 : in_r = 23364 in_i = 9831
109 : in_r = 19134 in_i = 16089
110 : in_r = 24324 in_i = 1806
111 : in_r = 4786 in_i = 22447
112 : in_r = 19810 in_i = 23291
113 : in_r = 4719 in_i = 32563
114 : in_r = 9326 in_i = 5123
115 : in_r = 32551 in_i = 15764
116 : in_r = 21729 in_i = 1847
117 : in_r = 12789 in_i = 19369
118 : in_r = 1492 in_i = 6460
119 : in_r = 20083 in_i = 28381
120 : in_r = 32601 in_i = 32221
121 : in_r = 23830 in_i = 22088
122 : in_r = 11023 in_i = 2115
123 : in_r = 15719 in_i = 1619
124 : in_r = 11947 in_i = 2085
125 : in_r = 17708 in_i = 3504
126 : in_r = 3892 in_i = 22495
127 : in_r = 25951 in_i = 23702
------------------------

0	1	>> Output Check
------------------------
0 : out_r = 6855 out_i = 7663
1 : out_r = 24919 out_i = 31917
2 : out_r = 8548 out_i = 26849
3 : out_r = 24638 out_i = 1314
4 : out_r = 27774 out_i = 29935
5 : out_r = 6365 out_i = 9931
6 : out_r = 5807 out_i = 9136
7 : out_r = 20192 out_i = 26147
8 : out_r = 14386 out_i = 18373
9 : out_r = 11205 out_i = 485
10 : out_r = 4636 out_i = 15732
11 : out_r = 27843 out_i = 17648
12 : out_r = 13022 out_i = 23747
13 : out_r = 28853 out_i = 28986
14 : out_r = 1044 out_i = 19418
15 : out_r = 19867 out_i = 7896
16 : out_r = 27082 out_i = 12018
17 : out_r = 7085 out_i = 2867
18 : out_r = 6121 out_i = 31714
19 : out_r = 4187 out_i = 1147
20 : out_r = 28890 out_i = 10547
21 : out_r = 11068 out_i = 1930
22 : out_r = 19696 out_i = 31261
23 : out_r = 28074 out_i = 1327
24 : out_r = 16872 out_i = 6515
25 : out_r = 1793 out_i = 21505
26 : out_r = 22244 out_i = 29640
27 : out_r = 6389 out_i = 2498
28 : out_r = 20616 out_i = 2473
29 : out_r = 31473 out_i = 21650
30 : out_r = 21896 out_i = 18574
31 : out_r = 29549 out_i = 16210
32 : out_r = 30593 out_i = 3863
33 : out_r = 19083 out_i = 3949
34 : out_r = 2812 out_i = 23255
35 : out_r = 5092 out_i = 31698
36 : out_r = 1050 out_i = 16163
37 : out_r = 861 out_i = 20745
38 : out_r = 14661 out_i = 28932
39 : out_r = 22046 out_i = 31541
40 : out_r = 2674 out_i = 23845
41 : out_r = 20267 out_i = 24911
42 : out_r = 20716 out_i = 26652
43 : out_r = 27395 out_i = 8580
44 : out_r = 29126 out_i = 26119
45 : out_r = 30217 out_i = 18266
46 : out_r = 11920 out_i = 27010
47 : out_r = 1715 out_i = 9756
48 : out_r = 30866 out_i = 20784
49 : out_r = 13705 out_i = 919
50 : out_r = 11287 out_i = 18798
51 : out_r = 32603 out_i = 12333
52 : out_r = 2198 out_i = 703
53 : out_r = 298 out_i = 16854
54 : out_r = 29620 out_i = 22351
55 : out_r = 15600 out_i = 32293
56 : out_r = 13440 out_i = 3115
57 : out_r = 24439 out_i = 1391
58 : out_r = 29756 out_i = 19080
59 : out_r = 9965 out_i = 26118
60 : out_r = 12428 out_i = 7417
61 : out_r = 11617 out_i = 24350
62 : out_r = 1668 out_i = 13326
63 : out_r = 1341 out_i = 32534
64 : out_r = 1343 out_i = 15047
65 : out_r = 686 out_i = 12595
66 : out_r = 1077 out_i = 509
67 : out_r = 24950 out_i = 3247
68 : out_r = 1213 out_i = 25243
69 : out_r = 20110 out_i = 30833
70 : out_r = 14840 out_i = 2953
71 : out_r = 30358 out_i = 28266
72 : out_r = 6059 out_i = 22030
73 : out_r = 29657 out_i = 3052
74 : out_r = 8354 out_i = 6861
75 : out_r = 29181 out_i = 20768
76 : out_r = 14271 out_i = 8027
77 : out_r = 12360 out_i = 15945
78 : out_r = 21363 out_i = 13696
79 : out_r = 15714 out_i = 22708
80 : out_r = 28730 out_i = 16394
81 : out_r = 2568 out_i = 29807
82 : out_r = 16926 out_i = 27518
83 : out_r = 298 out_i = 18135
84 : out_r = 19999 out_i = 20403
85 : out_r = 16198 out_i = 2083
86 : out_r = 23350 out_i = 13807
87 : out_r = 30348 out_i = 29414
88 : out_r = 3073 out_i = 27242
89 : out_r = 32465 out_i = 11428
90 : out_r = 1330 out_i = 28879
91 : out_r = 32193 out_i = 15610
92 : out_r = 4143 out_i = 11789
93 : out_r = 31542 out_i = 25501
94 : out_r = 25487 out_i = 14494
95 : out_r = 15440 out_i = 21462
96 : out_r = 30889 out_i = 18007
97 : out_r = 18500 out_i = 15049
98 : out_r = 12749 out_i = 18807
99 : out_r = 406 out_i = 32755
100 : out_r = 6443 out_i = 16613
101 : out_r = 2072 out_i = 29787
102 : out_r = 30408 out_i = 32409
103 : out_r = 26434 out_i = 726
104 : out_r = 26887 out_i = 26134
105 : out_r = 12133 out_i = 28220
106 : out_r = 22248 out_i = 11583
107 : out_r = 11053 out_i = 26396
108 : out_r = 23365 out_i = 9837
109 : out_r = 19130 out_i = 16091
110 : out_r = 24321 out_i = 1810
111 : out_r = 4790 out_i = 22436
112 : out_r = 19810 out_i = 23284
113 : out_r = 4718 out_i = 32569
114 : out_r = 9324 out_i = 5126
115 : out_r = 32546 out_i = 15759
116 : out_r = 21729 out_i = 1853
117 : out_r = 12784 out_i = 19369
118 : out_r = 1502 out_i = 6463
119 : out_r = 20084 out_i = 28378
120 : out_r = 32593 out_i = 32214
121 : out_r = 23825 out_i = 22088
122 : out_r = 11032 out_i = 2117
123 : out_r = 15717 out_i = 1626
124 : out_r = 11949 out_i = 2091
125 : out_r = 17700 out_i = 3503
126 : out_r = 3897 out_i = 22488
127 : out_r = 25944 out_i = 23706
------------------------
INFO: [SIM 1] CSim done with 0 errors.
INFO: [SIM 3] *************** CSIM finish ***************
