

================================================================
== Vitis HLS Report for 'QAM'
================================================================
* Date:           Mon Dec  5 17:16:28 2022

* Version:        2021.1 (Build 3247384 on Thu Jun 10 19:36:07 MDT 2021)
* Project:        qam
* Solution:       solution1 (Vivado IP Flow Target)
* Product family: zynquplus
* Target device:  xck26-sfvc784-2LV-c


================================================================
== Performance Estimates
================================================================
+ Timing: 
    * Summary: 
    +--------+----------+----------+------------+
    |  Clock |  Target  | Estimated| Uncertainty|
    +--------+----------+----------+------------+
    |ap_clk  |  20.00 ns|  7.444 ns|     5.40 ns|
    +--------+----------+----------+------------+

+ Latency: 
    * Summary: 
    +---------+---------+----------+----------+-----+-----+---------+
    |  Latency (cycles) |  Latency (absolute) |  Interval | Pipeline|
    |   min   |   max   |    min   |    max   | min | max |   Type  |
    +---------+---------+----------+----------+-----+-----+---------+
    |        ?|        ?|         ?|         ?|    ?|    ?|       no|
    +---------+---------+----------+----------+-----+-----+---------+

    + Detail: 
        * Instance: 
        N/A

        * Loop: 
        N/A

============================================================
+ Verbose Summary: Synthesis Manager
============================================================
InlineROM: 1
ExposeGlobal: 0
============================================================
+ Verbose Summary: CDFG Model
============================================================
IsTopModel: 1
ResetActiveHigh: 1
IsCombinational: 0
IsDatapathOnly: 0
HasWiredReturn: 1
HasMFsm: 0
HasVarLatency: 1
IsPipeline: 0
IsRtlPipelined: 0
IsInstanceOverlapped: 0
IsDontTouch: 0
HasImplIP: 0
IsGatedGlobalClock: 0


============================================================
+ Verbose Summary: Schedule
============================================================
* Number of FSM states : 7
* Pipeline : 0
* Dataflow Pipeline: 0

* FSM state transitions: 
1 --> 2 
2 --> 3 
3 --> 4 
4 --> 5 
5 --> 6 
6 --> 7 
7 --> 

* FSM state operations: 

State 1 <SV = 0> <Delay = 0.00>
ST_1 : Operation 8 [1/1] (0.00ns)   --->   "%sym_num_3_loc = alloca i64 1"   --->   Operation 8 'alloca' 'sym_num_3_loc' <Predicate = true> <Delay = 0.00>
ST_1 : Operation 9 [1/1] (0.00ns)   --->   "%DATA_LEN_1_loc = alloca i64 1"   --->   Operation 9 'alloca' 'DATA_LEN_1_loc' <Predicate = true> <Delay = 0.00>
ST_1 : Operation 10 [1/1] (0.00ns)   --->   "%qam_num_2_loc = alloca i64 1"   --->   Operation 10 'alloca' 'qam_num_2_loc' <Predicate = true> <Delay = 0.00>
ST_1 : Operation 11 [1/1] (0.00ns)   --->   "%empty = wait i32 @_ssdm_op_Wait"   --->   Operation 11 'wait' 'empty' <Predicate = true> <Delay = 0.00>

State 2 <SV = 1> <Delay = 1.10>
ST_2 : Operation 12 [2/2] (1.10ns)   --->   "%call_ln0 = call void @QAM_Pipeline_VITIS_LOOP_44_1, i64 %data_in_V_data_V, i8 %data_in_V_keep_V, i8 %data_in_V_strb_V, i1 %data_in_V_user_V, i1 %data_in_V_last_V, i1 %data_in_V_id_V, i1 %data_in_V_dest_V, i64 %data_out_V_data_V, i8 %data_out_V_keep_V, i8 %data_out_V_strb_V, i1 %data_out_V_user_V, i1 %data_out_V_last_V, i1 %data_out_V_id_V, i1 %data_out_V_dest_V, i32 %qam_num_2_loc, i32 %DATA_LEN_1_loc, i32 %sym_num_3_loc"   --->   Operation 12 'call' 'call_ln0' <Predicate = true> <Delay = 1.10> <CoreType = "Generic">   --->   Core 0 '' <Latency = 0> <II = 1> <Delay = 1.00> <Generic> <Opcode : >

State 3 <SV = 2> <Delay = 0.00>
ST_3 : Operation 13 [1/2] (0.00ns)   --->   "%call_ln0 = call void @QAM_Pipeline_VITIS_LOOP_44_1, i64 %data_in_V_data_V, i8 %data_in_V_keep_V, i8 %data_in_V_strb_V, i1 %data_in_V_user_V, i1 %data_in_V_last_V, i1 %data_in_V_id_V, i1 %data_in_V_dest_V, i64 %data_out_V_data_V, i8 %data_out_V_keep_V, i8 %data_out_V_strb_V, i1 %data_out_V_user_V, i1 %data_out_V_last_V, i1 %data_out_V_id_V, i1 %data_out_V_dest_V, i32 %qam_num_2_loc, i32 %DATA_LEN_1_loc, i32 %sym_num_3_loc"   --->   Operation 13 'call' 'call_ln0' <Predicate = true> <Delay = 0.00> <CoreType = "Generic">   --->   Core 0 '' <Latency = 0> <II = 1> <Delay = 1.00> <Generic> <Opcode : >

State 4 <SV = 3> <Delay = 0.00>
ST_4 : Operation 14 [1/1] (0.00ns)   --->   "%empty_23 = wait i32 @_ssdm_op_Wait"   --->   Operation 14 'wait' 'empty_23' <Predicate = true> <Delay = 0.00>

State 5 <SV = 4> <Delay = 7.44>
ST_5 : Operation 15 [1/1] (0.00ns)   --->   "%qam_num_2_loc_load = load i32 %qam_num_2_loc"   --->   Operation 15 'load' 'qam_num_2_loc_load' <Predicate = true> <Delay = 0.00>
ST_5 : Operation 16 [1/1] (0.00ns)   --->   "%DATA_LEN_1_loc_load = load i32 %DATA_LEN_1_loc"   --->   Operation 16 'load' 'DATA_LEN_1_loc_load' <Predicate = true> <Delay = 0.00>
ST_5 : Operation 17 [1/1] (0.00ns)   --->   "%sym_num_3_loc_load = load i32 %sym_num_3_loc"   --->   Operation 17 'load' 'sym_num_3_loc_load' <Predicate = true> <Delay = 0.00>
ST_5 : Operation 18 [1/1] (3.42ns)   --->   "%mul = mul i32 %DATA_LEN_1_loc_load, i32 %sym_num_3_loc_load"   --->   Operation 18 'mul' 'mul' <Predicate = true> <Delay = 3.42> <CoreInst = "Multiplier">   --->   Core 3 'Multiplier' <Latency = 0> <II = 1> <Delay = 3.42> <FuncUnit> <Opcode : 'mul'> <InPorts = 2> <OutPorts = 1>
ST_5 : Operation 19 [1/1] (1.01ns)   --->   "%sub57 = add i32 %mul, i32 4294967295"   --->   Operation 19 'add' 'sub57' <Predicate = true> <Delay = 1.01> <CoreInst = "Adder">   --->   Core 1 'Adder' <Latency = 0> <II = 1> <Delay = 1.01> <FuncUnit> <Opcode : 'add' 'sub'> <InPorts = 2> <OutPorts = 1>
ST_5 : Operation 20 [1/1] (0.00ns)   --->   "%empty_24 = wait i32 @_ssdm_op_Wait"   --->   Operation 20 'wait' 'empty_24' <Predicate = true> <Delay = 0.00>
ST_5 : Operation 21 [2/2] (3.00ns)   --->   "%call_ln0 = call void @QAM_Pipeline_VITIS_LOOP_71_2, i32 %mul, i32 %sub57, i64 %data_out_V_data_V, i8 %data_out_V_keep_V, i8 %data_out_V_strb_V, i1 %data_out_V_user_V, i1 %data_out_V_last_V, i1 %data_out_V_id_V, i1 %data_out_V_dest_V, i64 %data_in_V_data_V, i8 %data_in_V_keep_V, i8 %data_in_V_strb_V, i1 %data_in_V_user_V, i1 %data_in_V_last_V, i1 %data_in_V_id_V, i1 %data_in_V_dest_V, i32 %qam_num_2_loc_load"   --->   Operation 21 'call' 'call_ln0' <Predicate = true> <Delay = 3.00> <CoreType = "Generic">   --->   Core 0 '' <Latency = 0> <II = 1> <Delay = 1.00> <Generic> <Opcode : >

State 6 <SV = 5> <Delay = 0.00>
ST_6 : Operation 22 [1/2] (0.00ns)   --->   "%call_ln0 = call void @QAM_Pipeline_VITIS_LOOP_71_2, i32 %mul, i32 %sub57, i64 %data_out_V_data_V, i8 %data_out_V_keep_V, i8 %data_out_V_strb_V, i1 %data_out_V_user_V, i1 %data_out_V_last_V, i1 %data_out_V_id_V, i1 %data_out_V_dest_V, i64 %data_in_V_data_V, i8 %data_in_V_keep_V, i8 %data_in_V_strb_V, i1 %data_in_V_user_V, i1 %data_in_V_last_V, i1 %data_in_V_id_V, i1 %data_in_V_dest_V, i32 %qam_num_2_loc_load"   --->   Operation 22 'call' 'call_ln0' <Predicate = true> <Delay = 0.00> <CoreType = "Generic">   --->   Core 0 '' <Latency = 0> <II = 1> <Delay = 1.00> <Generic> <Opcode : >

State 7 <SV = 6> <Delay = 0.00>
ST_7 : Operation 23 [1/1] (0.00ns)   --->   "%spectopmodule_ln0 = spectopmodule void @_ssdm_op_SpecTopModule, void @empty_2"   --->   Operation 23 'spectopmodule' 'spectopmodule_ln0' <Predicate = true> <Delay = 0.00>
ST_7 : Operation 24 [1/1] (0.00ns)   --->   "%specinterface_ln0 = specinterface void @_ssdm_op_SpecInterface, i32 0, void @empty_3, i32 0, i32 0, void @empty_1, i32 0, i32 0, void @empty_1, void @empty_1, void @empty_1, i32 0, i32 0, i32 0, i32 0, void @empty_1, void @empty_1"   --->   Operation 24 'specinterface' 'specinterface_ln0' <Predicate = true> <Delay = 0.00>
ST_7 : Operation 25 [1/1] (0.00ns)   --->   "%specinterface_ln0 = specinterface void @_ssdm_op_SpecInterface, i64 %data_in_V_data_V, i8 %data_in_V_keep_V, i8 %data_in_V_strb_V, i1 %data_in_V_user_V, i1 %data_in_V_last_V, i1 %data_in_V_id_V, i1 %data_in_V_dest_V, void @empty, i32 1, i32 1, void @empty_0, i32 0, i32 0, void @empty_1, void @empty_1, void @empty_1, i32 0, i32 0, i32 0, i32 0, void @empty_1, void @empty_1"   --->   Operation 25 'specinterface' 'specinterface_ln0' <Predicate = true> <Delay = 0.00>
ST_7 : Operation 26 [1/1] (0.00ns)   --->   "%specbitsmap_ln0 = specbitsmap void @_ssdm_op_SpecBitsMap, i64 %data_in_V_data_V"   --->   Operation 26 'specbitsmap' 'specbitsmap_ln0' <Predicate = true> <Delay = 0.00>
ST_7 : Operation 27 [1/1] (0.00ns)   --->   "%specbitsmap_ln0 = specbitsmap void @_ssdm_op_SpecBitsMap, i8 %data_in_V_keep_V"   --->   Operation 27 'specbitsmap' 'specbitsmap_ln0' <Predicate = true> <Delay = 0.00>
ST_7 : Operation 28 [1/1] (0.00ns)   --->   "%specbitsmap_ln0 = specbitsmap void @_ssdm_op_SpecBitsMap, i8 %data_in_V_strb_V"   --->   Operation 28 'specbitsmap' 'specbitsmap_ln0' <Predicate = true> <Delay = 0.00>
ST_7 : Operation 29 [1/1] (0.00ns)   --->   "%specbitsmap_ln0 = specbitsmap void @_ssdm_op_SpecBitsMap, i1 %data_in_V_user_V"   --->   Operation 29 'specbitsmap' 'specbitsmap_ln0' <Predicate = true> <Delay = 0.00>
ST_7 : Operation 30 [1/1] (0.00ns)   --->   "%specbitsmap_ln0 = specbitsmap void @_ssdm_op_SpecBitsMap, i1 %data_in_V_last_V"   --->   Operation 30 'specbitsmap' 'specbitsmap_ln0' <Predicate = true> <Delay = 0.00>
ST_7 : Operation 31 [1/1] (0.00ns)   --->   "%specbitsmap_ln0 = specbitsmap void @_ssdm_op_SpecBitsMap, i1 %data_in_V_id_V"   --->   Operation 31 'specbitsmap' 'specbitsmap_ln0' <Predicate = true> <Delay = 0.00>
ST_7 : Operation 32 [1/1] (0.00ns)   --->   "%specbitsmap_ln0 = specbitsmap void @_ssdm_op_SpecBitsMap, i1 %data_in_V_dest_V"   --->   Operation 32 'specbitsmap' 'specbitsmap_ln0' <Predicate = true> <Delay = 0.00>
ST_7 : Operation 33 [1/1] (0.00ns)   --->   "%specinterface_ln0 = specinterface void @_ssdm_op_SpecInterface, i64 %data_out_V_data_V, i8 %data_out_V_keep_V, i8 %data_out_V_strb_V, i1 %data_out_V_user_V, i1 %data_out_V_last_V, i1 %data_out_V_id_V, i1 %data_out_V_dest_V, void @empty, i32 1, i32 1, void @empty_0, i32 0, i32 0, void @empty_1, void @empty_1, void @empty_1, i32 0, i32 0, i32 0, i32 0, void @empty_1, void @empty_1"   --->   Operation 33 'specinterface' 'specinterface_ln0' <Predicate = true> <Delay = 0.00>
ST_7 : Operation 34 [1/1] (0.00ns)   --->   "%specbitsmap_ln0 = specbitsmap void @_ssdm_op_SpecBitsMap, i64 %data_out_V_data_V"   --->   Operation 34 'specbitsmap' 'specbitsmap_ln0' <Predicate = true> <Delay = 0.00>
ST_7 : Operation 35 [1/1] (0.00ns)   --->   "%specbitsmap_ln0 = specbitsmap void @_ssdm_op_SpecBitsMap, i8 %data_out_V_keep_V"   --->   Operation 35 'specbitsmap' 'specbitsmap_ln0' <Predicate = true> <Delay = 0.00>
ST_7 : Operation 36 [1/1] (0.00ns)   --->   "%specbitsmap_ln0 = specbitsmap void @_ssdm_op_SpecBitsMap, i8 %data_out_V_strb_V"   --->   Operation 36 'specbitsmap' 'specbitsmap_ln0' <Predicate = true> <Delay = 0.00>
ST_7 : Operation 37 [1/1] (0.00ns)   --->   "%specbitsmap_ln0 = specbitsmap void @_ssdm_op_SpecBitsMap, i1 %data_out_V_user_V"   --->   Operation 37 'specbitsmap' 'specbitsmap_ln0' <Predicate = true> <Delay = 0.00>
ST_7 : Operation 38 [1/1] (0.00ns)   --->   "%specbitsmap_ln0 = specbitsmap void @_ssdm_op_SpecBitsMap, i1 %data_out_V_last_V"   --->   Operation 38 'specbitsmap' 'specbitsmap_ln0' <Predicate = true> <Delay = 0.00>
ST_7 : Operation 39 [1/1] (0.00ns)   --->   "%specbitsmap_ln0 = specbitsmap void @_ssdm_op_SpecBitsMap, i1 %data_out_V_id_V"   --->   Operation 39 'specbitsmap' 'specbitsmap_ln0' <Predicate = true> <Delay = 0.00>
ST_7 : Operation 40 [1/1] (0.00ns)   --->   "%specbitsmap_ln0 = specbitsmap void @_ssdm_op_SpecBitsMap, i1 %data_out_V_dest_V"   --->   Operation 40 'specbitsmap' 'specbitsmap_ln0' <Predicate = true> <Delay = 0.00>
ST_7 : Operation 41 [1/1] (0.00ns)   --->   "%ret_ln128 = ret" [../QAM.cpp:128]   --->   Operation 41 'ret' 'ret_ln128' <Predicate = true> <Delay = 0.00>


============================================================
+ Verbose Summary: Timing violations
============================================================
Target clock period: 20ns, clock uncertainty: 5.4ns.

 <State 1>: 0ns
The critical path consists of the following:

 <State 2>: 1.1ns
The critical path consists of the following:
	'call' operation ('call_ln0') to 'QAM_Pipeline_VITIS_LOOP_44_1' [37]  (1.1 ns)

 <State 3>: 0ns
The critical path consists of the following:

 <State 4>: 0ns
The critical path consists of the following:

 <State 5>: 7.44ns
The critical path consists of the following:
	'load' operation ('DATA_LEN_1_loc_load') on local variable 'DATA_LEN_1_loc' [39]  (0 ns)
	'mul' operation ('mul') [42]  (3.42 ns)
	'add' operation ('sub57') [43]  (1.02 ns)
	'call' operation ('call_ln0') to 'QAM_Pipeline_VITIS_LOOP_71_2' [45]  (3.01 ns)

 <State 6>: 0ns
The critical path consists of the following:

 <State 7>: 0ns
The critical path consists of the following:


============================================================
+ Verbose Summary: Binding
============================================================
N/A
* FSMD analyzer results:
  - Output states:
 - Input state : 
  - Chain level:
	State 1
	State 2
	State 3
	State 4
	State 5
	State 6
	State 7


============================================================
+ Verbose Summary: Datapath Resource usage 
============================================================
N/A
