

================================================================
== Synthesis Summary Report of 'encoder'
================================================================
+ General Information: 
    * Date:           Mon Dec  5 17:41:13 2022
    * Version:        2021.1 (Build 3247384 on Thu Jun 10 19:36:07 MDT 2021)
    * Project:        ecc_encoder_src
    * Solution:       solution1 (Vivado IP Flow Target)
    * Product family: zynquplus
    * Target device:  xck26-sfvc784-2LV-c
    

+ Performance & Resource Estimates: 
    
    PS: '+' for module; 'o' for loop; '*' for dataflow
    +-----------------------------------------------+------+-------+---------+--------+----------+---------+------+----------+------+----+-----------+-----------+-----+
    |                    Modules                    | Issue|       | Latency | Latency| Iteration|         | Trip |          |      |    |           |           |     |
    |                    & Loops                    | Type | Slack | (cycles)|  (ns)  |  Latency | Interval| Count| Pipelined| BRAM | DSP|     FF    |    LUT    | URAM|
    +-----------------------------------------------+------+-------+---------+--------+----------+---------+------+----------+------+----+-----------+-----------+-----+
    |+ encoder                                      |     -|  12.18|        -|       -|         -|        -|     -|        no|     -|   -|  324 (~0%)|  435 (~0%)|    -|
    | + grp_encoder_Pipeline_VITIS_LOOP_22_1_fu_60  |     -|  13.05|        -|       -|         -|        -|     -|        no|     -|   -|  119 (~0%)|  115 (~0%)|    -|
    |  o VITIS_LOOP_22_1                            |     -|  14.60|        -|       -|         2|        1|     -|       yes|     -|   -|          -|          -|    -|
    | + grp_encoder_Pipeline_VITIS_LOOP_50_2_fu_81  |     -|  13.17|        -|       -|         -|        -|     -|        no|     -|   -|  130 (~0%)|  169 (~0%)|    -|
    |  o VITIS_LOOP_50_2                            |     -|  14.60|        -|       -|         2|        1|     -|       yes|     -|   -|          -|          -|    -|
    +-----------------------------------------------+------+-------+---------+--------+----------+---------+------+----------+------+----+-----------+-----------+-----+


================================================================
== HW Interfaces
================================================================
* AXIS
+-----------+---------------+-------+-------+-------+--------+-------+--------+
| Interface | Register Mode | TDATA | TKEEP | TLAST | TREADY | TSTRB | TVALID |
+-----------+---------------+-------+-------+-------+--------+-------+--------+
| data_in   | both          | 64    | 8     | 1     | 1      | 8     | 1      |
| data_out  | both          | 64    | 8     | 1     | 1      | 8     | 1      |
+-----------+---------------+-------+-------+-------+--------+-------+--------+

* TOP LEVEL CONTROL
+-----------+--------------+----------+
| Interface | Type         | Ports    |
+-----------+--------------+----------+
| ap_clk    | clock        | ap_clk   |
| ap_rst_n  | reset        | ap_rst_n |
| ap_ctrl   | ap_ctrl_none |          |
+-----------+--------------+----------+


================================================================
== SW I/O Information
================================================================
* Top Function Arguments
+----------+-----------+---------------------------------------------+
| Argument | Direction | Datatype                                    |
+----------+-----------+---------------------------------------------+
| data_in  | in        | stream<hls::axis<ap_uint<64>, 0, 0, 0>, 0>& |
| data_out | out       | stream<hls::axis<ap_uint<64>, 0, 0, 0>, 0>& |
+----------+-----------+---------------------------------------------+

* SW-to-HW Mapping
+----------+----------+-----------+
| Argument | HW Name  | HW Type   |
+----------+----------+-----------+
| data_in  | data_in  | interface |
| data_out | data_out | interface |
+----------+----------+-----------+


================================================================
== M_AXI Burst Information
================================================================

