

================================================================
== Vitis HLS Report for 'cacheDataDR_64_2_ap_fixed_27_14_5_3_0_ap_fixed_27_14_5_3_0_s'
================================================================
* Date:           Mon Nov 28 17:11:14 2022

* Version:        2021.1 (Build 3247384 on Thu Jun 10 19:36:07 MDT 2021)
* Project:        project
* Solution:       solution1 (Vivado IP Flow Target)
* Product family: zynquplus
* Target device:  xck26-sfvc784-2LV-c


================================================================
== Performance Estimates
================================================================
+ Timing: 
    * Summary: 
    +--------+----------+----------+------------+
    |  Clock |  Target  | Estimated| Uncertainty|
    +--------+----------+----------+------------+
    |ap_clk  |  20.00 ns|  2.932 ns|     5.40 ns|
    +--------+----------+----------+------------+

+ Latency: 
    * Summary: 
    +---------+---------+----------+----------+-----+-----+------------------------------------------+
    |  Latency (cycles) |  Latency (absolute) |  Interval |                 Pipeline                 |
    |   min   |   max   |    min   |    max   | min | max |                   Type                   |
    +---------+---------+----------+----------+-----+-----+------------------------------------------+
    |       31|       32|  0.620 us|  0.640 us|   32|   32|  loop rewind stp(delay=0 clock cycles(s))|
    +---------+---------+----------+----------+-----+-----+------------------------------------------+

    + Detail: 
        * Instance: 
        N/A

        * Loop: 
        +--------------------------+---------+---------+----------+-----------+-----------+------+----------+
        |                          |  Latency (cycles) | Iteration|  Initiation Interval  | Trip |          |
        |         Loop Name        |   min   |   max   |  Latency |  achieved |   target  | Count| Pipelined|
        +--------------------------+---------+---------+----------+-----------+-----------+------+----------+
        |- cacheDataDR_LOverRLooP  |       31|       31|         1|          1|          1|    32|       yes|
        +--------------------------+---------+---------+----------+-----------+-----------+------+----------+

============================================================
+ Verbose Summary: Synthesis Manager
============================================================
InlineROM: 1
ExposeGlobal: 0
============================================================
+ Verbose Summary: CDFG Model
============================================================
IsTopModel: 0
ResetActiveHigh: 1
IsCombinational: 0
IsDatapathOnly: 0
HasWiredReturn: 1
HasMFsm: 2
HasVarLatency: 1
IsPipeline: 0
IsRtlPipelined: 0
IsInstanceOverlapped: 0
IsDontTouch: 0
HasImplIP: 0
IsGatedGlobalClock: 0

+ Individual pipeline summary: 
  * Pipeline-0: initiation interval (II) = 1, depth = 1


============================================================
+ Verbose Summary: Schedule
============================================================
* Number of FSM states : 2
* Pipeline : 1
  Pipeline-0 : II = 1, D = 1, States = { 2 }
* Dataflow Pipeline: 0

* FSM state transitions: 
1 --> 2 
2 --> 2 

* FSM state operations: 

State 1 <SV = 0> <Delay = 0.42>
ST_1 : Operation 3 [1/1] (0.00ns)   --->   "%specinterface_ln0 = specinterface void @_ssdm_op_SpecInterface, i27 %p_inData_0_0_0_0_0, void @ap_fifo_str, i32 0, i32 0, void @p_str, i32 0, i32 0, void @p_str, void @p_str, void @p_str, i32 2, i32 2, i32 16, i32 16, void @p_str, void @p_str"   --->   Operation 3 'specinterface' 'specinterface_ln0' <Predicate = true> <Delay = 0.00>
ST_1 : Operation 4 [1/1] (0.00ns)   --->   "%specinterface_ln0 = specinterface void @_ssdm_op_SpecInterface, i27 %p_inData_0_0_0_0_01, void @ap_fifo_str, i32 0, i32 0, void @p_str, i32 0, i32 0, void @p_str, void @p_str, void @p_str, i32 2, i32 2, i32 16, i32 16, void @p_str, void @p_str"   --->   Operation 4 'specinterface' 'specinterface_ln0' <Predicate = true> <Delay = 0.00>
ST_1 : Operation 5 [1/1] (0.00ns)   --->   "%specinterface_ln0 = specinterface void @_ssdm_op_SpecInterface, i27 %p_inData_0_1_0_0_0, void @ap_fifo_str, i32 0, i32 0, void @p_str, i32 0, i32 0, void @p_str, void @p_str, void @p_str, i32 2, i32 2, i32 16, i32 16, void @p_str, void @p_str"   --->   Operation 5 'specinterface' 'specinterface_ln0' <Predicate = true> <Delay = 0.00>
ST_1 : Operation 6 [1/1] (0.00ns)   --->   "%specinterface_ln0 = specinterface void @_ssdm_op_SpecInterface, i27 %p_inData_0_1_0_0_02, void @ap_fifo_str, i32 0, i32 0, void @p_str, i32 0, i32 0, void @p_str, void @p_str, void @p_str, i32 2, i32 2, i32 16, i32 16, void @p_str, void @p_str"   --->   Operation 6 'specinterface' 'specinterface_ln0' <Predicate = true> <Delay = 0.00>
ST_1 : Operation 7 [1/1] (0.42ns)   --->   "%br_ln171 = br void %rewind_header" [../fixed/vitis_fft/hls_ssr_fft_data_reorder.hpp:171]   --->   Operation 7 'br' 'br_ln171' <Predicate = true> <Delay = 0.42>

State 2 <SV = 1> <Delay = 2.93>
ST_2 : Operation 8 [1/1] (0.00ns)   --->   "%do_init = phi i1 1, void, i1 0, void %.split4, i1 1, void"   --->   Operation 8 'phi' 'do_init' <Predicate = true> <Delay = 0.00>
ST_2 : Operation 9 [1/1] (0.00ns)   --->   "%r21 = phi i5 0, void, i5 %r, void %.split4, i5 0, void"   --->   Operation 9 'phi' 'r21' <Predicate = true> <Delay = 0.00>
ST_2 : Operation 10 [1/1] (0.00ns)   --->   "%br_ln0 = br i1 %do_init, void %.split4, void %rewind_init"   --->   Operation 10 'br' 'br_ln0' <Predicate = true> <Delay = 0.00>
ST_2 : Operation 11 [1/1] (0.00ns)   --->   "%specmemcore_ln0 = specmemcore void @_ssdm_op_SpecMemCore, i27 %p_inData_0_0_0_0_0, i27 %p_inData_0_0_0_0_01, i64 666, i64 9, i64 18446744073709551615"   --->   Operation 11 'specmemcore' 'specmemcore_ln0' <Predicate = (do_init)> <Delay = 0.00>
ST_2 : Operation 12 [1/1] (0.00ns)   --->   "%specmemcore_ln0 = specmemcore void @_ssdm_op_SpecMemCore, i27 %p_inData_0_1_0_0_0, i27 %p_inData_0_1_0_0_02, i64 666, i64 9, i64 18446744073709551615"   --->   Operation 12 'specmemcore' 'specmemcore_ln0' <Predicate = (do_init)> <Delay = 0.00>
ST_2 : Operation 13 [1/1] (0.00ns)   --->   "%br_ln171 = br void %.split4" [../fixed/vitis_fft/hls_ssr_fft_data_reorder.hpp:171]   --->   Operation 13 'br' 'br_ln171' <Predicate = (do_init)> <Delay = 0.00>
ST_2 : Operation 14 [1/1] (0.00ns)   --->   "%empty = speclooptripcount i32 @_ssdm_op_SpecLoopTripCount, i64 32, i64 32, i64 32"   --->   Operation 14 'speclooptripcount' 'empty' <Predicate = true> <Delay = 0.00>
ST_2 : Operation 15 [1/1] (0.00ns)   --->   "%zext_ln171 = zext i5 %r21" [../fixed/vitis_fft/hls_ssr_fft_data_reorder.hpp:171]   --->   Operation 15 'zext' 'zext_ln171' <Predicate = true> <Delay = 0.00>
ST_2 : Operation 16 [1/1] (0.00ns)   --->   "%specpipeline_ln174 = specpipeline void @_ssdm_op_SpecPipeline, i32 1, i32 0, i32 0, i32 0, void @empty_12" [../fixed/vitis_fft/hls_ssr_fft_data_reorder.hpp:174]   --->   Operation 16 'specpipeline' 'specpipeline_ln174' <Predicate = true> <Delay = 0.00>
ST_2 : Operation 17 [1/1] (0.00ns)   --->   "%specloopname_ln174 = specloopname void @_ssdm_op_SpecLoopName, void @empty_8" [../fixed/vitis_fft/hls_ssr_fft_data_reorder.hpp:174]   --->   Operation 17 'specloopname' 'specloopname_ln174' <Predicate = true> <Delay = 0.00>
ST_2 : Operation 18 [1/1] (0.00ns)   --->   "%tmp = bitselect i1 @_ssdm_op_BitSelect.i1.i5.i32, i5 %r21, i32 4" [../fixed/vitis_fft/hls_ssr_fft_data_reorder.hpp:184]   --->   Operation 18 'bitselect' 'tmp' <Predicate = true> <Delay = 0.00>
ST_2 : Operation 19 [1/1] (1.93ns)   --->   "%empty_87 = read i54 @_ssdm_op_Read.ap_fifo.volatile.i27P0A.i27P0A, i27 %p_inData_0_0_0_0_0, i27 %p_inData_0_1_0_0_0" [/opt/Xilinx/Vitis_HLS/2021.1/common/technology/autopilot/hls_stream_39.h:145]   --->   Operation 19 'read' 'empty_87' <Predicate = true> <Delay = 1.93> <CoreInst = "FIFO_LUTRAM">   --->   Core 80 'FIFO_LUTRAM' <Latency = 0> <II = 1> <Delay = 1.93> <Storage> <Opcode : 'read' 'write' 'nbread' 'nbwrite'> <Ports = 0> <Width = 27> <Depth = 8> <FIFO>
ST_2 : Operation 20 [1/1] (0.00ns)   --->   "%temp_M_real_V_0 = extractvalue i54 %empty_87" [/opt/Xilinx/Vitis_HLS/2021.1/common/technology/autopilot/hls_stream_39.h:145]   --->   Operation 20 'extractvalue' 'temp_M_real_V_0' <Predicate = true> <Delay = 0.00>
ST_2 : Operation 21 [1/1] (0.00ns)   --->   "%temp_M_imag_V_0 = extractvalue i54 %empty_87" [/opt/Xilinx/Vitis_HLS/2021.1/common/technology/autopilot/hls_stream_39.h:145]   --->   Operation 21 'extractvalue' 'temp_M_imag_V_0' <Predicate = true> <Delay = 0.00>
ST_2 : Operation 22 [1/1] (1.93ns)   --->   "%empty_88 = read i54 @_ssdm_op_Read.ap_fifo.volatile.i27P0A.i27P0A, i27 %p_inData_0_0_0_0_01, i27 %p_inData_0_1_0_0_02" [/opt/Xilinx/Vitis_HLS/2021.1/common/technology/autopilot/hls_stream_39.h:145]   --->   Operation 22 'read' 'empty_88' <Predicate = true> <Delay = 1.93> <CoreInst = "FIFO_LUTRAM">   --->   Core 80 'FIFO_LUTRAM' <Latency = 0> <II = 1> <Delay = 1.93> <Storage> <Opcode : 'read' 'write' 'nbread' 'nbwrite'> <Ports = 0> <Width = 27> <Depth = 8> <FIFO>
ST_2 : Operation 23 [1/1] (0.00ns)   --->   "%temp_M_real_V_0_2 = extractvalue i54 %empty_88" [/opt/Xilinx/Vitis_HLS/2021.1/common/technology/autopilot/hls_stream_39.h:145]   --->   Operation 23 'extractvalue' 'temp_M_real_V_0_2' <Predicate = true> <Delay = 0.00>
ST_2 : Operation 24 [1/1] (0.00ns)   --->   "%temp_M_imag_V_0_2 = extractvalue i54 %empty_88" [/opt/Xilinx/Vitis_HLS/2021.1/common/technology/autopilot/hls_stream_39.h:145]   --->   Operation 24 'extractvalue' 'temp_M_imag_V_0_2' <Predicate = true> <Delay = 0.00>
ST_2 : Operation 25 [1/1] (0.32ns)   --->   "%temp_M_real_V_1_5 = select i1 %tmp, i27 %temp_M_real_V_0, i27 %temp_M_real_V_0_2" [/opt/Xilinx/Vitis_HLS/2021.1/common/technology/autopilot/hls_stream_39.h:145]   --->   Operation 25 'select' 'temp_M_real_V_1_5' <Predicate = true> <Delay = 0.32> <CoreInst = "Sel">   --->   Core 73 'Sel' <Latency = 0> <II = 1> <Delay = 0.32> <FuncUnit> <Opcode : 'select'> <InPorts = 3> <OutPorts = 1>
ST_2 : Operation 26 [1/1] (0.32ns)   --->   "%temp_M_real_V_1_6 = select i1 %tmp, i27 %temp_M_real_V_0_2, i27 %temp_M_real_V_0" [/opt/Xilinx/Vitis_HLS/2021.1/common/technology/autopilot/hls_stream_39.h:145]   --->   Operation 26 'select' 'temp_M_real_V_1_6' <Predicate = true> <Delay = 0.32> <CoreInst = "Sel">   --->   Core 73 'Sel' <Latency = 0> <II = 1> <Delay = 0.32> <FuncUnit> <Opcode : 'select'> <InPorts = 3> <OutPorts = 1>
ST_2 : Operation 27 [1/1] (0.32ns)   --->   "%temp_M_imag_V_1_5 = select i1 %tmp, i27 %temp_M_imag_V_0, i27 %temp_M_imag_V_0_2" [/opt/Xilinx/Vitis_HLS/2021.1/common/technology/autopilot/hls_stream_39.h:145]   --->   Operation 27 'select' 'temp_M_imag_V_1_5' <Predicate = true> <Delay = 0.32> <CoreInst = "Sel">   --->   Core 73 'Sel' <Latency = 0> <II = 1> <Delay = 0.32> <FuncUnit> <Opcode : 'select'> <InPorts = 3> <OutPorts = 1>
ST_2 : Operation 28 [1/1] (0.32ns)   --->   "%temp_M_imag_V_1_6 = select i1 %tmp, i27 %temp_M_imag_V_0_2, i27 %temp_M_imag_V_0" [/opt/Xilinx/Vitis_HLS/2021.1/common/technology/autopilot/hls_stream_39.h:145]   --->   Operation 28 'select' 'temp_M_imag_V_1_6' <Predicate = true> <Delay = 0.32> <CoreInst = "Sel">   --->   Core 73 'Sel' <Latency = 0> <II = 1> <Delay = 0.32> <FuncUnit> <Opcode : 'select'> <InPorts = 3> <OutPorts = 1>
ST_2 : Operation 29 [1/1] (0.00ns)   --->   "%p_digitReseversedOutputBuff_M_real_addr = getelementptr i27 %p_digitReseversedOutputBuff_M_real, i64 0, i64 %zext_ln171" [../fixed/vitis_fft/hls_ssr_fft_data_reorder.hpp:188]   --->   Operation 29 'getelementptr' 'p_digitReseversedOutputBuff_M_real_addr' <Predicate = true> <Delay = 0.00>
ST_2 : Operation 30 [1/1] (0.00ns)   --->   "%p_digitReseversedOutputBuff_M_imag_addr = getelementptr i27 %p_digitReseversedOutputBuff_M_imag, i64 0, i64 %zext_ln171" [../fixed/vitis_fft/hls_ssr_fft_data_reorder.hpp:188]   --->   Operation 30 'getelementptr' 'p_digitReseversedOutputBuff_M_imag_addr' <Predicate = true> <Delay = 0.00>
ST_2 : Operation 31 [1/1] (0.67ns)   --->   "%store_ln188 = store i27 %temp_M_real_V_1_6, i5 %p_digitReseversedOutputBuff_M_real_addr" [../fixed/vitis_fft/hls_ssr_fft_data_reorder.hpp:188]   --->   Operation 31 'store' 'store_ln188' <Predicate = true> <Delay = 0.67> <CoreInst = "RAM">   --->   Core 83 'RAM' <Latency = 1> <II = 1> <Delay = 0.67> <Storage> <Opcode : 'load' 'store'> <Ports = 2> <Width = 27> <Depth = 32> <RAM>
ST_2 : Operation 32 [1/1] (0.67ns)   --->   "%store_ln188 = store i27 %temp_M_imag_V_1_6, i5 %p_digitReseversedOutputBuff_M_imag_addr" [../fixed/vitis_fft/hls_ssr_fft_data_reorder.hpp:188]   --->   Operation 32 'store' 'store_ln188' <Predicate = true> <Delay = 0.67> <CoreInst = "RAM">   --->   Core 83 'RAM' <Latency = 1> <II = 1> <Delay = 0.67> <Storage> <Opcode : 'load' 'store'> <Ports = 2> <Width = 27> <Depth = 32> <RAM>
ST_2 : Operation 33 [1/1] (0.00ns)   --->   "%p_digitReseversedOutputBuff_M_real3_addr = getelementptr i27 %p_digitReseversedOutputBuff_M_real3, i64 0, i64 %zext_ln171" [../fixed/vitis_fft/hls_ssr_fft_data_reorder.hpp:188]   --->   Operation 33 'getelementptr' 'p_digitReseversedOutputBuff_M_real3_addr' <Predicate = true> <Delay = 0.00>
ST_2 : Operation 34 [1/1] (0.00ns)   --->   "%p_digitReseversedOutputBuff_M_imag4_addr = getelementptr i27 %p_digitReseversedOutputBuff_M_imag4, i64 0, i64 %zext_ln171" [../fixed/vitis_fft/hls_ssr_fft_data_reorder.hpp:188]   --->   Operation 34 'getelementptr' 'p_digitReseversedOutputBuff_M_imag4_addr' <Predicate = true> <Delay = 0.00>
ST_2 : Operation 35 [1/1] (0.67ns)   --->   "%store_ln188 = store i27 %temp_M_real_V_1_5, i5 %p_digitReseversedOutputBuff_M_real3_addr" [../fixed/vitis_fft/hls_ssr_fft_data_reorder.hpp:188]   --->   Operation 35 'store' 'store_ln188' <Predicate = true> <Delay = 0.67> <CoreInst = "RAM">   --->   Core 83 'RAM' <Latency = 1> <II = 1> <Delay = 0.67> <Storage> <Opcode : 'load' 'store'> <Ports = 2> <Width = 27> <Depth = 32> <RAM>
ST_2 : Operation 36 [1/1] (0.67ns)   --->   "%store_ln188 = store i27 %temp_M_imag_V_1_5, i5 %p_digitReseversedOutputBuff_M_imag4_addr" [../fixed/vitis_fft/hls_ssr_fft_data_reorder.hpp:188]   --->   Operation 36 'store' 'store_ln188' <Predicate = true> <Delay = 0.67> <CoreInst = "RAM">   --->   Core 83 'RAM' <Latency = 1> <II = 1> <Delay = 0.67> <Storage> <Opcode : 'load' 'store'> <Ports = 2> <Width = 27> <Depth = 32> <RAM>
ST_2 : Operation 37 [1/1] (0.78ns)   --->   "%r = add i5 %r21, i5 1" [../fixed/vitis_fft/hls_ssr_fft_data_reorder.hpp:171]   --->   Operation 37 'add' 'r' <Predicate = true> <Delay = 0.78> <CoreInst = "Adder">   --->   Core 1 'Adder' <Latency = 0> <II = 1> <Delay = 0.78> <FuncUnit> <Opcode : 'add' 'sub'> <InPorts = 2> <OutPorts = 1>
ST_2 : Operation 38 [1/1] (0.75ns)   --->   "%icmp_ln171 = icmp_eq  i5 %r21, i5 31" [../fixed/vitis_fft/hls_ssr_fft_data_reorder.hpp:171]   --->   Operation 38 'icmp' 'icmp_ln171' <Predicate = true> <Delay = 0.75> <CoreInst = "Cmp">   --->   Core 9 'Cmp' <Latency = 0> <II = 1> <Delay = 0.75> <FuncUnit> <Opcode : 'icmp'> <InPorts = 2> <OutPorts = 1>
ST_2 : Operation 39 [1/1] (0.00ns)   --->   "%br_ln171 = br i1 %icmp_ln171, void %rewind_header, void" [../fixed/vitis_fft/hls_ssr_fft_data_reorder.hpp:171]   --->   Operation 39 'br' 'br_ln171' <Predicate = true> <Delay = 0.00>
ST_2 : Operation 40 [1/1] (0.00ns)   --->   "%return_ln191 = return void @_ssdm_op_Return" [../fixed/vitis_fft/hls_ssr_fft_data_reorder.hpp:191]   --->   Operation 40 'return' 'return_ln191' <Predicate = (icmp_ln171)> <Delay = 0.00>
ST_2 : Operation 41 [1/1] (0.00ns)   --->   "%br_ln191 = br void %rewind_header" [../fixed/vitis_fft/hls_ssr_fft_data_reorder.hpp:191]   --->   Operation 41 'br' 'br_ln191' <Predicate = (icmp_ln171)> <Delay = 0.00>


============================================================
+ Verbose Summary: Timing violations
============================================================
Target clock period: 20ns, clock uncertainty: 5.4ns.

 <State 1>: 0.427ns
The critical path consists of the following:
	multiplexor before 'phi' operation ('do_init') [15]  (0.427 ns)

 <State 2>: 2.93ns
The critical path consists of the following:
	fifo read operation ('empty_87', /opt/Xilinx/Vitis_HLS/2021.1/common/technology/autopilot/hls_stream_39.h:145) on port 'p_inData_0_0_0_0_0' (/opt/Xilinx/Vitis_HLS/2021.1/common/technology/autopilot/hls_stream_39.h:145) [28]  (1.93 ns)
	'select' operation ('temp._M_real.V[1]', /opt/Xilinx/Vitis_HLS/2021.1/common/technology/autopilot/hls_stream_39.h:145) [35]  (0.324 ns)
	'store' operation ('store_ln188', ../fixed/vitis_fft/hls_ssr_fft_data_reorder.hpp:188) of variable 'temp._M_real.V[1]', /opt/Xilinx/Vitis_HLS/2021.1/common/technology/autopilot/hls_stream_39.h:145 on array 'p_digitReseversedOutputBuff_M_real' [40]  (0.677 ns)


============================================================
+ Verbose Summary: Binding
============================================================
N/A
* FSMD analyzer results:
  - Output states:
 - Input state : 
  - Chain level:
	State 1
	State 2


============================================================
+ Verbose Summary: Datapath Resource usage 
============================================================
N/A
