

================================================================
== Vitis HLS Report for 'convertSuperStreamToArrayNScale_1_0_50000_64_2_complex_ap_fixed_27_14_5_3_0_complex_ap_fixed_27_14_5_3_0_s'
================================================================
* Date:           Mon Nov 28 17:11:14 2022

* Version:        2021.1 (Build 3247384 on Thu Jun 10 19:36:07 MDT 2021)
* Project:        project
* Solution:       solution1 (Vivado IP Flow Target)
* Product family: zynquplus
* Target device:  xck26-sfvc784-2LV-c


================================================================
== Performance Estimates
================================================================
+ Timing: 
    * Summary: 
    +--------+----------+----------+------------+
    |  Clock |  Target  | Estimated| Uncertainty|
    +--------+----------+----------+------------+
    |ap_clk  |  20.00 ns|  3.862 ns|     5.40 ns|
    +--------+----------+----------+------------+

+ Latency: 
    * Summary: 
    +---------+---------+----------+----------+-----+-----+---------+
    |  Latency (cycles) |  Latency (absolute) |  Interval | Pipeline|
    |   min   |   max   |    min   |    max   | min | max |   Type  |
    +---------+---------+----------+----------+-----+-----+---------+
    |       34|       34|  0.680 us|  0.680 us|   34|   34|       no|
    +---------+---------+----------+----------+-----+-----+---------+

    + Detail: 
        * Instance: 
        N/A

        * Loop: 
        +--------------------+---------+---------+----------+-----------+-----------+------+----------+
        |                    |  Latency (cycles) | Iteration|  Initiation Interval  | Trip |          |
        |      Loop Name     |   min   |   max   |  Latency |  achieved |   target  | Count| Pipelined|
        +--------------------+---------+---------+----------+-----------+-----------+------+----------+
        |- VITIS_LOOP_222_1  |       32|       32|         2|          1|          1|    32|       yes|
        +--------------------+---------+---------+----------+-----------+-----------+------+----------+

============================================================
+ Verbose Summary: Synthesis Manager
============================================================
InlineROM: 1
ExposeGlobal: 0
============================================================
+ Verbose Summary: CDFG Model
============================================================
IsTopModel: 0
ResetActiveHigh: 1
IsCombinational: 2
IsDatapathOnly: 0
HasWiredReturn: 1
HasMFsm: 2
HasVarLatency: 1
IsPipeline: 0
IsRtlPipelined: 0
IsInstanceOverlapped: 0
IsDontTouch: 0
HasImplIP: 0
IsGatedGlobalClock: 0

+ Individual pipeline summary: 
  * Pipeline-0: initiation interval (II) = 1, depth = 2


============================================================
+ Verbose Summary: Schedule
============================================================
* Number of FSM states : 2
* Pipeline : 1
  Pipeline-0 : II = 1, D = 2, States = { 1 2 }
* Dataflow Pipeline: 0

* FSM state transitions: 
1 --> 2 
2 --> 

* FSM state operations: 

State 1 <SV = 0> <Delay = 1.21>
ST_1 : Operation 5 [1/1] (0.00ns)   --->   "%i = alloca i32 1"   --->   Operation 5 'alloca' 'i' <Predicate = true> <Delay = 0.00>
ST_1 : Operation 6 [1/1] (0.00ns)   --->   "%specinterface_ln0 = specinterface void @_ssdm_op_SpecInterface, i27 %p_outDataArray_0_1_0_0_02, void @ap_fifo_str, i32 0, i32 0, void @p_str, i32 0, i32 0, void @p_str, void @p_str, void @p_str, i32 2, i32 2, i32 16, i32 16, void @p_str, void @p_str"   --->   Operation 6 'specinterface' 'specinterface_ln0' <Predicate = true> <Delay = 0.00>
ST_1 : Operation 7 [1/1] (0.00ns)   --->   "%specinterface_ln0 = specinterface void @_ssdm_op_SpecInterface, i27 %p_outDataArray_0_1_0_0_0, void @ap_fifo_str, i32 0, i32 0, void @p_str, i32 0, i32 0, void @p_str, void @p_str, void @p_str, i32 2, i32 2, i32 16, i32 16, void @p_str, void @p_str"   --->   Operation 7 'specinterface' 'specinterface_ln0' <Predicate = true> <Delay = 0.00>
ST_1 : Operation 8 [1/1] (0.00ns)   --->   "%specinterface_ln0 = specinterface void @_ssdm_op_SpecInterface, i27 %p_outDataArray_0_0_0_0_01, void @ap_fifo_str, i32 0, i32 0, void @p_str, i32 0, i32 0, void @p_str, void @p_str, void @p_str, i32 2, i32 2, i32 16, i32 16, void @p_str, void @p_str"   --->   Operation 8 'specinterface' 'specinterface_ln0' <Predicate = true> <Delay = 0.00>
ST_1 : Operation 9 [1/1] (0.00ns)   --->   "%specinterface_ln0 = specinterface void @_ssdm_op_SpecInterface, i27 %p_outDataArray_0_0_0_0_0, void @ap_fifo_str, i32 0, i32 0, void @p_str, i32 0, i32 0, void @p_str, void @p_str, void @p_str, i32 2, i32 2, i32 16, i32 16, void @p_str, void @p_str"   --->   Operation 9 'specinterface' 'specinterface_ln0' <Predicate = true> <Delay = 0.00>
ST_1 : Operation 10 [1/1] (0.00ns)   --->   "%specmemcore_ln0 = specmemcore void @_ssdm_op_SpecMemCore, i27 %p_outDataArray_0_1_0_0_0, i27 %p_outDataArray_0_1_0_0_02, i64 666, i64 9, i64 18446744073709551615"   --->   Operation 10 'specmemcore' 'specmemcore_ln0' <Predicate = true> <Delay = 0.00>
ST_1 : Operation 11 [1/1] (0.00ns)   --->   "%specmemcore_ln0 = specmemcore void @_ssdm_op_SpecMemCore, i27 %p_outDataArray_0_0_0_0_0, i27 %p_outDataArray_0_0_0_0_01, i64 666, i64 9, i64 18446744073709551615"   --->   Operation 11 'specmemcore' 'specmemcore_ln0' <Predicate = true> <Delay = 0.00>
ST_1 : Operation 12 [1/1] (0.00ns)   --->   "%specmemcore_ln0 = specmemcore void @_ssdm_op_SpecMemCore, i128 %fftOutData_local, i64 666, i64 9, i64 18446744073709551615"   --->   Operation 12 'specmemcore' 'specmemcore_ln0' <Predicate = true> <Delay = 0.00>
ST_1 : Operation 13 [1/1] (0.00ns)   --->   "%specinterface_ln0 = specinterface void @_ssdm_op_SpecInterface, i128 %fftOutData_local, void @empty_0, i32 0, i32 0, void @empty_12, i32 0, i32 0, void @empty_12, void @empty_12, void @empty_12, i32 0, i32 0, i32 0, i32 0, void @empty_12, void @empty_12"   --->   Operation 13 'specinterface' 'specinterface_ln0' <Predicate = true> <Delay = 0.00>
ST_1 : Operation 14 [1/1] (0.42ns)   --->   "%store_ln222 = store i6 0, i6 %i" [../fixed/vitis_fft/hls_ssr_fft_fork_merge_utils.hpp:222]   --->   Operation 14 'store' 'store_ln222' <Predicate = true> <Delay = 0.42>
ST_1 : Operation 15 [1/1] (0.00ns)   --->   "%br_ln222 = br void %_ZN8ap_fixedILi27ELi14EL9ap_q_mode5EL9ap_o_mode3ELi0EEC2ILi28ELi15ELb1ELS0_5ELS1_3ELi0EEERK13ap_fixed_baseIXT_EXT0_EXT1_EXT2_EXT3_EXT4_EE.exit24" [../fixed/vitis_fft/hls_ssr_fft_fork_merge_utils.hpp:222]   --->   Operation 15 'br' 'br_ln222' <Predicate = true> <Delay = 0.00>
ST_1 : Operation 16 [1/1] (0.00ns)   --->   "%i_2 = load i6 %i" [../fixed/vitis_fft/hls_ssr_fft_fork_merge_utils.hpp:222]   --->   Operation 16 'load' 'i_2' <Predicate = true> <Delay = 0.00>
ST_1 : Operation 17 [1/1] (0.78ns)   --->   "%icmp_ln222 = icmp_eq  i6 %i_2, i6 32" [../fixed/vitis_fft/hls_ssr_fft_fork_merge_utils.hpp:222]   --->   Operation 17 'icmp' 'icmp_ln222' <Predicate = true> <Delay = 0.78> <CoreInst = "Cmp">   --->   Core 9 'Cmp' <Latency = 0> <II = 1> <Delay = 0.78> <FuncUnit> <Opcode : 'icmp'> <InPorts = 2> <OutPorts = 1>
ST_1 : Operation 18 [1/1] (0.00ns)   --->   "%empty = speclooptripcount i32 @_ssdm_op_SpecLoopTripCount, i64 32, i64 32, i64 32"   --->   Operation 18 'speclooptripcount' 'empty' <Predicate = true> <Delay = 0.00>
ST_1 : Operation 19 [1/1] (0.78ns)   --->   "%i_3 = add i6 %i_2, i6 1" [../fixed/vitis_fft/hls_ssr_fft_fork_merge_utils.hpp:222]   --->   Operation 19 'add' 'i_3' <Predicate = true> <Delay = 0.78> <CoreInst = "Adder">   --->   Core 1 'Adder' <Latency = 0> <II = 1> <Delay = 0.78> <FuncUnit> <Opcode : 'add' 'sub'> <InPorts = 2> <OutPorts = 1>
ST_1 : Operation 20 [1/1] (0.00ns)   --->   "%br_ln222 = br i1 %icmp_ln222, void %_ZN8ap_fixedILi27ELi14EL9ap_q_mode5EL9ap_o_mode3ELi0EEC2ILi28ELi15ELb1ELS0_5ELS1_3ELi0EEERK13ap_fixed_baseIXT_EXT0_EXT1_EXT2_EXT3_EXT4_EE.exit24.split, void" [../fixed/vitis_fft/hls_ssr_fft_fork_merge_utils.hpp:222]   --->   Operation 20 'br' 'br_ln222' <Predicate = true> <Delay = 0.00>
ST_1 : Operation 21 [1/1] (0.42ns)   --->   "%store_ln222 = store i6 %i_3, i6 %i" [../fixed/vitis_fft/hls_ssr_fft_fork_merge_utils.hpp:222]   --->   Operation 21 'store' 'store_ln222' <Predicate = (!icmp_ln222)> <Delay = 0.42>
ST_1 : Operation 32 [1/1] (0.00ns)   --->   "%ret_ln233 = ret" [../fixed/vitis_fft/hls_ssr_fft_fork_merge_utils.hpp:233]   --->   Operation 32 'ret' 'ret_ln233' <Predicate = (icmp_ln222)> <Delay = 0.00>

State 2 <SV = 1> <Delay = 3.86>
ST_2 : Operation 22 [1/1] (0.00ns)   --->   "%specpipeline_ln0 = specpipeline void @_ssdm_op_SpecPipeline, i32 1, i32 0, i32 0, i32 0, void @empty_12" [/opt/Xilinx/Vitis_HLS/2021.1/common/technology/autopilot/hls_stream_39.h:0]   --->   Operation 22 'specpipeline' 'specpipeline_ln0' <Predicate = true> <Delay = 0.00>
ST_2 : Operation 23 [1/1] (0.00ns)   --->   "%specloopname_ln0 = specloopname void @_ssdm_op_SpecLoopName, void @empty_3" [/opt/Xilinx/Vitis_HLS/2021.1/common/technology/autopilot/hls_stream_39.h:0]   --->   Operation 23 'specloopname' 'specloopname_ln0' <Predicate = true> <Delay = 0.00>
ST_2 : Operation 24 [1/1] (1.93ns)   --->   "%fftOutData_local_read = read i128 @_ssdm_op_Read.ap_fifo.volatile.i128P0A, i128 %fftOutData_local" [/opt/Xilinx/Vitis_HLS/2021.1/common/technology/autopilot/hls_stream_39.h:145]   --->   Operation 24 'read' 'fftOutData_local_read' <Predicate = true> <Delay = 1.93> <CoreInst = "FIFO_LUTRAM">   --->   Core 80 'FIFO_LUTRAM' <Latency = 0> <II = 1> <Delay = 1.93> <Storage> <Opcode : 'read' 'write' 'nbread' 'nbwrite'> <Ports = 0> <Width = 128> <Depth = 8> <FIFO>
ST_2 : Operation 25 [1/1] (0.00ns)   --->   "%t_V = trunc i128 %fftOutData_local_read" [/opt/Xilinx/Vitis_HLS/2021.1/common/technology/autopilot/hls_stream_39.h:145]   --->   Operation 25 'trunc' 't_V' <Predicate = true> <Delay = 0.00>
ST_2 : Operation 26 [1/1] (0.00ns)   --->   "%t_V_1 = partselect i27 @_ssdm_op_PartSelect.i27.i128.i32.i32, i128 %fftOutData_local_read, i32 32, i32 58" [/opt/Xilinx/Vitis_HLS/2021.1/common/technology/autopilot/hls_stream_39.h:145]   --->   Operation 26 'partselect' 't_V_1' <Predicate = true> <Delay = 0.00>
ST_2 : Operation 27 [1/1] (0.00ns)   --->   "%t_V_2 = partselect i27 @_ssdm_op_PartSelect.i27.i128.i32.i32, i128 %fftOutData_local_read, i32 64, i32 90" [/opt/Xilinx/Vitis_HLS/2021.1/common/technology/autopilot/hls_stream_39.h:145]   --->   Operation 27 'partselect' 't_V_2' <Predicate = true> <Delay = 0.00>
ST_2 : Operation 28 [1/1] (0.00ns)   --->   "%t_V_3 = partselect i27 @_ssdm_op_PartSelect.i27.i128.i32.i32, i128 %fftOutData_local_read, i32 96, i32 122" [/opt/Xilinx/Vitis_HLS/2021.1/common/technology/autopilot/hls_stream_39.h:145]   --->   Operation 28 'partselect' 't_V_3' <Predicate = true> <Delay = 0.00>
ST_2 : Operation 29 [1/1] (1.93ns)   --->   "%write_ln174 = write void @_ssdm_op_Write.ap_fifo.volatile.i27P0A.i27P0A, i27 %p_outDataArray_0_0_0_0_0, i27 %p_outDataArray_0_1_0_0_0, i27 %t_V, i27 %t_V_1" [/opt/Xilinx/Vitis_HLS/2021.1/common/technology/autopilot/hls_stream_39.h:174]   --->   Operation 29 'write' 'write_ln174' <Predicate = true> <Delay = 1.93> <CoreInst = "FIFO_LUTRAM">   --->   Core 80 'FIFO_LUTRAM' <Latency = 0> <II = 1> <Delay = 1.93> <Storage> <Opcode : 'read' 'write' 'nbread' 'nbwrite'> <Ports = 0> <Width = 27> <Depth = 8> <FIFO>
ST_2 : Operation 30 [1/1] (1.93ns)   --->   "%write_ln174 = write void @_ssdm_op_Write.ap_fifo.volatile.i27P0A.i27P0A, i27 %p_outDataArray_0_0_0_0_01, i27 %p_outDataArray_0_1_0_0_02, i27 %t_V_2, i27 %t_V_3" [/opt/Xilinx/Vitis_HLS/2021.1/common/technology/autopilot/hls_stream_39.h:174]   --->   Operation 30 'write' 'write_ln174' <Predicate = true> <Delay = 1.93> <CoreInst = "FIFO_LUTRAM">   --->   Core 80 'FIFO_LUTRAM' <Latency = 0> <II = 1> <Delay = 1.93> <Storage> <Opcode : 'read' 'write' 'nbread' 'nbwrite'> <Ports = 0> <Width = 27> <Depth = 8> <FIFO>
ST_2 : Operation 31 [1/1] (0.00ns)   --->   "%br_ln0 = br void %_ZN8ap_fixedILi27ELi14EL9ap_q_mode5EL9ap_o_mode3ELi0EEC2ILi28ELi15ELb1ELS0_5ELS1_3ELi0EEERK13ap_fixed_baseIXT_EXT0_EXT1_EXT2_EXT3_EXT4_EE.exit24"   --->   Operation 31 'br' 'br_ln0' <Predicate = true> <Delay = 0.00>


============================================================
+ Verbose Summary: Binding
============================================================
STG Binding: 
---------------- STG Properties BEGIN ----------------
- Is combinational: 0
- Is one-state seq: 0
- Is datapath-only: 0
- Is pipelined: 0
- Is top level: 0
Port [ Return ] is wired: 1; IO mode=ap_ctrl_hs:ce=0
Port [ fftOutData_local]:  wired=1; compound=1; hidden=0; nouse=0; global=0; static=0; extern=0; dir=0; type=3; pingpong=0; private_global=0; IO mode=ap_fifo:ce=0
Port [ p_outDataArray_0_0_0_0_0]:  wired=1; compound=1; hidden=0; nouse=0; global=0; static=0; extern=0; dir=1; type=3; pingpong=0; private_global=0; IO mode=ap_fifo:ce=0
Port [ p_outDataArray_0_0_0_0_01]:  wired=1; compound=1; hidden=0; nouse=0; global=0; static=0; extern=0; dir=1; type=3; pingpong=0; private_global=0; IO mode=ap_fifo:ce=0
Port [ p_outDataArray_0_1_0_0_0]:  wired=1; compound=1; hidden=0; nouse=0; global=0; static=0; extern=0; dir=1; type=3; pingpong=0; private_global=0; IO mode=ap_fifo:ce=0
Port [ p_outDataArray_0_1_0_0_02]:  wired=1; compound=1; hidden=0; nouse=0; global=0; static=0; extern=0; dir=1; type=3; pingpong=0; private_global=0; IO mode=ap_fifo:ce=0
---------------- STG Properties END ------------------

---------------- Datapath Model BEGIN ----------------

<LifeTime>
<method=bitvector/>
i                     (alloca           ) [ 010]
specinterface_ln0     (specinterface    ) [ 000]
specinterface_ln0     (specinterface    ) [ 000]
specinterface_ln0     (specinterface    ) [ 000]
specinterface_ln0     (specinterface    ) [ 000]
specmemcore_ln0       (specmemcore      ) [ 000]
specmemcore_ln0       (specmemcore      ) [ 000]
specmemcore_ln0       (specmemcore      ) [ 000]
specinterface_ln0     (specinterface    ) [ 000]
store_ln222           (store            ) [ 000]
br_ln222              (br               ) [ 000]
i_2                   (load             ) [ 000]
icmp_ln222            (icmp             ) [ 010]
empty                 (speclooptripcount) [ 000]
i_3                   (add              ) [ 000]
br_ln222              (br               ) [ 000]
store_ln222           (store            ) [ 000]
specpipeline_ln0      (specpipeline     ) [ 000]
specloopname_ln0      (specloopname     ) [ 000]
fftOutData_local_read (read             ) [ 000]
t_V                   (trunc            ) [ 000]
t_V_1                 (partselect       ) [ 000]
t_V_2                 (partselect       ) [ 000]
t_V_3                 (partselect       ) [ 000]
write_ln174           (write            ) [ 000]
write_ln174           (write            ) [ 000]
br_ln0                (br               ) [ 000]
ret_ln233             (ret              ) [ 000]
</LifeTime>

<model>

<comp_list>
<comp id="0" class="1000" name="fftOutData_local">
<pin_list>
<pin id="1" dir="1" index="0" bw="1" slack="0"/>
</pin_list>
<bind>
<StgValue><ssdm name="fftOutData_local"/></StgValue>
</bind>
</comp>

<comp id="2" class="1000" name="p_outDataArray_0_0_0_0_0">
<pin_list>
<pin id="3" dir="1" index="0" bw="1" slack="0"/>
</pin_list>
<bind>
<StgValue><ssdm name="p_outDataArray_0_0_0_0_0"/></StgValue>
</bind>
</comp>

<comp id="4" class="1000" name="p_outDataArray_0_0_0_0_01">
<pin_list>
<pin id="5" dir="1" index="0" bw="1" slack="0"/>
</pin_list>
<bind>
<StgValue><ssdm name="p_outDataArray_0_0_0_0_01"/></StgValue>
</bind>
</comp>

<comp id="6" class="1000" name="p_outDataArray_0_1_0_0_0">
<pin_list>
<pin id="7" dir="1" index="0" bw="1" slack="0"/>
</pin_list>
<bind>
<StgValue><ssdm name="p_outDataArray_0_1_0_0_0"/></StgValue>
</bind>
</comp>

<comp id="8" class="1000" name="p_outDataArray_0_1_0_0_02">
<pin_list>
<pin id="9" dir="1" index="0" bw="1" slack="0"/>
</pin_list>
<bind>
<StgValue><ssdm name="p_outDataArray_0_1_0_0_02"/></StgValue>
</bind>
</comp>

<comp id="10" class="1001" name="const_10">
<pin_list>
<pin id="11" dir="1" index="0" bw="1" slack="0"/>
</pin_list>
<bind>
<StgValue><ssdm name=""/></StgValue>
</bind>
</comp>

<comp id="12" class="1001" name="const_12">
<pin_list>
<pin id="13" dir="1" index="0" bw="1" slack="2147483647"/>
</pin_list>
<bind>
<StgValue><ssdm name="_ssdm_op_SpecInterface"/></StgValue>
</bind>
</comp>

<comp id="14" class="1001" name="const_14">
<pin_list>
<pin id="15" dir="1" index="0" bw="1" slack="2147483647"/>
</pin_list>
<bind>
<StgValue><ssdm name="ap_fifo_str"/></StgValue>
</bind>
</comp>

<comp id="16" class="1001" name="const_16">
<pin_list>
<pin id="17" dir="1" index="0" bw="1" slack="2147483647"/>
</pin_list>
<bind>
<StgValue><ssdm name=""/></StgValue>
</bind>
</comp>

<comp id="18" class="1001" name="const_18">
<pin_list>
<pin id="19" dir="1" index="0" bw="1" slack="2147483647"/>
</pin_list>
<bind>
<StgValue><ssdm name="p_str"/></StgValue>
</bind>
</comp>

<comp id="20" class="1001" name="const_20">
<pin_list>
<pin id="21" dir="1" index="0" bw="1" slack="2147483647"/>
</pin_list>
<bind>
<StgValue><ssdm name=""/></StgValue>
</bind>
</comp>

<comp id="22" class="1001" name="const_22">
<pin_list>
<pin id="23" dir="1" index="0" bw="1" slack="2147483647"/>
</pin_list>
<bind>
<StgValue><ssdm name=""/></StgValue>
</bind>
</comp>

<comp id="24" class="1001" name="const_24">
<pin_list>
<pin id="25" dir="1" index="0" bw="1" slack="2147483647"/>
</pin_list>
<bind>
<StgValue><ssdm name="_ssdm_op_SpecMemCore"/></StgValue>
</bind>
</comp>

<comp id="26" class="1001" name="const_26">
<pin_list>
<pin id="27" dir="1" index="0" bw="1" slack="2147483647"/>
</pin_list>
<bind>
<StgValue><ssdm name=""/></StgValue>
</bind>
</comp>

<comp id="28" class="1001" name="const_28">
<pin_list>
<pin id="29" dir="1" index="0" bw="1" slack="2147483647"/>
</pin_list>
<bind>
<StgValue><ssdm name=""/></StgValue>
</bind>
</comp>

<comp id="30" class="1001" name="const_30">
<pin_list>
<pin id="31" dir="1" index="0" bw="1" slack="2147483647"/>
</pin_list>
<bind>
<StgValue><ssdm name=""/></StgValue>
</bind>
</comp>

<comp id="32" class="1001" name="const_32">
<pin_list>
<pin id="33" dir="1" index="0" bw="1" slack="2147483647"/>
</pin_list>
<bind>
<StgValue><ssdm name="empty_0"/></StgValue>
</bind>
</comp>

<comp id="34" class="1001" name="const_34">
<pin_list>
<pin id="35" dir="1" index="0" bw="1" slack="2147483647"/>
</pin_list>
<bind>
<StgValue><ssdm name="empty_12"/></StgValue>
</bind>
</comp>

<comp id="36" class="1001" name="const_36">
<pin_list>
<pin id="37" dir="1" index="0" bw="1" slack="0"/>
</pin_list>
<bind>
<StgValue><ssdm name=""/></StgValue>
</bind>
</comp>

<comp id="38" class="1001" name="const_38">
<pin_list>
<pin id="39" dir="1" index="0" bw="1" slack="0"/>
</pin_list>
<bind>
<StgValue><ssdm name=""/></StgValue>
</bind>
</comp>

<comp id="40" class="1001" name="const_40">
<pin_list>
<pin id="41" dir="1" index="0" bw="1" slack="2147483647"/>
</pin_list>
<bind>
<StgValue><ssdm name="_ssdm_op_SpecLoopTripCount"/></StgValue>
</bind>
</comp>

<comp id="42" class="1001" name="const_42">
<pin_list>
<pin id="43" dir="1" index="0" bw="1" slack="2147483647"/>
</pin_list>
<bind>
<StgValue><ssdm name=""/></StgValue>
</bind>
</comp>

<comp id="44" class="1001" name="const_44">
<pin_list>
<pin id="45" dir="1" index="0" bw="1" slack="0"/>
</pin_list>
<bind>
<StgValue><ssdm name=""/></StgValue>
</bind>
</comp>

<comp id="46" class="1001" name="const_46">
<pin_list>
<pin id="47" dir="1" index="0" bw="1" slack="2147483647"/>
</pin_list>
<bind>
<StgValue><ssdm name="_ssdm_op_SpecPipeline"/></StgValue>
</bind>
</comp>

<comp id="48" class="1001" name="const_48">
<pin_list>
<pin id="49" dir="1" index="0" bw="1" slack="2147483647"/>
</pin_list>
<bind>
<StgValue><ssdm name="_ssdm_op_SpecLoopName"/></StgValue>
</bind>
</comp>

<comp id="50" class="1001" name="const_50">
<pin_list>
<pin id="51" dir="1" index="0" bw="1" slack="2147483647"/>
</pin_list>
<bind>
<StgValue><ssdm name="empty_3"/></StgValue>
</bind>
</comp>

<comp id="52" class="1001" name="const_52">
<pin_list>
<pin id="53" dir="1" index="0" bw="1" slack="0"/>
</pin_list>
<bind>
<StgValue><ssdm name="_ssdm_op_Read.ap_fifo.volatile.i128P0A"/></StgValue>
</bind>
</comp>

<comp id="54" class="1001" name="const_54">
<pin_list>
<pin id="55" dir="1" index="0" bw="1" slack="0"/>
</pin_list>
<bind>
<StgValue><ssdm name="_ssdm_op_PartSelect.i27.i128.i32.i32"/></StgValue>
</bind>
</comp>

<comp id="56" class="1001" name="const_56">
<pin_list>
<pin id="57" dir="1" index="0" bw="1" slack="0"/>
</pin_list>
<bind>
<StgValue><ssdm name=""/></StgValue>
</bind>
</comp>

<comp id="58" class="1001" name="const_58">
<pin_list>
<pin id="59" dir="1" index="0" bw="1" slack="0"/>
</pin_list>
<bind>
<StgValue><ssdm name=""/></StgValue>
</bind>
</comp>

<comp id="60" class="1001" name="const_60">
<pin_list>
<pin id="61" dir="1" index="0" bw="1" slack="0"/>
</pin_list>
<bind>
<StgValue><ssdm name=""/></StgValue>
</bind>
</comp>

<comp id="62" class="1001" name="const_62">
<pin_list>
<pin id="63" dir="1" index="0" bw="1" slack="0"/>
</pin_list>
<bind>
<StgValue><ssdm name=""/></StgValue>
</bind>
</comp>

<comp id="64" class="1001" name="const_64">
<pin_list>
<pin id="65" dir="1" index="0" bw="1" slack="0"/>
</pin_list>
<bind>
<StgValue><ssdm name=""/></StgValue>
</bind>
</comp>

<comp id="66" class="1001" name="const_66">
<pin_list>
<pin id="67" dir="1" index="0" bw="1" slack="0"/>
</pin_list>
<bind>
<StgValue><ssdm name=""/></StgValue>
</bind>
</comp>

<comp id="68" class="1001" name="const_68">
<pin_list>
<pin id="69" dir="1" index="0" bw="1" slack="0"/>
</pin_list>
<bind>
<StgValue><ssdm name="_ssdm_op_Write.ap_fifo.volatile.i27P0A.i27P0A"/></StgValue>
</bind>
</comp>

<comp id="70" class="1004" name="i_fu_70">
<pin_list>
<pin id="71" dir="0" index="0" bw="1" slack="0"/>
<pin id="72" dir="1" index="1" bw="6" slack="0"/>
</pin_list>
<bind>
<opcode="alloca(26) " fcode="alloca"/>
<opset="i/1 "/>
</bind>
</comp>

<comp id="74" class="1004" name="fftOutData_local_read_read_fu_74">
<pin_list>
<pin id="75" dir="0" index="0" bw="128" slack="0"/>
<pin id="76" dir="0" index="1" bw="128" slack="0"/>
<pin id="77" dir="1" index="2" bw="128" slack="0"/>
</pin_list>
<bind>
<opcode="read(1150) " fcode="read"/>
<opset="fftOutData_local_read/2 "/>
</bind>
</comp>

<comp id="80" class="1004" name="write_ln174_write_fu_80">
<pin_list>
<pin id="81" dir="0" index="0" bw="0" slack="0"/>
<pin id="82" dir="0" index="1" bw="27" slack="0"/>
<pin id="83" dir="0" index="2" bw="27" slack="0"/>
<pin id="84" dir="0" index="3" bw="27" slack="0"/>
<pin id="85" dir="0" index="4" bw="27" slack="0"/>
<pin id="86" dir="1" index="5" bw="0" slack="2147483647"/>
</pin_list>
<bind>
<opcode="write(1151) " fcode="write"/>
<opset="write_ln174/2 "/>
</bind>
</comp>

<comp id="90" class="1004" name="write_ln174_write_fu_90">
<pin_list>
<pin id="91" dir="0" index="0" bw="0" slack="0"/>
<pin id="92" dir="0" index="1" bw="27" slack="0"/>
<pin id="93" dir="0" index="2" bw="27" slack="0"/>
<pin id="94" dir="0" index="3" bw="27" slack="0"/>
<pin id="95" dir="0" index="4" bw="27" slack="0"/>
<pin id="96" dir="1" index="5" bw="0" slack="2147483647"/>
</pin_list>
<bind>
<opcode="write(1151) " fcode="write"/>
<opset="write_ln174/2 "/>
</bind>
</comp>

<comp id="100" class="1004" name="store_ln222_store_fu_100">
<pin_list>
<pin id="101" dir="0" index="0" bw="1" slack="0"/>
<pin id="102" dir="0" index="1" bw="6" slack="0"/>
<pin id="103" dir="1" index="2" bw="0" slack="2147483647"/>
</pin_list>
<bind>
<opcode="store(28) " fcode="store"/>
<opset="store_ln222/1 "/>
</bind>
</comp>

<comp id="105" class="1004" name="i_2_load_fu_105">
<pin_list>
<pin id="106" dir="0" index="0" bw="6" slack="0"/>
<pin id="107" dir="1" index="1" bw="6" slack="0"/>
</pin_list>
<bind>
<opcode="load(27) " fcode="load"/>
<opset="i_2/1 "/>
</bind>
</comp>

<comp id="108" class="1004" name="icmp_ln222_fu_108">
<pin_list>
<pin id="109" dir="0" index="0" bw="6" slack="0"/>
<pin id="110" dir="0" index="1" bw="6" slack="0"/>
<pin id="111" dir="1" index="2" bw="1" slack="2147483647"/>
</pin_list>
<bind>
<opcode="icmp(45) " fcode="icmp"/>
<opset="icmp_ln222/1 "/>
</bind>
</comp>

<comp id="114" class="1004" name="i_3_fu_114">
<pin_list>
<pin id="115" dir="0" index="0" bw="6" slack="0"/>
<pin id="116" dir="0" index="1" bw="1" slack="0"/>
<pin id="117" dir="1" index="2" bw="6" slack="0"/>
</pin_list>
<bind>
<opcode="add(8) " fcode="add"/>
<opset="i_3/1 "/>
</bind>
</comp>

<comp id="120" class="1004" name="store_ln222_store_fu_120">
<pin_list>
<pin id="121" dir="0" index="0" bw="6" slack="0"/>
<pin id="122" dir="0" index="1" bw="6" slack="0"/>
<pin id="123" dir="1" index="2" bw="0" slack="2147483647"/>
</pin_list>
<bind>
<opcode="store(28) " fcode="store"/>
<opset="store_ln222/1 "/>
</bind>
</comp>

<comp id="125" class="1004" name="t_V_fu_125">
<pin_list>
<pin id="126" dir="0" index="0" bw="128" slack="0"/>
<pin id="127" dir="1" index="1" bw="27" slack="0"/>
</pin_list>
<bind>
<opcode="trunc(33) " fcode="trunc"/>
<opset="t_V/2 "/>
</bind>
</comp>

<comp id="130" class="1004" name="t_V_1_fu_130">
<pin_list>
<pin id="131" dir="0" index="0" bw="27" slack="0"/>
<pin id="132" dir="0" index="1" bw="128" slack="0"/>
<pin id="133" dir="0" index="2" bw="7" slack="0"/>
<pin id="134" dir="0" index="3" bw="7" slack="0"/>
<pin id="135" dir="1" index="4" bw="27" slack="0"/>
</pin_list>
<bind>
<opcode="partselect(1002) " fcode="partselect"/>
<opset="t_V_1/2 "/>
</bind>
</comp>

<comp id="141" class="1004" name="t_V_2_fu_141">
<pin_list>
<pin id="142" dir="0" index="0" bw="27" slack="0"/>
<pin id="143" dir="0" index="1" bw="128" slack="0"/>
<pin id="144" dir="0" index="2" bw="8" slack="0"/>
<pin id="145" dir="0" index="3" bw="8" slack="0"/>
<pin id="146" dir="1" index="4" bw="27" slack="0"/>
</pin_list>
<bind>
<opcode="partselect(1002) " fcode="partselect"/>
<opset="t_V_2/2 "/>
</bind>
</comp>

<comp id="152" class="1004" name="t_V_3_fu_152">
<pin_list>
<pin id="153" dir="0" index="0" bw="27" slack="0"/>
<pin id="154" dir="0" index="1" bw="128" slack="0"/>
<pin id="155" dir="0" index="2" bw="8" slack="0"/>
<pin id="156" dir="0" index="3" bw="8" slack="0"/>
<pin id="157" dir="1" index="4" bw="27" slack="0"/>
</pin_list>
<bind>
<opcode="partselect(1002) " fcode="partselect"/>
<opset="t_V_3/2 "/>
</bind>
</comp>

<comp id="163" class="1005" name="i_reg_163">
<pin_list>
<pin id="164" dir="0" index="0" bw="6" slack="0"/>
<pin id="165" dir="1" index="1" bw="6" slack="0"/>
</pin_list>
<bind>
<opset="i "/>
</bind>
</comp>

</comp_list>

<net_list>
<net id="73"><net_src comp="10" pin="0"/><net_sink comp="70" pin=0"/></net>

<net id="78"><net_src comp="52" pin="0"/><net_sink comp="74" pin=0"/></net>

<net id="79"><net_src comp="0" pin="0"/><net_sink comp="74" pin=1"/></net>

<net id="87"><net_src comp="68" pin="0"/><net_sink comp="80" pin=0"/></net>

<net id="88"><net_src comp="2" pin="0"/><net_sink comp="80" pin=1"/></net>

<net id="89"><net_src comp="6" pin="0"/><net_sink comp="80" pin=2"/></net>

<net id="97"><net_src comp="68" pin="0"/><net_sink comp="90" pin=0"/></net>

<net id="98"><net_src comp="4" pin="0"/><net_sink comp="90" pin=1"/></net>

<net id="99"><net_src comp="8" pin="0"/><net_sink comp="90" pin=2"/></net>

<net id="104"><net_src comp="36" pin="0"/><net_sink comp="100" pin=0"/></net>

<net id="112"><net_src comp="105" pin="1"/><net_sink comp="108" pin=0"/></net>

<net id="113"><net_src comp="38" pin="0"/><net_sink comp="108" pin=1"/></net>

<net id="118"><net_src comp="105" pin="1"/><net_sink comp="114" pin=0"/></net>

<net id="119"><net_src comp="44" pin="0"/><net_sink comp="114" pin=1"/></net>

<net id="124"><net_src comp="114" pin="2"/><net_sink comp="120" pin=0"/></net>

<net id="128"><net_src comp="74" pin="2"/><net_sink comp="125" pin=0"/></net>

<net id="129"><net_src comp="125" pin="1"/><net_sink comp="80" pin=3"/></net>

<net id="136"><net_src comp="54" pin="0"/><net_sink comp="130" pin=0"/></net>

<net id="137"><net_src comp="74" pin="2"/><net_sink comp="130" pin=1"/></net>

<net id="138"><net_src comp="56" pin="0"/><net_sink comp="130" pin=2"/></net>

<net id="139"><net_src comp="58" pin="0"/><net_sink comp="130" pin=3"/></net>

<net id="140"><net_src comp="130" pin="4"/><net_sink comp="80" pin=4"/></net>

<net id="147"><net_src comp="54" pin="0"/><net_sink comp="141" pin=0"/></net>

<net id="148"><net_src comp="74" pin="2"/><net_sink comp="141" pin=1"/></net>

<net id="149"><net_src comp="60" pin="0"/><net_sink comp="141" pin=2"/></net>

<net id="150"><net_src comp="62" pin="0"/><net_sink comp="141" pin=3"/></net>

<net id="151"><net_src comp="141" pin="4"/><net_sink comp="90" pin=3"/></net>

<net id="158"><net_src comp="54" pin="0"/><net_sink comp="152" pin=0"/></net>

<net id="159"><net_src comp="74" pin="2"/><net_sink comp="152" pin=1"/></net>

<net id="160"><net_src comp="64" pin="0"/><net_sink comp="152" pin=2"/></net>

<net id="161"><net_src comp="66" pin="0"/><net_sink comp="152" pin=3"/></net>

<net id="162"><net_src comp="152" pin="4"/><net_sink comp="90" pin=4"/></net>

<net id="166"><net_src comp="70" pin="1"/><net_sink comp="163" pin=0"/></net>

<net id="167"><net_src comp="163" pin="1"/><net_sink comp="100" pin=1"/></net>

<net id="168"><net_src comp="163" pin="1"/><net_sink comp="105" pin=0"/></net>

<net id="169"><net_src comp="163" pin="1"/><net_sink comp="120" pin=1"/></net>

</net_list>

</model> 
---------------- Datapath Model END ------------------

* FSMD analyzer results:
  - Output states:
	Port: p_outDataArray_0_0_0_0_0 | {2 }
	Port: p_outDataArray_0_0_0_0_01 | {2 }
	Port: p_outDataArray_0_1_0_0_0 | {2 }
	Port: p_outDataArray_0_1_0_0_02 | {2 }
 - Input state : 
	Port: convertSuperStreamToArrayNScale<1, 0, 50000, 64, 2, complex<ap_fixed<27, 14, 5, 3, 0> >, complex<ap_fixed<27, 14, 5, 3, 0> > > : fftOutData_local | {2 }
  - Chain level:
	State 1
		store_ln222 : 1
		i_2 : 1
		icmp_ln222 : 2
		i_3 : 2
		br_ln222 : 3
		store_ln222 : 3
	State 2
		write_ln174 : 1
		write_ln174 : 1


============================================================
+ Verbose Summary: Datapath Resource usage 
============================================================

* Functional unit list:
|----------|----------------------------------|---------|---------|
| Operation|          Functional Unit         |    FF   |   LUT   |
|----------|----------------------------------|---------|---------|
|    add   |            i_3_fu_114            |    0    |    13   |
|----------|----------------------------------|---------|---------|
|   icmp   |         icmp_ln222_fu_108        |    0    |    10   |
|----------|----------------------------------|---------|---------|
|   read   | fftOutData_local_read_read_fu_74 |    0    |    0    |
|----------|----------------------------------|---------|---------|
|   write  |      write_ln174_write_fu_80     |    0    |    0    |
|          |      write_ln174_write_fu_90     |    0    |    0    |
|----------|----------------------------------|---------|---------|
|   trunc  |            t_V_fu_125            |    0    |    0    |
|----------|----------------------------------|---------|---------|
|          |           t_V_1_fu_130           |    0    |    0    |
|partselect|           t_V_2_fu_141           |    0    |    0    |
|          |           t_V_3_fu_152           |    0    |    0    |
|----------|----------------------------------|---------|---------|
|   Total  |                                  |    0    |    23   |
|----------|----------------------------------|---------|---------|

Memories:
N/A

* Register list:
+---------+--------+
|         |   FF   |
+---------+--------+
|i_reg_163|    6   |
+---------+--------+
|  Total  |    6   |
+---------+--------+

* Multiplexer (MUX) list: 
|--------|------|------|------|--------|
|  Comp  |  Pin | Size |  BW  | S x BW |
|--------|------|------|------|--------|
|  Total |      |      |      |    0   |
|--------|------|------|------|--------|



* Summary:
+-----------+--------+--------+
|           |   FF   |   LUT  |
+-----------+--------+--------+
|  Function |    0   |   23   |
|   Memory  |    -   |    -   |
|Multiplexer|    -   |    -   |
|  Register |    6   |    -   |
+-----------+--------+--------+
|   Total   |    6   |   23   |
+-----------+--------+--------+
