

================================================================
== Vitis HLS Report for 'innerFFT_64_2_1_1_0_0_0_complex_ap_fixed_16_3_5_3_0_complex_ap_fixed_16_3_5_3_0_complex_ap_fixed_22_7_5_3_0_complex_ap_fixed_27_14_5_3_0_s'
================================================================
* Date:           Mon Nov 28 17:11:19 2022

* Version:        2021.1 (Build 3247384 on Thu Jun 10 19:36:07 MDT 2021)
* Project:        project
* Solution:       solution1 (Vivado IP Flow Target)
* Product family: zynquplus
* Target device:  xck26-sfvc784-2LV-c


================================================================
== Performance Estimates
================================================================
+ Timing: 
    * Summary: 
    +--------+----------+----------+------------+
    |  Clock |  Target  | Estimated| Uncertainty|
    +--------+----------+----------+------------+
    |ap_clk  |  20.00 ns|  4.465 ns|     5.40 ns|
    +--------+----------+----------+------------+

+ Latency: 
    * Summary: 
    +---------+---------+----------+----------+-----+-----+----------+
    |  Latency (cycles) |  Latency (absolute) |  Interval | Pipeline |
    |   min   |   max   |    min   |    max   | min | max |   Type   |
    +---------+---------+----------+----------+-----+-----+----------+
    |        ?|        ?|         ?|         ?|    ?|    ?|  dataflow|
    +---------+---------+----------+----------+-----+-----+----------+

    + Detail: 
        * Instance: 
        N/A

        * Loop: 
        N/A

============================================================
+ Verbose Summary: Synthesis Manager
============================================================
InlineROM: 1
ExposeGlobal: 0
============================================================
+ Verbose Summary: CDFG Model
============================================================
IsTopModel: 0
ResetActiveHigh: 1
IsCombinational: 2
IsDatapathOnly: 0
HasWiredReturn: 1
HasMFsm: 0
HasVarLatency: 1
IsPipeline: 0
IsRtlPipelined: 0
IsInstanceOverlapped: 0
IsDontTouch: 0
HasImplIP: 0
IsGatedGlobalClock: 0


============================================================
+ Verbose Summary: Schedule
============================================================
* Number of FSM states : 6
* Pipeline : 0
* Dataflow Pipeline: 1
  DF-Pipeline-0: Size = 6, States = { 1 2 3 4 5 6 }

* FSM state transitions: 
1 --> 2 
2 --> 3 
3 --> 4 
4 --> 5 
5 --> 6 
6 --> 

* FSM state operations: 

State 1 <SV = 0> <Delay = 0.00>
ST_1 : Operation 7 [1/1] (0.00ns)   --->   "%p_fftInData_reOrdered = alloca i64 1" [../fixed/vitis_fft/hls_ssr_fft.hpp:2564]   --->   Operation 7 'alloca' 'p_fftInData_reOrdered' <Predicate = true> <Delay = 0.00> <CoreInst = "FIFO_LUTRAM">   --->   Core 80 'FIFO_LUTRAM' <Latency = 0> <II = 1> <Delay = 1.93> <Storage> <Opcode : 'read' 'write' 'nbread' 'nbwrite'> <Ports = 0> <Width = 128> <Depth = 8> <FIFO>
ST_1 : Operation 8 [1/1] (0.00ns)   --->   "%casted_output = alloca i64 1" [../fixed/vitis_fft/hls_ssr_fft.hpp:2568]   --->   Operation 8 'alloca' 'casted_output' <Predicate = true> <Delay = 0.00> <CoreInst = "FIFO_LUTRAM">   --->   Core 80 'FIFO_LUTRAM' <Latency = 0> <II = 1> <Delay = 1.93> <Storage> <Opcode : 'read' 'write' 'nbread' 'nbwrite'> <Ports = 0> <Width = 128> <Depth = 8> <FIFO>
ST_1 : Operation 9 [2/2] (0.00ns)   --->   "%call_ln2573 = call void @castArrayS2Streaming<64, 2, complex<ap_fixed<22, 7, 5, 3, 0> >, complex<ap_fixed<22, 7, 5, 3, 0> > >, i22 %p_fftInData_0_0_0_0_0, i22 %p_fftInData_0_0_0_0_01, i22 %p_fftInData_0_1_0_0_0, i22 %p_fftInData_0_1_0_0_02, i128 %casted_output" [../fixed/vitis_fft/hls_ssr_fft.hpp:2573]   --->   Operation 9 'call' 'call_ln2573' <Predicate = true> <Delay = 0.00> <CoreType = "Generic">   --->   Core 0 '' <Latency = 0> <II = 1> <Delay = 1.00> <Generic> <Opcode : >

State 2 <SV = 1> <Delay = 0.00>
ST_2 : Operation 10 [1/2] (0.00ns)   --->   "%call_ln2573 = call void @castArrayS2Streaming<64, 2, complex<ap_fixed<22, 7, 5, 3, 0> >, complex<ap_fixed<22, 7, 5, 3, 0> > >, i22 %p_fftInData_0_0_0_0_0, i22 %p_fftInData_0_0_0_0_01, i22 %p_fftInData_0_1_0_0_0, i22 %p_fftInData_0_1_0_0_02, i128 %casted_output" [../fixed/vitis_fft/hls_ssr_fft.hpp:2573]   --->   Operation 10 'call' 'call_ln2573' <Predicate = true> <Delay = 0.00> <CoreType = "Generic">   --->   Core 0 '' <Latency = 0> <II = 1> <Delay = 1.00> <Generic> <Opcode : >

State 3 <SV = 2> <Delay = 0.00>
ST_3 : Operation 11 [2/2] (0.00ns)   --->   "%call_ln2580 = call void @swap<complex<ap_fixed<22, 7, 5, 3, 0> > >, i128 %casted_output, i128 %p_fftInData_reOrdered, i1 %control_count_V_4, i1 %control_bits_V_4, i5 %sample_in_read_count_V_4, i1 %delay_line_stall_4, i45 %delayline_Array_18, i32 %control_delayline_Array_4, i45 %delayline_Array_17, i1 %control_count_V_6, i1 %control_bits_V_6, i1 %pf_count_V_4, i5 %sample_in_read_count_V_6, i1 %delay_line_stall_6, i45 %delayline_Array_4, i32 %control_delayline_Array_6, i45 %delayline_Array_3, i1 %control_count_V_8, i1 %control_bits_V_8, i2 %pf_count_V_6, i5 %sample_in_read_count_V_8, i1 %delay_line_stall_8, i45 %delayline_Array_8, i32 %control_delayline_Array_8, i45 %delayline_Array_7, i1 %control_count_V_1, i1 %control_bits_V_1, i3 %pf_count_V_1, i5 %sample_in_read_count_V_1, i1 %delay_line_stall_1, i45 %delayline_Array_12, i32 %control_delayline_Array_1, i45 %delayline_Array_11, i1 %control_count_V_3, i1 %control_bits_V_3, i4 %pf_count_V_2, i5 %sample_in_read_count_V_3, i1 %delay_line_stall_3, i45 %delayline_Array_16, i32 %control_delayline_Array_3, i45 %delayline_Array_15" [../fixed/vitis_fft/hls_ssr_fft.hpp:2580]   --->   Operation 11 'call' 'call_ln2580' <Predicate = true> <Delay = 0.00> <CoreType = "Generic">   --->   Core 0 '' <Latency = 0> <II = 1> <Delay = 1.00> <Generic> <Opcode : >

State 4 <SV = 3> <Delay = 0.00>
ST_4 : Operation 12 [1/2] (0.00ns)   --->   "%call_ln2580 = call void @swap<complex<ap_fixed<22, 7, 5, 3, 0> > >, i128 %casted_output, i128 %p_fftInData_reOrdered, i1 %control_count_V_4, i1 %control_bits_V_4, i5 %sample_in_read_count_V_4, i1 %delay_line_stall_4, i45 %delayline_Array_18, i32 %control_delayline_Array_4, i45 %delayline_Array_17, i1 %control_count_V_6, i1 %control_bits_V_6, i1 %pf_count_V_4, i5 %sample_in_read_count_V_6, i1 %delay_line_stall_6, i45 %delayline_Array_4, i32 %control_delayline_Array_6, i45 %delayline_Array_3, i1 %control_count_V_8, i1 %control_bits_V_8, i2 %pf_count_V_6, i5 %sample_in_read_count_V_8, i1 %delay_line_stall_8, i45 %delayline_Array_8, i32 %control_delayline_Array_8, i45 %delayline_Array_7, i1 %control_count_V_1, i1 %control_bits_V_1, i3 %pf_count_V_1, i5 %sample_in_read_count_V_1, i1 %delay_line_stall_1, i45 %delayline_Array_12, i32 %control_delayline_Array_1, i45 %delayline_Array_11, i1 %control_count_V_3, i1 %control_bits_V_3, i4 %pf_count_V_2, i5 %sample_in_read_count_V_3, i1 %delay_line_stall_3, i45 %delayline_Array_16, i32 %control_delayline_Array_3, i45 %delayline_Array_15" [../fixed/vitis_fft/hls_ssr_fft.hpp:2580]   --->   Operation 12 'call' 'call_ln2580' <Predicate = true> <Delay = 0.00> <CoreType = "Generic">   --->   Core 0 '' <Latency = 0> <II = 1> <Delay = 1.00> <Generic> <Opcode : >

State 5 <SV = 4> <Delay = 0.00>
ST_5 : Operation 13 [2/2] (0.00ns)   --->   "%call_ln2581 = call void @fftStage, i128 %p_fftInData_reOrdered, i27 %p_fftOutData_0_0_0_0_0, i27 %p_fftOutData_0_0_0_0_03, i27 %p_fftOutData_0_1_0_0_0, i27 %p_fftOutData_0_1_0_0_04, i14 %twiddleObj_twiddleTable_M_imag_V, i1 %control_count_V, i1 %control_bits_V, i4 %pf_count_V, i5 %sample_in_read_count_V, i1 %delay_line_stall, i49 %delayline_Array_6, i32 %control_delayline_Array, i49 %delayline_Array, i14 %twiddleObj_twiddleTable_M_imag_V_1, i1 %control_count_V_5, i1 %control_bits_V_5, i3 %pf_count_V_3, i5 %sample_in_read_count_V_5, i1 %delay_line_stall_5, i51 %delayline_Array_1, i32 %control_delayline_Array_5, i51 %delayline_Array_19, i14 %twiddleObj_twiddleTable_M_imag_V_2, i1 %control_count_V_7, i1 %control_bits_V_7, i2 %pf_count_V_5, i5 %sample_in_read_count_V_7, i1 %delay_line_stall_7, i53 %delayline_Array_13, i32 %control_delayline_Array_7, i53 %delayline_Array_5, i14 %twiddleObj_twiddleTable_M_imag_V_3, i1 %control_count_V_9, i1 %control_bits_V_9, i1 %pf_count_V_7, i5 %sample_in_read_count_V_9, i1 %delay_line_stall_9, i55 %delayline_Array_10, i32 %control_delayline_Array_9, i55 %delayline_Array_9, i1 %control_count_V_2, i1 %control_bits_V_2, i5 %sample_in_read_count_V_2, i1 %delay_line_stall_2, i55 %delayline_Array_14, i32 %control_delayline_Array_2, i55 %delayline_Array_2" [../fixed/vitis_fft/hls_ssr_fft.hpp:2581]   --->   Operation 13 'call' 'call_ln2581' <Predicate = true> <Delay = 0.00> <CoreType = "Generic">   --->   Core 0 '' <Latency = 0> <II = 1> <Delay = 1.00> <Generic> <Opcode : >

State 6 <SV = 5> <Delay = 0.00>
ST_6 : Operation 14 [1/1] (0.00ns)   --->   "%specinterface_ln0 = specinterface void @_ssdm_op_SpecInterface, i27 %p_fftOutData_0_1_0_0_04, void @ap_fifo_str, i32 0, i32 0, void @p_str, i32 0, i32 0, void @p_str, void @p_str, void @p_str, i32 2, i32 2, i32 16, i32 16, void @p_str, void @p_str"   --->   Operation 14 'specinterface' 'specinterface_ln0' <Predicate = true> <Delay = 0.00>
ST_6 : Operation 15 [1/1] (0.00ns)   --->   "%specinterface_ln0 = specinterface void @_ssdm_op_SpecInterface, i27 %p_fftOutData_0_1_0_0_0, void @ap_fifo_str, i32 0, i32 0, void @p_str, i32 0, i32 0, void @p_str, void @p_str, void @p_str, i32 2, i32 2, i32 16, i32 16, void @p_str, void @p_str"   --->   Operation 15 'specinterface' 'specinterface_ln0' <Predicate = true> <Delay = 0.00>
ST_6 : Operation 16 [1/1] (0.00ns)   --->   "%specinterface_ln0 = specinterface void @_ssdm_op_SpecInterface, i27 %p_fftOutData_0_0_0_0_03, void @ap_fifo_str, i32 0, i32 0, void @p_str, i32 0, i32 0, void @p_str, void @p_str, void @p_str, i32 2, i32 2, i32 16, i32 16, void @p_str, void @p_str"   --->   Operation 16 'specinterface' 'specinterface_ln0' <Predicate = true> <Delay = 0.00>
ST_6 : Operation 17 [1/1] (0.00ns)   --->   "%specinterface_ln0 = specinterface void @_ssdm_op_SpecInterface, i27 %p_fftOutData_0_0_0_0_0, void @ap_fifo_str, i32 0, i32 0, void @p_str, i32 0, i32 0, void @p_str, void @p_str, void @p_str, i32 2, i32 2, i32 16, i32 16, void @p_str, void @p_str"   --->   Operation 17 'specinterface' 'specinterface_ln0' <Predicate = true> <Delay = 0.00>
ST_6 : Operation 18 [1/1] (0.00ns)   --->   "%specinterface_ln0 = specinterface void @_ssdm_op_SpecInterface, i22 %p_fftInData_0_1_0_0_02, void @ap_fifo_str, i32 0, i32 0, void @p_str, i32 0, i32 0, void @p_str, void @p_str, void @p_str, i32 2, i32 2, i32 16, i32 16, void @p_str, void @p_str"   --->   Operation 18 'specinterface' 'specinterface_ln0' <Predicate = true> <Delay = 0.00>
ST_6 : Operation 19 [1/1] (0.00ns)   --->   "%specinterface_ln0 = specinterface void @_ssdm_op_SpecInterface, i22 %p_fftInData_0_1_0_0_0, void @ap_fifo_str, i32 0, i32 0, void @p_str, i32 0, i32 0, void @p_str, void @p_str, void @p_str, i32 2, i32 2, i32 16, i32 16, void @p_str, void @p_str"   --->   Operation 19 'specinterface' 'specinterface_ln0' <Predicate = true> <Delay = 0.00>
ST_6 : Operation 20 [1/1] (0.00ns)   --->   "%specinterface_ln0 = specinterface void @_ssdm_op_SpecInterface, i22 %p_fftInData_0_0_0_0_01, void @ap_fifo_str, i32 0, i32 0, void @p_str, i32 0, i32 0, void @p_str, void @p_str, void @p_str, i32 2, i32 2, i32 16, i32 16, void @p_str, void @p_str"   --->   Operation 20 'specinterface' 'specinterface_ln0' <Predicate = true> <Delay = 0.00>
ST_6 : Operation 21 [1/1] (0.00ns)   --->   "%specinterface_ln0 = specinterface void @_ssdm_op_SpecInterface, i22 %p_fftInData_0_0_0_0_0, void @ap_fifo_str, i32 0, i32 0, void @p_str, i32 0, i32 0, void @p_str, void @p_str, void @p_str, i32 2, i32 2, i32 16, i32 16, void @p_str, void @p_str"   --->   Operation 21 'specinterface' 'specinterface_ln0' <Predicate = true> <Delay = 0.00>
ST_6 : Operation 22 [1/1] (0.00ns)   --->   "%specdataflowpipeline_ln0 = specdataflowpipeline void @_ssdm_op_SpecDataflowPipeline, i32 4294967295, i32 1, void @empty_12"   --->   Operation 22 'specdataflowpipeline' 'specdataflowpipeline_ln0' <Predicate = true> <Delay = 0.00>
ST_6 : Operation 23 [1/1] (0.00ns)   --->   "%empty = specchannel i32 @_ssdm_op_SpecChannel, void @p_fftInData_reOrdered_str, i32 1, void @p_str, void @p_str, i32 8, i32 8, i128 %p_fftInData_reOrdered, i128 %p_fftInData_reOrdered"   --->   Operation 23 'specchannel' 'empty' <Predicate = true> <Delay = 0.00>
ST_6 : Operation 24 [1/1] (0.00ns)   --->   "%specmemcore_ln2566 = specmemcore void @_ssdm_op_SpecMemCore, i128 %p_fftInData_reOrdered, i64 666, i64 9, i64 18446744073709551615" [../fixed/vitis_fft/hls_ssr_fft.hpp:2566]   --->   Operation 24 'specmemcore' 'specmemcore_ln2566' <Predicate = true> <Delay = 0.00>
ST_6 : Operation 25 [1/1] (0.00ns)   --->   "%specinterface_ln0 = specinterface void @_ssdm_op_SpecInterface, i128 %p_fftInData_reOrdered, void @empty_0, i32 0, i32 0, void @empty_12, i32 0, i32 0, void @empty_12, void @empty_12, void @empty_12, i32 0, i32 0, i32 0, i32 0, void @empty_12, void @empty_12"   --->   Operation 25 'specinterface' 'specinterface_ln0' <Predicate = true> <Delay = 0.00>
ST_6 : Operation 26 [1/1] (0.00ns)   --->   "%empty_57 = specchannel i32 @_ssdm_op_SpecChannel, void @casted_output_str, i32 1, void @p_str, void @p_str, i32 8, i32 8, i128 %casted_output, i128 %casted_output"   --->   Operation 26 'specchannel' 'empty_57' <Predicate = true> <Delay = 0.00>
ST_6 : Operation 27 [1/1] (0.00ns)   --->   "%specmemcore_ln2570 = specmemcore void @_ssdm_op_SpecMemCore, i128 %casted_output, i64 666, i64 9, i64 18446744073709551615" [../fixed/vitis_fft/hls_ssr_fft.hpp:2570]   --->   Operation 27 'specmemcore' 'specmemcore_ln2570' <Predicate = true> <Delay = 0.00>
ST_6 : Operation 28 [1/1] (0.00ns)   --->   "%specinterface_ln0 = specinterface void @_ssdm_op_SpecInterface, i128 %casted_output, void @empty_0, i32 0, i32 0, void @empty_12, i32 0, i32 0, void @empty_12, void @empty_12, void @empty_12, i32 0, i32 0, i32 0, i32 0, void @empty_12, void @empty_12"   --->   Operation 28 'specinterface' 'specinterface_ln0' <Predicate = true> <Delay = 0.00>
ST_6 : Operation 29 [1/2] (0.00ns)   --->   "%call_ln2581 = call void @fftStage, i128 %p_fftInData_reOrdered, i27 %p_fftOutData_0_0_0_0_0, i27 %p_fftOutData_0_0_0_0_03, i27 %p_fftOutData_0_1_0_0_0, i27 %p_fftOutData_0_1_0_0_04, i14 %twiddleObj_twiddleTable_M_imag_V, i1 %control_count_V, i1 %control_bits_V, i4 %pf_count_V, i5 %sample_in_read_count_V, i1 %delay_line_stall, i49 %delayline_Array_6, i32 %control_delayline_Array, i49 %delayline_Array, i14 %twiddleObj_twiddleTable_M_imag_V_1, i1 %control_count_V_5, i1 %control_bits_V_5, i3 %pf_count_V_3, i5 %sample_in_read_count_V_5, i1 %delay_line_stall_5, i51 %delayline_Array_1, i32 %control_delayline_Array_5, i51 %delayline_Array_19, i14 %twiddleObj_twiddleTable_M_imag_V_2, i1 %control_count_V_7, i1 %control_bits_V_7, i2 %pf_count_V_5, i5 %sample_in_read_count_V_7, i1 %delay_line_stall_7, i53 %delayline_Array_13, i32 %control_delayline_Array_7, i53 %delayline_Array_5, i14 %twiddleObj_twiddleTable_M_imag_V_3, i1 %control_count_V_9, i1 %control_bits_V_9, i1 %pf_count_V_7, i5 %sample_in_read_count_V_9, i1 %delay_line_stall_9, i55 %delayline_Array_10, i32 %control_delayline_Array_9, i55 %delayline_Array_9, i1 %control_count_V_2, i1 %control_bits_V_2, i5 %sample_in_read_count_V_2, i1 %delay_line_stall_2, i55 %delayline_Array_14, i32 %control_delayline_Array_2, i55 %delayline_Array_2" [../fixed/vitis_fft/hls_ssr_fft.hpp:2581]   --->   Operation 29 'call' 'call_ln2581' <Predicate = true> <Delay = 0.00> <CoreType = "Generic">   --->   Core 0 '' <Latency = 0> <II = 1> <Delay = 1.00> <Generic> <Opcode : >
ST_6 : Operation 30 [1/1] (0.00ns)   --->   "%ret_ln2589 = ret" [../fixed/vitis_fft/hls_ssr_fft.hpp:2589]   --->   Operation 30 'ret' 'ret_ln2589' <Predicate = true> <Delay = 0.00>


============================================================
+ Verbose Summary: Timing violations
============================================================
Target clock period: 20ns, clock uncertainty: 5.4ns.

 <State 1>: 0ns
The critical path consists of the following:

 <State 2>: 0ns
The critical path consists of the following:

 <State 3>: 0ns
The critical path consists of the following:

 <State 4>: 0ns
The critical path consists of the following:

 <State 5>: 0ns
The critical path consists of the following:

 <State 6>: 0ns
The critical path consists of the following:


============================================================
+ Verbose Summary: Binding
============================================================
N/A
* FSMD analyzer results:
  - Output states:
 - Input state : 
  - Chain level:
	State 1
	State 2
	State 3
	State 4
	State 5
	State 6


============================================================
+ Verbose Summary: Datapath Resource usage 
============================================================
N/A
