

================================================================
== Vitis HLS Report for 'swap_complex_ap_fixed_22_7_5_3_0_3'
================================================================
* Date:           Mon Nov 28 17:11:06 2022

* Version:        2021.1 (Build 3247384 on Thu Jun 10 19:36:07 MDT 2021)
* Project:        project
* Solution:       solution1 (Vivado IP Flow Target)
* Product family: zynquplus
* Target device:  xck26-sfvc784-2LV-c


================================================================
== Performance Estimates
================================================================
+ Timing: 
    * Summary: 
    +--------+----------+----------+------------+
    |  Clock |  Target  | Estimated| Uncertainty|
    +--------+----------+----------+------------+
    |ap_clk  |  20.00 ns|  2.063 ns|     5.40 ns|
    +--------+----------+----------+------------+

+ Latency: 
    * Summary: 
    +---------+---------+----------+----------+-----+-----+----------+
    |  Latency (cycles) |  Latency (absolute) |  Interval | Pipeline |
    |   min   |   max   |    min   |    max   | min | max |   Type   |
    +---------+---------+----------+----------+-----+-----+----------+
    |       68|       69|  1.360 us|  1.380 us|   64|   64|  dataflow|
    +---------+---------+----------+----------+-----+-----+----------+

    + Detail: 
        * Instance: 
        +---------------------------------------------------------------+-----------------------------------------------------+---------+---------+----------+----------+-----+-----+------------------------------------------+
        |                                                               |                                                     |  Latency (cycles) |  Latency (absolute) |  Interval |                 Pipeline                 |
        |                            Instance                           |                        Module                       |   min   |   max   |    min   |    max   | min | max |                   Type                   |
        +---------------------------------------------------------------+-----------------------------------------------------+---------+---------+----------+----------+-----+-----+------------------------------------------+
        |grp_streamingDataCommutor_complex_ap_fixed_22_7_5_3_0_3_fu_76  |streamingDataCommutor_complex_ap_fixed_22_7_5_3_0_3  |       49|       50|  0.980 us|  1.000 us|   48|   48|  loop rewind stp(delay=0 clock cycles(s))|
        |grp_streamingDataCommutor_complex_ap_fixed_22_7_5_3_0_4_fu_99  |streamingDataCommutor_complex_ap_fixed_22_7_5_3_0_4  |       65|       66|  1.300 us|  1.320 us|   64|   64|  loop rewind stp(delay=0 clock cycles(s))|
        +---------------------------------------------------------------+-----------------------------------------------------+---------+---------+----------+----------+-----+-----+------------------------------------------+

        * Loop: 
        N/A

============================================================
+ Verbose Summary: Synthesis Manager
============================================================
InlineROM: 1
ExposeGlobal: 0
============================================================
+ Verbose Summary: CDFG Model
============================================================
IsTopModel: 0
ResetActiveHigh: 1
IsCombinational: 2
IsDatapathOnly: 0
HasWiredReturn: 1
HasMFsm: 0
HasVarLatency: 1
IsPipeline: 0
IsRtlPipelined: 0
IsInstanceOverlapped: 0
IsDontTouch: 0
HasImplIP: 0
IsGatedGlobalClock: 0


============================================================
+ Verbose Summary: Schedule
============================================================
* Number of FSM states : 4
* Pipeline : 0
* Dataflow Pipeline: 1
  DF-Pipeline-0: Size = 4, States = { 1 2 3 4 }

* FSM state transitions: 
1 --> 2 
2 --> 3 
3 --> 4 
4 --> 

* FSM state operations: 

State 1 <SV = 0> <Delay = 0.00>
ST_1 : Operation 5 [1/1] (0.00ns)   --->   "%temp_1 = alloca i64 1" [../fixed/vitis_fft/hls_ssr_fft_streaming_transposer.hpp:263]   --->   Operation 5 'alloca' 'temp_1' <Predicate = true> <Delay = 0.00> <CoreInst = "FIFO_LUTRAM">   --->   Core 80 'FIFO_LUTRAM' <Latency = 0> <II = 1> <Delay = 1.93> <Storage> <Opcode : 'read' 'write' 'nbread' 'nbwrite'> <Ports = 0> <Width = 128> <Depth = 8> <FIFO>
ST_1 : Operation 6 [2/2] (0.00ns)   --->   "%call_ln270 = call void @streamingDataCommutor<complex<ap_fixed<22, 7, 5, 3, 0> > >.3, i128 %temp, i128 %temp_1, i1 %control_count_V_1, i1 %control_bits_V_1, i3 %pf_count_V_1, i5 %sample_in_read_count_V_1, i1 %delay_line_stall_1, i45 %delayline_Array_12, i32 %control_delayline_Array_1, i45 %delayline_Array_11" [../fixed/vitis_fft/hls_ssr_fft_streaming_transposer.hpp:270]   --->   Operation 6 'call' 'call_ln270' <Predicate = true> <Delay = 0.00> <CoreType = "Generic">   --->   Core 0 '' <Latency = 0> <II = 1> <Delay = 1.00> <Generic> <Opcode : >

State 2 <SV = 1> <Delay = 0.00>
ST_2 : Operation 7 [1/2] (0.00ns)   --->   "%call_ln270 = call void @streamingDataCommutor<complex<ap_fixed<22, 7, 5, 3, 0> > >.3, i128 %temp, i128 %temp_1, i1 %control_count_V_1, i1 %control_bits_V_1, i3 %pf_count_V_1, i5 %sample_in_read_count_V_1, i1 %delay_line_stall_1, i45 %delayline_Array_12, i32 %control_delayline_Array_1, i45 %delayline_Array_11" [../fixed/vitis_fft/hls_ssr_fft_streaming_transposer.hpp:270]   --->   Operation 7 'call' 'call_ln270' <Predicate = true> <Delay = 0.00> <CoreType = "Generic">   --->   Core 0 '' <Latency = 0> <II = 1> <Delay = 1.00> <Generic> <Opcode : >

State 3 <SV = 2> <Delay = 0.00>
ST_3 : Operation 8 [2/2] (0.00ns)   --->   "%call_ln229 = call void @streamingDataCommutor<complex<ap_fixed<22, 7, 5, 3, 0> > >.4, i128 %temp_1, i128 %p_fftInData_reOrdered, i1 %control_count_V_3, i1 %control_bits_V_3, i4 %pf_count_V_2, i5 %sample_in_read_count_V_3, i1 %delay_line_stall_3, i45 %delayline_Array_16, i32 %control_delayline_Array_3, i45 %delayline_Array_15" [../fixed/vitis_fft/hls_ssr_fft_streaming_transposer.hpp:229]   --->   Operation 8 'call' 'call_ln229' <Predicate = true> <Delay = 0.00> <CoreType = "Generic">   --->   Core 0 '' <Latency = 0> <II = 1> <Delay = 1.00> <Generic> <Opcode : >

State 4 <SV = 3> <Delay = 0.00>
ST_4 : Operation 9 [1/1] (0.00ns)   --->   "%specdataflowpipeline_ln0 = specdataflowpipeline void @_ssdm_op_SpecDataflowPipeline, i32 4294967295, i32 0, void @empty_12"   --->   Operation 9 'specdataflowpipeline' 'specdataflowpipeline_ln0' <Predicate = true> <Delay = 0.00>
ST_4 : Operation 10 [1/1] (0.00ns)   --->   "%specmemcore_ln0 = specmemcore void @_ssdm_op_SpecMemCore, i128 %temp, i64 666, i64 9, i64 18446744073709551615"   --->   Operation 10 'specmemcore' 'specmemcore_ln0' <Predicate = true> <Delay = 0.00>
ST_4 : Operation 11 [1/1] (0.00ns)   --->   "%specmemcore_ln0 = specmemcore void @_ssdm_op_SpecMemCore, i128 %p_fftInData_reOrdered, i64 666, i64 9, i64 18446744073709551615"   --->   Operation 11 'specmemcore' 'specmemcore_ln0' <Predicate = true> <Delay = 0.00>
ST_4 : Operation 12 [1/1] (0.00ns)   --->   "%specinterface_ln0 = specinterface void @_ssdm_op_SpecInterface, i128 %temp, void @empty_0, i32 0, i32 0, void @empty_12, i32 0, i32 0, void @empty_12, void @empty_12, void @empty_12, i32 0, i32 0, i32 0, i32 0, void @empty_12, void @empty_12"   --->   Operation 12 'specinterface' 'specinterface_ln0' <Predicate = true> <Delay = 0.00>
ST_4 : Operation 13 [1/1] (0.00ns)   --->   "%specinterface_ln0 = specinterface void @_ssdm_op_SpecInterface, i128 %p_fftInData_reOrdered, void @empty_0, i32 0, i32 0, void @empty_12, i32 0, i32 0, void @empty_12, void @empty_12, void @empty_12, i32 0, i32 0, i32 0, i32 0, void @empty_12, void @empty_12"   --->   Operation 13 'specinterface' 'specinterface_ln0' <Predicate = true> <Delay = 0.00>
ST_4 : Operation 14 [1/1] (0.00ns)   --->   "%empty = specchannel i32 @_ssdm_op_SpecChannel, void @temp_OC_3_str, i32 1, void @p_str, void @p_str, i32 8, i32 8, i128 %temp_1, i128 %temp_1"   --->   Operation 14 'specchannel' 'empty' <Predicate = true> <Delay = 0.00>
ST_4 : Operation 15 [1/1] (0.00ns)   --->   "%specmemcore_ln263 = specmemcore void @_ssdm_op_SpecMemCore, i128 %temp_1, i64 666, i64 9, i64 18446744073709551615" [../fixed/vitis_fft/hls_ssr_fft_streaming_transposer.hpp:263]   --->   Operation 15 'specmemcore' 'specmemcore_ln263' <Predicate = true> <Delay = 0.00>
ST_4 : Operation 16 [1/1] (0.00ns)   --->   "%specinterface_ln0 = specinterface void @_ssdm_op_SpecInterface, i128 %temp_1, void @empty_0, i32 0, i32 0, void @empty_12, i32 0, i32 0, void @empty_12, void @empty_12, void @empty_12, i32 0, i32 0, i32 0, i32 0, void @empty_12, void @empty_12"   --->   Operation 16 'specinterface' 'specinterface_ln0' <Predicate = true> <Delay = 0.00>
ST_4 : Operation 17 [1/2] (0.00ns)   --->   "%call_ln229 = call void @streamingDataCommutor<complex<ap_fixed<22, 7, 5, 3, 0> > >.4, i128 %temp_1, i128 %p_fftInData_reOrdered, i1 %control_count_V_3, i1 %control_bits_V_3, i4 %pf_count_V_2, i5 %sample_in_read_count_V_3, i1 %delay_line_stall_3, i45 %delayline_Array_16, i32 %control_delayline_Array_3, i45 %delayline_Array_15" [../fixed/vitis_fft/hls_ssr_fft_streaming_transposer.hpp:229]   --->   Operation 17 'call' 'call_ln229' <Predicate = true> <Delay = 0.00> <CoreType = "Generic">   --->   Core 0 '' <Latency = 0> <II = 1> <Delay = 1.00> <Generic> <Opcode : >
ST_4 : Operation 18 [1/1] (0.00ns)   --->   "%ret_ln275 = ret" [../fixed/vitis_fft/hls_ssr_fft_streaming_transposer.hpp:275]   --->   Operation 18 'ret' 'ret_ln275' <Predicate = true> <Delay = 0.00>


============================================================
+ Verbose Summary: Binding
============================================================
STG Binding: 
---------------- STG Properties BEGIN ----------------
- Is combinational: 0
- Is one-state seq: 0
- Is datapath-only: 0
- Is pipelined: 0
- Is top level: 0
Port [ Return ] is wired: 1; IO mode=ap_ctrl_hs:ce=0
Port [ temp]:  wired=1; compound=1; hidden=0; nouse=0; global=0; static=0; extern=0; dir=0; type=3; pingpong=0; private_global=0; IO mode=ap_fifo:ce=0
Port [ p_fftInData_reOrdered]:  wired=1; compound=1; hidden=0; nouse=0; global=0; static=0; extern=0; dir=1; type=3; pingpong=0; private_global=0; IO mode=ap_fifo:ce=0
Port [ control_count_V_1]:  wired=0; compound=0; hidden=1; nouse=1; global=1; static=1; extern=0; dir=2; type=0; pingpong=0; private_global=0; IO mode=ap_ovld:ce=0
Port [ control_bits_V_1]:  wired=0; compound=0; hidden=1; nouse=1; global=1; static=1; extern=0; dir=2; type=0; pingpong=0; private_global=0; IO mode=ap_ovld:ce=0
Port [ pf_count_V_1]:  wired=0; compound=0; hidden=1; nouse=1; global=1; static=1; extern=0; dir=2; type=0; pingpong=0; private_global=0; IO mode=ap_ovld:ce=0
Port [ sample_in_read_count_V_1]:  wired=0; compound=0; hidden=1; nouse=1; global=1; static=1; extern=0; dir=2; type=0; pingpong=0; private_global=0; IO mode=ap_ovld:ce=0
Port [ delay_line_stall_1]:  wired=0; compound=0; hidden=1; nouse=1; global=1; static=1; extern=0; dir=2; type=0; pingpong=0; private_global=0; IO mode=ap_ovld:ce=0
Port [ delayline_Array_12]:  wired=0; compound=1; hidden=1; nouse=1; global=1; static=1; extern=0; dir=3; type=1; pingpong=0; private_global=0; MemPort=[2]; IO mode=ap_memory:ce=0
Port [ control_delayline_Array_1]:  wired=0; compound=1; hidden=1; nouse=1; global=1; static=1; extern=0; dir=3; type=1; pingpong=0; private_global=0; MemPort=[2]; IO mode=ap_memory:ce=0
Port [ delayline_Array_11]:  wired=0; compound=1; hidden=1; nouse=1; global=1; static=1; extern=0; dir=3; type=1; pingpong=0; private_global=0; MemPort=[2]; IO mode=ap_memory:ce=0
Port [ control_count_V_3]:  wired=0; compound=0; hidden=1; nouse=1; global=1; static=1; extern=0; dir=2; type=0; pingpong=0; private_global=0; IO mode=ap_ovld:ce=0
Port [ control_bits_V_3]:  wired=0; compound=0; hidden=1; nouse=1; global=1; static=1; extern=0; dir=2; type=0; pingpong=0; private_global=0; IO mode=ap_ovld:ce=0
Port [ pf_count_V_2]:  wired=0; compound=0; hidden=1; nouse=1; global=1; static=1; extern=0; dir=2; type=0; pingpong=0; private_global=0; IO mode=ap_ovld:ce=0
Port [ sample_in_read_count_V_3]:  wired=0; compound=0; hidden=1; nouse=1; global=1; static=1; extern=0; dir=2; type=0; pingpong=0; private_global=0; IO mode=ap_ovld:ce=0
Port [ delay_line_stall_3]:  wired=0; compound=0; hidden=1; nouse=1; global=1; static=1; extern=0; dir=2; type=0; pingpong=0; private_global=0; IO mode=ap_ovld:ce=0
Port [ delayline_Array_16]:  wired=0; compound=1; hidden=1; nouse=1; global=1; static=1; extern=0; dir=3; type=1; pingpong=0; private_global=0; MemPort=[2]; IO mode=ap_memory:ce=0
Port [ control_delayline_Array_3]:  wired=0; compound=1; hidden=1; nouse=1; global=1; static=1; extern=0; dir=3; type=1; pingpong=0; private_global=0; MemPort=[2]; IO mode=ap_memory:ce=0
Port [ delayline_Array_15]:  wired=0; compound=1; hidden=1; nouse=1; global=1; static=1; extern=0; dir=3; type=1; pingpong=0; private_global=0; MemPort=[2]; IO mode=ap_memory:ce=0
---------------- STG Properties END ------------------

---------------- Datapath Model BEGIN ----------------

<LifeTime>
<method=bitvector/>
temp_1                   (alloca              ) [ 01111]
call_ln270               (call                ) [ 00000]
specdataflowpipeline_ln0 (specdataflowpipeline) [ 00000]
specmemcore_ln0          (specmemcore         ) [ 00000]
specmemcore_ln0          (specmemcore         ) [ 00000]
specinterface_ln0        (specinterface       ) [ 00000]
specinterface_ln0        (specinterface       ) [ 00000]
empty                    (specchannel         ) [ 00000]
specmemcore_ln263        (specmemcore         ) [ 00000]
specinterface_ln0        (specinterface       ) [ 00000]
call_ln229               (call                ) [ 00000]
ret_ln275                (ret                 ) [ 00000]
</LifeTime>

<model>

<comp_list>
<comp id="0" class="1000" name="temp">
<pin_list>
<pin id="1" dir="1" index="0" bw="1" slack="0"/>
</pin_list>
<bind>
<StgValue><ssdm name="temp"/></StgValue>
</bind>
</comp>

<comp id="2" class="1000" name="p_fftInData_reOrdered">
<pin_list>
<pin id="3" dir="1" index="0" bw="1" slack="0"/>
</pin_list>
<bind>
<StgValue><ssdm name="p_fftInData_reOrdered"/></StgValue>
</bind>
</comp>

<comp id="4" class="1000" name="control_count_V_1">
<pin_list>
<pin id="5" dir="1" index="0" bw="1" slack="0"/>
</pin_list>
<bind>
<StgValue><ssdm name="control_count_V_1"/></StgValue>
</bind>
</comp>

<comp id="6" class="1000" name="control_bits_V_1">
<pin_list>
<pin id="7" dir="1" index="0" bw="1" slack="0"/>
</pin_list>
<bind>
<StgValue><ssdm name="control_bits_V_1"/></StgValue>
</bind>
</comp>

<comp id="8" class="1000" name="pf_count_V_1">
<pin_list>
<pin id="9" dir="1" index="0" bw="1" slack="0"/>
</pin_list>
<bind>
<StgValue><ssdm name="pf_count_V_1"/></StgValue>
</bind>
</comp>

<comp id="10" class="1000" name="sample_in_read_count_V_1">
<pin_list>
<pin id="11" dir="1" index="0" bw="1" slack="0"/>
</pin_list>
<bind>
<StgValue><ssdm name="sample_in_read_count_V_1"/></StgValue>
</bind>
</comp>

<comp id="12" class="1000" name="delay_line_stall_1">
<pin_list>
<pin id="13" dir="1" index="0" bw="1" slack="0"/>
</pin_list>
<bind>
<StgValue><ssdm name="delay_line_stall_1"/></StgValue>
</bind>
</comp>

<comp id="14" class="1000" name="delayline_Array_12">
<pin_list>
<pin id="15" dir="1" index="0" bw="1" slack="0"/>
</pin_list>
<bind>
<StgValue><ssdm name="delayline_Array_12"/><MemPortTyVec>2 </MemPortTyVec>
</StgValue>
</bind>
</comp>

<comp id="16" class="1000" name="control_delayline_Array_1">
<pin_list>
<pin id="17" dir="1" index="0" bw="1" slack="0"/>
</pin_list>
<bind>
<StgValue><ssdm name="control_delayline_Array_1"/><MemPortTyVec>2 </MemPortTyVec>
</StgValue>
</bind>
</comp>

<comp id="18" class="1000" name="delayline_Array_11">
<pin_list>
<pin id="19" dir="1" index="0" bw="1" slack="0"/>
</pin_list>
<bind>
<StgValue><ssdm name="delayline_Array_11"/><MemPortTyVec>2 </MemPortTyVec>
</StgValue>
</bind>
</comp>

<comp id="20" class="1000" name="control_count_V_3">
<pin_list>
<pin id="21" dir="1" index="0" bw="1" slack="0"/>
</pin_list>
<bind>
<StgValue><ssdm name="control_count_V_3"/></StgValue>
</bind>
</comp>

<comp id="22" class="1000" name="control_bits_V_3">
<pin_list>
<pin id="23" dir="1" index="0" bw="1" slack="0"/>
</pin_list>
<bind>
<StgValue><ssdm name="control_bits_V_3"/></StgValue>
</bind>
</comp>

<comp id="24" class="1000" name="pf_count_V_2">
<pin_list>
<pin id="25" dir="1" index="0" bw="1" slack="0"/>
</pin_list>
<bind>
<StgValue><ssdm name="pf_count_V_2"/></StgValue>
</bind>
</comp>

<comp id="26" class="1000" name="sample_in_read_count_V_3">
<pin_list>
<pin id="27" dir="1" index="0" bw="1" slack="0"/>
</pin_list>
<bind>
<StgValue><ssdm name="sample_in_read_count_V_3"/></StgValue>
</bind>
</comp>

<comp id="28" class="1000" name="delay_line_stall_3">
<pin_list>
<pin id="29" dir="1" index="0" bw="1" slack="0"/>
</pin_list>
<bind>
<StgValue><ssdm name="delay_line_stall_3"/></StgValue>
</bind>
</comp>

<comp id="30" class="1000" name="delayline_Array_16">
<pin_list>
<pin id="31" dir="1" index="0" bw="1" slack="0"/>
</pin_list>
<bind>
<StgValue><ssdm name="delayline_Array_16"/><MemPortTyVec>2 </MemPortTyVec>
</StgValue>
</bind>
</comp>

<comp id="32" class="1000" name="control_delayline_Array_3">
<pin_list>
<pin id="33" dir="1" index="0" bw="1" slack="0"/>
</pin_list>
<bind>
<StgValue><ssdm name="control_delayline_Array_3"/><MemPortTyVec>2 </MemPortTyVec>
</StgValue>
</bind>
</comp>

<comp id="34" class="1000" name="delayline_Array_15">
<pin_list>
<pin id="35" dir="1" index="0" bw="1" slack="0"/>
</pin_list>
<bind>
<StgValue><ssdm name="delayline_Array_15"/><MemPortTyVec>2 </MemPortTyVec>
</StgValue>
</bind>
</comp>

<comp id="36" class="1001" name="const_36">
<pin_list>
<pin id="37" dir="1" index="0" bw="1" slack="0"/>
</pin_list>
<bind>
<StgValue><ssdm name=""/></StgValue>
</bind>
</comp>

<comp id="38" class="1001" name="const_38">
<pin_list>
<pin id="39" dir="1" index="0" bw="1" slack="0"/>
</pin_list>
<bind>
<StgValue><ssdm name="streamingDataCommutor<complex<ap_fixed<22, 7, 5, 3, 0> > >.3"/></StgValue>
</bind>
</comp>

<comp id="40" class="1001" name="const_40">
<pin_list>
<pin id="41" dir="1" index="0" bw="1" slack="0"/>
</pin_list>
<bind>
<StgValue><ssdm name="streamingDataCommutor<complex<ap_fixed<22, 7, 5, 3, 0> > >.4"/></StgValue>
</bind>
</comp>

<comp id="42" class="1001" name="const_42">
<pin_list>
<pin id="43" dir="1" index="0" bw="1" slack="2147483647"/>
</pin_list>
<bind>
<StgValue><ssdm name="_ssdm_op_SpecDataflowPipeline"/></StgValue>
</bind>
</comp>

<comp id="44" class="1001" name="const_44">
<pin_list>
<pin id="45" dir="1" index="0" bw="1" slack="2147483647"/>
</pin_list>
<bind>
<StgValue><ssdm name=""/></StgValue>
</bind>
</comp>

<comp id="46" class="1001" name="const_46">
<pin_list>
<pin id="47" dir="1" index="0" bw="1" slack="2147483647"/>
</pin_list>
<bind>
<StgValue><ssdm name=""/></StgValue>
</bind>
</comp>

<comp id="48" class="1001" name="const_48">
<pin_list>
<pin id="49" dir="1" index="0" bw="1" slack="2147483647"/>
</pin_list>
<bind>
<StgValue><ssdm name="empty_12"/></StgValue>
</bind>
</comp>

<comp id="50" class="1001" name="const_50">
<pin_list>
<pin id="51" dir="1" index="0" bw="1" slack="2147483647"/>
</pin_list>
<bind>
<StgValue><ssdm name="_ssdm_op_SpecMemCore"/></StgValue>
</bind>
</comp>

<comp id="52" class="1001" name="const_52">
<pin_list>
<pin id="53" dir="1" index="0" bw="1" slack="2147483647"/>
</pin_list>
<bind>
<StgValue><ssdm name=""/></StgValue>
</bind>
</comp>

<comp id="54" class="1001" name="const_54">
<pin_list>
<pin id="55" dir="1" index="0" bw="1" slack="2147483647"/>
</pin_list>
<bind>
<StgValue><ssdm name=""/></StgValue>
</bind>
</comp>

<comp id="56" class="1001" name="const_56">
<pin_list>
<pin id="57" dir="1" index="0" bw="1" slack="2147483647"/>
</pin_list>
<bind>
<StgValue><ssdm name=""/></StgValue>
</bind>
</comp>

<comp id="58" class="1001" name="const_58">
<pin_list>
<pin id="59" dir="1" index="0" bw="1" slack="2147483647"/>
</pin_list>
<bind>
<StgValue><ssdm name="_ssdm_op_SpecInterface"/></StgValue>
</bind>
</comp>

<comp id="60" class="1001" name="const_60">
<pin_list>
<pin id="61" dir="1" index="0" bw="1" slack="2147483647"/>
</pin_list>
<bind>
<StgValue><ssdm name="empty_0"/></StgValue>
</bind>
</comp>

<comp id="62" class="1001" name="const_62">
<pin_list>
<pin id="63" dir="1" index="0" bw="1" slack="2147483647"/>
</pin_list>
<bind>
<StgValue><ssdm name="_ssdm_op_SpecChannel"/></StgValue>
</bind>
</comp>

<comp id="64" class="1001" name="const_64">
<pin_list>
<pin id="65" dir="1" index="0" bw="1" slack="2147483647"/>
</pin_list>
<bind>
<StgValue><ssdm name="temp_OC_3_str"/></StgValue>
</bind>
</comp>

<comp id="66" class="1001" name="const_66">
<pin_list>
<pin id="67" dir="1" index="0" bw="1" slack="2147483647"/>
</pin_list>
<bind>
<StgValue><ssdm name=""/></StgValue>
</bind>
</comp>

<comp id="68" class="1001" name="const_68">
<pin_list>
<pin id="69" dir="1" index="0" bw="1" slack="2147483647"/>
</pin_list>
<bind>
<StgValue><ssdm name="p_str"/></StgValue>
</bind>
</comp>

<comp id="70" class="1001" name="const_70">
<pin_list>
<pin id="71" dir="1" index="0" bw="1" slack="2147483647"/>
</pin_list>
<bind>
<StgValue><ssdm name=""/></StgValue>
</bind>
</comp>

<comp id="72" class="1004" name="temp_1_fu_72">
<pin_list>
<pin id="73" dir="0" index="0" bw="1" slack="0"/>
<pin id="74" dir="1" index="1" bw="128" slack="0"/>
</pin_list>
<bind>
<opcode="alloca(26) " fcode="alloca"/>
<opset="temp_1/1 "/>
</bind>
</comp>

<comp id="76" class="1004" name="grp_streamingDataCommutor_complex_ap_fixed_22_7_5_3_0_3_fu_76">
<pin_list>
<pin id="77" dir="0" index="0" bw="0" slack="0"/>
<pin id="78" dir="0" index="1" bw="128" slack="0"/>
<pin id="79" dir="0" index="2" bw="128" slack="0"/>
<pin id="80" dir="0" index="3" bw="1" slack="0"/>
<pin id="81" dir="0" index="4" bw="1" slack="0"/>
<pin id="82" dir="0" index="5" bw="3" slack="0"/>
<pin id="83" dir="0" index="6" bw="5" slack="0"/>
<pin id="84" dir="0" index="7" bw="1" slack="0"/>
<pin id="85" dir="0" index="8" bw="45" slack="0"/>
<pin id="86" dir="0" index="9" bw="32" slack="0"/>
<pin id="87" dir="0" index="10" bw="45" slack="0"/>
<pin id="88" dir="1" index="11" bw="0" slack="2147483647"/>
</pin_list>
<bind>
<opcode="call(48) " fcode="call"/>
<opset="call_ln270/1 "/>
</bind>
</comp>

<comp id="99" class="1004" name="grp_streamingDataCommutor_complex_ap_fixed_22_7_5_3_0_4_fu_99">
<pin_list>
<pin id="100" dir="0" index="0" bw="0" slack="0"/>
<pin id="101" dir="0" index="1" bw="128" slack="2"/>
<pin id="102" dir="0" index="2" bw="128" slack="0"/>
<pin id="103" dir="0" index="3" bw="1" slack="0"/>
<pin id="104" dir="0" index="4" bw="1" slack="0"/>
<pin id="105" dir="0" index="5" bw="4" slack="0"/>
<pin id="106" dir="0" index="6" bw="5" slack="0"/>
<pin id="107" dir="0" index="7" bw="1" slack="0"/>
<pin id="108" dir="0" index="8" bw="45" slack="0"/>
<pin id="109" dir="0" index="9" bw="32" slack="0"/>
<pin id="110" dir="0" index="10" bw="45" slack="0"/>
<pin id="111" dir="1" index="11" bw="0" slack="2147483647"/>
</pin_list>
<bind>
<opcode="call(48) " fcode="call"/>
<opset="call_ln229/3 "/>
</bind>
</comp>

<comp id="122" class="1005" name="temp_1_reg_122">
<pin_list>
<pin id="123" dir="0" index="0" bw="128" slack="0"/>
<pin id="124" dir="1" index="1" bw="128" slack="0"/>
</pin_list>
<bind>
<opset="temp_1 "/>
</bind>
</comp>

</comp_list>

<net_list>
<net id="75"><net_src comp="36" pin="0"/><net_sink comp="72" pin=0"/></net>

<net id="89"><net_src comp="38" pin="0"/><net_sink comp="76" pin=0"/></net>

<net id="90"><net_src comp="0" pin="0"/><net_sink comp="76" pin=1"/></net>

<net id="91"><net_src comp="4" pin="0"/><net_sink comp="76" pin=3"/></net>

<net id="92"><net_src comp="6" pin="0"/><net_sink comp="76" pin=4"/></net>

<net id="93"><net_src comp="8" pin="0"/><net_sink comp="76" pin=5"/></net>

<net id="94"><net_src comp="10" pin="0"/><net_sink comp="76" pin=6"/></net>

<net id="95"><net_src comp="12" pin="0"/><net_sink comp="76" pin=7"/></net>

<net id="96"><net_src comp="14" pin="0"/><net_sink comp="76" pin=8"/></net>

<net id="97"><net_src comp="16" pin="0"/><net_sink comp="76" pin=9"/></net>

<net id="98"><net_src comp="18" pin="0"/><net_sink comp="76" pin=10"/></net>

<net id="112"><net_src comp="40" pin="0"/><net_sink comp="99" pin=0"/></net>

<net id="113"><net_src comp="2" pin="0"/><net_sink comp="99" pin=2"/></net>

<net id="114"><net_src comp="20" pin="0"/><net_sink comp="99" pin=3"/></net>

<net id="115"><net_src comp="22" pin="0"/><net_sink comp="99" pin=4"/></net>

<net id="116"><net_src comp="24" pin="0"/><net_sink comp="99" pin=5"/></net>

<net id="117"><net_src comp="26" pin="0"/><net_sink comp="99" pin=6"/></net>

<net id="118"><net_src comp="28" pin="0"/><net_sink comp="99" pin=7"/></net>

<net id="119"><net_src comp="30" pin="0"/><net_sink comp="99" pin=8"/></net>

<net id="120"><net_src comp="32" pin="0"/><net_sink comp="99" pin=9"/></net>

<net id="121"><net_src comp="34" pin="0"/><net_sink comp="99" pin=10"/></net>

<net id="125"><net_src comp="72" pin="1"/><net_sink comp="122" pin=0"/></net>

<net id="126"><net_src comp="122" pin="1"/><net_sink comp="76" pin=2"/></net>

<net id="127"><net_src comp="122" pin="1"/><net_sink comp="99" pin=1"/></net>

</net_list>

</model> 
---------------- Datapath Model END ------------------

* FSMD analyzer results:
  - Output states:
	Port: p_fftInData_reOrdered | {3 4 }
	Port: control_count_V_1 | {1 2 }
	Port: control_bits_V_1 | {1 2 }
	Port: pf_count_V_1 | {1 2 }
	Port: sample_in_read_count_V_1 | {1 2 }
	Port: delay_line_stall_1 | {1 2 }
	Port: delayline_Array_12 | {1 2 }
	Port: control_delayline_Array_1 | {1 2 }
	Port: delayline_Array_11 | {1 2 }
	Port: control_count_V_3 | {3 4 }
	Port: control_bits_V_3 | {3 4 }
	Port: pf_count_V_2 | {3 4 }
	Port: sample_in_read_count_V_3 | {3 4 }
	Port: delay_line_stall_3 | {3 4 }
	Port: delayline_Array_16 | {3 4 }
	Port: control_delayline_Array_3 | {3 4 }
	Port: delayline_Array_15 | {3 4 }
 - Input state : 
	Port: swap<complex<ap_fixed<22, 7, 5, 3, 0> > >.3 : temp | {1 2 }
	Port: swap<complex<ap_fixed<22, 7, 5, 3, 0> > >.3 : control_count_V_1 | {1 2 }
	Port: swap<complex<ap_fixed<22, 7, 5, 3, 0> > >.3 : control_bits_V_1 | {1 2 }
	Port: swap<complex<ap_fixed<22, 7, 5, 3, 0> > >.3 : pf_count_V_1 | {1 2 }
	Port: swap<complex<ap_fixed<22, 7, 5, 3, 0> > >.3 : sample_in_read_count_V_1 | {1 2 }
	Port: swap<complex<ap_fixed<22, 7, 5, 3, 0> > >.3 : delay_line_stall_1 | {1 2 }
	Port: swap<complex<ap_fixed<22, 7, 5, 3, 0> > >.3 : delayline_Array_12 | {1 2 }
	Port: swap<complex<ap_fixed<22, 7, 5, 3, 0> > >.3 : control_delayline_Array_1 | {1 2 }
	Port: swap<complex<ap_fixed<22, 7, 5, 3, 0> > >.3 : delayline_Array_11 | {1 2 }
	Port: swap<complex<ap_fixed<22, 7, 5, 3, 0> > >.3 : control_count_V_3 | {3 4 }
	Port: swap<complex<ap_fixed<22, 7, 5, 3, 0> > >.3 : control_bits_V_3 | {3 4 }
	Port: swap<complex<ap_fixed<22, 7, 5, 3, 0> > >.3 : pf_count_V_2 | {3 4 }
	Port: swap<complex<ap_fixed<22, 7, 5, 3, 0> > >.3 : sample_in_read_count_V_3 | {3 4 }
	Port: swap<complex<ap_fixed<22, 7, 5, 3, 0> > >.3 : delay_line_stall_3 | {3 4 }
	Port: swap<complex<ap_fixed<22, 7, 5, 3, 0> > >.3 : delayline_Array_16 | {3 4 }
	Port: swap<complex<ap_fixed<22, 7, 5, 3, 0> > >.3 : control_delayline_Array_3 | {3 4 }
	Port: swap<complex<ap_fixed<22, 7, 5, 3, 0> > >.3 : delayline_Array_15 | {3 4 }
  - Chain level:
	State 1
		call_ln270 : 1
	State 2
	State 3
	State 4


============================================================
+ Verbose Summary: Datapath Resource usage 
============================================================

* Functional unit list:
|----------|---------------------------------------------------------------|---------|---------|---------|
| Operation|                        Functional Unit                        |  Delay  |    FF   |   LUT   |
|----------|---------------------------------------------------------------|---------|---------|---------|
|   call   | grp_streamingDataCommutor_complex_ap_fixed_22_7_5_3_0_3_fu_76 |  0.427  |   282   |   154   |
|          | grp_streamingDataCommutor_complex_ap_fixed_22_7_5_3_0_4_fu_99 |  0.427  |   282   |   157   |
|----------|---------------------------------------------------------------|---------|---------|---------|
|   Total  |                                                               |  0.854  |   564   |   311   |
|----------|---------------------------------------------------------------|---------|---------|---------|

Memories:
N/A

* Register list:
+--------------+--------+
|              |   FF   |
+--------------+--------+
|temp_1_reg_122|   128  |
+--------------+--------+
|     Total    |   128  |
+--------------+--------+

* Multiplexer (MUX) list: 
|--------|------|------|------|--------|
|  Comp  |  Pin | Size |  BW  | S x BW |
|--------|------|------|------|--------|
|  Total |      |      |      |    0   |
|--------|------|------|------|--------|



* Summary:
+-----------+--------+--------+--------+
|           |  Delay |   FF   |   LUT  |
+-----------+--------+--------+--------+
|  Function |    0   |   564  |   311  |
|   Memory  |    -   |    -   |    -   |
|Multiplexer|    -   |    -   |    -   |
|  Register |    -   |   128  |    -   |
+-----------+--------+--------+--------+
|   Total   |    0   |   692  |   311  |
+-----------+--------+--------+--------+
