

================================================================
== Vitis HLS Report for 'swap_complex_ap_fixed_22_7_5_3_0_s'
================================================================
* Date:           Mon Nov 28 17:11:25 2022

* Version:        2021.1 (Build 3247384 on Thu Jun 10 19:36:07 MDT 2021)
* Project:        project
* Solution:       solution1 (Vivado IP Flow Target)
* Product family: zynquplus
* Target device:  xck26-sfvc784-2LV-c


================================================================
== Performance Estimates
================================================================
+ Timing: 
    * Summary: 
    +--------+----------+----------+------------+
    |  Clock |  Target  | Estimated| Uncertainty|
    +--------+----------+----------+------------+
    |ap_clk  |  20.00 ns|  2.063 ns|     5.40 ns|
    +--------+----------+----------+------------+

+ Latency: 
    * Summary: 
    +---------+---------+----------+----------+-----+-----+----------+
    |  Latency (cycles) |  Latency (absolute) |  Interval | Pipeline |
    |   min   |   max   |    min   |    max   | min | max |   Type   |
    +---------+---------+----------+----------+-----+-----+----------+
    |       77|       78|  1.540 us|  1.560 us|   64|   64|  dataflow|
    +---------+---------+----------+----------+-----+-----+----------+

    + Detail: 
        * Instance: 
        +------------------------------------------------------+-----------------------------------------------------+---------+---------+----------+----------+-----+-----+------------------------------------------+
        |                                                      |                                                     |  Latency (cycles) |  Latency (absolute) |  Interval |                 Pipeline                 |
        |                       Instance                       |                        Module                       |   min   |   max   |    min   |    max   | min | max |                   Type                   |
        +------------------------------------------------------+-----------------------------------------------------+---------+---------+----------+----------+-----+-----+------------------------------------------+
        |streamingDataCommutor_complex_ap_fixed_22_7_5_3_0_U0  |streamingDataCommutor_complex_ap_fixed_22_7_5_3_0_s  |       35|       36|  0.700 us|  0.720 us|   34|   34|  loop rewind stp(delay=0 clock cycles(s))|
        |swap_complex_ap_fixed_22_7_5_3_0_1_U0                 |swap_complex_ap_fixed_22_7_5_3_0_1                   |       74|       75|  1.480 us|  1.500 us|   64|   64|                                  dataflow|
        +------------------------------------------------------+-----------------------------------------------------+---------+---------+----------+----------+-----+-----+------------------------------------------+

        * Loop: 
        N/A



================================================================
== Utilization Estimates
================================================================
* Summary: 
+-----------------+---------+------+--------+--------+-----+
|       Name      | BRAM_18K|  DSP |   FF   |   LUT  | URAM|
+-----------------+---------+------+--------+--------+-----+
|DSP              |        -|     -|       -|       -|    -|
|Expression       |        -|     -|       0|       2|    -|
|FIFO             |        -|     -|      99|      66|    -|
|Instance         |        -|     -|    2316|    2341|    -|
|Memory           |        -|     -|       -|       -|    -|
|Multiplexer      |        -|     -|       -|       -|    -|
|Register         |        -|     -|       -|       -|    -|
+-----------------+---------+------+--------+--------+-----+
|Total            |        0|     0|    2415|    2409|    0|
+-----------------+---------+------+--------+--------+-----+
|Available        |      288|  1248|  234240|  117120|   64|
+-----------------+---------+------+--------+--------+-----+
|Utilization (%)  |        0|     0|       1|       2|    0|
+-----------------+---------+------+--------+--------+-----+

+ Detail: 
    * Instance: 
    +------------------------------------------------------+-----------------------------------------------------+---------+----+------+------+-----+
    |                       Instance                       |                        Module                       | BRAM_18K| DSP|  FF  |  LUT | URAM|
    +------------------------------------------------------+-----------------------------------------------------+---------+----+------+------+-----+
    |streamingDataCommutor_complex_ap_fixed_22_7_5_3_0_U0  |streamingDataCommutor_complex_ap_fixed_22_7_5_3_0_s  |        0|   0|   402|   411|    0|
    |swap_complex_ap_fixed_22_7_5_3_0_1_U0                 |swap_complex_ap_fixed_22_7_5_3_0_1                   |        0|   0|  1914|  1930|    0|
    +------------------------------------------------------+-----------------------------------------------------+---------+----+------+------+-----+
    |Total                                                 |                                                     |        0|   0|  2316|  2341|    0|
    +------------------------------------------------------+-----------------------------------------------------+---------+----+------+------+-----+

    * DSP: 
    N/A

    * Memory: 
    N/A

    * FIFO: 
    +--------+---------+----+----+-----+------+-----+---------+
    |  Name  | BRAM_18K| FF | LUT| URAM| Depth| Bits| Size:D*B|
    +--------+---------+----+----+-----+------+-----+---------+
    |temp_U  |        0|  99|   0|    -|     8|  128|     1024|
    +--------+---------+----+----+-----+------+-----+---------+
    |Total   |        0|  99|   0|    0|     8|  128|     1024|
    +--------+---------+----+----+-----+------+-----+---------+

    * Expression: 
    +--------------+----------+----+---+----+------------+------------+
    | Variable Name| Operation| DSP| FF| LUT| Bitwidth P0| Bitwidth P1|
    +--------------+----------+----+---+----+------------+------------+
    |ap_idle       |       and|   0|  0|   2|           1|           1|
    +--------------+----------+----+---+----+------------+------------+
    |Total         |          |   0|  0|   2|           1|           1|
    +--------------+----------+----+---+----+------------+------------+

    * Multiplexer: 
    N/A

    * Register: 
    N/A



================================================================
== Interface
================================================================
* Summary: 
+------------------------------+-----+-----+------------+-------------------------------------------+--------------+
|           RTL Ports          | Dir | Bits|  Protocol  |               Source Object               |    C Type    |
+------------------------------+-----+-----+------------+-------------------------------------------+--------------+
|casted_output_dout            |   in|  128|     ap_fifo|                              casted_output|       pointer|
|casted_output_empty_n         |   in|    1|     ap_fifo|                              casted_output|       pointer|
|casted_output_read            |  out|    1|     ap_fifo|                              casted_output|       pointer|
|p_fftInData_reOrdered_din     |  out|  128|     ap_fifo|                      p_fftInData_reOrdered|       pointer|
|p_fftInData_reOrdered_full_n  |   in|    1|     ap_fifo|                      p_fftInData_reOrdered|       pointer|
|p_fftInData_reOrdered_write   |  out|    1|     ap_fifo|                      p_fftInData_reOrdered|       pointer|
|ap_clk                        |   in|    1|  ap_ctrl_hs|  swap<complex<ap_fixed<22, 7, 5, 3, 0> > >|  return value|
|ap_rst                        |   in|    1|  ap_ctrl_hs|  swap<complex<ap_fixed<22, 7, 5, 3, 0> > >|  return value|
|ap_start                      |   in|    1|  ap_ctrl_hs|  swap<complex<ap_fixed<22, 7, 5, 3, 0> > >|  return value|
|ap_done                       |  out|    1|  ap_ctrl_hs|  swap<complex<ap_fixed<22, 7, 5, 3, 0> > >|  return value|
|ap_ready                      |  out|    1|  ap_ctrl_hs|  swap<complex<ap_fixed<22, 7, 5, 3, 0> > >|  return value|
|ap_idle                       |  out|    1|  ap_ctrl_hs|  swap<complex<ap_fixed<22, 7, 5, 3, 0> > >|  return value|
|ap_continue                   |   in|    1|  ap_ctrl_hs|  swap<complex<ap_fixed<22, 7, 5, 3, 0> > >|  return value|
+------------------------------+-----+-----+------------+-------------------------------------------+--------------+

============================================================
+ Verbose Summary: Synthesis Manager
============================================================
InlineROM: 1
ExposeGlobal: 0
============================================================
+ Verbose Summary: CDFG Model
============================================================
IsTopModel: 0
ResetActiveHigh: 1
IsCombinational: 2
IsDatapathOnly: 0
HasWiredReturn: 1
HasMFsm: 0
HasVarLatency: 1
IsPipeline: 0
IsRtlPipelined: 0
IsInstanceOverlapped: 0
IsDontTouch: 0
HasImplIP: 0
IsGatedGlobalClock: 0


============================================================
+ Verbose Summary: Schedule
============================================================
* Number of FSM states : 4
* Pipeline : 0
* Dataflow Pipeline: 1
  DF-Pipeline-0: Size = 4, States = { 1 2 3 4 }

* FSM state transitions: 
1 --> 2 
2 --> 3 
3 --> 4 
4 --> 

* FSM state operations: 

State 1 <SV = 0> <Delay = 0.00>
ST_1 : Operation 5 [1/1] (0.00ns)   --->   "%temp = alloca i64 1" [../fixed/vitis_fft/hls_ssr_fft_streaming_transposer.hpp:263]   --->   Operation 5 'alloca' 'temp' <Predicate = true> <Delay = 0.00> <CoreInst = "FIFO_LUTRAM">   --->   Core 80 'FIFO_LUTRAM' <Latency = 0> <II = 1> <Delay = 1.93> <Storage> <Opcode : 'read' 'write' 'nbread' 'nbwrite'> <Ports = 0> <Width = 128> <Depth = 8> <FIFO>
ST_1 : Operation 6 [2/2] (0.00ns)   --->   "%call_ln270 = call void @streamingDataCommutor<complex<ap_fixed<22, 7, 5, 3, 0> > >, i128 %casted_output, i128 %temp, i1 %control_count_V_4, i1 %control_bits_V_4, i5 %sample_in_read_count_V_4, i1 %delay_line_stall_4, i45 %delayline_Array_18, i32 %control_delayline_Array_4, i45 %delayline_Array_17" [../fixed/vitis_fft/hls_ssr_fft_streaming_transposer.hpp:270]   --->   Operation 6 'call' 'call_ln270' <Predicate = true> <Delay = 0.00> <CoreType = "Generic">   --->   Core 0 '' <Latency = 0> <II = 1> <Delay = 1.00> <Generic> <Opcode : >

State 2 <SV = 1> <Delay = 0.00>
ST_2 : Operation 7 [1/2] (0.00ns)   --->   "%call_ln270 = call void @streamingDataCommutor<complex<ap_fixed<22, 7, 5, 3, 0> > >, i128 %casted_output, i128 %temp, i1 %control_count_V_4, i1 %control_bits_V_4, i5 %sample_in_read_count_V_4, i1 %delay_line_stall_4, i45 %delayline_Array_18, i32 %control_delayline_Array_4, i45 %delayline_Array_17" [../fixed/vitis_fft/hls_ssr_fft_streaming_transposer.hpp:270]   --->   Operation 7 'call' 'call_ln270' <Predicate = true> <Delay = 0.00> <CoreType = "Generic">   --->   Core 0 '' <Latency = 0> <II = 1> <Delay = 1.00> <Generic> <Opcode : >

State 3 <SV = 2> <Delay = 0.00>
ST_3 : Operation 8 [2/2] (0.00ns)   --->   "%call_ln274 = call void @swap<complex<ap_fixed<22, 7, 5, 3, 0> > >.1, i128 %temp, i128 %p_fftInData_reOrdered, i1 %control_count_V_6, i1 %control_bits_V_6, i1 %pf_count_V_4, i5 %sample_in_read_count_V_6, i1 %delay_line_stall_6, i45 %delayline_Array_4, i32 %control_delayline_Array_6, i45 %delayline_Array_3, i1 %control_count_V_8, i1 %control_bits_V_8, i2 %pf_count_V_6, i5 %sample_in_read_count_V_8, i1 %delay_line_stall_8, i45 %delayline_Array_8, i32 %control_delayline_Array_8, i45 %delayline_Array_7, i1 %control_count_V_1, i1 %control_bits_V_1, i3 %pf_count_V_1, i5 %sample_in_read_count_V_1, i1 %delay_line_stall_1, i45 %delayline_Array_12, i32 %control_delayline_Array_1, i45 %delayline_Array_11, i1 %control_count_V_3, i1 %control_bits_V_3, i4 %pf_count_V_2, i5 %sample_in_read_count_V_3, i1 %delay_line_stall_3, i45 %delayline_Array_16, i32 %control_delayline_Array_3, i45 %delayline_Array_15" [../fixed/vitis_fft/hls_ssr_fft_streaming_transposer.hpp:274]   --->   Operation 8 'call' 'call_ln274' <Predicate = true> <Delay = 0.00> <CoreType = "Generic">   --->   Core 0 '' <Latency = 0> <II = 1> <Delay = 1.00> <Generic> <Opcode : >

State 4 <SV = 3> <Delay = 0.00>
ST_4 : Operation 9 [1/1] (0.00ns)   --->   "%specdataflowpipeline_ln0 = specdataflowpipeline void @_ssdm_op_SpecDataflowPipeline, i32 4294967295, i32 0, void @empty_12"   --->   Operation 9 'specdataflowpipeline' 'specdataflowpipeline_ln0' <Predicate = true> <Delay = 0.00>
ST_4 : Operation 10 [1/1] (0.00ns)   --->   "%specmemcore_ln0 = specmemcore void @_ssdm_op_SpecMemCore, i128 %casted_output, i64 666, i64 9, i64 18446744073709551615"   --->   Operation 10 'specmemcore' 'specmemcore_ln0' <Predicate = true> <Delay = 0.00>
ST_4 : Operation 11 [1/1] (0.00ns)   --->   "%specmemcore_ln0 = specmemcore void @_ssdm_op_SpecMemCore, i128 %p_fftInData_reOrdered, i64 666, i64 9, i64 18446744073709551615"   --->   Operation 11 'specmemcore' 'specmemcore_ln0' <Predicate = true> <Delay = 0.00>
ST_4 : Operation 12 [1/1] (0.00ns)   --->   "%specinterface_ln0 = specinterface void @_ssdm_op_SpecInterface, i128 %casted_output, void @empty_0, i32 0, i32 0, void @empty_12, i32 0, i32 0, void @empty_12, void @empty_12, void @empty_12, i32 0, i32 0, i32 0, i32 0, void @empty_12, void @empty_12"   --->   Operation 12 'specinterface' 'specinterface_ln0' <Predicate = true> <Delay = 0.00>
ST_4 : Operation 13 [1/1] (0.00ns)   --->   "%specinterface_ln0 = specinterface void @_ssdm_op_SpecInterface, i128 %p_fftInData_reOrdered, void @empty_0, i32 0, i32 0, void @empty_12, i32 0, i32 0, void @empty_12, void @empty_12, void @empty_12, i32 0, i32 0, i32 0, i32 0, void @empty_12, void @empty_12"   --->   Operation 13 'specinterface' 'specinterface_ln0' <Predicate = true> <Delay = 0.00>
ST_4 : Operation 14 [1/1] (0.00ns)   --->   "%empty = specchannel i32 @_ssdm_op_SpecChannel, void @temp_str, i32 1, void @p_str, void @p_str, i32 8, i32 8, i128 %temp, i128 %temp"   --->   Operation 14 'specchannel' 'empty' <Predicate = true> <Delay = 0.00>
ST_4 : Operation 15 [1/1] (0.00ns)   --->   "%specmemcore_ln263 = specmemcore void @_ssdm_op_SpecMemCore, i128 %temp, i64 666, i64 9, i64 18446744073709551615" [../fixed/vitis_fft/hls_ssr_fft_streaming_transposer.hpp:263]   --->   Operation 15 'specmemcore' 'specmemcore_ln263' <Predicate = true> <Delay = 0.00>
ST_4 : Operation 16 [1/1] (0.00ns)   --->   "%specinterface_ln0 = specinterface void @_ssdm_op_SpecInterface, i128 %temp, void @empty_0, i32 0, i32 0, void @empty_12, i32 0, i32 0, void @empty_12, void @empty_12, void @empty_12, i32 0, i32 0, i32 0, i32 0, void @empty_12, void @empty_12"   --->   Operation 16 'specinterface' 'specinterface_ln0' <Predicate = true> <Delay = 0.00>
ST_4 : Operation 17 [1/2] (0.00ns)   --->   "%call_ln274 = call void @swap<complex<ap_fixed<22, 7, 5, 3, 0> > >.1, i128 %temp, i128 %p_fftInData_reOrdered, i1 %control_count_V_6, i1 %control_bits_V_6, i1 %pf_count_V_4, i5 %sample_in_read_count_V_6, i1 %delay_line_stall_6, i45 %delayline_Array_4, i32 %control_delayline_Array_6, i45 %delayline_Array_3, i1 %control_count_V_8, i1 %control_bits_V_8, i2 %pf_count_V_6, i5 %sample_in_read_count_V_8, i1 %delay_line_stall_8, i45 %delayline_Array_8, i32 %control_delayline_Array_8, i45 %delayline_Array_7, i1 %control_count_V_1, i1 %control_bits_V_1, i3 %pf_count_V_1, i5 %sample_in_read_count_V_1, i1 %delay_line_stall_1, i45 %delayline_Array_12, i32 %control_delayline_Array_1, i45 %delayline_Array_11, i1 %control_count_V_3, i1 %control_bits_V_3, i4 %pf_count_V_2, i5 %sample_in_read_count_V_3, i1 %delay_line_stall_3, i45 %delayline_Array_16, i32 %control_delayline_Array_3, i45 %delayline_Array_15" [../fixed/vitis_fft/hls_ssr_fft_streaming_transposer.hpp:274]   --->   Operation 17 'call' 'call_ln274' <Predicate = true> <Delay = 0.00> <CoreType = "Generic">   --->   Core 0 '' <Latency = 0> <II = 1> <Delay = 1.00> <Generic> <Opcode : >
ST_4 : Operation 18 [1/1] (0.00ns)   --->   "%ret_ln275 = ret" [../fixed/vitis_fft/hls_ssr_fft_streaming_transposer.hpp:275]   --->   Operation 18 'ret' 'ret_ln275' <Predicate = true> <Delay = 0.00>


============================================================
+ Verbose Summary: Binding
============================================================
STG Binding: 
---------------- STG Properties BEGIN ----------------
- Is combinational: 0
- Is one-state seq: 0
- Is datapath-only: 0
- Is pipelined: 0
- Is top level: 0
Port [ Return ] is wired: 1; IO mode=ap_ctrl_hs:ce=0
Port [ casted_output]:  wired=1; compound=1; hidden=0; nouse=0; global=0; static=0; extern=0; dir=0; type=3; pingpong=0; private_global=0; IO mode=ap_fifo:ce=0
Port [ p_fftInData_reOrdered]:  wired=1; compound=1; hidden=0; nouse=0; global=0; static=0; extern=0; dir=1; type=3; pingpong=0; private_global=0; IO mode=ap_fifo:ce=0
Port [ control_count_V_4]:  wired=0; compound=0; hidden=1; nouse=1; global=1; static=1; extern=0; dir=2; type=0; pingpong=0; private_global=0; IO mode=ap_ovld:ce=0
Port [ control_bits_V_4]:  wired=0; compound=0; hidden=1; nouse=1; global=1; static=1; extern=0; dir=2; type=0; pingpong=0; private_global=0; IO mode=ap_ovld:ce=0
Port [ sample_in_read_count_V_4]:  wired=0; compound=0; hidden=1; nouse=1; global=1; static=1; extern=0; dir=2; type=0; pingpong=0; private_global=0; IO mode=ap_ovld:ce=0
Port [ delay_line_stall_4]:  wired=0; compound=0; hidden=1; nouse=1; global=1; static=1; extern=0; dir=2; type=0; pingpong=0; private_global=0; IO mode=ap_ovld:ce=0
Port [ delayline_Array_18]:  wired=0; compound=1; hidden=1; nouse=1; global=1; static=1; extern=0; dir=3; type=1; pingpong=0; private_global=0; MemPort=[2]; IO mode=ap_memory:ce=0
Port [ control_delayline_Array_4]:  wired=0; compound=1; hidden=1; nouse=1; global=1; static=1; extern=0; dir=3; type=1; pingpong=0; private_global=0; MemPort=[2]; IO mode=ap_memory:ce=0
Port [ delayline_Array_17]:  wired=0; compound=1; hidden=1; nouse=1; global=1; static=1; extern=0; dir=3; type=1; pingpong=0; private_global=0; MemPort=[2]; IO mode=ap_memory:ce=0
Port [ control_count_V_6]:  wired=0; compound=0; hidden=1; nouse=1; global=1; static=1; extern=0; dir=2; type=0; pingpong=0; private_global=0; IO mode=ap_ovld:ce=0
Port [ control_bits_V_6]:  wired=0; compound=0; hidden=1; nouse=1; global=1; static=1; extern=0; dir=2; type=0; pingpong=0; private_global=0; IO mode=ap_ovld:ce=0
Port [ pf_count_V_4]:  wired=0; compound=0; hidden=1; nouse=1; global=1; static=1; extern=0; dir=2; type=0; pingpong=0; private_global=0; IO mode=ap_ovld:ce=0
Port [ sample_in_read_count_V_6]:  wired=0; compound=0; hidden=1; nouse=1; global=1; static=1; extern=0; dir=2; type=0; pingpong=0; private_global=0; IO mode=ap_ovld:ce=0
Port [ delay_line_stall_6]:  wired=0; compound=0; hidden=1; nouse=1; global=1; static=1; extern=0; dir=2; type=0; pingpong=0; private_global=0; IO mode=ap_ovld:ce=0
Port [ delayline_Array_4]:  wired=0; compound=1; hidden=1; nouse=1; global=1; static=1; extern=0; dir=3; type=1; pingpong=0; private_global=0; MemPort=[2]; IO mode=ap_memory:ce=0
Port [ control_delayline_Array_6]:  wired=0; compound=1; hidden=1; nouse=1; global=1; static=1; extern=0; dir=3; type=1; pingpong=0; private_global=0; MemPort=[2]; IO mode=ap_memory:ce=0
Port [ delayline_Array_3]:  wired=0; compound=1; hidden=1; nouse=1; global=1; static=1; extern=0; dir=3; type=1; pingpong=0; private_global=0; MemPort=[2]; IO mode=ap_memory:ce=0
Port [ control_count_V_8]:  wired=0; compound=0; hidden=1; nouse=1; global=1; static=1; extern=0; dir=2; type=0; pingpong=0; private_global=0; IO mode=ap_ovld:ce=0
Port [ control_bits_V_8]:  wired=0; compound=0; hidden=1; nouse=1; global=1; static=1; extern=0; dir=2; type=0; pingpong=0; private_global=0; IO mode=ap_ovld:ce=0
Port [ pf_count_V_6]:  wired=0; compound=0; hidden=1; nouse=1; global=1; static=1; extern=0; dir=2; type=0; pingpong=0; private_global=0; IO mode=ap_ovld:ce=0
Port [ sample_in_read_count_V_8]:  wired=0; compound=0; hidden=1; nouse=1; global=1; static=1; extern=0; dir=2; type=0; pingpong=0; private_global=0; IO mode=ap_ovld:ce=0
Port [ delay_line_stall_8]:  wired=0; compound=0; hidden=1; nouse=1; global=1; static=1; extern=0; dir=2; type=0; pingpong=0; private_global=0; IO mode=ap_ovld:ce=0
Port [ delayline_Array_8]:  wired=0; compound=1; hidden=1; nouse=1; global=1; static=1; extern=0; dir=3; type=1; pingpong=0; private_global=0; MemPort=[2]; IO mode=ap_memory:ce=0
Port [ control_delayline_Array_8]:  wired=0; compound=1; hidden=1; nouse=1; global=1; static=1; extern=0; dir=3; type=1; pingpong=0; private_global=0; MemPort=[2]; IO mode=ap_memory:ce=0
Port [ delayline_Array_7]:  wired=0; compound=1; hidden=1; nouse=1; global=1; static=1; extern=0; dir=3; type=1; pingpong=0; private_global=0; MemPort=[2]; IO mode=ap_memory:ce=0
Port [ control_count_V_1]:  wired=0; compound=0; hidden=1; nouse=1; global=1; static=1; extern=0; dir=2; type=0; pingpong=0; private_global=0; IO mode=ap_ovld:ce=0
Port [ control_bits_V_1]:  wired=0; compound=0; hidden=1; nouse=1; global=1; static=1; extern=0; dir=2; type=0; pingpong=0; private_global=0; IO mode=ap_ovld:ce=0
Port [ pf_count_V_1]:  wired=0; compound=0; hidden=1; nouse=1; global=1; static=1; extern=0; dir=2; type=0; pingpong=0; private_global=0; IO mode=ap_ovld:ce=0
Port [ sample_in_read_count_V_1]:  wired=0; compound=0; hidden=1; nouse=1; global=1; static=1; extern=0; dir=2; type=0; pingpong=0; private_global=0; IO mode=ap_ovld:ce=0
Port [ delay_line_stall_1]:  wired=0; compound=0; hidden=1; nouse=1; global=1; static=1; extern=0; dir=2; type=0; pingpong=0; private_global=0; IO mode=ap_ovld:ce=0
Port [ delayline_Array_12]:  wired=0; compound=1; hidden=1; nouse=1; global=1; static=1; extern=0; dir=3; type=1; pingpong=0; private_global=0; MemPort=[2]; IO mode=ap_memory:ce=0
Port [ control_delayline_Array_1]:  wired=0; compound=1; hidden=1; nouse=1; global=1; static=1; extern=0; dir=3; type=1; pingpong=0; private_global=0; MemPort=[2]; IO mode=ap_memory:ce=0
Port [ delayline_Array_11]:  wired=0; compound=1; hidden=1; nouse=1; global=1; static=1; extern=0; dir=3; type=1; pingpong=0; private_global=0; MemPort=[2]; IO mode=ap_memory:ce=0
Port [ control_count_V_3]:  wired=0; compound=0; hidden=1; nouse=1; global=1; static=1; extern=0; dir=2; type=0; pingpong=0; private_global=0; IO mode=ap_ovld:ce=0
Port [ control_bits_V_3]:  wired=0; compound=0; hidden=1; nouse=1; global=1; static=1; extern=0; dir=2; type=0; pingpong=0; private_global=0; IO mode=ap_ovld:ce=0
Port [ pf_count_V_2]:  wired=0; compound=0; hidden=1; nouse=1; global=1; static=1; extern=0; dir=2; type=0; pingpong=0; private_global=0; IO mode=ap_ovld:ce=0
Port [ sample_in_read_count_V_3]:  wired=0; compound=0; hidden=1; nouse=1; global=1; static=1; extern=0; dir=2; type=0; pingpong=0; private_global=0; IO mode=ap_ovld:ce=0
Port [ delay_line_stall_3]:  wired=0; compound=0; hidden=1; nouse=1; global=1; static=1; extern=0; dir=2; type=0; pingpong=0; private_global=0; IO mode=ap_ovld:ce=0
Port [ delayline_Array_16]:  wired=0; compound=1; hidden=1; nouse=1; global=1; static=1; extern=0; dir=3; type=1; pingpong=0; private_global=0; MemPort=[2]; IO mode=ap_memory:ce=0
Port [ control_delayline_Array_3]:  wired=0; compound=1; hidden=1; nouse=1; global=1; static=1; extern=0; dir=3; type=1; pingpong=0; private_global=0; MemPort=[2]; IO mode=ap_memory:ce=0
Port [ delayline_Array_15]:  wired=0; compound=1; hidden=1; nouse=1; global=1; static=1; extern=0; dir=3; type=1; pingpong=0; private_global=0; MemPort=[2]; IO mode=ap_memory:ce=0
---------------- STG Properties END ------------------

---------------- Datapath Model BEGIN ----------------

<LifeTime>
<method=bitvector/>
temp                     (alloca              ) [ 01111]
call_ln270               (call                ) [ 00000]
specdataflowpipeline_ln0 (specdataflowpipeline) [ 00000]
specmemcore_ln0          (specmemcore         ) [ 00000]
specmemcore_ln0          (specmemcore         ) [ 00000]
specinterface_ln0        (specinterface       ) [ 00000]
specinterface_ln0        (specinterface       ) [ 00000]
empty                    (specchannel         ) [ 00000]
specmemcore_ln263        (specmemcore         ) [ 00000]
specinterface_ln0        (specinterface       ) [ 00000]
call_ln274               (call                ) [ 00000]
ret_ln275                (ret                 ) [ 00000]
</LifeTime>

<model>

<comp_list>
<comp id="0" class="1000" name="casted_output">
<pin_list>
<pin id="1" dir="1" index="0" bw="1" slack="0"/>
</pin_list>
<bind>
<StgValue><ssdm name="casted_output"/></StgValue>
</bind>
</comp>

<comp id="2" class="1000" name="p_fftInData_reOrdered">
<pin_list>
<pin id="3" dir="1" index="0" bw="1" slack="0"/>
</pin_list>
<bind>
<StgValue><ssdm name="p_fftInData_reOrdered"/></StgValue>
</bind>
</comp>

<comp id="4" class="1000" name="control_count_V_4">
<pin_list>
<pin id="5" dir="1" index="0" bw="1" slack="0"/>
</pin_list>
<bind>
<StgValue><ssdm name="control_count_V_4"/></StgValue>
</bind>
</comp>

<comp id="6" class="1000" name="control_bits_V_4">
<pin_list>
<pin id="7" dir="1" index="0" bw="1" slack="0"/>
</pin_list>
<bind>
<StgValue><ssdm name="control_bits_V_4"/></StgValue>
</bind>
</comp>

<comp id="8" class="1000" name="sample_in_read_count_V_4">
<pin_list>
<pin id="9" dir="1" index="0" bw="1" slack="0"/>
</pin_list>
<bind>
<StgValue><ssdm name="sample_in_read_count_V_4"/></StgValue>
</bind>
</comp>

<comp id="10" class="1000" name="delay_line_stall_4">
<pin_list>
<pin id="11" dir="1" index="0" bw="1" slack="0"/>
</pin_list>
<bind>
<StgValue><ssdm name="delay_line_stall_4"/></StgValue>
</bind>
</comp>

<comp id="12" class="1000" name="delayline_Array_18">
<pin_list>
<pin id="13" dir="1" index="0" bw="1" slack="0"/>
</pin_list>
<bind>
<StgValue><ssdm name="delayline_Array_18"/><MemPortTyVec>2 </MemPortTyVec>
</StgValue>
</bind>
</comp>

<comp id="14" class="1000" name="control_delayline_Array_4">
<pin_list>
<pin id="15" dir="1" index="0" bw="1" slack="0"/>
</pin_list>
<bind>
<StgValue><ssdm name="control_delayline_Array_4"/><MemPortTyVec>2 </MemPortTyVec>
</StgValue>
</bind>
</comp>

<comp id="16" class="1000" name="delayline_Array_17">
<pin_list>
<pin id="17" dir="1" index="0" bw="1" slack="0"/>
</pin_list>
<bind>
<StgValue><ssdm name="delayline_Array_17"/><MemPortTyVec>2 </MemPortTyVec>
</StgValue>
</bind>
</comp>

<comp id="18" class="1000" name="control_count_V_6">
<pin_list>
<pin id="19" dir="1" index="0" bw="1" slack="0"/>
</pin_list>
<bind>
<StgValue><ssdm name="control_count_V_6"/></StgValue>
</bind>
</comp>

<comp id="20" class="1000" name="control_bits_V_6">
<pin_list>
<pin id="21" dir="1" index="0" bw="1" slack="0"/>
</pin_list>
<bind>
<StgValue><ssdm name="control_bits_V_6"/></StgValue>
</bind>
</comp>

<comp id="22" class="1000" name="pf_count_V_4">
<pin_list>
<pin id="23" dir="1" index="0" bw="1" slack="0"/>
</pin_list>
<bind>
<StgValue><ssdm name="pf_count_V_4"/></StgValue>
</bind>
</comp>

<comp id="24" class="1000" name="sample_in_read_count_V_6">
<pin_list>
<pin id="25" dir="1" index="0" bw="1" slack="0"/>
</pin_list>
<bind>
<StgValue><ssdm name="sample_in_read_count_V_6"/></StgValue>
</bind>
</comp>

<comp id="26" class="1000" name="delay_line_stall_6">
<pin_list>
<pin id="27" dir="1" index="0" bw="1" slack="0"/>
</pin_list>
<bind>
<StgValue><ssdm name="delay_line_stall_6"/></StgValue>
</bind>
</comp>

<comp id="28" class="1000" name="delayline_Array_4">
<pin_list>
<pin id="29" dir="1" index="0" bw="1" slack="0"/>
</pin_list>
<bind>
<StgValue><ssdm name="delayline_Array_4"/><MemPortTyVec>2 </MemPortTyVec>
</StgValue>
</bind>
</comp>

<comp id="30" class="1000" name="control_delayline_Array_6">
<pin_list>
<pin id="31" dir="1" index="0" bw="1" slack="0"/>
</pin_list>
<bind>
<StgValue><ssdm name="control_delayline_Array_6"/><MemPortTyVec>2 </MemPortTyVec>
</StgValue>
</bind>
</comp>

<comp id="32" class="1000" name="delayline_Array_3">
<pin_list>
<pin id="33" dir="1" index="0" bw="1" slack="0"/>
</pin_list>
<bind>
<StgValue><ssdm name="delayline_Array_3"/><MemPortTyVec>2 </MemPortTyVec>
</StgValue>
</bind>
</comp>

<comp id="34" class="1000" name="control_count_V_8">
<pin_list>
<pin id="35" dir="1" index="0" bw="1" slack="0"/>
</pin_list>
<bind>
<StgValue><ssdm name="control_count_V_8"/></StgValue>
</bind>
</comp>

<comp id="36" class="1000" name="control_bits_V_8">
<pin_list>
<pin id="37" dir="1" index="0" bw="1" slack="0"/>
</pin_list>
<bind>
<StgValue><ssdm name="control_bits_V_8"/></StgValue>
</bind>
</comp>

<comp id="38" class="1000" name="pf_count_V_6">
<pin_list>
<pin id="39" dir="1" index="0" bw="1" slack="0"/>
</pin_list>
<bind>
<StgValue><ssdm name="pf_count_V_6"/></StgValue>
</bind>
</comp>

<comp id="40" class="1000" name="sample_in_read_count_V_8">
<pin_list>
<pin id="41" dir="1" index="0" bw="1" slack="0"/>
</pin_list>
<bind>
<StgValue><ssdm name="sample_in_read_count_V_8"/></StgValue>
</bind>
</comp>

<comp id="42" class="1000" name="delay_line_stall_8">
<pin_list>
<pin id="43" dir="1" index="0" bw="1" slack="0"/>
</pin_list>
<bind>
<StgValue><ssdm name="delay_line_stall_8"/></StgValue>
</bind>
</comp>

<comp id="44" class="1000" name="delayline_Array_8">
<pin_list>
<pin id="45" dir="1" index="0" bw="1" slack="0"/>
</pin_list>
<bind>
<StgValue><ssdm name="delayline_Array_8"/><MemPortTyVec>2 </MemPortTyVec>
</StgValue>
</bind>
</comp>

<comp id="46" class="1000" name="control_delayline_Array_8">
<pin_list>
<pin id="47" dir="1" index="0" bw="1" slack="0"/>
</pin_list>
<bind>
<StgValue><ssdm name="control_delayline_Array_8"/><MemPortTyVec>2 </MemPortTyVec>
</StgValue>
</bind>
</comp>

<comp id="48" class="1000" name="delayline_Array_7">
<pin_list>
<pin id="49" dir="1" index="0" bw="1" slack="0"/>
</pin_list>
<bind>
<StgValue><ssdm name="delayline_Array_7"/><MemPortTyVec>2 </MemPortTyVec>
</StgValue>
</bind>
</comp>

<comp id="50" class="1000" name="control_count_V_1">
<pin_list>
<pin id="51" dir="1" index="0" bw="1" slack="0"/>
</pin_list>
<bind>
<StgValue><ssdm name="control_count_V_1"/></StgValue>
</bind>
</comp>

<comp id="52" class="1000" name="control_bits_V_1">
<pin_list>
<pin id="53" dir="1" index="0" bw="1" slack="0"/>
</pin_list>
<bind>
<StgValue><ssdm name="control_bits_V_1"/></StgValue>
</bind>
</comp>

<comp id="54" class="1000" name="pf_count_V_1">
<pin_list>
<pin id="55" dir="1" index="0" bw="1" slack="0"/>
</pin_list>
<bind>
<StgValue><ssdm name="pf_count_V_1"/></StgValue>
</bind>
</comp>

<comp id="56" class="1000" name="sample_in_read_count_V_1">
<pin_list>
<pin id="57" dir="1" index="0" bw="1" slack="0"/>
</pin_list>
<bind>
<StgValue><ssdm name="sample_in_read_count_V_1"/></StgValue>
</bind>
</comp>

<comp id="58" class="1000" name="delay_line_stall_1">
<pin_list>
<pin id="59" dir="1" index="0" bw="1" slack="0"/>
</pin_list>
<bind>
<StgValue><ssdm name="delay_line_stall_1"/></StgValue>
</bind>
</comp>

<comp id="60" class="1000" name="delayline_Array_12">
<pin_list>
<pin id="61" dir="1" index="0" bw="1" slack="0"/>
</pin_list>
<bind>
<StgValue><ssdm name="delayline_Array_12"/><MemPortTyVec>2 </MemPortTyVec>
</StgValue>
</bind>
</comp>

<comp id="62" class="1000" name="control_delayline_Array_1">
<pin_list>
<pin id="63" dir="1" index="0" bw="1" slack="0"/>
</pin_list>
<bind>
<StgValue><ssdm name="control_delayline_Array_1"/><MemPortTyVec>2 </MemPortTyVec>
</StgValue>
</bind>
</comp>

<comp id="64" class="1000" name="delayline_Array_11">
<pin_list>
<pin id="65" dir="1" index="0" bw="1" slack="0"/>
</pin_list>
<bind>
<StgValue><ssdm name="delayline_Array_11"/><MemPortTyVec>2 </MemPortTyVec>
</StgValue>
</bind>
</comp>

<comp id="66" class="1000" name="control_count_V_3">
<pin_list>
<pin id="67" dir="1" index="0" bw="1" slack="0"/>
</pin_list>
<bind>
<StgValue><ssdm name="control_count_V_3"/></StgValue>
</bind>
</comp>

<comp id="68" class="1000" name="control_bits_V_3">
<pin_list>
<pin id="69" dir="1" index="0" bw="1" slack="0"/>
</pin_list>
<bind>
<StgValue><ssdm name="control_bits_V_3"/></StgValue>
</bind>
</comp>

<comp id="70" class="1000" name="pf_count_V_2">
<pin_list>
<pin id="71" dir="1" index="0" bw="1" slack="0"/>
</pin_list>
<bind>
<StgValue><ssdm name="pf_count_V_2"/></StgValue>
</bind>
</comp>

<comp id="72" class="1000" name="sample_in_read_count_V_3">
<pin_list>
<pin id="73" dir="1" index="0" bw="1" slack="0"/>
</pin_list>
<bind>
<StgValue><ssdm name="sample_in_read_count_V_3"/></StgValue>
</bind>
</comp>

<comp id="74" class="1000" name="delay_line_stall_3">
<pin_list>
<pin id="75" dir="1" index="0" bw="1" slack="0"/>
</pin_list>
<bind>
<StgValue><ssdm name="delay_line_stall_3"/></StgValue>
</bind>
</comp>

<comp id="76" class="1000" name="delayline_Array_16">
<pin_list>
<pin id="77" dir="1" index="0" bw="1" slack="0"/>
</pin_list>
<bind>
<StgValue><ssdm name="delayline_Array_16"/><MemPortTyVec>2 </MemPortTyVec>
</StgValue>
</bind>
</comp>

<comp id="78" class="1000" name="control_delayline_Array_3">
<pin_list>
<pin id="79" dir="1" index="0" bw="1" slack="0"/>
</pin_list>
<bind>
<StgValue><ssdm name="control_delayline_Array_3"/><MemPortTyVec>2 </MemPortTyVec>
</StgValue>
</bind>
</comp>

<comp id="80" class="1000" name="delayline_Array_15">
<pin_list>
<pin id="81" dir="1" index="0" bw="1" slack="0"/>
</pin_list>
<bind>
<StgValue><ssdm name="delayline_Array_15"/><MemPortTyVec>2 </MemPortTyVec>
</StgValue>
</bind>
</comp>

<comp id="82" class="1001" name="const_82">
<pin_list>
<pin id="83" dir="1" index="0" bw="1" slack="0"/>
</pin_list>
<bind>
<StgValue><ssdm name=""/></StgValue>
</bind>
</comp>

<comp id="84" class="1001" name="const_84">
<pin_list>
<pin id="85" dir="1" index="0" bw="1" slack="0"/>
</pin_list>
<bind>
<StgValue><ssdm name="streamingDataCommutor<complex<ap_fixed<22, 7, 5, 3, 0> > >"/></StgValue>
</bind>
</comp>

<comp id="86" class="1001" name="const_86">
<pin_list>
<pin id="87" dir="1" index="0" bw="1" slack="0"/>
</pin_list>
<bind>
<StgValue><ssdm name="swap<complex<ap_fixed<22, 7, 5, 3, 0> > >.1"/></StgValue>
</bind>
</comp>

<comp id="88" class="1001" name="const_88">
<pin_list>
<pin id="89" dir="1" index="0" bw="1" slack="2147483647"/>
</pin_list>
<bind>
<StgValue><ssdm name="_ssdm_op_SpecDataflowPipeline"/></StgValue>
</bind>
</comp>

<comp id="90" class="1001" name="const_90">
<pin_list>
<pin id="91" dir="1" index="0" bw="1" slack="2147483647"/>
</pin_list>
<bind>
<StgValue><ssdm name=""/></StgValue>
</bind>
</comp>

<comp id="92" class="1001" name="const_92">
<pin_list>
<pin id="93" dir="1" index="0" bw="1" slack="2147483647"/>
</pin_list>
<bind>
<StgValue><ssdm name=""/></StgValue>
</bind>
</comp>

<comp id="94" class="1001" name="const_94">
<pin_list>
<pin id="95" dir="1" index="0" bw="1" slack="2147483647"/>
</pin_list>
<bind>
<StgValue><ssdm name="empty_12"/></StgValue>
</bind>
</comp>

<comp id="96" class="1001" name="const_96">
<pin_list>
<pin id="97" dir="1" index="0" bw="1" slack="2147483647"/>
</pin_list>
<bind>
<StgValue><ssdm name="_ssdm_op_SpecMemCore"/></StgValue>
</bind>
</comp>

<comp id="98" class="1001" name="const_98">
<pin_list>
<pin id="99" dir="1" index="0" bw="1" slack="2147483647"/>
</pin_list>
<bind>
<StgValue><ssdm name=""/></StgValue>
</bind>
</comp>

<comp id="100" class="1001" name="const_100">
<pin_list>
<pin id="101" dir="1" index="0" bw="1" slack="2147483647"/>
</pin_list>
<bind>
<StgValue><ssdm name=""/></StgValue>
</bind>
</comp>

<comp id="102" class="1001" name="const_102">
<pin_list>
<pin id="103" dir="1" index="0" bw="1" slack="2147483647"/>
</pin_list>
<bind>
<StgValue><ssdm name=""/></StgValue>
</bind>
</comp>

<comp id="104" class="1001" name="const_104">
<pin_list>
<pin id="105" dir="1" index="0" bw="1" slack="2147483647"/>
</pin_list>
<bind>
<StgValue><ssdm name="_ssdm_op_SpecInterface"/></StgValue>
</bind>
</comp>

<comp id="106" class="1001" name="const_106">
<pin_list>
<pin id="107" dir="1" index="0" bw="1" slack="2147483647"/>
</pin_list>
<bind>
<StgValue><ssdm name="empty_0"/></StgValue>
</bind>
</comp>

<comp id="108" class="1001" name="const_108">
<pin_list>
<pin id="109" dir="1" index="0" bw="1" slack="2147483647"/>
</pin_list>
<bind>
<StgValue><ssdm name="_ssdm_op_SpecChannel"/></StgValue>
</bind>
</comp>

<comp id="110" class="1001" name="const_110">
<pin_list>
<pin id="111" dir="1" index="0" bw="1" slack="2147483647"/>
</pin_list>
<bind>
<StgValue><ssdm name="temp_str"/></StgValue>
</bind>
</comp>

<comp id="112" class="1001" name="const_112">
<pin_list>
<pin id="113" dir="1" index="0" bw="1" slack="2147483647"/>
</pin_list>
<bind>
<StgValue><ssdm name=""/></StgValue>
</bind>
</comp>

<comp id="114" class="1001" name="const_114">
<pin_list>
<pin id="115" dir="1" index="0" bw="1" slack="2147483647"/>
</pin_list>
<bind>
<StgValue><ssdm name="p_str"/></StgValue>
</bind>
</comp>

<comp id="116" class="1001" name="const_116">
<pin_list>
<pin id="117" dir="1" index="0" bw="1" slack="2147483647"/>
</pin_list>
<bind>
<StgValue><ssdm name=""/></StgValue>
</bind>
</comp>

<comp id="118" class="1004" name="temp_fu_118">
<pin_list>
<pin id="119" dir="0" index="0" bw="1" slack="0"/>
<pin id="120" dir="1" index="1" bw="128" slack="0"/>
</pin_list>
<bind>
<opcode="alloca(26) " fcode="alloca"/>
<opset="temp/1 "/>
</bind>
</comp>

<comp id="122" class="1004" name="grp_streamingDataCommutor_complex_ap_fixed_22_7_5_3_0_s_fu_122">
<pin_list>
<pin id="123" dir="0" index="0" bw="0" slack="0"/>
<pin id="124" dir="0" index="1" bw="128" slack="0"/>
<pin id="125" dir="0" index="2" bw="128" slack="0"/>
<pin id="126" dir="0" index="3" bw="1" slack="0"/>
<pin id="127" dir="0" index="4" bw="1" slack="0"/>
<pin id="128" dir="0" index="5" bw="5" slack="0"/>
<pin id="129" dir="0" index="6" bw="1" slack="0"/>
<pin id="130" dir="0" index="7" bw="45" slack="0"/>
<pin id="131" dir="0" index="8" bw="32" slack="0"/>
<pin id="132" dir="0" index="9" bw="45" slack="0"/>
<pin id="133" dir="1" index="10" bw="0" slack="2147483647"/>
</pin_list>
<bind>
<opcode="call(48) " fcode="call"/>
<opset="call_ln270/1 "/>
</bind>
</comp>

<comp id="143" class="1004" name="grp_swap_complex_ap_fixed_22_7_5_3_0_1_fu_143">
<pin_list>
<pin id="144" dir="0" index="0" bw="0" slack="0"/>
<pin id="145" dir="0" index="1" bw="128" slack="2"/>
<pin id="146" dir="0" index="2" bw="128" slack="0"/>
<pin id="147" dir="0" index="3" bw="1" slack="0"/>
<pin id="148" dir="0" index="4" bw="1" slack="0"/>
<pin id="149" dir="0" index="5" bw="1" slack="0"/>
<pin id="150" dir="0" index="6" bw="5" slack="0"/>
<pin id="151" dir="0" index="7" bw="1" slack="0"/>
<pin id="152" dir="0" index="8" bw="45" slack="0"/>
<pin id="153" dir="0" index="9" bw="32" slack="0"/>
<pin id="154" dir="0" index="10" bw="45" slack="0"/>
<pin id="155" dir="0" index="11" bw="1" slack="0"/>
<pin id="156" dir="0" index="12" bw="1" slack="0"/>
<pin id="157" dir="0" index="13" bw="2" slack="0"/>
<pin id="158" dir="0" index="14" bw="5" slack="0"/>
<pin id="159" dir="0" index="15" bw="1" slack="0"/>
<pin id="160" dir="0" index="16" bw="45" slack="0"/>
<pin id="161" dir="0" index="17" bw="32" slack="0"/>
<pin id="162" dir="0" index="18" bw="45" slack="0"/>
<pin id="163" dir="0" index="19" bw="1" slack="0"/>
<pin id="164" dir="0" index="20" bw="1" slack="0"/>
<pin id="165" dir="0" index="21" bw="3" slack="0"/>
<pin id="166" dir="0" index="22" bw="5" slack="0"/>
<pin id="167" dir="0" index="23" bw="1" slack="0"/>
<pin id="168" dir="0" index="24" bw="45" slack="0"/>
<pin id="169" dir="0" index="25" bw="32" slack="0"/>
<pin id="170" dir="0" index="26" bw="45" slack="0"/>
<pin id="171" dir="0" index="27" bw="1" slack="0"/>
<pin id="172" dir="0" index="28" bw="1" slack="0"/>
<pin id="173" dir="0" index="29" bw="4" slack="0"/>
<pin id="174" dir="0" index="30" bw="5" slack="0"/>
<pin id="175" dir="0" index="31" bw="1" slack="0"/>
<pin id="176" dir="0" index="32" bw="45" slack="0"/>
<pin id="177" dir="0" index="33" bw="32" slack="0"/>
<pin id="178" dir="0" index="34" bw="45" slack="0"/>
<pin id="179" dir="1" index="35" bw="0" slack="2147483647"/>
</pin_list>
<bind>
<opcode="call(48) " fcode="call"/>
<opset="call_ln274/3 "/>
</bind>
</comp>

<comp id="214" class="1005" name="temp_reg_214">
<pin_list>
<pin id="215" dir="0" index="0" bw="128" slack="0"/>
<pin id="216" dir="1" index="1" bw="128" slack="0"/>
</pin_list>
<bind>
<opset="temp "/>
</bind>
</comp>

</comp_list>

<net_list>
<net id="121"><net_src comp="82" pin="0"/><net_sink comp="118" pin=0"/></net>

<net id="134"><net_src comp="84" pin="0"/><net_sink comp="122" pin=0"/></net>

<net id="135"><net_src comp="0" pin="0"/><net_sink comp="122" pin=1"/></net>

<net id="136"><net_src comp="4" pin="0"/><net_sink comp="122" pin=3"/></net>

<net id="137"><net_src comp="6" pin="0"/><net_sink comp="122" pin=4"/></net>

<net id="138"><net_src comp="8" pin="0"/><net_sink comp="122" pin=5"/></net>

<net id="139"><net_src comp="10" pin="0"/><net_sink comp="122" pin=6"/></net>

<net id="140"><net_src comp="12" pin="0"/><net_sink comp="122" pin=7"/></net>

<net id="141"><net_src comp="14" pin="0"/><net_sink comp="122" pin=8"/></net>

<net id="142"><net_src comp="16" pin="0"/><net_sink comp="122" pin=9"/></net>

<net id="180"><net_src comp="86" pin="0"/><net_sink comp="143" pin=0"/></net>

<net id="181"><net_src comp="2" pin="0"/><net_sink comp="143" pin=2"/></net>

<net id="182"><net_src comp="18" pin="0"/><net_sink comp="143" pin=3"/></net>

<net id="183"><net_src comp="20" pin="0"/><net_sink comp="143" pin=4"/></net>

<net id="184"><net_src comp="22" pin="0"/><net_sink comp="143" pin=5"/></net>

<net id="185"><net_src comp="24" pin="0"/><net_sink comp="143" pin=6"/></net>

<net id="186"><net_src comp="26" pin="0"/><net_sink comp="143" pin=7"/></net>

<net id="187"><net_src comp="28" pin="0"/><net_sink comp="143" pin=8"/></net>

<net id="188"><net_src comp="30" pin="0"/><net_sink comp="143" pin=9"/></net>

<net id="189"><net_src comp="32" pin="0"/><net_sink comp="143" pin=10"/></net>

<net id="190"><net_src comp="34" pin="0"/><net_sink comp="143" pin=11"/></net>

<net id="191"><net_src comp="36" pin="0"/><net_sink comp="143" pin=12"/></net>

<net id="192"><net_src comp="38" pin="0"/><net_sink comp="143" pin=13"/></net>

<net id="193"><net_src comp="40" pin="0"/><net_sink comp="143" pin=14"/></net>

<net id="194"><net_src comp="42" pin="0"/><net_sink comp="143" pin=15"/></net>

<net id="195"><net_src comp="44" pin="0"/><net_sink comp="143" pin=16"/></net>

<net id="196"><net_src comp="46" pin="0"/><net_sink comp="143" pin=17"/></net>

<net id="197"><net_src comp="48" pin="0"/><net_sink comp="143" pin=18"/></net>

<net id="198"><net_src comp="50" pin="0"/><net_sink comp="143" pin=19"/></net>

<net id="199"><net_src comp="52" pin="0"/><net_sink comp="143" pin=20"/></net>

<net id="200"><net_src comp="54" pin="0"/><net_sink comp="143" pin=21"/></net>

<net id="201"><net_src comp="56" pin="0"/><net_sink comp="143" pin=22"/></net>

<net id="202"><net_src comp="58" pin="0"/><net_sink comp="143" pin=23"/></net>

<net id="203"><net_src comp="60" pin="0"/><net_sink comp="143" pin=24"/></net>

<net id="204"><net_src comp="62" pin="0"/><net_sink comp="143" pin=25"/></net>

<net id="205"><net_src comp="64" pin="0"/><net_sink comp="143" pin=26"/></net>

<net id="206"><net_src comp="66" pin="0"/><net_sink comp="143" pin=27"/></net>

<net id="207"><net_src comp="68" pin="0"/><net_sink comp="143" pin=28"/></net>

<net id="208"><net_src comp="70" pin="0"/><net_sink comp="143" pin=29"/></net>

<net id="209"><net_src comp="72" pin="0"/><net_sink comp="143" pin=30"/></net>

<net id="210"><net_src comp="74" pin="0"/><net_sink comp="143" pin=31"/></net>

<net id="211"><net_src comp="76" pin="0"/><net_sink comp="143" pin=32"/></net>

<net id="212"><net_src comp="78" pin="0"/><net_sink comp="143" pin=33"/></net>

<net id="213"><net_src comp="80" pin="0"/><net_sink comp="143" pin=34"/></net>

<net id="217"><net_src comp="118" pin="1"/><net_sink comp="214" pin=0"/></net>

<net id="218"><net_src comp="214" pin="1"/><net_sink comp="122" pin=2"/></net>

<net id="219"><net_src comp="214" pin="1"/><net_sink comp="143" pin=1"/></net>

</net_list>

</model> 
---------------- Datapath Model END ------------------

* FSMD analyzer results:
  - Output states:
	Port: p_fftInData_reOrdered | {3 4 }
	Port: control_count_V_4 | {1 2 }
	Port: control_bits_V_4 | {1 2 }
	Port: sample_in_read_count_V_4 | {1 2 }
	Port: delay_line_stall_4 | {1 2 }
	Port: delayline_Array_18 | {1 2 }
	Port: control_delayline_Array_4 | {1 2 }
	Port: delayline_Array_17 | {1 2 }
	Port: control_count_V_6 | {3 4 }
	Port: control_bits_V_6 | {3 4 }
	Port: pf_count_V_4 | {3 4 }
	Port: sample_in_read_count_V_6 | {3 4 }
	Port: delay_line_stall_6 | {3 4 }
	Port: delayline_Array_4 | {3 4 }
	Port: control_delayline_Array_6 | {3 4 }
	Port: delayline_Array_3 | {3 4 }
	Port: control_count_V_8 | {3 4 }
	Port: control_bits_V_8 | {3 4 }
	Port: pf_count_V_6 | {3 4 }
	Port: sample_in_read_count_V_8 | {3 4 }
	Port: delay_line_stall_8 | {3 4 }
	Port: delayline_Array_8 | {3 4 }
	Port: control_delayline_Array_8 | {3 4 }
	Port: delayline_Array_7 | {3 4 }
	Port: control_count_V_1 | {3 4 }
	Port: control_bits_V_1 | {3 4 }
	Port: pf_count_V_1 | {3 4 }
	Port: sample_in_read_count_V_1 | {3 4 }
	Port: delay_line_stall_1 | {3 4 }
	Port: delayline_Array_12 | {3 4 }
	Port: control_delayline_Array_1 | {3 4 }
	Port: delayline_Array_11 | {3 4 }
	Port: control_count_V_3 | {3 4 }
	Port: control_bits_V_3 | {3 4 }
	Port: pf_count_V_2 | {3 4 }
	Port: sample_in_read_count_V_3 | {3 4 }
	Port: delay_line_stall_3 | {3 4 }
	Port: delayline_Array_16 | {3 4 }
	Port: control_delayline_Array_3 | {3 4 }
	Port: delayline_Array_15 | {3 4 }
 - Input state : 
	Port: swap<complex<ap_fixed<22, 7, 5, 3, 0> > > : casted_output | {1 2 }
	Port: swap<complex<ap_fixed<22, 7, 5, 3, 0> > > : control_count_V_4 | {1 2 }
	Port: swap<complex<ap_fixed<22, 7, 5, 3, 0> > > : control_bits_V_4 | {1 2 }
	Port: swap<complex<ap_fixed<22, 7, 5, 3, 0> > > : sample_in_read_count_V_4 | {1 2 }
	Port: swap<complex<ap_fixed<22, 7, 5, 3, 0> > > : delay_line_stall_4 | {1 2 }
	Port: swap<complex<ap_fixed<22, 7, 5, 3, 0> > > : delayline_Array_18 | {1 2 }
	Port: swap<complex<ap_fixed<22, 7, 5, 3, 0> > > : control_delayline_Array_4 | {1 2 }
	Port: swap<complex<ap_fixed<22, 7, 5, 3, 0> > > : delayline_Array_17 | {1 2 }
	Port: swap<complex<ap_fixed<22, 7, 5, 3, 0> > > : control_count_V_6 | {3 4 }
	Port: swap<complex<ap_fixed<22, 7, 5, 3, 0> > > : control_bits_V_6 | {3 4 }
	Port: swap<complex<ap_fixed<22, 7, 5, 3, 0> > > : pf_count_V_4 | {3 4 }
	Port: swap<complex<ap_fixed<22, 7, 5, 3, 0> > > : sample_in_read_count_V_6 | {3 4 }
	Port: swap<complex<ap_fixed<22, 7, 5, 3, 0> > > : delay_line_stall_6 | {3 4 }
	Port: swap<complex<ap_fixed<22, 7, 5, 3, 0> > > : delayline_Array_4 | {3 4 }
	Port: swap<complex<ap_fixed<22, 7, 5, 3, 0> > > : control_delayline_Array_6 | {3 4 }
	Port: swap<complex<ap_fixed<22, 7, 5, 3, 0> > > : delayline_Array_3 | {3 4 }
	Port: swap<complex<ap_fixed<22, 7, 5, 3, 0> > > : control_count_V_8 | {3 4 }
	Port: swap<complex<ap_fixed<22, 7, 5, 3, 0> > > : control_bits_V_8 | {3 4 }
	Port: swap<complex<ap_fixed<22, 7, 5, 3, 0> > > : pf_count_V_6 | {3 4 }
	Port: swap<complex<ap_fixed<22, 7, 5, 3, 0> > > : sample_in_read_count_V_8 | {3 4 }
	Port: swap<complex<ap_fixed<22, 7, 5, 3, 0> > > : delay_line_stall_8 | {3 4 }
	Port: swap<complex<ap_fixed<22, 7, 5, 3, 0> > > : delayline_Array_8 | {3 4 }
	Port: swap<complex<ap_fixed<22, 7, 5, 3, 0> > > : control_delayline_Array_8 | {3 4 }
	Port: swap<complex<ap_fixed<22, 7, 5, 3, 0> > > : delayline_Array_7 | {3 4 }
	Port: swap<complex<ap_fixed<22, 7, 5, 3, 0> > > : control_count_V_1 | {3 4 }
	Port: swap<complex<ap_fixed<22, 7, 5, 3, 0> > > : control_bits_V_1 | {3 4 }
	Port: swap<complex<ap_fixed<22, 7, 5, 3, 0> > > : pf_count_V_1 | {3 4 }
	Port: swap<complex<ap_fixed<22, 7, 5, 3, 0> > > : sample_in_read_count_V_1 | {3 4 }
	Port: swap<complex<ap_fixed<22, 7, 5, 3, 0> > > : delay_line_stall_1 | {3 4 }
	Port: swap<complex<ap_fixed<22, 7, 5, 3, 0> > > : delayline_Array_12 | {3 4 }
	Port: swap<complex<ap_fixed<22, 7, 5, 3, 0> > > : control_delayline_Array_1 | {3 4 }
	Port: swap<complex<ap_fixed<22, 7, 5, 3, 0> > > : delayline_Array_11 | {3 4 }
	Port: swap<complex<ap_fixed<22, 7, 5, 3, 0> > > : control_count_V_3 | {3 4 }
	Port: swap<complex<ap_fixed<22, 7, 5, 3, 0> > > : control_bits_V_3 | {3 4 }
	Port: swap<complex<ap_fixed<22, 7, 5, 3, 0> > > : pf_count_V_2 | {3 4 }
	Port: swap<complex<ap_fixed<22, 7, 5, 3, 0> > > : sample_in_read_count_V_3 | {3 4 }
	Port: swap<complex<ap_fixed<22, 7, 5, 3, 0> > > : delay_line_stall_3 | {3 4 }
	Port: swap<complex<ap_fixed<22, 7, 5, 3, 0> > > : delayline_Array_16 | {3 4 }
	Port: swap<complex<ap_fixed<22, 7, 5, 3, 0> > > : control_delayline_Array_3 | {3 4 }
	Port: swap<complex<ap_fixed<22, 7, 5, 3, 0> > > : delayline_Array_15 | {3 4 }
  - Chain level:
	State 1
		call_ln270 : 1
	State 2
	State 3
	State 4


============================================================
+ Verbose Summary: Datapath Resource usage 
============================================================

* Functional unit list:
|----------|----------------------------------------------------------------|---------|---------|---------|
| Operation|                         Functional Unit                        |  Delay  |    FF   |   LUT   |
|----------|----------------------------------------------------------------|---------|---------|---------|
|   call   | grp_streamingDataCommutor_complex_ap_fixed_22_7_5_3_0_s_fu_122 |  0.427  |   282   |   136   |
|          |          grp_swap_complex_ap_fixed_22_7_5_3_0_1_fu_143         |  1.708  |   1512  |   600   |
|----------|----------------------------------------------------------------|---------|---------|---------|
|   Total  |                                                                |  2.135  |   1794  |   736   |
|----------|----------------------------------------------------------------|---------|---------|---------|

Memories:
N/A

* Register list:
+------------+--------+
|            |   FF   |
+------------+--------+
|temp_reg_214|   128  |
+------------+--------+
|    Total   |   128  |
+------------+--------+

* Multiplexer (MUX) list: 
|--------|------|------|------|--------|
|  Comp  |  Pin | Size |  BW  | S x BW |
|--------|------|------|------|--------|
|  Total |      |      |      |    0   |
|--------|------|------|------|--------|



* Summary:
+-----------+--------+--------+--------+
|           |  Delay |   FF   |   LUT  |
+-----------+--------+--------+--------+
|  Function |    2   |  1794  |   736  |
|   Memory  |    -   |    -   |    -   |
|Multiplexer|    -   |    -   |    -   |
|  Register |    -   |   128  |    -   |
+-----------+--------+--------+--------+
|   Total   |    2   |  1922  |   736  |
+-----------+--------+--------+--------+
