#-----------------------------------------------------------
# Vivado v2021.1 (64-bit)
# SW Build 3247384 on Thu Jun 10 19:36:07 MDT 2021
# IP Build 3246043 on Fri Jun 11 00:30:35 MDT 2021
# Start of session at: Wed Sep 14 20:24:29 2022
# Process ID: 862728
# Current directory: /mnt/HLSNAS/g110064539/composable_IP_file/channel_src/channel/project/solution1/impl/ip
# Command line: vivado -notrace -mode batch -source run_ippack.tcl
# Log file: /mnt/HLSNAS/g110064539/composable_IP_file/channel_src/channel/project/solution1/impl/ip/vivado.log
# Journal file: /mnt/HLSNAS/g110064539/composable_IP_file/channel_src/channel/project/solution1/impl/ip/vivado.jou
#-----------------------------------------------------------
source run_ippack.tcl -notrace
INFO: [IP_Flow 19-234] Refreshing IP repositories
INFO: [IP_Flow 19-1704] No user IP repositories specified
INFO: [IP_Flow 19-2313] Loaded Vivado IP repository '/opt/Xilinx/Vivado/2021.1/data/ip'.
WARNING: [IP_Flow 19-4832] The IP name 'channel_gen_ddiv_64ns_64ns_64_11_no_dsp_1_ip' you have specified is long. The Windows operating system has path length limitations. It is recommended you use shorter names to reduce the likelihood of issues.
INFO: [IP_Flow 19-1686] Generating 'Synthesis' target for IP 'channel_gen_ddiv_64ns_64ns_64_11_no_dsp_1_ip'...
INFO: [IP_Flow 19-1686] Generating 'Simulation' target for IP 'channel_gen_ddiv_64ns_64ns_64_11_no_dsp_1_ip'...
WARNING: [IP_Flow 19-4832] The IP name 'channel_gen_dsqrt_64ns_64ns_64_10_no_dsp_1_ip' you have specified is long. The Windows operating system has path length limitations. It is recommended you use shorter names to reduce the likelihood of issues.
INFO: [IP_Flow 19-1686] Generating 'Synthesis' target for IP 'channel_gen_dsqrt_64ns_64ns_64_10_no_dsp_1_ip'...
INFO: [IP_Flow 19-1686] Generating 'Simulation' target for IP 'channel_gen_dsqrt_64ns_64ns_64_10_no_dsp_1_ip'...
WARNING: [IP_Flow 19-4832] The IP name 'channel_gen_faddfsub_32ns_32ns_32_2_no_dsp_1_ip' you have specified is long. The Windows operating system has path length limitations. It is recommended you use shorter names to reduce the likelihood of issues.
INFO: [IP_Flow 19-1686] Generating 'Synthesis' target for IP 'channel_gen_faddfsub_32ns_32ns_32_2_no_dsp_1_ip'...
INFO: [IP_Flow 19-1686] Generating 'Simulation' target for IP 'channel_gen_faddfsub_32ns_32ns_32_2_no_dsp_1_ip'...
WARNING: [IP_Flow 19-4832] The IP name 'channel_gen_fcmp_32ns_32ns_1_1_no_dsp_1_ip' you have specified is long. The Windows operating system has path length limitations. It is recommended you use shorter names to reduce the likelihood of issues.
INFO: [IP_Flow 19-1686] Generating 'Synthesis' target for IP 'channel_gen_fcmp_32ns_32ns_1_1_no_dsp_1_ip'...
INFO: [IP_Flow 19-1686] Generating 'Simulation' target for IP 'channel_gen_fcmp_32ns_32ns_1_1_no_dsp_1_ip'...
WARNING: [IP_Flow 19-4832] The IP name 'channel_gen_fdiv_32ns_32ns_32_6_no_dsp_1_ip' you have specified is long. The Windows operating system has path length limitations. It is recommended you use shorter names to reduce the likelihood of issues.
INFO: [IP_Flow 19-1686] Generating 'Synthesis' target for IP 'channel_gen_fdiv_32ns_32ns_32_6_no_dsp_1_ip'...
INFO: [IP_Flow 19-1686] Generating 'Simulation' target for IP 'channel_gen_fdiv_32ns_32ns_32_6_no_dsp_1_ip'...
WARNING: [IP_Flow 19-4832] The IP name 'channel_gen_flog_32ns_32ns_32_5_full_dsp_1_ip' you have specified is long. The Windows operating system has path length limitations. It is recommended you use shorter names to reduce the likelihood of issues.
INFO: [IP_Flow 19-1686] Generating 'Synthesis' target for IP 'channel_gen_flog_32ns_32ns_32_5_full_dsp_1_ip'...
INFO: [IP_Flow 19-1686] Generating 'Simulation' target for IP 'channel_gen_flog_32ns_32ns_32_5_full_dsp_1_ip'...
WARNING: [IP_Flow 19-4832] The IP name 'channel_gen_fmul_32ns_32ns_32_2_full_dsp_1_ip' you have specified is long. The Windows operating system has path length limitations. It is recommended you use shorter names to reduce the likelihood of issues.
INFO: [IP_Flow 19-1686] Generating 'Synthesis' target for IP 'channel_gen_fmul_32ns_32ns_32_2_full_dsp_1_ip'...
INFO: [IP_Flow 19-1686] Generating 'Simulation' target for IP 'channel_gen_fmul_32ns_32ns_32_2_full_dsp_1_ip'...
WARNING: [IP_Flow 19-4832] The IP name 'channel_gen_fmul_32ns_32ns_32_2_max_dsp_1_ip' you have specified is long. The Windows operating system has path length limitations. It is recommended you use shorter names to reduce the likelihood of issues.
INFO: [IP_Flow 19-1686] Generating 'Synthesis' target for IP 'channel_gen_fmul_32ns_32ns_32_2_max_dsp_1_ip'...
INFO: [IP_Flow 19-1686] Generating 'Simulation' target for IP 'channel_gen_fmul_32ns_32ns_32_2_max_dsp_1_ip'...
WARNING: [IP_Flow 19-4832] The IP name 'channel_gen_fpext_32ns_64_1_no_dsp_1_ip' you have specified is long. The Windows operating system has path length limitations. It is recommended you use shorter names to reduce the likelihood of issues.
INFO: [IP_Flow 19-1686] Generating 'Synthesis' target for IP 'channel_gen_fpext_32ns_64_1_no_dsp_1_ip'...
INFO: [IP_Flow 19-1686] Generating 'Simulation' target for IP 'channel_gen_fpext_32ns_64_1_no_dsp_1_ip'...
WARNING: [IP_Flow 19-4832] The IP name 'channel_gen_fsqrt_32ns_32ns_32_6_no_dsp_1_ip' you have specified is long. The Windows operating system has path length limitations. It is recommended you use shorter names to reduce the likelihood of issues.
INFO: [IP_Flow 19-1686] Generating 'Synthesis' target for IP 'channel_gen_fsqrt_32ns_32ns_32_6_no_dsp_1_ip'...
INFO: [IP_Flow 19-1686] Generating 'Simulation' target for IP 'channel_gen_fsqrt_32ns_32ns_32_6_no_dsp_1_ip'...
WARNING: [IP_Flow 19-4832] The IP name 'channel_gen_sitodp_32ns_64_2_no_dsp_1_ip' you have specified is long. The Windows operating system has path length limitations. It is recommended you use shorter names to reduce the likelihood of issues.
INFO: [IP_Flow 19-1686] Generating 'Synthesis' target for IP 'channel_gen_sitodp_32ns_64_2_no_dsp_1_ip'...
INFO: [IP_Flow 19-1686] Generating 'Simulation' target for IP 'channel_gen_sitodp_32ns_64_2_no_dsp_1_ip'...
INFO: [IP_Flow 19-234] Refreshing IP repositories
INFO: [IP_Flow 19-1704] No user IP repositories specified
INFO: [IP_Flow 19-2313] Loaded Vivado IP repository '/opt/Xilinx/Vivado/2021.1/data/ip'.
INFO: [Common 17-206] Exiting Vivado at Wed Sep 14 20:24:42 2022...
