

================================================================
== Vitis HLS Report for 'equalizer_pilot_removal'
================================================================
* Date:           Mon Nov 28 11:24:58 2022

* Version:        2021.1 (Build 3247384 on Thu Jun 10 19:36:07 MDT 2021)
* Project:        project
* Solution:       solution1 (Vivado IP Flow Target)
* Product family: zynquplus
* Target device:  xck26-sfvc784-2LV-c


================================================================
== Performance Estimates
================================================================
+ Timing: 
    * Summary: 
    +--------+----------+----------+------------+
    |  Clock |  Target  | Estimated| Uncertainty|
    +--------+----------+----------+------------+
    |ap_clk  |  20.00 ns|  9.203 ns|     5.40 ns|
    +--------+----------+----------+------------+

+ Latency: 
    * Summary: 
    +---------+---------+----------+----------+-----+-----+---------+
    |  Latency (cycles) |  Latency (absolute) |  Interval | Pipeline|
    |   min   |   max   |    min   |    max   | min | max |   Type  |
    +---------+---------+----------+----------+-----+-----+---------+
    |        ?|        ?|         ?|         ?|    ?|    ?|       no|
    +---------+---------+----------+----------+-----+-----+---------+

    + Detail: 
        * Instance: 
        +-----------------------------------------------------------------------------+------------------------------------------------------------------+---------+---------+----------+----------+-----+-----+---------+
        |                                                                             |                                                                  |  Latency (cycles) |  Latency (absolute) |  Interval | Pipeline|
        |                                   Instance                                  |                              Module                              |   min   |   max   |    min   |    max   | min | max |   Type  |
        +-----------------------------------------------------------------------------+------------------------------------------------------------------+---------+---------+----------+----------+-----+-----+---------+
        |grp_equalizer_pilot_removal_Pipeline_VITIS_LOOP_47_1_fu_84                   |equalizer_pilot_removal_Pipeline_VITIS_LOOP_47_1                  |        ?|        ?|         ?|         ?|    ?|    ?|       no|
        |grp_equalizer_pilot_removal_Pipeline_VITIS_LOOP_75_2_VITIS_LOOP_76_3_fu_119  |equalizer_pilot_removal_Pipeline_VITIS_LOOP_75_2_VITIS_LOOP_76_3  |        ?|        ?|         ?|         ?|    ?|    ?|       no|
        +-----------------------------------------------------------------------------+------------------------------------------------------------------+---------+---------+----------+----------+-----+-----+---------+

        * Loop: 
        N/A



================================================================
== Utilization Estimates
================================================================
* Summary: 
+-----------------+---------+------+--------+--------+-----+
|       Name      | BRAM_18K|  DSP |   FF   |   LUT  | URAM|
+-----------------+---------+------+--------+--------+-----+
|DSP              |        -|     -|       -|       -|    -|
|Expression       |        -|     -|       0|      98|    -|
|FIFO             |        -|     -|       -|       -|    -|
|Instance         |        -|    35|   41050|   27239|    -|
|Memory           |        0|     -|     748|      12|    0|
|Multiplexer      |        -|     -|       -|     368|    -|
|Register         |        -|     -|     197|       -|    -|
+-----------------+---------+------+--------+--------+-----+
|Total            |        0|    35|   41995|   27717|    0|
+-----------------+---------+------+--------+--------+-----+
|Available        |      288|  1248|  234240|  117120|   64|
+-----------------+---------+------+--------+--------+-----+
|Utilization (%)  |        0|     2|      17|      23|    0|
+-----------------+---------+------+--------+--------+-----+

+ Detail: 
    * Instance: 
    +-----------------------------------------------------------------------------+------------------------------------------------------------------+---------+----+-------+-------+-----+
    |                                   Instance                                  |                              Module                              | BRAM_18K| DSP|   FF  |  LUT  | URAM|
    +-----------------------------------------------------------------------------+------------------------------------------------------------------+---------+----+-------+-------+-----+
    |grp_equalizer_pilot_removal_Pipeline_VITIS_LOOP_47_1_fu_84                   |equalizer_pilot_removal_Pipeline_VITIS_LOOP_47_1                  |        0|   0|    166|     70|    0|
    |grp_equalizer_pilot_removal_Pipeline_VITIS_LOOP_75_2_VITIS_LOOP_76_3_fu_119  |equalizer_pilot_removal_Pipeline_VITIS_LOOP_75_2_VITIS_LOOP_76_3  |        0|  29|  40096|  26653|    0|
    |mul_32ns_32ns_64_1_1_U74                                                     |mul_32ns_32ns_64_1_1                                              |        0|   3|      0|     20|    0|
    |mul_32s_32s_32_1_1_U72                                                       |mul_32s_32s_32_1_1                                                |        0|   3|      0|     20|    0|
    |sdiv_32ns_9s_32_36_seq_1_U73                                                 |sdiv_32ns_9s_32_36_seq_1                                          |        0|   0|    394|    238|    0|
    |sdiv_9ns_32ns_8_13_seq_1_U71                                                 |sdiv_9ns_32ns_8_13_seq_1                                          |        0|   0|    394|    238|    0|
    +-----------------------------------------------------------------------------+------------------------------------------------------------------+---------+----+-------+-------+-----+
    |Total                                                                        |                                                                  |        0|  35|  41050|  27239|    0|
    +-----------------------------------------------------------------------------+------------------------------------------------------------------+---------+----+-------+-------+-----+

    * DSP: 
    N/A

    * Memory: 
    +------------+----------+---------+-----+----+-----+------+-----+------+-------------+
    |   Memory   |  Module  | BRAM_18K|  FF | LUT| URAM| Words| Bits| Banks| W*Bits*Banks|
    +------------+----------+---------+-----+----+-----+------+-----+------+-------------+
    |data_V_0_U  |data_V_0  |        0|  374|   6|    0|    16|   22|     1|          352|
    |data_V_1_U  |data_V_0  |        0|  374|   6|    0|    16|   22|     1|          352|
    +------------+----------+---------+-----+----+-----+------+-----+------+-------------+
    |Total       |          |        0|  748|  12|    0|    32|   44|     2|          704|
    +------------+----------+---------+-----+----+-----+------+-----+------+-------------+

    * FIFO: 
    N/A

    * Expression: 
    +---------------------------------------------------------------------------------------------+----------+----+---+----+------------+------------+
    |                                        Variable Name                                        | Operation| DSP| FF| LUT| Bitwidth P0| Bitwidth P1|
    +---------------------------------------------------------------------------------------------+----------+----+---+----+------------+------------+
    |add_fu_208_p2                                                                                |         +|   0|  0|  39|          32|           7|
    |sub22_fu_192_p2                                                                              |         -|   0|  0|  16|           7|           9|
    |sub62_fu_232_p2                                                                              |         -|   0|  0|  39|           7|          32|
    |grp_equalizer_pilot_removal_Pipeline_VITIS_LOOP_47_1_fu_84_data_out_TREADY                   |       and|   0|  0|   2|           1|           1|
    |grp_equalizer_pilot_removal_Pipeline_VITIS_LOOP_75_2_VITIS_LOOP_76_3_fu_119_data_out_TREADY  |       and|   0|  0|   2|           1|           1|
    +---------------------------------------------------------------------------------------------+----------+----+---+----+------------+------------+
    |Total                                                                                        |          |   0|  0|  98|          48|          50|
    +---------------------------------------------------------------------------------------------+----------+----+---+----+------------+------------+

    * Multiplexer: 
    +------------------------------+-----+-----------+-----+-----------+
    |             Name             | LUT | Input Size| Bits| Total Bits|
    +------------------------------+-----+-----------+-----+-----------+
    |ap_NS_fsm                     |  242|         55|    1|         55|
    |data_in_TREADY_int_regslice   |   14|          3|    1|          3|
    |data_out_TDATA_int_regslice   |   14|          3|   64|        192|
    |data_out_TDEST_int_regslice   |   14|          3|    1|          3|
    |data_out_TID_int_regslice     |   14|          3|    1|          3|
    |data_out_TKEEP_int_regslice   |   14|          3|    8|         24|
    |data_out_TLAST_int_regslice   |   14|          3|    1|          3|
    |data_out_TSTRB_int_regslice   |   14|          3|    8|         24|
    |data_out_TUSER_int_regslice   |   14|          3|    1|          3|
    |data_out_TVALID_int_regslice  |   14|          3|    1|          3|
    +------------------------------+-----+-----------+-----+-----------+
    |Total                         |  368|         82|   87|        313|
    +------------------------------+-----+-----------+-----+-----------+

    * Register: 
    +------------------------------------------------------------------------------------------+----+----+-----+-----------+
    |                                           Name                                           | FF | LUT| Bits| Const Bits|
    +------------------------------------------------------------------------------------------+----+----+-----+-----------+
    |add_reg_284                                                                               |  32|   0|   32|          0|
    |ap_CS_fsm                                                                                 |  54|   0|   54|          0|
    |bound_reg_289                                                                             |  64|   0|   64|          0|
    |conv_i_i_i_reg_299                                                                        |   7|   0|   22|         15|
    |grp_equalizer_pilot_removal_Pipeline_VITIS_LOOP_47_1_fu_84_ap_start_reg                   |   1|   0|    1|          0|
    |grp_equalizer_pilot_removal_Pipeline_VITIS_LOOP_75_2_VITIS_LOOP_76_3_fu_119_ap_start_reg  |   1|   0|    1|          0|
    |sub62_reg_294                                                                             |  31|   0|   32|          1|
    |trunc_ln36_reg_268                                                                        |   7|   0|    7|          0|
    +------------------------------------------------------------------------------------------+----+----+-----+-----------+
    |Total                                                                                     | 197|   0|  213|         16|
    +------------------------------------------------------------------------------------------+----+----+-----+-----------+



================================================================
== Interface
================================================================
* Summary: 
+-----------------+-----+-----+--------------+-------------------------+--------------+
|    RTL Ports    | Dir | Bits|   Protocol   |      Source Object      |    C Type    |
+-----------------+-----+-----+--------------+-------------------------+--------------+
|ap_clk           |   in|    1|  ap_ctrl_none|  equalizer_pilot_removal|  return value|
|ap_rst_n         |   in|    1|  ap_ctrl_none|  equalizer_pilot_removal|  return value|
|data_in_TDATA    |   in|   64|          axis|         data_in_V_data_V|       pointer|
|data_in_TVALID   |   in|    1|          axis|         data_in_V_dest_V|       pointer|
|data_in_TREADY   |  out|    1|          axis|         data_in_V_dest_V|       pointer|
|data_in_TDEST    |   in|    1|          axis|         data_in_V_dest_V|       pointer|
|data_in_TKEEP    |   in|    8|          axis|         data_in_V_keep_V|       pointer|
|data_in_TSTRB    |   in|    8|          axis|         data_in_V_strb_V|       pointer|
|data_in_TUSER    |   in|    1|          axis|         data_in_V_user_V|       pointer|
|data_in_TLAST    |   in|    1|          axis|         data_in_V_last_V|       pointer|
|data_in_TID      |   in|    1|          axis|           data_in_V_id_V|       pointer|
|data_out_TDATA   |  out|   64|          axis|        data_out_V_data_V|       pointer|
|data_out_TVALID  |  out|    1|          axis|        data_out_V_dest_V|       pointer|
|data_out_TREADY  |   in|    1|          axis|        data_out_V_dest_V|       pointer|
|data_out_TDEST   |  out|    1|          axis|        data_out_V_dest_V|       pointer|
|data_out_TKEEP   |  out|    8|          axis|        data_out_V_keep_V|       pointer|
|data_out_TSTRB   |  out|    8|          axis|        data_out_V_strb_V|       pointer|
|data_out_TUSER   |  out|    1|          axis|        data_out_V_user_V|       pointer|
|data_out_TLAST   |  out|    1|          axis|        data_out_V_last_V|       pointer|
|data_out_TID     |  out|    1|          axis|          data_out_V_id_V|       pointer|
+-----------------+-----+-----+--------------+-------------------------+--------------+

