INFO: [SIM 2] *************** CSIM start ***************
INFO: [SIM 4] CSIM will launch GCC as the compiler.
   Compiling ../../../../../main.cpp in debug mode
   Generating csim.exe
>> Start test!
>> Start test!
>> FFT 
------------------------
0 : in_r = 22388 in_i = 1814
1 : in_r = 2968 in_i = 31761
2 : in_r = 11717 in_i = 24010
3 : in_r = 28614 in_i = 16471
4 : in_r = 21451 in_i = 20638
5 : in_r = 28882 in_i = 24088
6 : in_r = 21722 in_i = 3507
7 : in_r = 26832 in_i = 1867
8 : in_r = 6368 in_i = 30401
9 : in_r = 5147 in_i = 9795
10 : in_r = 28056 in_i = 30982
11 : in_r = 5341 in_i = 21431
12 : in_r = 4847 in_i = 24382
13 : in_r = 28745 in_i = 11281
14 : in_r = 24606 in_i = 30027
15 : in_r = 25898 in_i = 14226
16 : in_r = 31842 in_i = 28867
17 : in_r = 13220 in_i = 10791
18 : in_r = 20110 in_i = 9066
19 : in_r = 27263 in_i = 8793
20 : in_r = 29705 in_i = 23378
21 : in_r = 113 in_i = 18659
22 : in_r = 26885 in_i = 26945
23 : in_r = 20527 in_i = 486
24 : in_r = 24579 in_i = 25674
25 : in_r = 10281 in_i = 19868
26 : in_r = 23888 in_i = 15623
27 : in_r = 8532 in_i = 28736
28 : in_r = 7238 in_i = 4509
29 : in_r = 7249 in_i = 31844
30 : in_r = 1769 in_i = 380
31 : in_r = 13303 in_i = 844
32 : in_r = 29247 in_i = 26523
33 : in_r = 11635 in_i = 16589
34 : in_r = 2821 in_i = 6131
35 : in_r = 25382 in_i = 32527
36 : in_r = 29509 in_i = 25495
37 : in_r = 18419 in_i = 23627
38 : in_r = 19673 in_i = 6178
39 : in_r = 24113 in_i = 11485
40 : in_r = 31852 in_i = 1627
41 : in_r = 31354 in_i = 22973
42 : in_r = 17251 in_i = 7118
43 : in_r = 18941 in_i = 24489
44 : in_r = 11628 in_i = 26191
45 : in_r = 23565 in_i = 13397
46 : in_r = 26571 in_i = 4101
47 : in_r = 14241 in_i = 23050
48 : in_r = 30624 in_i = 25877
49 : in_r = 6872 in_i = 678
50 : in_r = 32009 in_i = 32254
51 : in_r = 438 in_i = 28751
52 : in_r = 24982 in_i = 18857
53 : in_r = 19610 in_i = 11888
54 : in_r = 25035 in_i = 10955
55 : in_r = 23373 in_i = 24119
56 : in_r = 12583 in_i = 21960
57 : in_r = 14325 in_i = 29834
58 : in_r = 29078 in_i = 499
59 : in_r = 21556 in_i = 7938
60 : in_r = 26690 in_i = 12354
61 : in_r = 21336 in_i = 20494
62 : in_r = 16455 in_i = 2810
63 : in_r = 10777 in_i = 14312
64 : in_r = 28687 in_i = 17649
65 : in_r = 14991 in_i = 27928
66 : in_r = 17135 in_i = 15429
67 : in_r = 23911 in_i = 9349
68 : in_r = 1518 in_i = 10754
69 : in_r = 21238 in_i = 26553
70 : in_r = 21710 in_i = 11844
71 : in_r = 17905 in_i = 1525
72 : in_r = 1036 in_i = 32230
73 : in_r = 31360 in_i = 30114
74 : in_r = 32730 in_i = 20148
75 : in_r = 5285 in_i = 26652
76 : in_r = 32503 in_i = 26622
77 : in_r = 14379 in_i = 16190
78 : in_r = 29432 in_i = 25156
79 : in_r = 30503 in_i = 25351
80 : in_r = 10037 in_i = 12726
81 : in_r = 20512 in_i = 27173
82 : in_r = 28155 in_i = 11656
83 : in_r = 3754 in_i = 29674
84 : in_r = 22410 in_i = 24993
85 : in_r = 23459 in_i = 11353
86 : in_r = 4069 in_i = 8597
87 : in_r = 12879 in_i = 5105
88 : in_r = 8060 in_i = 11471
89 : in_r = 2452 in_i = 8022
90 : in_r = 31620 in_i = 7738
91 : in_r = 1907 in_i = 31355
92 : in_r = 1592 in_i = 16286
93 : in_r = 14778 in_i = 31024
94 : in_r = 8674 in_i = 12514
95 : in_r = 23608 in_i = 18712
96 : in_r = 25240 in_i = 11353
97 : in_r = 13117 in_i = 20628
98 : in_r = 23010 in_i = 16872
99 : in_r = 17534 in_i = 12653
100 : in_r = 9097 in_i = 8226
101 : in_r = 24006 in_i = 13166
102 : in_r = 16824 in_i = 4117
103 : in_r = 18271 in_i = 24884
104 : in_r = 15589 in_i = 20724
105 : in_r = 138 in_i = 14441
106 : in_r = 28462 in_i = 2045
107 : in_r = 13029 in_i = 30054
108 : in_r = 18332 in_i = 27808
109 : in_r = 28311 in_i = 27006
110 : in_r = 7554 in_i = 19152
111 : in_r = 12951 in_i = 27
112 : in_r = 30505 in_i = 26068
113 : in_r = 20655 in_i = 20747
114 : in_r = 10172 in_i = 5422
115 : in_r = 633 in_i = 19269
116 : in_r = 13649 in_i = 24639
117 : in_r = 32436 in_i = 30473
118 : in_r = 28757 in_i = 17939
119 : in_r = 22589 in_i = 11578
120 : in_r = 5895 in_i = 22728
121 : in_r = 26020 in_i = 1590
122 : in_r = 24773 in_i = 6281
123 : in_r = 31644 in_i = 10338
124 : in_r = 1322 in_i = 27188
125 : in_r = 4576 in_i = 8877
126 : in_r = 13572 in_i = 17527
127 : in_r = 8904 in_i = 11310
128 : in_r = 10828 in_i = 29560
129 : in_r = 32058 in_i = 21000
130 : in_r = 2215 in_i = 32691
131 : in_r = 7502 in_i = 15864
132 : in_r = 24562 in_i = 7170
133 : in_r = 13570 in_i = 20552
134 : in_r = 25110 in_i = 3392
135 : in_r = 32130 in_i = 31005
136 : in_r = 26120 in_i = 25382
137 : in_r = 32595 in_i = 18126
138 : in_r = 31664 in_i = 31472
139 : in_r = 28464 in_i = 218
140 : in_r = 25892 in_i = 273
141 : in_r = 9095 in_i = 6697
142 : in_r = 17801 in_i = 18000
143 : in_r = 18007 in_i = 28629
144 : in_r = 14792 in_i = 17298
145 : in_r = 16861 in_i = 17008
146 : in_r = 17221 in_i = 24364
147 : in_r = 105 in_i = 9016
148 : in_r = 31534 in_i = 13675
149 : in_r = 29568 in_i = 23876
150 : in_r = 17067 in_i = 28930
151 : in_r = 22114 in_i = 10419
152 : in_r = 21545 in_i = 21942
153 : in_r = 28546 in_i = 20441
154 : in_r = 20646 in_i = 24242
155 : in_r = 20659 in_i = 13771
156 : in_r = 24515 in_i = 29755
157 : in_r = 20469 in_i = 9548
158 : in_r = 14988 in_i = 5708
159 : in_r = 5410 in_i = 29781
160 : in_r = 23007 in_i = 22272
161 : in_r = 14021 in_i = 7460
162 : in_r = 13868 in_i = 14126
163 : in_r = 16477 in_i = 12634
164 : in_r = 27801 in_i = 13278
165 : in_r = 3742 in_i = 12101
166 : in_r = 9441 in_i = 25857
167 : in_r = 22521 in_i = 30986
168 : in_r = 15031 in_i = 18299
169 : in_r = 18659 in_i = 2909
170 : in_r = 9774 in_i = 6551
171 : in_r = 16681 in_i = 1521
172 : in_r = 3539 in_i = 4382
173 : in_r = 11070 in_i = 18527
174 : in_r = 10091 in_i = 16481
175 : in_r = 15540 in_i = 330
176 : in_r = 5985 in_i = 29561
177 : in_r = 7791 in_i = 19853
178 : in_r = 10920 in_i = 24269
179 : in_r = 32487 in_i = 5954
180 : in_r = 4779 in_i = 3462
181 : in_r = 18055 in_i = 14220
182 : in_r = 29320 in_i = 7809
183 : in_r = 12439 in_i = 11583
184 : in_r = 26108 in_i = 31099
185 : in_r = 14493 in_i = 3114
186 : in_r = 4882 in_i = 31174
187 : in_r = 4636 in_i = 8422
188 : in_r = 2789 in_i = 15707
189 : in_r = 26949 in_i = 12880
190 : in_r = 32188 in_i = 9722
191 : in_r = 13211 in_i = 5405
192 : in_r = 6516 in_i = 21003
193 : in_r = 25259 in_i = 17436
194 : in_r = 12504 in_i = 24979
195 : in_r = 23390 in_i = 17284
196 : in_r = 28441 in_i = 8678
197 : in_r = 31504 in_i = 24994
198 : in_r = 16487 in_i = 11175
199 : in_r = 3809 in_i = 9828
200 : in_r = 9506 in_i = 18302
201 : in_r = 12943 in_i = 14389
202 : in_r = 16709 in_i = 17579
203 : in_r = 22812 in_i = 19498
204 : in_r = 519 in_i = 16993
205 : in_r = 32379 in_i = 32708
206 : in_r = 26716 in_i = 12823
207 : in_r = 5345 in_i = 464
208 : in_r = 1058 in_i = 30605
209 : in_r = 17900 in_i = 13562
210 : in_r = 22816 in_i = 8523
211 : in_r = 30846 in_i = 18490
212 : in_r = 17202 in_i = 29583
213 : in_r = 10716 in_i = 921
214 : in_r = 7991 in_i = 14525
215 : in_r = 10750 in_i = 17498
216 : in_r = 59 in_i = 23693
217 : in_r = 31888 in_i = 16769
218 : in_r = 8504 in_i = 21932
219 : in_r = 3499 in_i = 9024
220 : in_r = 6158 in_i = 3111
221 : in_r = 8964 in_i = 106
222 : in_r = 15934 in_i = 14310
223 : in_r = 570 in_i = 16992
224 : in_r = 12147 in_i = 18471
225 : in_r = 30555 in_i = 2195
226 : in_r = 26994 in_i = 28634
227 : in_r = 20685 in_i = 11429
228 : in_r = 25449 in_i = 31402
229 : in_r = 12350 in_i = 673
230 : in_r = 13159 in_i = 23101
231 : in_r = 18171 in_i = 13219
232 : in_r = 14026 in_i = 17291
233 : in_r = 29988 in_i = 22531
234 : in_r = 6456 in_i = 720
235 : in_r = 31555 in_i = 12614
236 : in_r = 3831 in_i = 7752
237 : in_r = 12720 in_i = 19765
238 : in_r = 22062 in_i = 13290
239 : in_r = 3989 in_i = 1442
240 : in_r = 31762 in_i = 1776
241 : in_r = 3637 in_i = 25989
242 : in_r = 30410 in_i = 24323
243 : in_r = 4650 in_i = 23092
244 : in_r = 22957 in_i = 17001
245 : in_r = 23766 in_i = 3349
246 : in_r = 7334 in_i = 9169
247 : in_r = 16568 in_i = 21360
248 : in_r = 26461 in_i = 13789
249 : in_r = 11123 in_i = 149
250 : in_r = 14509 in_i = 9911
251 : in_r = 12764 in_i = 18341
252 : in_r = 17663 in_i = 25484
253 : in_r = 5338 in_i = 6957
254 : in_r = 6007 in_i = 9328
255 : in_r = 8399 in_i = 5001
------------------------

>> Output Check
------------------------
0 : out_r = 22391 out_i = 1816
1 : out_r = 2969 out_i = 31732
2 : out_r = 11721 out_i = 23996
3 : out_r = 28603 out_i = 16464
4 : out_r = 21449 out_i = 20621
5 : out_r = 28874 out_i = 24080
6 : out_r = 21715 out_i = 3507
7 : out_r = 26839 out_i = 1863
8 : out_r = 6361 out_i = 30398
9 : out_r = 5141 out_i = 9801
10 : out_r = 28051 out_i = 30982
11 : out_r = 5344 out_i = 21428
12 : out_r = 4849 out_i = 24381
13 : out_r = 28736 out_i = 11274
14 : out_r = 24609 out_i = 30022
15 : out_r = 25901 out_i = 14228
16 : out_r = 31835 out_i = 28862
17 : out_r = 13220 out_i = 10793
18 : out_r = 20105 out_i = 9074
19 : out_r = 27264 out_i = 8807
20 : out_r = 29699 out_i = 23383
21 : out_r = 118 out_i = 18650
22 : out_r = 26884 out_i = 26940
23 : out_r = 20520 out_i = 496
24 : out_r = 24577 out_i = 25674
25 : out_r = 10283 out_i = 19867
26 : out_r = 23887 out_i = 15622
27 : out_r = 8536 out_i = 28728
28 : out_r = 7251 out_i = 4513
29 : out_r = 7256 out_i = 31844
30 : out_r = 1775 out_i = 382
31 : out_r = 13307 out_i = 854
32 : out_r = 29243 out_i = 26524
33 : out_r = 11633 out_i = 16594
34 : out_r = 2825 out_i = 6140
35 : out_r = 25385 out_i = 32520
36 : out_r = 29503 out_i = 25491
37 : out_r = 18424 out_i = 23630
38 : out_r = 19673 out_i = 6187
39 : out_r = 24111 out_i = 11477
40 : out_r = 31847 out_i = 1636
41 : out_r = 31353 out_i = 22969
42 : out_r = 17251 out_i = 7118
43 : out_r = 18934 out_i = 24490
44 : out_r = 11627 out_i = 26191
45 : out_r = 23570 out_i = 13400
46 : out_r = 26567 out_i = 4108
47 : out_r = 14237 out_i = 23056
48 : out_r = 30619 out_i = 25878
49 : out_r = 6874 out_i = 681
50 : out_r = 32005 out_i = 32250
51 : out_r = 452 out_i = 28749
52 : out_r = 24977 out_i = 18861
53 : out_r = 19612 out_i = 11892
54 : out_r = 25032 out_i = 10962
55 : out_r = 23378 out_i = 24120
56 : out_r = 12583 out_i = 21956
57 : out_r = 14319 out_i = 29827
58 : out_r = 29067 out_i = 506
59 : out_r = 21546 out_i = 7942
60 : out_r = 26693 out_i = 12359
61 : out_r = 21330 out_i = 20486
62 : out_r = 16449 out_i = 2812
63 : out_r = 10779 out_i = 14314
64 : out_r = 28688 out_i = 17651
65 : out_r = 14993 out_i = 27898
66 : out_r = 17131 out_i = 15410
67 : out_r = 23906 out_i = 9339
68 : out_r = 1527 out_i = 10740
69 : out_r = 21231 out_i = 26549
70 : out_r = 21707 out_i = 11841
71 : out_r = 17907 out_i = 1524
72 : out_r = 1034 out_i = 32229
73 : out_r = 31355 out_i = 30109
74 : out_r = 32722 out_i = 20151
75 : out_r = 5291 out_i = 26642
76 : out_r = 32502 out_i = 26619
77 : out_r = 14379 out_i = 16192
78 : out_r = 29427 out_i = 25153
79 : out_r = 30500 out_i = 25353
80 : out_r = 10036 out_i = 12727
81 : out_r = 20510 out_i = 27169
82 : out_r = 28145 out_i = 11656
83 : out_r = 3760 out_i = 29673
84 : out_r = 22409 out_i = 24994
85 : out_r = 23462 out_i = 11366
86 : out_r = 4073 out_i = 8599
87 : out_r = 12881 out_i = 5112
88 : out_r = 8068 out_i = 11475
89 : out_r = 2447 out_i = 8025
90 : out_r = 31620 out_i = 7743
91 : out_r = 1905 out_i = 31358
92 : out_r = 1598 out_i = 16285
93 : out_r = 14785 out_i = 31020
94 : out_r = 8671 out_i = 12511
95 : out_r = 23610 out_i = 18713
96 : out_r = 25236 out_i = 11355
97 : out_r = 13121 out_i = 20632
98 : out_r = 23011 out_i = 16882
99 : out_r = 17526 out_i = 12655
100 : out_r = 9095 out_i = 8232
101 : out_r = 24013 out_i = 13173
102 : out_r = 16821 out_i = 4127
103 : out_r = 18267 out_i = 24884
104 : out_r = 15586 out_i = 20725
105 : out_r = 145 out_i = 14447
106 : out_r = 28458 out_i = 2047
107 : out_r = 13033 out_i = 30056
108 : out_r = 18332 out_i = 27809
109 : out_r = 28313 out_i = 27006
110 : out_r = 7561 out_i = 19147
111 : out_r = 12954 out_i = 27
112 : out_r = 30496 out_i = 26071
113 : out_r = 20660 out_i = 20749
114 : out_r = 10177 out_i = 5428
115 : out_r = 640 out_i = 19265
116 : out_r = 13645 out_i = 24634
117 : out_r = 32426 out_i = 30472
118 : out_r = 28751 out_i = 17937
119 : out_r = 22585 out_i = 11580
120 : out_r = 5896 out_i = 22727
121 : out_r = 26025 out_i = 1595
122 : out_r = 24776 out_i = 6291
123 : out_r = 31643 out_i = 10340
124 : out_r = 1324 out_i = 27183
125 : out_r = 4583 out_i = 8878
126 : out_r = 13573 out_i = 17525
127 : out_r = 8904 out_i = 11303
128 : out_r = 10833 out_i = 29556
129 : out_r = 32052 out_i = 20970
130 : out_r = 2213 out_i = 32669
131 : out_r = 7504 out_i = 15847
132 : out_r = 24555 out_i = 7169
133 : out_r = 13566 out_i = 20541
134 : out_r = 25110 out_i = 3393
135 : out_r = 32122 out_i = 30998
136 : out_r = 26121 out_i = 25379
137 : out_r = 32590 out_i = 18131
138 : out_r = 31659 out_i = 31470
139 : out_r = 28457 out_i = 218
140 : out_r = 25893 out_i = 269
141 : out_r = 9099 out_i = 6693
142 : out_r = 17806 out_i = 18000
143 : out_r = 18009 out_i = 28627
144 : out_r = 14788 out_i = 17299
145 : out_r = 16857 out_i = 17011
146 : out_r = 17224 out_i = 24370
147 : out_r = 108 out_i = 9021
148 : out_r = 31529 out_i = 13679
149 : out_r = 29563 out_i = 23872
150 : out_r = 17061 out_i = 28930
151 : out_r = 22124 out_i = 10422
152 : out_r = 21537 out_i = 21937
153 : out_r = 28544 out_i = 20439
154 : out_r = 20647 out_i = 24240
155 : out_r = 20657 out_i = 13776
156 : out_r = 24519 out_i = 29747
157 : out_r = 20463 out_i = 9559
158 : out_r = 14994 out_i = 5712
159 : out_r = 5415 out_i = 29777
160 : out_r = 23003 out_i = 22268
161 : out_r = 14026 out_i = 7470
162 : out_r = 13867 out_i = 14133
163 : out_r = 16480 out_i = 12639
164 : out_r = 27799 out_i = 13281
165 : out_r = 3742 out_i = 12111
166 : out_r = 9446 out_i = 25855
167 : out_r = 22516 out_i = 30988
168 : out_r = 15035 out_i = 18301
169 : out_r = 18658 out_i = 2911
170 : out_r = 9779 out_i = 6566
171 : out_r = 16681 out_i = 1534
172 : out_r = 3545 out_i = 4385
173 : out_r = 11069 out_i = 18531
174 : out_r = 10090 out_i = 16476
175 : out_r = 15537 out_i = 343
176 : out_r = 5988 out_i = 29561
177 : out_r = 7785 out_i = 19853
178 : out_r = 10920 out_i = 24268
179 : out_r = 32484 out_i = 5949
180 : out_r = 4777 out_i = 3459
181 : out_r = 18049 out_i = 14228
182 : out_r = 29319 out_i = 7814
183 : out_r = 12446 out_i = 11584
184 : out_r = 26103 out_i = 31091
185 : out_r = 14496 out_i = 3119
186 : out_r = 4891 out_i = 31164
187 : out_r = 4637 out_i = 8424
188 : out_r = 2791 out_i = 15707
189 : out_r = 26945 out_i = 12881
190 : out_r = 32190 out_i = 9724
191 : out_r = 13207 out_i = 5405
192 : out_r = 6522 out_i = 21003
193 : out_r = 25258 out_i = 17399
194 : out_r = 12508 out_i = 24962
195 : out_r = 23389 out_i = 17267
196 : out_r = 28439 out_i = 8671
197 : out_r = 31496 out_i = 24984
198 : out_r = 16485 out_i = 11169
199 : out_r = 3815 out_i = 9827
200 : out_r = 9506 out_i = 18299
201 : out_r = 12941 out_i = 14390
202 : out_r = 16704 out_i = 17568
203 : out_r = 22808 out_i = 19492
204 : out_r = 525 out_i = 16990
205 : out_r = 32363 out_i = 32699
206 : out_r = 26710 out_i = 12821
207 : out_r = 5344 out_i = 465
208 : out_r = 1060 out_i = 30599
209 : out_r = 17900 out_i = 13565
210 : out_r = 22816 out_i = 8530
211 : out_r = 30837 out_i = 18485
212 : out_r = 17208 out_i = 29578
213 : out_r = 10720 out_i = 928
214 : out_r = 7990 out_i = 14528
215 : out_r = 10750 out_i = 17502
216 : out_r = 62 out_i = 23685
217 : out_r = 31881 out_i = 16776
218 : out_r = 8504 out_i = 21926
219 : out_r = 3502 out_i = 9028
220 : out_r = 6161 out_i = 3118
221 : out_r = 8971 out_i = 117
222 : out_r = 15932 out_i = 14303
223 : out_r = 576 out_i = 16989
224 : out_r = 12144 out_i = 18469
225 : out_r = 30550 out_i = 2195
226 : out_r = 26990 out_i = 28632
227 : out_r = 20677 out_i = 11423
228 : out_r = 25447 out_i = 31401
229 : out_r = 12348 out_i = 676
230 : out_r = 13159 out_i = 23101
231 : out_r = 18161 out_i = 13223
232 : out_r = 14020 out_i = 17301
233 : out_r = 29981 out_i = 22538
234 : out_r = 6464 out_i = 728
235 : out_r = 31544 out_i = 12620
236 : out_r = 3833 out_i = 7758
237 : out_r = 12721 out_i = 19769
238 : out_r = 22058 out_i = 13293
239 : out_r = 3996 out_i = 1449
240 : out_r = 31754 out_i = 1781
241 : out_r = 3636 out_i = 25977
242 : out_r = 30406 out_i = 24320
243 : out_r = 4661 out_i = 23097
244 : out_r = 22954 out_i = 17002
245 : out_r = 23768 out_i = 3352
246 : out_r = 7326 out_i = 9174
247 : out_r = 16566 out_i = 21352
248 : out_r = 26460 out_i = 13791
249 : out_r = 11125 out_i = 152
250 : out_r = 14512 out_i = 9910
251 : out_r = 12766 out_i = 18348
252 : out_r = 17665 out_i = 25482
253 : out_r = 5333 out_i = 6963
254 : out_r = 6012 out_i = 9323
255 : out_r = 8400 out_i = 5001
------------------------
INFO: [SIM 1] CSim done with 0 errors.
INFO: [SIM 3] *************** CSIM finish ***************
