INFO: [SIM 2] *************** CSIM start ***************
INFO: [SIM 4] CSIM will launch GCC as the compiler.
   Compiling ../../../../../main.cpp in debug mode
   Compiling ../../../../../fft.cpp in debug mode
   Generating csim.exe
>> Start test!
>> Start test!
>> FFT 
------------------------
0 : in_r = 24203 in_i = 10117
1 : in_r = 5989 in_i = 16762
2 : in_r = 22714 in_i = 746
3 : in_r = 1926 in_i = 23761
4 : in_r = 15667 in_i = 7916
5 : in_r = 6021 in_i = 8037
6 : in_r = 5744 in_i = 5115
7 : in_r = 1470 in_i = 14634
8 : in_r = 28624 in_i = 10623
9 : in_r = 22108 in_i = 7243
10 : in_r = 27545 in_i = 1281
11 : in_r = 16600 in_i = 14433
12 : in_r = 28554 in_i = 9839
13 : in_r = 9192 in_i = 29863
14 : in_r = 6050 in_i = 14590
15 : in_r = 14130 in_i = 30254
16 : in_r = 24708 in_i = 20120
17 : in_r = 14248 in_i = 14654
18 : in_r = 20867 in_i = 16175
19 : in_r = 5648 in_i = 3767
20 : in_r = 24092 in_i = 11669
21 : in_r = 11804 in_i = 29836
22 : in_r = 16784 in_i = 13274
23 : in_r = 11703 in_i = 12641
24 : in_r = 23897 in_i = 1043
25 : in_r = 19884 in_i = 18675
26 : in_r = 2324 in_i = 3716
27 : in_r = 341 in_i = 30879
28 : in_r = 13555 in_i = 9533
29 : in_r = 27974 in_i = 19606
30 : in_r = 24124 in_i = 9337
31 : in_r = 17092 in_i = 16065
32 : in_r = 29458 in_i = 31341
33 : in_r = 30720 in_i = 17557
34 : in_r = 14748 in_i = 3600
35 : in_r = 21324 in_i = 6073
36 : in_r = 15270 in_i = 361
37 : in_r = 3141 in_i = 32054
38 : in_r = 13636 in_i = 14845
39 : in_r = 11927 in_i = 4766
40 : in_r = 15888 in_i = 31812
41 : in_r = 23441 in_i = 18213
42 : in_r = 2760 in_i = 23782
43 : in_r = 16324 in_i = 16315
44 : in_r = 548 in_i = 11531
45 : in_r = 3153 in_i = 24673
46 : in_r = 20869 in_i = 20246
47 : in_r = 7970 in_i = 17559
48 : in_r = 18819 in_i = 5922
49 : in_r = 2349 in_i = 800
50 : in_r = 9522 in_i = 23674
51 : in_r = 6874 in_i = 24793
52 : in_r = 24035 in_i = 10015
53 : in_r = 24079 in_i = 4903
54 : in_r = 24861 in_i = 3239
55 : in_r = 9669 in_i = 7981
56 : in_r = 2284 in_i = 343
57 : in_r = 26194 in_i = 5044
58 : in_r = 24126 in_i = 9751
59 : in_r = 21359 in_i = 24675
60 : in_r = 21282 in_i = 24513
61 : in_r = 16580 in_i = 9383
62 : in_r = 11992 in_i = 24550
63 : in_r = 26943 in_i = 30812
64 : in_r = 30473 in_i = 29293
65 : in_r = 31612 in_i = 7228
66 : in_r = 20199 in_i = 5718
67 : in_r = 32021 in_i = 11467
68 : in_r = 15734 in_i = 23333
69 : in_r = 16371 in_i = 7827
70 : in_r = 26573 in_i = 26041
71 : in_r = 15809 in_i = 28857
72 : in_r = 26384 in_i = 9236
73 : in_r = 1133 in_i = 17743
74 : in_r = 18987 in_i = 22493
75 : in_r = 9650 in_i = 7502
76 : in_r = 14239 in_i = 26230
77 : in_r = 16886 in_i = 26231
78 : in_r = 18013 in_i = 11061
79 : in_r = 24275 in_i = 15719
80 : in_r = 7586 in_i = 23120
81 : in_r = 22947 in_i = 27786
82 : in_r = 28839 in_i = 22200
83 : in_r = 6485 in_i = 11806
84 : in_r = 12766 in_i = 22856
85 : in_r = 19633 in_i = 6571
86 : in_r = 16129 in_i = 2675
87 : in_r = 2660 in_i = 9746
88 : in_r = 11911 in_i = 3794
89 : in_r = 27489 in_i = 30899
90 : in_r = 26287 in_i = 4371
91 : in_r = 5633 in_i = 7759
92 : in_r = 30602 in_i = 22519
93 : in_r = 1222 in_i = 15848
94 : in_r = 813 in_i = 25498
95 : in_r = 31567 in_i = 8399
96 : in_r = 15850 in_i = 21746
97 : in_r = 3418 in_i = 11922
98 : in_r = 11179 in_i = 9903
99 : in_r = 23728 in_i = 23946
100 : in_r = 32760 in_i = 10594
101 : in_r = 30517 in_i = 16122
102 : in_r = 13269 in_i = 410
103 : in_r = 25868 in_i = 25181
104 : in_r = 4204 in_i = 20590
105 : in_r = 23312 in_i = 30492
106 : in_r = 24962 in_i = 28946
107 : in_r = 5483 in_i = 22796
108 : in_r = 18697 in_i = 6706
109 : in_r = 5877 in_i = 19510
110 : in_r = 32204 in_i = 4676
111 : in_r = 27910 in_i = 15287
112 : in_r = 26423 in_i = 31328
113 : in_r = 27209 in_i = 4835
114 : in_r = 8464 in_i = 18169
115 : in_r = 28781 in_i = 8456
116 : in_r = 28763 in_i = 26530
117 : in_r = 24579 in_i = 9264
118 : in_r = 26941 in_i = 17679
119 : in_r = 1678 in_i = 31146
120 : in_r = 5501 in_i = 24990
121 : in_r = 28870 in_i = 30464
122 : in_r = 21168 in_i = 1586
123 : in_r = 20492 in_i = 7098
124 : in_r = 8293 in_i = 26369
125 : in_r = 26608 in_i = 7730
126 : in_r = 31046 in_i = 21751
127 : in_r = 23017 in_i = 24701
128 : in_r = 20312 in_i = 17458
129 : in_r = 29536 in_i = 28776
130 : in_r = 2860 in_i = 25549
131 : in_r = 4465 in_i = 31623
132 : in_r = 19312 in_i = 29044
133 : in_r = 8120 in_i = 13486
134 : in_r = 13956 in_i = 9798
135 : in_r = 11864 in_i = 19458
136 : in_r = 2021 in_i = 7967
137 : in_r = 17154 in_i = 23190
138 : in_r = 9553 in_i = 4879
139 : in_r = 30288 in_i = 17847
140 : in_r = 31249 in_i = 24129
141 : in_r = 25577 in_i = 29527
142 : in_r = 13112 in_i = 15826
143 : in_r = 21461 in_i = 656
144 : in_r = 517 in_i = 18230
145 : in_r = 29433 in_i = 3377
146 : in_r = 11012 in_i = 1131
147 : in_r = 2233 in_i = 30324
148 : in_r = 30175 in_i = 10353
149 : in_r = 11042 in_i = 11364
150 : in_r = 20152 in_i = 22907
151 : in_r = 30822 in_i = 22173
152 : in_r = 30874 in_i = 15209
153 : in_r = 12595 in_i = 7660
154 : in_r = 20088 in_i = 10116
155 : in_r = 25507 in_i = 18569
156 : in_r = 1477 in_i = 18316
157 : in_r = 15329 in_i = 14589
158 : in_r = 1375 in_i = 4022
159 : in_r = 15246 in_i = 1892
160 : in_r = 22252 in_i = 11912
161 : in_r = 5270 in_i = 496
162 : in_r = 13043 in_i = 7503
163 : in_r = 30821 in_i = 10451
164 : in_r = 17856 in_i = 9096
165 : in_r = 21815 in_i = 5241
166 : in_r = 32003 in_i = 19870
167 : in_r = 27415 in_i = 30109
168 : in_r = 2311 in_i = 7242
169 : in_r = 5002 in_i = 22400
170 : in_r = 17358 in_i = 30509
171 : in_r = 8201 in_i = 18836
172 : in_r = 16058 in_i = 23531
173 : in_r = 657 in_i = 17433
174 : in_r = 27554 in_i = 15904
175 : in_r = 19326 in_i = 17038
176 : in_r = 27816 in_i = 24596
177 : in_r = 17535 in_i = 8092
178 : in_r = 32099 in_i = 15589
179 : in_r = 18543 in_i = 17188
180 : in_r = 24685 in_i = 7591
181 : in_r = 22429 in_i = 23921
182 : in_r = 27461 in_i = 17076
183 : in_r = 21262 in_i = 29773
184 : in_r = 24319 in_i = 26265
185 : in_r = 19405 in_i = 8910
186 : in_r = 24006 in_i = 27607
187 : in_r = 27746 in_i = 7297
188 : in_r = 18370 in_i = 28404
189 : in_r = 24730 in_i = 13156
190 : in_r = 11540 in_i = 11289
191 : in_r = 30195 in_i = 6589
192 : in_r = 3117 in_i = 14962
193 : in_r = 14681 in_i = 2449
194 : in_r = 30551 in_i = 456
195 : in_r = 19637 in_i = 22469
196 : in_r = 8047 in_i = 9299
197 : in_r = 13622 in_i = 2741
198 : in_r = 26376 in_i = 2117
199 : in_r = 32514 in_i = 17927
200 : in_r = 28382 in_i = 19151
201 : in_r = 26838 in_i = 19621
202 : in_r = 13990 in_i = 21817
203 : in_r = 26918 in_i = 32361
204 : in_r = 17453 in_i = 18881
205 : in_r = 12750 in_i = 28994
206 : in_r = 30170 in_i = 10177
207 : in_r = 2816 in_i = 520
208 : in_r = 25140 in_i = 17497
209 : in_r = 2969 in_i = 22924
210 : in_r = 17954 in_i = 22607
211 : in_r = 12626 in_i = 26002
212 : in_r = 31907 in_i = 26248
213 : in_r = 28743 in_i = 25515
214 : in_r = 28366 in_i = 28490
215 : in_r = 10675 in_i = 23980
216 : in_r = 14874 in_i = 4746
217 : in_r = 10834 in_i = 28865
218 : in_r = 26563 in_i = 4984
219 : in_r = 28458 in_i = 11249
220 : in_r = 23865 in_i = 8441
221 : in_r = 7475 in_i = 21268
222 : in_r = 18618 in_i = 10292
223 : in_r = 21788 in_i = 10991
224 : in_r = 27789 in_i = 24758
225 : in_r = 1148 in_i = 12976
226 : in_r = 14598 in_i = 13774
227 : in_r = 6210 in_i = 13737
228 : in_r = 7255 in_i = 2186
229 : in_r = 6485 in_i = 2853
230 : in_r = 30676 in_i = 17161
231 : in_r = 26834 in_i = 12783
232 : in_r = 21907 in_i = 4900
233 : in_r = 8880 in_i = 15702
234 : in_r = 9885 in_i = 4571
235 : in_r = 26952 in_i = 983
236 : in_r = 13012 in_i = 1660
237 : in_r = 22251 in_i = 31630
238 : in_r = 11952 in_i = 11272
239 : in_r = 9854 in_i = 6974
240 : in_r = 3263 in_i = 11002
241 : in_r = 19950 in_i = 17861
242 : in_r = 24777 in_i = 26161
243 : in_r = 31599 in_i = 32032
244 : in_r = 28347 in_i = 5317
245 : in_r = 2117 in_i = 26256
246 : in_r = 22478 in_i = 28952
247 : in_r = 6271 in_i = 11617
248 : in_r = 1084 in_i = 15152
249 : in_r = 27320 in_i = 10970
250 : in_r = 19723 in_i = 21504
251 : in_r = 11953 in_i = 32735
252 : in_r = 23164 in_i = 1437
253 : in_r = 31598 in_i = 2348
254 : in_r = 12709 in_i = 8684
255 : in_r = 9323 in_i = 15973
------------------------

>> Output Check
------------------------
0 : out_r = 24184 out_i = 10124
1 : out_r = 5998 out_i = 16756
2 : out_r = 22705 out_i = 745
3 : out_r = 1950 out_i = 23739
4 : out_r = 15659 out_i = 7933
5 : out_r = 6022 out_i = 8048
6 : out_r = 5762 out_i = 5124
7 : out_r = 1477 out_i = 14621
8 : out_r = 28621 out_i = 10613
9 : out_r = 22067 out_i = 7248
10 : out_r = 27555 out_i = 1276
11 : out_r = 16602 out_i = 14437
12 : out_r = 28517 out_i = 9835
13 : out_r = 9213 out_i = 29849
14 : out_r = 6079 out_i = 14574
15 : out_r = 14112 out_i = 30235
16 : out_r = 24708 out_i = 20104
17 : out_r = 14249 out_i = 14657
18 : out_r = 20851 out_i = 16168
19 : out_r = 5661 out_i = 3781
20 : out_r = 24077 out_i = 11684
21 : out_r = 11806 out_i = 29813
22 : out_r = 16764 out_i = 13262
23 : out_r = 11713 out_i = 12646
24 : out_r = 23883 out_i = 1070
25 : out_r = 19866 out_i = 18616
26 : out_r = 2308 out_i = 3707
27 : out_r = 377 out_i = 30846
28 : out_r = 13554 out_i = 9524
29 : out_r = 27949 out_i = 19589
30 : out_r = 24132 out_i = 9356
31 : out_r = 17073 out_i = 16063
32 : out_r = 29424 out_i = 31308
33 : out_r = 30703 out_i = 17544
34 : out_r = 14781 out_i = 3597
35 : out_r = 21324 out_i = 6071
36 : out_r = 15276 out_i = 367
37 : out_r = 3173 out_i = 32030
38 : out_r = 13651 out_i = 14856
39 : out_r = 11934 out_i = 4807
40 : out_r = 15898 out_i = 31778
41 : out_r = 23425 out_i = 18199
42 : out_r = 2778 out_i = 23773
43 : out_r = 16316 out_i = 16321
44 : out_r = 569 out_i = 11532
45 : out_r = 3158 out_i = 24672
46 : out_r = 20855 out_i = 20201
47 : out_r = 7991 out_i = 17544
48 : out_r = 18820 out_i = 5936
49 : out_r = 2354 out_i = 808
50 : out_r = 9509 out_i = 23659
51 : out_r = 6870 out_i = 24776
52 : out_r = 24011 out_i = 10013
53 : out_r = 24073 out_i = 4944
54 : out_r = 24852 out_i = 3242
55 : out_r = 9685 out_i = 7999
56 : out_r = 2301 out_i = 329
57 : out_r = 26156 out_i = 5063
58 : out_r = 24117 out_i = 9760
59 : out_r = 21349 out_i = 24662
60 : out_r = 21280 out_i = 24515
61 : out_r = 16563 out_i = 9373
62 : out_r = 11998 out_i = 24532
63 : out_r = 26921 out_i = 30805
64 : out_r = 30460 out_i = 29268
65 : out_r = 31600 out_i = 7227
66 : out_r = 20216 out_i = 5721
67 : out_r = 32000 out_i = 11471
68 : out_r = 15739 out_i = 23332
69 : out_r = 16386 out_i = 7855
70 : out_r = 26528 out_i = 26023
71 : out_r = 15799 out_i = 28856
72 : out_r = 26374 out_i = 9240
73 : out_r = 1162 out_i = 17731
74 : out_r = 18970 out_i = 22479
75 : out_r = 9657 out_i = 7512
76 : out_r = 14228 out_i = 26199
77 : out_r = 16901 out_i = 26193
78 : out_r = 18020 out_i = 11057
79 : out_r = 24270 out_i = 15701
80 : out_r = 7600 out_i = 23104
81 : out_r = 22917 out_i = 27775
82 : out_r = 28807 out_i = 22197
83 : out_r = 6498 out_i = 11817
84 : out_r = 12760 out_i = 22850
85 : out_r = 19601 out_i = 6585
86 : out_r = 16110 out_i = 2694
87 : out_r = 2679 out_i = 9748
88 : out_r = 11931 out_i = 3804
89 : out_r = 27513 out_i = 30895
90 : out_r = 26271 out_i = 4393
91 : out_r = 5635 out_i = 7767
92 : out_r = 30603 out_i = 22508
93 : out_r = 1243 out_i = 15839
94 : out_r = 820 out_i = 25499
95 : out_r = 31550 out_i = 8403
96 : out_r = 15852 out_i = 21724
97 : out_r = 3444 out_i = 11888
98 : out_r = 11185 out_i = 9917
99 : out_r = 23703 out_i = 23933
100 : out_r = 32718 out_i = 10571
101 : out_r = 30514 out_i = 16120
102 : out_r = 13260 out_i = 465
103 : out_r = 25897 out_i = 25138
104 : out_r = 4226 out_i = 20583
105 : out_r = 23332 out_i = 30488
106 : out_r = 24938 out_i = 28933
107 : out_r = 5512 out_i = 22783
108 : out_r = 18697 out_i = 6708
109 : out_r = 5869 out_i = 19524
110 : out_r = 32170 out_i = 4686
111 : out_r = 27901 out_i = 15286
112 : out_r = 26408 out_i = 31328
113 : out_r = 27195 out_i = 4847
114 : out_r = 8465 out_i = 18153
115 : out_r = 28768 out_i = 8471
116 : out_r = 28750 out_i = 26509
117 : out_r = 24560 out_i = 9292
118 : out_r = 26928 out_i = 17662
119 : out_r = 1686 out_i = 31138
120 : out_r = 5532 out_i = 24979
121 : out_r = 28865 out_i = 30444
122 : out_r = 21144 out_i = 1611
123 : out_r = 20477 out_i = 7107
124 : out_r = 8295 out_i = 26375
125 : out_r = 26603 out_i = 7753
126 : out_r = 31024 out_i = 21736
127 : out_r = 23017 out_i = 24703
128 : out_r = 20316 out_i = 17468
129 : out_r = 29516 out_i = 28755
130 : out_r = 2901 out_i = 25543
131 : out_r = 4492 out_i = 31599
132 : out_r = 19311 out_i = 29009
133 : out_r = 8139 out_i = 13473
134 : out_r = 13945 out_i = 9804
135 : out_r = 11857 out_i = 19455
136 : out_r = 2035 out_i = 7940
137 : out_r = 17153 out_i = 23166
138 : out_r = 9559 out_i = 4898
139 : out_r = 30245 out_i = 17858
140 : out_r = 31190 out_i = 24126
141 : out_r = 25561 out_i = 29536
142 : out_r = 13095 out_i = 15824
143 : out_r = 21462 out_i = 675
144 : out_r = 540 out_i = 18236
145 : out_r = 29414 out_i = 3378
146 : out_r = 10981 out_i = 1133
147 : out_r = 2250 out_i = 30297
148 : out_r = 30170 out_i = 10363
149 : out_r = 11033 out_i = 11351
150 : out_r = 20159 out_i = 22904
151 : out_r = 30785 out_i = 22158
152 : out_r = 30874 out_i = 15208
153 : out_r = 12588 out_i = 7687
154 : out_r = 20082 out_i = 10112
155 : out_r = 25493 out_i = 18538
156 : out_r = 1489 out_i = 18317
157 : out_r = 15335 out_i = 14596
158 : out_r = 1385 out_i = 4066
159 : out_r = 15237 out_i = 1916
160 : out_r = 22252 out_i = 11884
161 : out_r = 5288 out_i = 524
162 : out_r = 13054 out_i = 7517
163 : out_r = 30801 out_i = 10449
164 : out_r = 17856 out_i = 9092
165 : out_r = 21819 out_i = 5255
166 : out_r = 31994 out_i = 19844
167 : out_r = 27388 out_i = 30098
168 : out_r = 2340 out_i = 7251
169 : out_r = 5009 out_i = 22408
170 : out_r = 17355 out_i = 30481
171 : out_r = 8204 out_i = 18808
172 : out_r = 16063 out_i = 23544
173 : out_r = 676 out_i = 17440
174 : out_r = 27557 out_i = 15884
175 : out_r = 19306 out_i = 17040
176 : out_r = 27804 out_i = 24572
177 : out_r = 17544 out_i = 8090
178 : out_r = 32073 out_i = 15597
179 : out_r = 18543 out_i = 17158
180 : out_r = 24694 out_i = 7599
181 : out_r = 22418 out_i = 23922
182 : out_r = 27442 out_i = 17089
183 : out_r = 21252 out_i = 29733
184 : out_r = 24301 out_i = 26239
185 : out_r = 19361 out_i = 8928
186 : out_r = 24007 out_i = 27564
187 : out_r = 27750 out_i = 7302
188 : out_r = 18361 out_i = 28380
189 : out_r = 24738 out_i = 13161
190 : out_r = 11587 out_i = 11283
191 : out_r = 30177 out_i = 6587
192 : out_r = 3136 out_i = 14976
193 : out_r = 14669 out_i = 2457
194 : out_r = 30559 out_i = 483
195 : out_r = 19638 out_i = 22460
196 : out_r = 8056 out_i = 9295
197 : out_r = 13637 out_i = 2752
198 : out_r = 26357 out_i = 2118
199 : out_r = 32479 out_i = 17909
200 : out_r = 28374 out_i = 19167
201 : out_r = 26808 out_i = 19607
202 : out_r = 13971 out_i = 21801
203 : out_r = 26895 out_i = 32348
204 : out_r = 17451 out_i = 18869
205 : out_r = 12738 out_i = 28967
206 : out_r = 30146 out_i = 10158
207 : out_r = 2870 out_i = 516
208 : out_r = 25128 out_i = 17496
209 : out_r = 2995 out_i = 22913
210 : out_r = 17928 out_i = 22600
211 : out_r = 12636 out_i = 25984
212 : out_r = 31895 out_i = 26241
213 : out_r = 28725 out_i = 25503
214 : out_r = 28345 out_i = 28452
215 : out_r = 10660 out_i = 23969
216 : out_r = 14882 out_i = 4753
217 : out_r = 10875 out_i = 28853
218 : out_r = 26521 out_i = 5003
219 : out_r = 28432 out_i = 11246
220 : out_r = 23846 out_i = 8446
221 : out_r = 7477 out_i = 21248
222 : out_r = 18629 out_i = 10308
223 : out_r = 21752 out_i = 10997
224 : out_r = 27784 out_i = 24760
225 : out_r = 1163 out_i = 12986
226 : out_r = 14606 out_i = 13774
227 : out_r = 6202 out_i = 13724
228 : out_r = 7266 out_i = 2163
229 : out_r = 6493 out_i = 2864
230 : out_r = 30637 out_i = 17134
231 : out_r = 26833 out_i = 12771
232 : out_r = 21913 out_i = 4912
233 : out_r = 8881 out_i = 15699
234 : out_r = 9907 out_i = 4577
235 : out_r = 26948 out_i = 994
236 : out_r = 13024 out_i = 1689
237 : out_r = 22235 out_i = 31604
238 : out_r = 11962 out_i = 11281
239 : out_r = 9859 out_i = 6986
240 : out_r = 3280 out_i = 11040
241 : out_r = 19961 out_i = 17854
242 : out_r = 24753 out_i = 26123
243 : out_r = 31591 out_i = 32024
244 : out_r = 28334 out_i = 5323
245 : out_r = 2153 out_i = 26253
246 : out_r = 22459 out_i = 28942
247 : out_r = 6301 out_i = 11629
248 : out_r = 1101 out_i = 15151
249 : out_r = 27316 out_i = 10982
250 : out_r = 19705 out_i = 21507
251 : out_r = 11970 out_i = 32711
252 : out_r = 23182 out_i = 1443
253 : out_r = 31566 out_i = 2348
254 : out_r = 12709 out_i = 8692
255 : out_r = 9343 out_i = 15979
------------------------
INFO: [SIM 1] CSim done with 0 errors.
INFO: [SIM 3] *************** CSIM finish ***************
