INFO: [SIM 2] *************** CSIM start ***************
INFO: [SIM 4] CSIM will launch GCC as the compiler.
   Compiling ../../../../../main.cpp in debug mode
   Compiling ../../../../../CP_insertion.cpp in debug mode
   Compiling ../../../../../syn_CP_removal.cpp in debug mode
   Generating csim.exe
>> Start test!
CP Insertion
------------------------
0 : in_r = 8677 in_i = 3866
1 : in_r = 6292 in_i = 8456
2 : in_r = 26642 in_i = 6291
3 : in_r = 10546 in_i = 12898
4 : in_r = 20563 in_i = 28023
5 : in_r = 3706 in_i = 18795
6 : in_r = 21517 in_i = 30749
7 : in_r = 3520 in_i = 25757
8 : in_r = 21598 in_i = 4067
9 : in_r = 32465 in_i = 17748
10 : in_r = 1492 in_i = 30234
11 : in_r = 31797 in_i = 9557
12 : in_r = 17060 in_i = 254
13 : in_r = 25858 in_i = 15941
14 : in_r = 733 in_i = 16750
15 : in_r = 14800 in_i = 9411
16 : in_r = 20617 in_i = 21093
17 : in_r = 17867 in_i = 14492
18 : in_r = 27384 in_i = 28414
19 : in_r = 27390 in_i = 15179
20 : in_r = 23669 in_i = 31096
21 : in_r = 1206 in_i = 12418
22 : in_r = 29077 in_i = 4726
23 : in_r = 5407 in_i = 17907
24 : in_r = 8794 in_i = 5104
25 : in_r = 2888 in_i = 10286
26 : in_r = 2571 in_i = 1918
27 : in_r = 19844 in_i = 19632
28 : in_r = 2172 in_i = 12934
29 : in_r = 2806 in_i = 2906
30 : in_r = 29685 in_i = 17606
31 : in_r = 12317 in_i = 17534
32 : in_r = 5931 in_i = 30184
33 : in_r = 32026 in_i = 547
34 : in_r = 25830 in_i = 26649
35 : in_r = 15727 in_i = 16732
36 : in_r = 24977 in_i = 16933
37 : in_r = 29151 in_i = 21287
38 : in_r = 21660 in_i = 1790
39 : in_r = 6427 in_i = 30454
40 : in_r = 6895 in_i = 9315
41 : in_r = 7973 in_i = 9467
42 : in_r = 11234 in_i = 27817
43 : in_r = 29100 in_i = 13406
44 : in_r = 7984 in_i = 31906
45 : in_r = 16312 in_i = 4901
46 : in_r = 16745 in_i = 28629
47 : in_r = 22436 in_i = 22676
48 : in_r = 26046 in_i = 21695
49 : in_r = 23224 in_i = 19109
50 : in_r = 15576 in_i = 6183
51 : in_r = 3073 in_i = 7785
52 : in_r = 23117 in_i = 32224
53 : in_r = 29072 in_i = 12009
54 : in_r = 1247 in_i = 2732
55 : in_r = 9695 in_i = 8143
56 : in_r = 12048 in_i = 17668
57 : in_r = 17611 in_i = 23282
58 : in_r = 12718 in_i = 13943
59 : in_r = 3920 in_i = 20702
60 : in_r = 13081 in_i = 20233
61 : in_r = 25603 in_i = 29826
62 : in_r = 16095 in_i = 15271
63 : in_r = 19735 in_i = 9373
64 : in_r = 4198 in_i = 10192
65 : in_r = 28482 in_i = 19775
66 : in_r = 16375 in_i = 31556
67 : in_r = 27560 in_i = 6724
68 : in_r = 31013 in_i = 23865
69 : in_r = 18733 in_i = 32260
70 : in_r = 26597 in_i = 28429
71 : in_r = 7636 in_i = 5877
72 : in_r = 13329 in_i = 25247
73 : in_r = 29160 in_i = 26047
74 : in_r = 6422 in_i = 313
75 : in_r = 13982 in_i = 19504
76 : in_r = 20546 in_i = 6817
77 : in_r = 16563 in_i = 3874
78 : in_r = 22089 in_i = 3530
79 : in_r = 13247 in_i = 26288
80 : in_r = 13723 in_i = 8962
81 : in_r = 13295 in_i = 30098
82 : in_r = 7751 in_i = 8088
83 : in_r = 4055 in_i = 5996
84 : in_r = 31954 in_i = 22789
85 : in_r = 5488 in_i = 25784
86 : in_r = 18450 in_i = 13125
87 : in_r = 31661 in_i = 31780
88 : in_r = 5604 in_i = 28054
89 : in_r = 25060 in_i = 12027
90 : in_r = 28367 in_i = 6274
91 : in_r = 31532 in_i = 16146
92 : in_r = 13092 in_i = 15327
93 : in_r = 20020 in_i = 2414
94 : in_r = 18858 in_i = 500
95 : in_r = 28703 in_i = 32581
96 : in_r = 9463 in_i = 9231
97 : in_r = 29912 in_i = 17214
98 : in_r = 17319 in_i = 1199
99 : in_r = 23210 in_i = 16505
100 : in_r = 23989 in_i = 28699
101 : in_r = 9521 in_i = 9671
102 : in_r = 9056 in_i = 8415
103 : in_r = 8684 in_i = 14660
104 : in_r = 3701 in_i = 976
105 : in_r = 26688 in_i = 32069
106 : in_r = 7251 in_i = 25452
107 : in_r = 15447 in_i = 20343
108 : in_r = 8012 in_i = 2700
109 : in_r = 22758 in_i = 26870
110 : in_r = 3200 in_i = 18693
111 : in_r = 26684 in_i = 12663
112 : in_r = 27924 in_i = 23828
113 : in_r = 29877 in_i = 12476
114 : in_r = 25028 in_i = 20320
115 : in_r = 28981 in_i = 16249
116 : in_r = 16251 in_i = 5735
117 : in_r = 25921 in_i = 25307
118 : in_r = 14150 in_i = 1837
119 : in_r = 7200 in_i = 17852
120 : in_r = 2814 in_i = 1120
121 : in_r = 17154 in_i = 10065
122 : in_r = 26572 in_i = 32602
123 : in_r = 30409 in_i = 1816
124 : in_r = 2534 in_i = 20399
125 : in_r = 28687 in_i = 5735
126 : in_r = 6324 in_i = 22603
127 : in_r = 18398 in_i = 1481
128 : in_r = 13664 in_i = 15508
129 : in_r = 13957 in_i = 5925
130 : in_r = 3060 in_i = 10171
131 : in_r = 22174 in_i = 19311
132 : in_r = 15906 in_i = 15328
133 : in_r = 11851 in_i = 30057
134 : in_r = 17166 in_i = 19051
135 : in_r = 15142 in_i = 19980
136 : in_r = 20171 in_i = 32296
137 : in_r = 30045 in_i = 13976
138 : in_r = 32130 in_i = 27686
139 : in_r = 15793 in_i = 1896
140 : in_r = 15318 in_i = 11712
141 : in_r = 7632 in_i = 21643
142 : in_r = 1548 in_i = 26031
143 : in_r = 23124 in_i = 15213
144 : in_r = 8771 in_i = 4314
145 : in_r = 21138 in_i = 11832
146 : in_r = 14485 in_i = 10545
147 : in_r = 31144 in_i = 30391
148 : in_r = 25873 in_i = 10227
149 : in_r = 27681 in_i = 10271
150 : in_r = 29278 in_i = 10055
151 : in_r = 30252 in_i = 16682
152 : in_r = 9583 in_i = 27529
153 : in_r = 30658 in_i = 8946
154 : in_r = 22448 in_i = 13683
155 : in_r = 10843 in_i = 4998
156 : in_r = 25396 in_i = 18475
157 : in_r = 26642 in_i = 26945
158 : in_r = 11738 in_i = 16999
159 : in_r = 9390 in_i = 20510
160 : in_r = 21313 in_i = 30528
161 : in_r = 32343 in_i = 3030
162 : in_r = 8305 in_i = 30719
163 : in_r = 654 in_i = 1411
164 : in_r = 8179 in_i = 28335
165 : in_r = 11683 in_i = 4690
166 : in_r = 5623 in_i = 9167
167 : in_r = 21372 in_i = 15207
168 : in_r = 3928 in_i = 19263
169 : in_r = 24153 in_i = 26377
170 : in_r = 179 in_i = 2229
171 : in_r = 31376 in_i = 25576
172 : in_r = 20704 in_i = 25250
173 : in_r = 19753 in_i = 32443
174 : in_r = 9481 in_i = 29143
175 : in_r = 20185 in_i = 30795
176 : in_r = 26903 in_i = 19760
177 : in_r = 1057 in_i = 2441
178 : in_r = 17712 in_i = 1712
179 : in_r = 3852 in_i = 25891
180 : in_r = 30048 in_i = 15535
181 : in_r = 30582 in_i = 2904
182 : in_r = 24702 in_i = 19186
183 : in_r = 18111 in_i = 28631
184 : in_r = 5682 in_i = 9497
185 : in_r = 22240 in_i = 5862
186 : in_r = 11726 in_i = 20849
187 : in_r = 31438 in_i = 32431
188 : in_r = 13332 in_i = 18423
189 : in_r = 32106 in_i = 22813
190 : in_r = 14798 in_i = 19524
191 : in_r = 20841 in_i = 8934
192 : in_r = 6517 in_i = 21899
193 : in_r = 11375 in_i = 24230
194 : in_r = 23611 in_i = 15227
195 : in_r = 17353 in_i = 20892
196 : in_r = 30762 in_i = 15167
197 : in_r = 23796 in_i = 22697
198 : in_r = 1586 in_i = 9139
199 : in_r = 18560 in_i = 7269
200 : in_r = 18636 in_i = 8033
201 : in_r = 13131 in_i = 30363
202 : in_r = 28882 in_i = 11801
203 : in_r = 30026 in_i = 9447
204 : in_r = 30225 in_i = 29365
205 : in_r = 32261 in_i = 12255
206 : in_r = 16121 in_i = 20334
207 : in_r = 21190 in_i = 22639
208 : in_r = 9465 in_i = 32565
209 : in_r = 14101 in_i = 308
210 : in_r = 15025 in_i = 31455
211 : in_r = 21201 in_i = 13020
212 : in_r = 13855 in_i = 12229
213 : in_r = 2949 in_i = 15441
214 : in_r = 21369 in_i = 21510
215 : in_r = 22710 in_i = 7238
216 : in_r = 29543 in_i = 3074
217 : in_r = 4833 in_i = 25658
218 : in_r = 14875 in_i = 2091
219 : in_r = 2337 in_i = 12332
220 : in_r = 31456 in_i = 1830
221 : in_r = 24588 in_i = 14810
222 : in_r = 22165 in_i = 13011
223 : in_r = 4681 in_i = 31630
224 : in_r = 12808 in_i = 18783
225 : in_r = 31939 in_i = 27834
226 : in_r = 17470 in_i = 20372
227 : in_r = 8086 in_i = 31325
228 : in_r = 32601 in_i = 11036
229 : in_r = 13999 in_i = 21203
230 : in_r = 32546 in_i = 3942
231 : in_r = 28441 in_i = 29322
232 : in_r = 7016 in_i = 506
233 : in_r = 22212 in_i = 21892
234 : in_r = 2598 in_i = 24550
235 : in_r = 1457 in_i = 1286
236 : in_r = 26381 in_i = 26046
237 : in_r = 16097 in_i = 15778
238 : in_r = 6289 in_i = 20779
239 : in_r = 14641 in_i = 19098
240 : in_r = 6794 in_i = 13812
241 : in_r = 14164 in_i = 24265
242 : in_r = 1416 in_i = 22250
243 : in_r = 22822 in_i = 1250
244 : in_r = 518 in_i = 4054
245 : in_r = 22454 in_i = 297
246 : in_r = 7996 in_i = 18127
247 : in_r = 29619 in_i = 15013
248 : in_r = 18633 in_i = 19064
249 : in_r = 4138 in_i = 21231
250 : in_r = 10846 in_i = 5595
251 : in_r = 22518 in_i = 4460
252 : in_r = 31641 in_i = 5848
253 : in_r = 20239 in_i = 5163
254 : in_r = 26627 in_i = 2112
255 : in_r = 24261 in_i = 653
in finished
index : 0
biased : 0
out finished
------------------------
0 : out_r = 8677 out_i = 3866
1 : out_r = 6292 out_i = 8456
2 : out_r = 26642 out_i = 6291
3 : out_r = 10546 out_i = 12898
4 : out_r = 20563 out_i = 28023
5 : out_r = 3706 out_i = 18795
6 : out_r = 21517 out_i = 30749
7 : out_r = 3520 out_i = 25757
8 : out_r = 21598 out_i = 4067
9 : out_r = 32465 out_i = 17748
10 : out_r = 1492 out_i = 30234
11 : out_r = 31797 out_i = 9557
12 : out_r = 17060 out_i = 254
13 : out_r = 25858 out_i = 15941
14 : out_r = 733 out_i = 16750
15 : out_r = 14800 out_i = 9411
16 : out_r = 20617 out_i = 21093
17 : out_r = 17867 out_i = 14492
18 : out_r = 27384 out_i = 28414
19 : out_r = 27390 out_i = 15179
20 : out_r = 23669 out_i = 31096
21 : out_r = 1206 out_i = 12418
22 : out_r = 29077 out_i = 4726
23 : out_r = 5407 out_i = 17907
24 : out_r = 8794 out_i = 5104
25 : out_r = 2888 out_i = 10286
26 : out_r = 2571 out_i = 1918
27 : out_r = 19844 out_i = 19632
28 : out_r = 2172 out_i = 12934
29 : out_r = 2806 out_i = 2906
30 : out_r = 29685 out_i = 17606
31 : out_r = 12317 out_i = 17534
32 : out_r = 5931 out_i = 30184
33 : out_r = 32026 out_i = 547
34 : out_r = 25830 out_i = 26649
35 : out_r = 15727 out_i = 16732
36 : out_r = 24977 out_i = 16933
37 : out_r = 29151 out_i = 21287
38 : out_r = 21660 out_i = 1790
39 : out_r = 6427 out_i = 30454
40 : out_r = 6895 out_i = 9315
41 : out_r = 7973 out_i = 9467
42 : out_r = 11234 out_i = 27817
43 : out_r = 29100 out_i = 13406
44 : out_r = 7984 out_i = 31906
45 : out_r = 16312 out_i = 4901
46 : out_r = 16745 out_i = 28629
47 : out_r = 22436 out_i = 22676
48 : out_r = 26046 out_i = 21695
49 : out_r = 23224 out_i = 19109
50 : out_r = 15576 out_i = 6183
51 : out_r = 3073 out_i = 7785
52 : out_r = 23117 out_i = 32224
53 : out_r = 29072 out_i = 12009
54 : out_r = 1247 out_i = 2732
55 : out_r = 9695 out_i = 8143
56 : out_r = 12048 out_i = 17668
57 : out_r = 17611 out_i = 23282
58 : out_r = 12718 out_i = 13943
59 : out_r = 3920 out_i = 20702
60 : out_r = 13081 out_i = 20233
61 : out_r = 25603 out_i = 29826
62 : out_r = 16095 out_i = 15271
63 : out_r = 19735 out_i = 9373
64 : out_r = 4198 out_i = 10192
65 : out_r = 28482 out_i = 19775
66 : out_r = 16375 out_i = 31556
67 : out_r = 27560 out_i = 6724
68 : out_r = 31013 out_i = 23865
69 : out_r = 18733 out_i = 32260
70 : out_r = 26597 out_i = 28429
71 : out_r = 7636 out_i = 5877
72 : out_r = 13329 out_i = 25247
73 : out_r = 29160 out_i = 26047
74 : out_r = 6422 out_i = 313
75 : out_r = 13982 out_i = 19504
76 : out_r = 20546 out_i = 6817
77 : out_r = 16563 out_i = 3874
78 : out_r = 22089 out_i = 3530
79 : out_r = 13247 out_i = 26288
80 : out_r = 13723 out_i = 8962
81 : out_r = 13295 out_i = 30098
82 : out_r = 7751 out_i = 8088
83 : out_r = 4055 out_i = 5996
84 : out_r = 31954 out_i = 22789
85 : out_r = 5488 out_i = 25784
86 : out_r = 18450 out_i = 13125
87 : out_r = 31661 out_i = 31780
88 : out_r = 5604 out_i = 28054
89 : out_r = 25060 out_i = 12027
90 : out_r = 28367 out_i = 6274
91 : out_r = 31532 out_i = 16146
92 : out_r = 13092 out_i = 15327
93 : out_r = 20020 out_i = 2414
94 : out_r = 18858 out_i = 500
95 : out_r = 28703 out_i = 32581
96 : out_r = 9463 out_i = 9231
97 : out_r = 29912 out_i = 17214
98 : out_r = 17319 out_i = 1199
99 : out_r = 23210 out_i = 16505
100 : out_r = 23989 out_i = 28699
101 : out_r = 9521 out_i = 9671
102 : out_r = 9056 out_i = 8415
103 : out_r = 8684 out_i = 14660
104 : out_r = 3701 out_i = 976
105 : out_r = 26688 out_i = 32069
106 : out_r = 7251 out_i = 25452
107 : out_r = 15447 out_i = 20343
108 : out_r = 8012 out_i = 2700
109 : out_r = 22758 out_i = 26870
110 : out_r = 3200 out_i = 18693
111 : out_r = 26684 out_i = 12663
112 : out_r = 27924 out_i = 23828
113 : out_r = 29877 out_i = 12476
114 : out_r = 25028 out_i = 20320
115 : out_r = 28981 out_i = 16249
116 : out_r = 16251 out_i = 5735
117 : out_r = 25921 out_i = 25307
118 : out_r = 14150 out_i = 1837
119 : out_r = 7200 out_i = 17852
120 : out_r = 2814 out_i = 1120
121 : out_r = 17154 out_i = 10065
122 : out_r = 26572 out_i = 32602
123 : out_r = 30409 out_i = 1816
124 : out_r = 2534 out_i = 20399
125 : out_r = 28687 out_i = 5735
126 : out_r = 6324 out_i = 22603
127 : out_r = 18398 out_i = 1481
128 : out_r = 13664 out_i = 15508
129 : out_r = 13957 out_i = 5925
130 : out_r = 3060 out_i = 10171
131 : out_r = 22174 out_i = 19311
132 : out_r = 15906 out_i = 15328
133 : out_r = 11851 out_i = 30057
134 : out_r = 17166 out_i = 19051
135 : out_r = 15142 out_i = 19980
136 : out_r = 20171 out_i = 32296
137 : out_r = 30045 out_i = 13976
138 : out_r = 32130 out_i = 27686
139 : out_r = 15793 out_i = 1896
140 : out_r = 15318 out_i = 11712
141 : out_r = 7632 out_i = 21643
142 : out_r = 1548 out_i = 26031
143 : out_r = 23124 out_i = 15213
144 : out_r = 8771 out_i = 4314
145 : out_r = 21138 out_i = 11832
146 : out_r = 14485 out_i = 10545
147 : out_r = 31144 out_i = 30391
148 : out_r = 25873 out_i = 10227
149 : out_r = 27681 out_i = 10271
150 : out_r = 29278 out_i = 10055
151 : out_r = 30252 out_i = 16682
152 : out_r = 9583 out_i = 27529
153 : out_r = 30658 out_i = 8946
154 : out_r = 22448 out_i = 13683
155 : out_r = 10843 out_i = 4998
156 : out_r = 25396 out_i = 18475
157 : out_r = 26642 out_i = 26945
158 : out_r = 11738 out_i = 16999
159 : out_r = 9390 out_i = 20510
160 : out_r = 21313 out_i = 30528
161 : out_r = 32343 out_i = 3030
162 : out_r = 8305 out_i = 30719
163 : out_r = 654 out_i = 1411
164 : out_r = 8179 out_i = 28335
165 : out_r = 11683 out_i = 4690
166 : out_r = 5623 out_i = 9167
167 : out_r = 21372 out_i = 15207
168 : out_r = 3928 out_i = 19263
169 : out_r = 24153 out_i = 26377
170 : out_r = 179 out_i = 2229
171 : out_r = 31376 out_i = 25576
172 : out_r = 20704 out_i = 25250
173 : out_r = 19753 out_i = 32443
174 : out_r = 9481 out_i = 29143
175 : out_r = 20185 out_i = 30795
176 : out_r = 26903 out_i = 19760
177 : out_r = 1057 out_i = 2441
178 : out_r = 17712 out_i = 1712
179 : out_r = 3852 out_i = 25891
180 : out_r = 30048 out_i = 15535
181 : out_r = 30582 out_i = 2904
182 : out_r = 24702 out_i = 19186
183 : out_r = 18111 out_i = 28631
184 : out_r = 5682 out_i = 9497
185 : out_r = 22240 out_i = 5862
186 : out_r = 11726 out_i = 20849
187 : out_r = 31438 out_i = 32431
188 : out_r = 13332 out_i = 18423
189 : out_r = 32106 out_i = 22813
190 : out_r = 14798 out_i = 19524
191 : out_r = 20841 out_i = 8934
192 : out_r = 6517 out_i = 21899
193 : out_r = 11375 out_i = 24230
194 : out_r = 23611 out_i = 15227
195 : out_r = 17353 out_i = 20892
196 : out_r = 30762 out_i = 15167
197 : out_r = 23796 out_i = 22697
198 : out_r = 1586 out_i = 9139
199 : out_r = 18560 out_i = 7269
200 : out_r = 18636 out_i = 8033
201 : out_r = 13131 out_i = 30363
202 : out_r = 28882 out_i = 11801
203 : out_r = 30026 out_i = 9447
204 : out_r = 30225 out_i = 29365
205 : out_r = 32261 out_i = 12255
206 : out_r = 16121 out_i = 20334
207 : out_r = 21190 out_i = 22639
208 : out_r = 9465 out_i = 32565
209 : out_r = 14101 out_i = 308
210 : out_r = 15025 out_i = 31455
211 : out_r = 21201 out_i = 13020
212 : out_r = 13855 out_i = 12229
213 : out_r = 2949 out_i = 15441
214 : out_r = 21369 out_i = 21510
215 : out_r = 22710 out_i = 7238
216 : out_r = 29543 out_i = 3074
217 : out_r = 4833 out_i = 25658
218 : out_r = 14875 out_i = 2091
219 : out_r = 2337 out_i = 12332
220 : out_r = 31456 out_i = 1830
221 : out_r = 24588 out_i = 14810
222 : out_r = 22165 out_i = 13011
223 : out_r = 4681 out_i = 31630
224 : out_r = 12808 out_i = 18783
225 : out_r = 31939 out_i = 27834
226 : out_r = 17470 out_i = 20372
227 : out_r = 8086 out_i = 31325
228 : out_r = 32601 out_i = 11036
229 : out_r = 13999 out_i = 21203
230 : out_r = 32546 out_i = 3942
231 : out_r = 28441 out_i = 29322
232 : out_r = 7016 out_i = 506
233 : out_r = 22212 out_i = 21892
234 : out_r = 2598 out_i = 24550
235 : out_r = 1457 out_i = 1286
236 : out_r = 26381 out_i = 26046
237 : out_r = 16097 out_i = 15778
238 : out_r = 6289 out_i = 20779
239 : out_r = 14641 out_i = 19098
240 : out_r = 6794 out_i = 13812
241 : out_r = 14164 out_i = 24265
242 : out_r = 1416 out_i = 22250
243 : out_r = 22822 out_i = 1250
244 : out_r = 518 out_i = 4054
245 : out_r = 22454 out_i = 297
246 : out_r = 7996 out_i = 18127
247 : out_r = 29619 out_i = 15013
248 : out_r = 18633 out_i = 19064
249 : out_r = 4138 out_i = 21231
250 : out_r = 10846 out_i = 5595
251 : out_r = 22518 out_i = 4460
252 : out_r = 31641 out_i = 5848
253 : out_r = 20239 out_i = 5163
254 : out_r = 26627 out_i = 2112
255 : out_r = 24261 out_i = 653
>> Finish test!
INFO: [SIM 1] CSim done with 0 errors.
INFO: [SIM 3] *************** CSIM finish ***************
