

================================================================
== Vitis HLS Report for 'CP_removal_Pipeline_VITIS_LOOP_53_2_VITIS_LOOP_54_3'
================================================================
* Date:           Wed Sep 14 20:23:50 2022

* Version:        2021.1 (Build 3247384 on Thu Jun 10 19:36:07 MDT 2021)
* Project:        project
* Solution:       solution1 (Vivado IP Flow Target)
* Product family: zynquplus
* Target device:  xck26-sfvc784-2LV-c


================================================================
== Performance Estimates
================================================================
+ Timing: 
    * Summary: 
    +--------+----------+----------+------------+
    |  Clock |  Target  | Estimated| Uncertainty|
    +--------+----------+----------+------------+
    |ap_clk  |  20.00 ns|  1.982 ns|     5.40 ns|
    +--------+----------+----------+------------+

+ Latency: 
    * Summary: 
    +---------+---------+----------+----------+-----+-----+---------+
    |  Latency (cycles) |  Latency (absolute) |  Interval | Pipeline|
    |   min   |   max   |    min   |    max   | min | max |   Type  |
    +---------+---------+----------+----------+-----+-----+---------+
    |        ?|        ?|         ?|         ?|    ?|    ?|       no|
    +---------+---------+----------+----------+-----+-----+---------+

    + Detail: 
        * Instance: 
        N/A

        * Loop: 
        +-----------------------------------+---------+---------+----------+-----------+-----------+------+----------+
        |                                   |  Latency (cycles) | Iteration|  Initiation Interval  | Trip |          |
        |             Loop Name             |   min   |   max   |  Latency |  achieved |   target  | Count| Pipelined|
        +-----------------------------------+---------+---------+----------+-----------+-----------+------+----------+
        |- VITIS_LOOP_53_2_VITIS_LOOP_54_3  |        ?|        ?|         2|          1|          1|     ?|       yes|
        +-----------------------------------+---------+---------+----------+-----------+-----------+------+----------+

============================================================
+ Verbose Summary: Synthesis Manager
============================================================
InlineROM: 1
ExposeGlobal: 0
============================================================
+ Verbose Summary: CDFG Model
============================================================
IsTopModel: 0
ResetActiveHigh: 1
IsCombinational: 0
IsDatapathOnly: 0
HasWiredReturn: 1
HasMFsm: 2
HasVarLatency: 1
IsPipeline: 0
IsRtlPipelined: 0
IsInstanceOverlapped: 0
IsDontTouch: 0
HasImplIP: 0
IsGatedGlobalClock: 0

+ Individual pipeline summary: 
  * Pipeline-0: initiation interval (II) = 1, depth = 3


============================================================
+ Verbose Summary: Schedule
============================================================
* Number of FSM states : 3
* Pipeline : 1
  Pipeline-0 : II = 1, D = 3, States = { 1 2 3 }
* Dataflow Pipeline: 0

* FSM state transitions: 
1 --> 2 
2 --> 3 
3 --> 

* FSM state operations: 

State 1 <SV = 0> <Delay = 0.42>
ST_1 : Operation 5 [1/1] (0.00ns)   --->   "%t = alloca i32 1"   --->   Operation 5 'alloca' 't' <Predicate = true> <Delay = 0.00>
ST_1 : Operation 6 [1/1] (0.00ns)   --->   "%indvar_flatten = alloca i32 1"   --->   Operation 6 'alloca' 'indvar_flatten' <Predicate = true> <Delay = 0.00>
ST_1 : Operation 7 [1/1] (0.00ns)   --->   "%specinterface_ln0 = specinterface void @_ssdm_op_SpecInterface, i1 %data_out_V_dest_V, void @empty, i32 0, i32 0, void @empty_0, i32 0, i32 0, void @empty_1, void @empty_1, void @empty_1, i32 0, i32 0, i32 0, i32 0, void @empty_1, void @empty_1"   --->   Operation 7 'specinterface' 'specinterface_ln0' <Predicate = true> <Delay = 0.00>
ST_1 : Operation 8 [1/1] (0.00ns)   --->   "%specinterface_ln0 = specinterface void @_ssdm_op_SpecInterface, i1 %data_out_V_id_V, void @empty, i32 0, i32 0, void @empty_0, i32 0, i32 0, void @empty_1, void @empty_1, void @empty_1, i32 0, i32 0, i32 0, i32 0, void @empty_1, void @empty_1"   --->   Operation 8 'specinterface' 'specinterface_ln0' <Predicate = true> <Delay = 0.00>
ST_1 : Operation 9 [1/1] (0.00ns)   --->   "%specinterface_ln0 = specinterface void @_ssdm_op_SpecInterface, i1 %data_out_V_last_V, void @empty, i32 0, i32 0, void @empty_0, i32 0, i32 0, void @empty_1, void @empty_1, void @empty_1, i32 0, i32 0, i32 0, i32 0, void @empty_1, void @empty_1"   --->   Operation 9 'specinterface' 'specinterface_ln0' <Predicate = true> <Delay = 0.00>
ST_1 : Operation 10 [1/1] (0.00ns)   --->   "%specinterface_ln0 = specinterface void @_ssdm_op_SpecInterface, i1 %data_out_V_user_V, void @empty, i32 0, i32 0, void @empty_0, i32 0, i32 0, void @empty_1, void @empty_1, void @empty_1, i32 0, i32 0, i32 0, i32 0, void @empty_1, void @empty_1"   --->   Operation 10 'specinterface' 'specinterface_ln0' <Predicate = true> <Delay = 0.00>
ST_1 : Operation 11 [1/1] (0.00ns)   --->   "%specinterface_ln0 = specinterface void @_ssdm_op_SpecInterface, i8 %data_out_V_strb_V, void @empty, i32 0, i32 0, void @empty_0, i32 0, i32 0, void @empty_1, void @empty_1, void @empty_1, i32 0, i32 0, i32 0, i32 0, void @empty_1, void @empty_1"   --->   Operation 11 'specinterface' 'specinterface_ln0' <Predicate = true> <Delay = 0.00>
ST_1 : Operation 12 [1/1] (0.00ns)   --->   "%specinterface_ln0 = specinterface void @_ssdm_op_SpecInterface, i8 %data_out_V_keep_V, void @empty, i32 0, i32 0, void @empty_0, i32 0, i32 0, void @empty_1, void @empty_1, void @empty_1, i32 0, i32 0, i32 0, i32 0, void @empty_1, void @empty_1"   --->   Operation 12 'specinterface' 'specinterface_ln0' <Predicate = true> <Delay = 0.00>
ST_1 : Operation 13 [1/1] (0.00ns)   --->   "%specinterface_ln0 = specinterface void @_ssdm_op_SpecInterface, i64 %data_out_V_data_V, void @empty, i32 0, i32 0, void @empty_0, i32 0, i32 0, void @empty_1, void @empty_1, void @empty_1, i32 0, i32 0, i32 0, i32 0, void @empty_1, void @empty_1"   --->   Operation 13 'specinterface' 'specinterface_ln0' <Predicate = true> <Delay = 0.00>
ST_1 : Operation 14 [1/1] (0.00ns)   --->   "%specinterface_ln0 = specinterface void @_ssdm_op_SpecInterface, i1 %data_in_V_dest_V, void @empty, i32 0, i32 0, void @empty_0, i32 0, i32 0, void @empty_1, void @empty_1, void @empty_1, i32 0, i32 0, i32 0, i32 0, void @empty_1, void @empty_1"   --->   Operation 14 'specinterface' 'specinterface_ln0' <Predicate = true> <Delay = 0.00>
ST_1 : Operation 15 [1/1] (0.00ns)   --->   "%specinterface_ln0 = specinterface void @_ssdm_op_SpecInterface, i1 %data_in_V_id_V, void @empty, i32 0, i32 0, void @empty_0, i32 0, i32 0, void @empty_1, void @empty_1, void @empty_1, i32 0, i32 0, i32 0, i32 0, void @empty_1, void @empty_1"   --->   Operation 15 'specinterface' 'specinterface_ln0' <Predicate = true> <Delay = 0.00>
ST_1 : Operation 16 [1/1] (0.00ns)   --->   "%specinterface_ln0 = specinterface void @_ssdm_op_SpecInterface, i1 %data_in_V_last_V, void @empty, i32 0, i32 0, void @empty_0, i32 0, i32 0, void @empty_1, void @empty_1, void @empty_1, i32 0, i32 0, i32 0, i32 0, void @empty_1, void @empty_1"   --->   Operation 16 'specinterface' 'specinterface_ln0' <Predicate = true> <Delay = 0.00>
ST_1 : Operation 17 [1/1] (0.00ns)   --->   "%specinterface_ln0 = specinterface void @_ssdm_op_SpecInterface, i1 %data_in_V_user_V, void @empty, i32 0, i32 0, void @empty_0, i32 0, i32 0, void @empty_1, void @empty_1, void @empty_1, i32 0, i32 0, i32 0, i32 0, void @empty_1, void @empty_1"   --->   Operation 17 'specinterface' 'specinterface_ln0' <Predicate = true> <Delay = 0.00>
ST_1 : Operation 18 [1/1] (0.00ns)   --->   "%specinterface_ln0 = specinterface void @_ssdm_op_SpecInterface, i8 %data_in_V_strb_V, void @empty, i32 0, i32 0, void @empty_0, i32 0, i32 0, void @empty_1, void @empty_1, void @empty_1, i32 0, i32 0, i32 0, i32 0, void @empty_1, void @empty_1"   --->   Operation 18 'specinterface' 'specinterface_ln0' <Predicate = true> <Delay = 0.00>
ST_1 : Operation 19 [1/1] (0.00ns)   --->   "%specinterface_ln0 = specinterface void @_ssdm_op_SpecInterface, i8 %data_in_V_keep_V, void @empty, i32 0, i32 0, void @empty_0, i32 0, i32 0, void @empty_1, void @empty_1, void @empty_1, i32 0, i32 0, i32 0, i32 0, void @empty_1, void @empty_1"   --->   Operation 19 'specinterface' 'specinterface_ln0' <Predicate = true> <Delay = 0.00>
ST_1 : Operation 20 [1/1] (0.00ns)   --->   "%specinterface_ln0 = specinterface void @_ssdm_op_SpecInterface, i64 %data_in_V_data_V, void @empty, i32 0, i32 0, void @empty_0, i32 0, i32 0, void @empty_1, void @empty_1, void @empty_1, i32 0, i32 0, i32 0, i32 0, void @empty_1, void @empty_1"   --->   Operation 20 'specinterface' 'specinterface_ln0' <Predicate = true> <Delay = 0.00>
ST_1 : Operation 21 [1/1] (0.00ns)   --->   "%CP_length_5_reload_read = read i32 @_ssdm_op_Read.ap_auto.i32, i32 %CP_length_5_reload"   --->   Operation 21 'read' 'CP_length_5_reload_read' <Predicate = true> <Delay = 0.00>
ST_1 : Operation 22 [1/1] (0.00ns)   --->   "%bound_read = read i64 @_ssdm_op_Read.ap_auto.i64, i64 %bound"   --->   Operation 22 'read' 'bound_read' <Predicate = true> <Delay = 0.00>
ST_1 : Operation 23 [1/1] (0.00ns)   --->   "%add_read = read i32 @_ssdm_op_Read.ap_auto.i32, i32 %add"   --->   Operation 23 'read' 'add_read' <Predicate = true> <Delay = 0.00>
ST_1 : Operation 24 [1/1] (0.42ns)   --->   "%store_ln0 = store i64 0, i64 %indvar_flatten"   --->   Operation 24 'store' 'store_ln0' <Predicate = true> <Delay = 0.42>
ST_1 : Operation 25 [1/1] (0.42ns)   --->   "%store_ln0 = store i31 0, i31 %t"   --->   Operation 25 'store' 'store_ln0' <Predicate = true> <Delay = 0.42>
ST_1 : Operation 26 [1/1] (0.00ns)   --->   "%br_ln0 = br void"   --->   Operation 26 'br' 'br_ln0' <Predicate = true> <Delay = 0.00>

State 2 <SV = 1> <Delay = 1.98>
ST_2 : Operation 27 [1/1] (0.00ns)   --->   "%t_2 = load i31 %t" [../CP_removal.cpp:54]   --->   Operation 27 'load' 't_2' <Predicate = true> <Delay = 0.00>
ST_2 : Operation 28 [1/1] (0.00ns)   --->   "%indvar_flatten_load = load i64 %indvar_flatten" [../CP_removal.cpp:53]   --->   Operation 28 'load' 'indvar_flatten_load' <Predicate = true> <Delay = 0.00>
ST_2 : Operation 29 [1/1] (0.00ns)   --->   "%t_cast = zext i31 %t_2" [../CP_removal.cpp:54]   --->   Operation 29 'zext' 't_cast' <Predicate = true> <Delay = 0.00>
ST_2 : Operation 30 [1/1] (0.00ns)   --->   "%specpipeline_ln0 = specpipeline void @_ssdm_op_SpecPipeline, i32 4294967295, i32 0, i32 1, i32 0, void @p_str"   --->   Operation 30 'specpipeline' 'specpipeline_ln0' <Predicate = true> <Delay = 0.00>
ST_2 : Operation 31 [1/1] (0.99ns)   --->   "%icmp_ln54 = icmp_slt  i32 %t_cast, i32 %add_read" [../CP_removal.cpp:54]   --->   Operation 31 'icmp' 'icmp_ln54' <Predicate = true> <Delay = 0.99> <CoreInst = "Cmp">   --->   Core 9 'Cmp' <Latency = 0> <II = 1> <Delay = 0.99> <FuncUnit> <Opcode : 'icmp'> <InPorts = 2> <OutPorts = 1>
ST_2 : Operation 32 [1/1] (1.13ns)   --->   "%icmp_ln53 = icmp_eq  i64 %indvar_flatten_load, i64 %bound_read" [../CP_removal.cpp:53]   --->   Operation 32 'icmp' 'icmp_ln53' <Predicate = true> <Delay = 1.13> <CoreInst = "Cmp">   --->   Core 9 'Cmp' <Latency = 0> <II = 1> <Delay = 0.99> <FuncUnit> <Opcode : 'icmp'> <InPorts = 2> <OutPorts = 1>
ST_2 : Operation 33 [1/1] (1.08ns)   --->   "%add_ln53 = add i64 %indvar_flatten_load, i64 1" [../CP_removal.cpp:53]   --->   Operation 33 'add' 'add_ln53' <Predicate = true> <Delay = 1.08> <CoreInst = "Adder">   --->   Core 1 'Adder' <Latency = 0> <II = 1> <Delay = 1.00> <FuncUnit> <Opcode : 'add' 'sub'> <InPorts = 2> <OutPorts = 1>
ST_2 : Operation 34 [1/1] (0.00ns)   --->   "%br_ln53 = br i1 %icmp_ln53, void %._crit_edge.loopexit, void %._crit_edge143.loopexit.exitStub" [../CP_removal.cpp:53]   --->   Operation 34 'br' 'br_ln53' <Predicate = true> <Delay = 0.00>
ST_2 : Operation 35 [1/1] (0.00ns)   --->   "%specloopname_ln0 = specloopname void @_ssdm_op_SpecLoopName, void @VITIS_LOOP_53_2_VITIS_LOOP_54_3_str"   --->   Operation 35 'specloopname' 'specloopname_ln0' <Predicate = (!icmp_ln53)> <Delay = 0.00>
ST_2 : Operation 36 [1/1] (0.00ns) (grouped into LUT with out node icmp_ln55)   --->   "%select_ln53 = select i1 %icmp_ln54, i31 %t_2, i31 0" [../CP_removal.cpp:53]   --->   Operation 36 'select' 'select_ln53' <Predicate = (!icmp_ln53)> <Delay = 0.00> <CoreInst = "Sel">   --->   Core 73 'Sel' <Latency = 0> <II = 1> <Delay = 0.41> <FuncUnit> <Opcode : 'select'> <InPorts = 3> <OutPorts = 1>
ST_2 : Operation 37 [1/1] (0.00ns) (grouped into LUT with out node icmp_ln55)   --->   "%select_ln53_cast = zext i31 %select_ln53" [../CP_removal.cpp:53]   --->   Operation 37 'zext' 'select_ln53_cast' <Predicate = (!icmp_ln53)> <Delay = 0.00>
ST_2 : Operation 38 [1/1] (0.00ns)   --->   "%specpipeline_ln0 = specpipeline void @_ssdm_op_SpecPipeline, i32 4294967295, i32 0, i32 1, i32 0, void @p_str"   --->   Operation 38 'specpipeline' 'specpipeline_ln0' <Predicate = (!icmp_ln53)> <Delay = 0.00>
ST_2 : Operation 39 [1/1] (0.00ns)   --->   "%specloopname_ln54 = specloopname void @_ssdm_op_SpecLoopName, void @empty_4" [../CP_removal.cpp:54]   --->   Operation 39 'specloopname' 'specloopname_ln54' <Predicate = (!icmp_ln53)> <Delay = 0.00>
ST_2 : Operation 40 [1/1] (0.99ns) (out node of the LUT)   --->   "%icmp_ln55 = icmp_slt  i32 %select_ln53_cast, i32 %CP_length_5_reload_read" [../CP_removal.cpp:55]   --->   Operation 40 'icmp' 'icmp_ln55' <Predicate = (!icmp_ln53)> <Delay = 0.99> <CoreInst = "Cmp">   --->   Core 9 'Cmp' <Latency = 0> <II = 1> <Delay = 0.99> <FuncUnit> <Opcode : 'icmp'> <InPorts = 2> <OutPorts = 1>
ST_2 : Operation 41 [1/1] (0.00ns)   --->   "%empty = read i84 @_ssdm_op_Read.axis.volatile.i64P0A.i8P0A.i8P0A.i1P0A.i1P0A.i1P0A.i1P0A, i64 %data_in_V_data_V, i8 %data_in_V_keep_V, i8 %data_in_V_strb_V, i1 %data_in_V_user_V, i1 %data_in_V_last_V, i1 %data_in_V_id_V, i1 %data_in_V_dest_V"   --->   Operation 41 'read' 'empty' <Predicate = (!icmp_ln53)> <Delay = 0.00> <CoreInst = "axis">   --->   Core 123 'axis' <Latency = 0> <II = 1> <Delay = 1.00> <Adapter> <Opcode : >
ST_2 : Operation 42 [1/1] (0.00ns)   --->   "%br_ln55 = br i1 %icmp_ln55, void, void" [../CP_removal.cpp:55]   --->   Operation 42 'br' 'br_ln55' <Predicate = (!icmp_ln53)> <Delay = 0.00>
ST_2 : Operation 43 [1/1] (1.00ns)   --->   "%add_ln54 = add i31 %t_2, i31 1" [../CP_removal.cpp:54]   --->   Operation 43 'add' 'add_ln54' <Predicate = (!icmp_ln53)> <Delay = 1.00> <CoreInst = "Adder">   --->   Core 1 'Adder' <Latency = 0> <II = 1> <Delay = 1.00> <FuncUnit> <Opcode : 'add' 'sub'> <InPorts = 2> <OutPorts = 1>
ST_2 : Operation 44 [1/1] (0.41ns)   --->   "%t_3 = select i1 %icmp_ln54, i31 %add_ln54, i31 1" [../CP_removal.cpp:54]   --->   Operation 44 'select' 't_3' <Predicate = (!icmp_ln53)> <Delay = 0.41> <CoreInst = "Sel">   --->   Core 73 'Sel' <Latency = 0> <II = 1> <Delay = 0.41> <FuncUnit> <Opcode : 'select'> <InPorts = 3> <OutPorts = 1>
ST_2 : Operation 45 [1/1] (0.42ns)   --->   "%store_ln53 = store i64 %add_ln53, i64 %indvar_flatten" [../CP_removal.cpp:53]   --->   Operation 45 'store' 'store_ln53' <Predicate = (!icmp_ln53)> <Delay = 0.42>
ST_2 : Operation 46 [1/1] (0.42ns)   --->   "%store_ln54 = store i31 %t_3, i31 %t" [../CP_removal.cpp:54]   --->   Operation 46 'store' 'store_ln54' <Predicate = (!icmp_ln53)> <Delay = 0.42>
ST_2 : Operation 47 [1/1] (0.00ns)   --->   "%br_ln0 = br void"   --->   Operation 47 'br' 'br_ln0' <Predicate = (!icmp_ln53)> <Delay = 0.00>
ST_2 : Operation 57 [1/1] (0.00ns)   --->   "%ret_ln0 = ret"   --->   Operation 57 'ret' 'ret_ln0' <Predicate = (icmp_ln53)> <Delay = 0.00>

State 3 <SV = 2> <Delay = 0.00>
ST_3 : Operation 48 [1/1] (0.00ns)   --->   "%tmp = extractvalue i84 %empty"   --->   Operation 48 'extractvalue' 'tmp' <Predicate = (!icmp_ln55)> <Delay = 0.00>
ST_3 : Operation 49 [1/1] (0.00ns)   --->   "%tmp_1 = extractvalue i84 %empty"   --->   Operation 49 'extractvalue' 'tmp_1' <Predicate = (!icmp_ln55)> <Delay = 0.00>
ST_3 : Operation 50 [1/1] (0.00ns)   --->   "%tmp_2 = extractvalue i84 %empty"   --->   Operation 50 'extractvalue' 'tmp_2' <Predicate = (!icmp_ln55)> <Delay = 0.00>
ST_3 : Operation 51 [1/1] (0.00ns)   --->   "%tmp_3 = extractvalue i84 %empty"   --->   Operation 51 'extractvalue' 'tmp_3' <Predicate = (!icmp_ln55)> <Delay = 0.00>
ST_3 : Operation 52 [1/1] (0.00ns)   --->   "%tmp_4 = extractvalue i84 %empty"   --->   Operation 52 'extractvalue' 'tmp_4' <Predicate = (!icmp_ln55)> <Delay = 0.00>
ST_3 : Operation 53 [1/1] (0.00ns)   --->   "%tmp_5 = extractvalue i84 %empty"   --->   Operation 53 'extractvalue' 'tmp_5' <Predicate = (!icmp_ln55)> <Delay = 0.00>
ST_3 : Operation 54 [1/1] (0.00ns)   --->   "%tmp_6 = extractvalue i84 %empty"   --->   Operation 54 'extractvalue' 'tmp_6' <Predicate = (!icmp_ln55)> <Delay = 0.00>
ST_3 : Operation 55 [1/1] (0.00ns)   --->   "%write_ln304 = write void @_ssdm_op_Write.axis.volatile.i64P0A.i8P0A.i8P0A.i1P0A.i1P0A.i1P0A.i1P0A, i64 %data_out_V_data_V, i8 %data_out_V_keep_V, i8 %data_out_V_strb_V, i1 %data_out_V_user_V, i1 %data_out_V_last_V, i1 %data_out_V_id_V, i1 %data_out_V_dest_V, i64 %tmp, i8 %tmp_1, i8 %tmp_2, i1 %tmp_3, i1 %tmp_4, i1 %tmp_5, i1 %tmp_6"   --->   Operation 55 'write' 'write_ln304' <Predicate = (!icmp_ln55)> <Delay = 0.00> <CoreInst = "axis">   --->   Core 123 'axis' <Latency = 0> <II = 1> <Delay = 1.00> <Adapter> <Opcode : >
ST_3 : Operation 56 [1/1] (0.00ns)   --->   "%br_ln0 = br void"   --->   Operation 56 'br' 'br_ln0' <Predicate = (!icmp_ln55)> <Delay = 0.00>


============================================================
+ Verbose Summary: Timing violations
============================================================
Target clock period: 20ns, clock uncertainty: 5.4ns.

 <State 1>: 0.427ns
The critical path consists of the following:
	'alloca' operation ('indvar_flatten') [19]  (0 ns)
	'store' operation ('store_ln0') of constant 0 on local variable 'indvar_flatten' [37]  (0.427 ns)

 <State 2>: 1.98ns
The critical path consists of the following:
	'load' operation ('t', ../CP_removal.cpp:54) on local variable 't' [41]  (0 ns)
	'icmp' operation ('icmp_ln54', ../CP_removal.cpp:54) [45]  (0.991 ns)
	'select' operation ('select_ln53', ../CP_removal.cpp:53) [51]  (0 ns)
	'icmp' operation ('icmp_ln55', ../CP_removal.cpp:55) [55]  (0.991 ns)

 <State 3>: 0ns
The critical path consists of the following:


============================================================
+ Verbose Summary: Binding
============================================================
N/A
* FSMD analyzer results:
  - Output states:
 - Input state : 
  - Chain level:
	State 1
	State 2
	State 3


============================================================
+ Verbose Summary: Datapath Resource usage 
============================================================
N/A
