

================================================================
== Vitis HLS Report for 'fftStageKernelS2S_64_2_1_1_0_5_complex_ap_fixed_25_10_5_3_0_complex_ap_fixed_16_3_5_3_0_complex_ap_fixed_16_3_5_3_0_complex_ap_fixed_24_9_5_3_0_complex_ap_fixed_25_10_5_3_0_s'
================================================================
* Date:           Mon Nov 28 16:40:13 2022

* Version:        2021.1 (Build 3247384 on Thu Jun 10 19:36:07 MDT 2021)
* Project:        project
* Solution:       solution1 (Vivado IP Flow Target)
* Product family: zynquplus
* Target device:  xck26-sfvc784-2LV-c


================================================================
== Performance Estimates
================================================================
+ Timing: 
    * Summary: 
    +--------+----------+----------+------------+
    |  Clock |  Target  | Estimated| Uncertainty|
    +--------+----------+----------+------------+
    |ap_clk  |  20.00 ns|  3.478 ns|     5.40 ns|
    +--------+----------+----------+------------+

+ Latency: 
    * Summary: 
    +---------+---------+----------+----------+-----+-----+---------+
    |  Latency (cycles) |  Latency (absolute) |  Interval | Pipeline|
    |   min   |   max   |    min   |    max   | min | max |   Type  |
    +---------+---------+----------+----------+-----+-----+---------+
    |        ?|        ?|         ?|         ?|    ?|    ?|       no|
    +---------+---------+----------+----------+-----+-----+---------+

    + Detail: 
        * Instance: 
        N/A

        * Loop: 
        +-----------------+---------+---------+----------+-----------+-----------+------+----------+
        |                 |  Latency (cycles) | Iteration|  Initiation Interval  | Trip |          |
        |    Loop Name    |   min   |   max   |  Latency |  achieved |   target  | Count| Pipelined|
        +-----------------+---------+---------+----------+-----------+-----------+------+----------+
        |- L_FFTs_LOOP    |        ?|        ?|         ?|          -|          -|     2|        no|
        | + L_BFLYs_LOOP  |        ?|        ?|         5|          1|          1|     ?|       yes|
        +-----------------+---------+---------+----------+-----------+-----------+------+----------+



================================================================
== Utilization Estimates
================================================================
* Summary: 
+-----------------+---------+------+--------+--------+-----+
|       Name      | BRAM_18K|  DSP |   FF   |   LUT  | URAM|
+-----------------+---------+------+--------+--------+-----+
|DSP              |        -|     4|       -|       -|    -|
|Expression       |        -|     -|       0|     574|    -|
|FIFO             |        -|     -|       -|       -|    -|
|Instance         |        -|     -|       -|       -|    -|
|Memory           |        0|     -|      28|       4|    -|
|Multiplexer      |        -|     -|       -|     103|    -|
|Register         |        -|     -|     420|      96|    -|
+-----------------+---------+------+--------+--------+-----+
|Total            |        0|     4|     448|     777|    0|
+-----------------+---------+------+--------+--------+-----+
|Available        |      288|  1248|  234240|  117120|   64|
+-----------------+---------+------+--------+--------+-----+
|Utilization (%)  |        0|    ~0|      ~0|      ~0|    0|
+-----------------+---------+------+--------+--------+-----+

+ Detail: 
    * Instance: 
    N/A

    * DSP: 
    +----------------------------+------------------------+-----------+
    |          Instance          |         Module         | Expression|
    +----------------------------+------------------------+-----------+
    |mul_mul_24s_15s_38_4_1_U70  |mul_mul_24s_15s_38_4_1  |    i0 * i1|
    |mul_mul_24s_15s_38_4_1_U71  |mul_mul_24s_15s_38_4_1  |    i0 * i1|
    |mul_mul_24s_15s_38_4_1_U72  |mul_mul_24s_15s_38_4_1  |    i0 * i1|
    |mul_mul_24s_15s_38_4_1_U73  |mul_mul_24s_15s_38_4_1  |    i0 * i1|
    +----------------------------+------------------------+-----------+

    * Memory: 
    +--------------------------------------+----------------------------------------------------------------------------------+---------+----+----+-----+------+-----+------+-------------+
    |                Memory                |                                      Module                                      | BRAM_18K| FF | LUT| URAM| Words| Bits| Banks| W*Bits*Banks|
    +--------------------------------------+----------------------------------------------------------------------------------+---------+----+----+-----+------+-----+------+-------------+
    |twiddleObj_twiddleTable_M_imag_V_1_U  |fftStageKernelS2S_64_2_1_1_0_6_complex_ap_fixed_24_9_5_3_0_complex_ap_fixed_1bkb  |        0|  28|   4|    0|    16|   14|     1|          224|
    +--------------------------------------+----------------------------------------------------------------------------------+---------+----+----+-----+------+-----+------+-------------+
    |Total                                 |                                                                                  |        0|  28|   4|    0|    16|   14|     1|          224|
    +--------------------------------------+----------------------------------------------------------------------------------+---------+----+----+-----+------+-----+------+-------------+

    * FIFO: 
    N/A

    * Expression: 
    +--------------------------------------------+----------+----+---+----+------------+------------+
    |                Variable Name               | Operation| DSP| FF| LUT| Bitwidth P0| Bitwidth P1|
    +--------------------------------------------+----------+----+---+----+------------+------------+
    |bflyOutData_M_imag_V_0_fu_400_p2            |         +|   0|  0|  31|          24|          24|
    |complexExpMulOut_M_real_V_0_fu_396_p2       |         +|   0|  0|  31|          24|          24|
    |imag_out_V_fu_587_p2                        |         +|   0|  0|  32|          25|          25|
    |index_cos_V_fu_258_p2                       |         +|   0|  0|  13|           6|           6|
    |k_4_fu_205_p2                               |         +|   0|  0|  39|          32|           2|
    |k_fu_374_p2                                 |         +|   0|  0|  39|          32|           1|
    |r_V_10_fu_455_p2                            |         +|   0|  0|  31|          24|          24|
    |r_V_9_fu_450_p2                             |         +|   0|  0|  31|          24|          24|
    |lut_index_imag_V_3_fu_304_p2                |         -|   0|  0|  12|           1|           4|
    |lut_index_real_V_3_fu_355_p2                |         -|   0|  0|  12|           1|           4|
    |p_Val2_10_fu_509_p2                         |         -|   0|  0|  21|           1|          14|
    |p_Val2_8_fu_476_p2                          |         -|   0|  0|  21|           1|          14|
    |r_V_8_fu_434_p2                             |         -|   0|  0|  44|           1|          37|
    |r_V_fu_411_p2                               |         -|   0|  0|  44|           1|          37|
    |real_out_V_fu_563_p2                        |         -|   0|  0|  32|          25|          25|
    |ap_block_state3_pp0_stage0_iter0            |       and|   0|  0|   2|           1|           1|
    |ap_block_state7_pp0_stage0_iter4            |       and|   0|  0|   2|           1|           1|
    |tmp_nbreadreq_fu_120_p3                     |       and|   0|  0|   2|           1|           0|
    |icmp_ln1049_4_fu_286_p2                     |      icmp|   0|  0|   9|           5|           5|
    |icmp_ln1049_5_fu_339_p2                     |      icmp|   0|  0|  10|           6|           5|
    |icmp_ln1049_6_fu_345_p2                     |      icmp|   0|  0|   9|           5|           1|
    |icmp_ln1049_fu_280_p2                       |      icmp|   0|  0|   9|           5|           4|
    |icmp_ln151_fu_390_p2                        |      icmp|   0|  0|  18|          28|           1|
    |ap_block_pp0_stage0_01001                   |        or|   0|  0|   2|           1|           1|
    |ap_block_state1                             |        or|   0|  0|   2|           1|           1|
    |output_saturation_control_imag_fu_460_p2    |        or|   0|  0|   2|           1|           1|
    |output_saturation_control_real_V_fu_493_p2  |        or|   0|  0|   2|           1|           1|
    |lut_index_imag_V_4_fu_310_p3                |    select|   0|  0|   4|           1|           4|
    |lut_index_real_V_4_fu_361_p3                |    select|   0|  0|   4|           1|           4|
    |p_Val2_s_fu_519_p3                          |    select|   0|  0|  15|           1|          15|
    |temp_out_cos_V_fu_497_p3                    |    select|   0|  0|  15|           1|          15|
    |temp_out_sin_V_4_fu_486_p3                  |    select|   0|  0|  15|           1|          15|
    |temp_out_sin_V_fu_464_p3                    |    select|   0|  0|  15|           1|          15|
    |ap_enable_pp0                               |       xor|   0|  0|   2|           1|           2|
    |f_fu_199_p2                                 |       xor|   0|  0|   2|           1|           2|
    +--------------------------------------------+----------+----+---+----+------------+------------+
    |Total                                       |          |   0|  0| 574|         286|         359|
    +--------------------------------------------+----------+----+---+----+------------+------------+

    * Multiplexer: 
    +------------------------------+----+-----------+-----+-----------+
    |             Name             | LUT| Input Size| Bits| Total Bits|
    +------------------------------+----+-----------+-----+-----------+
    |ap_NS_fsm                     |  26|          5|    1|          5|
    |ap_done                       |   9|          2|    1|          2|
    |ap_enable_reg_pp0_iter4       |   9|          2|    1|          2|
    |ap_phi_mux_k9_phi_fu_182_p4   |   9|          2|   32|         64|
    |ap_phi_mux_k_1_phi_fu_192_p4  |  14|          3|   32|         96|
    |f10_reg_166                   |   9|          2|    1|          2|
    |fftOutData_local2_blk_n       |   9|          2|    1|          2|
    |fftOutData_local_blk_n        |   9|          2|    1|          2|
    |k9_reg_178                    |   9|          2|   32|         64|
    +------------------------------+----+-----------+-----+-----------+
    |Total                         | 103|         22|  102|        239|
    +------------------------------+----+-----------+-----+-----------+

    * Register: 
    +--------------------------------------+----+----+-----+-----------+
    |                 Name                 | FF | LUT| Bits| Const Bits|
    +--------------------------------------+----+----+-----+-----------+
    |X_of_ns_M_imag_V_0_reg_664            |  24|   0|   24|          0|
    |X_of_ns_M_imag_V_1_reg_676            |  24|   0|   24|          0|
    |X_of_ns_M_real_V_0_reg_658            |  24|   0|   24|          0|
    |X_of_ns_M_real_V_1_reg_670            |  24|   0|   24|          0|
    |ap_CS_fsm                             |   4|   0|    4|          0|
    |ap_done_reg                           |   1|   0|    1|          0|
    |ap_enable_reg_pp0_iter0               |   1|   0|    1|          0|
    |ap_enable_reg_pp0_iter1               |   1|   0|    1|          0|
    |ap_enable_reg_pp0_iter2               |   1|   0|    1|          0|
    |ap_enable_reg_pp0_iter3               |   1|   0|    1|          0|
    |ap_enable_reg_pp0_iter4               |   1|   0|    1|          0|
    |bflyOutData_M_imag_V_0_reg_736        |  24|   0|   24|          0|
    |complexExpMulOut_M_real_V_0_reg_731   |  24|   0|   24|          0|
    |f10_reg_166                           |   1|   0|    1|          0|
    |f_reg_649                             |   1|   0|    1|          0|
    |icmp_ln1049_4_reg_692                 |   1|   0|    1|          0|
    |icmp_ln1049_5_reg_707                 |   1|   0|    1|          0|
    |icmp_ln1049_6_reg_712                 |   1|   0|    1|          0|
    |icmp_ln1049_reg_687                   |   1|   0|    1|          0|
    |icmp_ln151_reg_727                    |   1|   0|    1|          0|
    |k9_reg_178                            |  32|   0|   32|          0|
    |k_reg_722                             |  32|   0|   32|          0|
    |output_negate_control_imag_reg_682    |   1|   0|    1|          0|
    |output_negate_control_real_V_reg_702  |   1|   0|    1|          0|
    |tmp_reg_654                           |   1|   0|    1|          0|
    |bflyOutData_M_imag_V_0_reg_736        |  64|  32|   24|          0|
    |complexExpMulOut_M_real_V_0_reg_731   |  64|  32|   24|          0|
    |tmp_reg_654                           |  64|  32|    1|          0|
    +--------------------------------------+----+----+-----+-----------+
    |Total                                 | 420|  96|  277|          0|
    +--------------------------------------+----+----+-----+-----------+



================================================================
== Interface
================================================================
* Summary: 
+---------------------------+-----+-----+------------+-----------------------------------------------------------------------------------------------------------------------------------------------------------------------------------------------------------------------------+--------------+
|         RTL Ports         | Dir | Bits|  Protocol  |                                                                                                        Source Object                                                                                                        |    C Type    |
+---------------------------+-----+-----+------------+-----------------------------------------------------------------------------------------------------------------------------------------------------------------------------------------------------------------------------+--------------+
|ap_clk                     |   in|    1|  ap_ctrl_hs|  fftStageKernelS2S<64, 2, 1, 1, 0, 5, complex<ap_fixed<25, 10, 5, 3, 0> >, complex<ap_fixed<16, 3, 5, 3, 0> >, complex<ap_fixed<16, 3, 5, 3, 0> >, complex<ap_fixed<24, 9, 5, 3, 0> >, complex<ap_fixed<25, 10, 5, 3, 0> > >|  return value|
|ap_rst                     |   in|    1|  ap_ctrl_hs|  fftStageKernelS2S<64, 2, 1, 1, 0, 5, complex<ap_fixed<25, 10, 5, 3, 0> >, complex<ap_fixed<16, 3, 5, 3, 0> >, complex<ap_fixed<16, 3, 5, 3, 0> >, complex<ap_fixed<24, 9, 5, 3, 0> >, complex<ap_fixed<25, 10, 5, 3, 0> > >|  return value|
|ap_start                   |   in|    1|  ap_ctrl_hs|  fftStageKernelS2S<64, 2, 1, 1, 0, 5, complex<ap_fixed<25, 10, 5, 3, 0> >, complex<ap_fixed<16, 3, 5, 3, 0> >, complex<ap_fixed<16, 3, 5, 3, 0> >, complex<ap_fixed<24, 9, 5, 3, 0> >, complex<ap_fixed<25, 10, 5, 3, 0> > >|  return value|
|ap_done                    |  out|    1|  ap_ctrl_hs|  fftStageKernelS2S<64, 2, 1, 1, 0, 5, complex<ap_fixed<25, 10, 5, 3, 0> >, complex<ap_fixed<16, 3, 5, 3, 0> >, complex<ap_fixed<16, 3, 5, 3, 0> >, complex<ap_fixed<24, 9, 5, 3, 0> >, complex<ap_fixed<25, 10, 5, 3, 0> > >|  return value|
|ap_continue                |   in|    1|  ap_ctrl_hs|  fftStageKernelS2S<64, 2, 1, 1, 0, 5, complex<ap_fixed<25, 10, 5, 3, 0> >, complex<ap_fixed<16, 3, 5, 3, 0> >, complex<ap_fixed<16, 3, 5, 3, 0> >, complex<ap_fixed<24, 9, 5, 3, 0> >, complex<ap_fixed<25, 10, 5, 3, 0> > >|  return value|
|ap_idle                    |  out|    1|  ap_ctrl_hs|  fftStageKernelS2S<64, 2, 1, 1, 0, 5, complex<ap_fixed<25, 10, 5, 3, 0> >, complex<ap_fixed<16, 3, 5, 3, 0> >, complex<ap_fixed<16, 3, 5, 3, 0> >, complex<ap_fixed<24, 9, 5, 3, 0> >, complex<ap_fixed<25, 10, 5, 3, 0> > >|  return value|
|ap_ready                   |  out|    1|  ap_ctrl_hs|  fftStageKernelS2S<64, 2, 1, 1, 0, 5, complex<ap_fixed<25, 10, 5, 3, 0> >, complex<ap_fixed<16, 3, 5, 3, 0> >, complex<ap_fixed<16, 3, 5, 3, 0> >, complex<ap_fixed<24, 9, 5, 3, 0> >, complex<ap_fixed<25, 10, 5, 3, 0> > >|  return value|
|fftOutData_local2_dout     |   in|  128|     ap_fifo|                                                                                                                                                                                                            fftOutData_local2|       pointer|
|fftOutData_local2_empty_n  |   in|    1|     ap_fifo|                                                                                                                                                                                                            fftOutData_local2|       pointer|
|fftOutData_local2_read     |  out|    1|     ap_fifo|                                                                                                                                                                                                            fftOutData_local2|       pointer|
|fftOutData_local_din       |  out|  128|     ap_fifo|                                                                                                                                                                                                             fftOutData_local|       pointer|
|fftOutData_local_full_n    |   in|    1|     ap_fifo|                                                                                                                                                                                                             fftOutData_local|       pointer|
|fftOutData_local_write     |  out|    1|     ap_fifo|                                                                                                                                                                                                             fftOutData_local|       pointer|
+---------------------------+-----+-----+------------+-----------------------------------------------------------------------------------------------------------------------------------------------------------------------------------------------------------------------------+--------------+

