

================================================================
== Vitis HLS Report for 'fftStageKernelS2S_64_2_1_1_0_6_complex_ap_fixed_24_9_5_3_0_complex_ap_fixed_16_3_5_3_0_complex_ap_fixed_16_3_5_3_0_complex_ap_fixed_22_7_5_3_0_complex_ap_fixed_24_9_5_3_0_s'
================================================================
* Date:           Mon Nov 28 16:40:12 2022

* Version:        2021.1 (Build 3247384 on Thu Jun 10 19:36:07 MDT 2021)
* Project:        project
* Solution:       solution1 (Vivado IP Flow Target)
* Product family: zynquplus
* Target device:  xck26-sfvc784-2LV-c


================================================================
== Performance Estimates
================================================================
+ Timing: 
    * Summary: 
    +--------+----------+----------+------------+
    |  Clock |  Target  | Estimated| Uncertainty|
    +--------+----------+----------+------------+
    |ap_clk  |  20.00 ns|  3.485 ns|     5.40 ns|
    +--------+----------+----------+------------+

+ Latency: 
    * Summary: 
    +---------+---------+----------+----------+-----+-----+------------------------------------------+
    |  Latency (cycles) |  Latency (absolute) |  Interval |                 Pipeline                 |
    |   min   |   max   |    min   |    max   | min | max |                   Type                   |
    +---------+---------+----------+----------+-----+-----+------------------------------------------+
    |        ?|        ?|         ?|         ?|    0|    0|  loop rewind stp(delay=0 clock cycles(s))|
    +---------+---------+----------+----------+-----+-----+------------------------------------------+

    + Detail: 
        * Instance: 
        N/A

        * Loop: 
        +----------------+---------+---------+----------+-----------+-----------+------+----------+
        |                |  Latency (cycles) | Iteration|  Initiation Interval  | Trip |          |
        |    Loop Name   |   min   |   max   |  Latency |  achieved |   target  | Count| Pipelined|
        +----------------+---------+---------+----------+-----------+-----------+------+----------+
        |- L_BFLYs_LOOP  |        ?|        ?|         5|          1|          1|     ?|       yes|
        +----------------+---------+---------+----------+-----------+-----------+------+----------+



================================================================
== Utilization Estimates
================================================================
* Summary: 
+-----------------+---------+------+--------+--------+-----+
|       Name      | BRAM_18K|  DSP |   FF   |   LUT  | URAM|
+-----------------+---------+------+--------+--------+-----+
|DSP              |        -|     4|       -|       -|    -|
|Expression       |        -|     -|       0|     566|    -|
|FIFO             |        -|     -|       -|       -|    -|
|Instance         |        -|     -|       -|       -|    -|
|Memory           |        0|     -|      28|       4|    -|
|Multiplexer      |        -|     -|       -|      96|    -|
|Register         |        -|     -|     469|     128|    -|
+-----------------+---------+------+--------+--------+-----+
|Total            |        0|     4|     497|     794|    0|
+-----------------+---------+------+--------+--------+-----+
|Available        |      288|  1248|  234240|  117120|   64|
+-----------------+---------+------+--------+--------+-----+
|Utilization (%)  |        0|    ~0|      ~0|      ~0|    0|
+-----------------+---------+------+--------+--------+-----+

+ Detail: 
    * Instance: 
    N/A

    * DSP: 
    +----------------------------+------------------------+-----------+
    |          Instance          |         Module         | Expression|
    +----------------------------+------------------------+-----------+
    |mul_mul_23s_15s_37_4_1_U59  |mul_mul_23s_15s_37_4_1  |    i0 * i1|
    |mul_mul_23s_15s_37_4_1_U60  |mul_mul_23s_15s_37_4_1  |    i0 * i1|
    |mul_mul_23s_15s_37_4_1_U61  |mul_mul_23s_15s_37_4_1  |    i0 * i1|
    |mul_mul_23s_15s_37_4_1_U62  |mul_mul_23s_15s_37_4_1  |    i0 * i1|
    +----------------------------+------------------------+-----------+

    * Memory: 
    +------------------------------------+----------------------------------------------------------------------------------+---------+----+----+-----+------+-----+------+-------------+
    |               Memory               |                                      Module                                      | BRAM_18K| FF | LUT| URAM| Words| Bits| Banks| W*Bits*Banks|
    +------------------------------------+----------------------------------------------------------------------------------+---------+----+----+-----+------+-----+------+-------------+
    |twiddleObj_twiddleTable_M_imag_V_U  |fftStageKernelS2S_64_2_1_1_0_6_complex_ap_fixed_24_9_5_3_0_complex_ap_fixed_1bkb  |        0|  28|   4|    0|    16|   14|     1|          224|
    +------------------------------------+----------------------------------------------------------------------------------+---------+----+----+-----+------+-----+------+-------------+
    |Total                               |                                                                                  |        0|  28|   4|    0|    16|   14|     1|          224|
    +------------------------------------+----------------------------------------------------------------------------------+---------+----+----+-----+------+-----+------+-------------+

    * FIFO: 
    N/A

    * Expression: 
    +--------------------------------------------+----------+----+---+----+------------+------------+
    |                Variable Name               | Operation| DSP| FF| LUT| Bitwidth P0| Bitwidth P1|
    +--------------------------------------------+----------+----+---+----+------------+------------+
    |bflyOutData_M_imag_V_0_fu_382_p2            |         +|   0|  0|  30|          23|          23|
    |complexExpMulOut_M_real_V_0_fu_370_p2       |         +|   0|  0|  30|          23|          23|
    |imag_out_V_fu_581_p2                        |         +|   0|  0|  31|          24|          24|
    |index_cos_V_fu_234_p2                       |         +|   0|  0|  13|           6|           6|
    |k_3_fu_189_p2                               |         +|   0|  0|  39|          32|           2|
    |k_fu_342_p2                                 |         +|   0|  0|  39|          32|           1|
    |r_V_4_fu_438_p2                             |         +|   0|  0|  30|          23|          23|
    |r_V_5_fu_448_p2                             |         +|   0|  0|  30|          23|          23|
    |lut_index_imag_V_1_fu_272_p2                |         -|   0|  0|  12|           1|           4|
    |lut_index_real_V_1_fu_323_p2                |         -|   0|  0|  12|           1|           4|
    |p_Val2_4_fu_470_p2                          |         -|   0|  0|  21|           1|          14|
    |p_Val2_6_fu_503_p2                          |         -|   0|  0|  21|           1|          14|
    |r_V_3_fu_418_p2                             |         -|   0|  0|  42|           1|          35|
    |r_V_fu_395_p2                               |         -|   0|  0|  42|           1|          35|
    |real_out_V_fu_557_p2                        |         -|   0|  0|  31|          24|          24|
    |ap_block_state2_pp0_stage0_iter0            |       and|   0|  0|   2|           1|           1|
    |ap_block_state6_pp0_stage0_iter4            |       and|   0|  0|   2|           1|           1|
    |ap_condition_178                            |       and|   0|  0|   2|           1|           1|
    |tmp_nbreadreq_fu_104_p3                     |       and|   0|  0|   2|           1|           0|
    |icmp_ln1049_1_fu_262_p2                     |      icmp|   0|  0|  10|           6|           6|
    |icmp_ln1049_2_fu_307_p2                     |      icmp|   0|  0|  10|           6|           5|
    |icmp_ln1049_3_fu_313_p2                     |      icmp|   0|  0|  10|           6|           1|
    |icmp_ln1049_fu_256_p2                       |      icmp|   0|  0|  10|           6|           5|
    |icmp_ln151_fu_358_p2                        |      icmp|   0|  0|  17|          27|           1|
    |ap_block_pp0_stage0_01001                   |        or|   0|  0|   2|           1|           1|
    |ap_block_state1                             |        or|   0|  0|   2|           1|           1|
    |output_saturation_control_imag_fu_454_p2    |        or|   0|  0|   2|           1|           1|
    |output_saturation_control_real_V_fu_487_p2  |        or|   0|  0|   2|           1|           1|
    |lut_index_imag_V_2_fu_278_p3                |    select|   0|  0|   4|           1|           4|
    |lut_index_real_V_2_fu_329_p3                |    select|   0|  0|   4|           1|           4|
    |p_Val2_s_fu_513_p3                          |    select|   0|  0|  15|           1|          15|
    |temp_out_cos_V_fu_491_p3                    |    select|   0|  0|  15|           1|          15|
    |temp_out_sin_V_2_fu_480_p3                  |    select|   0|  0|  15|           1|          15|
    |temp_out_sin_V_fu_458_p3                    |    select|   0|  0|  15|           1|          15|
    |ap_enable_pp0                               |       xor|   0|  0|   2|           1|           2|
    +--------------------------------------------+----------+----+---+----+------------+------------+
    |Total                                       |          |   0|  0| 566|         282|         350|
    +--------------------------------------------+----------+----+---+----+------------+------------+

    * Multiplexer: 
    +------------------------------+----+-----------+-----+-----------+
    |             Name             | LUT| Input Size| Bits| Total Bits|
    +------------------------------+----+-----------+-----+-----------+
    |ap_NS_fsm                     |  14|          3|    1|          3|
    |ap_done                       |   9|          2|    1|          2|
    |ap_enable_reg_pp0_iter1       |   9|          2|    1|          2|
    |ap_enable_reg_pp0_iter4       |   9|          2|    1|          2|
    |ap_phi_mux_k9_phi_fu_169_p6   |  14|          3|   32|         96|
    |ap_phi_mux_k_1_phi_fu_182_p4  |  14|          3|   32|         96|
    |fftOutData_local_blk_n        |   9|          2|    1|          2|
    |k9_reg_165                    |   9|          2|   32|         64|
    |p_fftInData_reOrdered_blk_n   |   9|          2|    1|          2|
    +------------------------------+----+-----------+-----+-----------+
    |Total                         |  96|         21|  102|        269|
    +------------------------------+----+-----------+-----+-----------+

    * Register: 
    +--------------------------------------+----+----+-----+-----------+
    |                 Name                 | FF | LUT| Bits| Const Bits|
    +--------------------------------------+----+----+-----+-----------+
    |X_of_ns_M_imag_V_0_reg_654            |  22|   0|   22|          0|
    |X_of_ns_M_imag_V_1_reg_665            |  22|   0|   22|          0|
    |X_of_ns_M_real_V_0_reg_649            |  22|   0|   22|          0|
    |X_of_ns_M_real_V_1_reg_659            |  22|   0|   22|          0|
    |ap_CS_fsm                             |   2|   0|    2|          0|
    |ap_done_reg                           |   1|   0|    1|          0|
    |ap_enable_reg_pp0_iter1               |   1|   0|    1|          0|
    |ap_enable_reg_pp0_iter2               |   1|   0|    1|          0|
    |ap_enable_reg_pp0_iter3               |   1|   0|    1|          0|
    |ap_enable_reg_pp0_iter4               |   1|   0|    1|          0|
    |bflyOutData_M_imag_V_0_reg_725        |  23|   0|   23|          0|
    |complexExpMulOut_M_real_V_0_reg_720   |  23|   0|   23|          0|
    |icmp_ln1049_1_reg_681                 |   1|   0|    1|          0|
    |icmp_ln1049_2_reg_696                 |   1|   0|    1|          0|
    |icmp_ln1049_3_reg_701                 |   1|   0|    1|          0|
    |icmp_ln1049_reg_676                   |   1|   0|    1|          0|
    |icmp_ln151_reg_716                    |   1|   0|    1|          0|
    |k9_reg_165                            |  32|   0|   32|          0|
    |k_reg_711                             |  32|   0|   32|          0|
    |output_negate_control_imag_reg_671    |   1|   0|    1|          0|
    |output_negate_control_real_V_reg_691  |   1|   0|    1|          0|
    |tmp_reg_645                           |   1|   0|    1|          0|
    |bflyOutData_M_imag_V_0_reg_725        |  64|  32|   23|          0|
    |complexExpMulOut_M_real_V_0_reg_720   |  64|  32|   23|          0|
    |icmp_ln151_reg_716                    |  64|  32|    1|          0|
    |tmp_reg_645                           |  64|  32|    1|          0|
    +--------------------------------------+----+----+-----+-----------+
    |Total                                 | 469| 128|  261|          0|
    +--------------------------------------+----+----+-----+-----------+



================================================================
== Interface
================================================================
* Summary: 
+-------------------------------+-----+-----+------------+---------------------------------------------------------------------------------------------------------------------------------------------------------------------------------------------------------------------------+--------------+
|           RTL Ports           | Dir | Bits|  Protocol  |                                                                                                       Source Object                                                                                                       |    C Type    |
+-------------------------------+-----+-----+------------+---------------------------------------------------------------------------------------------------------------------------------------------------------------------------------------------------------------------------+--------------+
|ap_clk                         |   in|    1|  ap_ctrl_hs|  fftStageKernelS2S<64, 2, 1, 1, 0, 6, complex<ap_fixed<24, 9, 5, 3, 0> >, complex<ap_fixed<16, 3, 5, 3, 0> >, complex<ap_fixed<16, 3, 5, 3, 0> >, complex<ap_fixed<22, 7, 5, 3, 0> >, complex<ap_fixed<24, 9, 5, 3, 0> > >|  return value|
|ap_rst                         |   in|    1|  ap_ctrl_hs|  fftStageKernelS2S<64, 2, 1, 1, 0, 6, complex<ap_fixed<24, 9, 5, 3, 0> >, complex<ap_fixed<16, 3, 5, 3, 0> >, complex<ap_fixed<16, 3, 5, 3, 0> >, complex<ap_fixed<22, 7, 5, 3, 0> >, complex<ap_fixed<24, 9, 5, 3, 0> > >|  return value|
|ap_start                       |   in|    1|  ap_ctrl_hs|  fftStageKernelS2S<64, 2, 1, 1, 0, 6, complex<ap_fixed<24, 9, 5, 3, 0> >, complex<ap_fixed<16, 3, 5, 3, 0> >, complex<ap_fixed<16, 3, 5, 3, 0> >, complex<ap_fixed<22, 7, 5, 3, 0> >, complex<ap_fixed<24, 9, 5, 3, 0> > >|  return value|
|ap_done                        |  out|    1|  ap_ctrl_hs|  fftStageKernelS2S<64, 2, 1, 1, 0, 6, complex<ap_fixed<24, 9, 5, 3, 0> >, complex<ap_fixed<16, 3, 5, 3, 0> >, complex<ap_fixed<16, 3, 5, 3, 0> >, complex<ap_fixed<22, 7, 5, 3, 0> >, complex<ap_fixed<24, 9, 5, 3, 0> > >|  return value|
|ap_continue                    |   in|    1|  ap_ctrl_hs|  fftStageKernelS2S<64, 2, 1, 1, 0, 6, complex<ap_fixed<24, 9, 5, 3, 0> >, complex<ap_fixed<16, 3, 5, 3, 0> >, complex<ap_fixed<16, 3, 5, 3, 0> >, complex<ap_fixed<22, 7, 5, 3, 0> >, complex<ap_fixed<24, 9, 5, 3, 0> > >|  return value|
|ap_idle                        |  out|    1|  ap_ctrl_hs|  fftStageKernelS2S<64, 2, 1, 1, 0, 6, complex<ap_fixed<24, 9, 5, 3, 0> >, complex<ap_fixed<16, 3, 5, 3, 0> >, complex<ap_fixed<16, 3, 5, 3, 0> >, complex<ap_fixed<22, 7, 5, 3, 0> >, complex<ap_fixed<24, 9, 5, 3, 0> > >|  return value|
|ap_ready                       |  out|    1|  ap_ctrl_hs|  fftStageKernelS2S<64, 2, 1, 1, 0, 6, complex<ap_fixed<24, 9, 5, 3, 0> >, complex<ap_fixed<16, 3, 5, 3, 0> >, complex<ap_fixed<16, 3, 5, 3, 0> >, complex<ap_fixed<22, 7, 5, 3, 0> >, complex<ap_fixed<24, 9, 5, 3, 0> > >|  return value|
|p_fftInData_reOrdered_dout     |   in|  128|     ap_fifo|                                                                                                                                                                                                      p_fftInData_reOrdered|       pointer|
|p_fftInData_reOrdered_empty_n  |   in|    1|     ap_fifo|                                                                                                                                                                                                      p_fftInData_reOrdered|       pointer|
|p_fftInData_reOrdered_read     |  out|    1|     ap_fifo|                                                                                                                                                                                                      p_fftInData_reOrdered|       pointer|
|fftOutData_local_din           |  out|  128|     ap_fifo|                                                                                                                                                                                                           fftOutData_local|       pointer|
|fftOutData_local_full_n        |   in|    1|     ap_fifo|                                                                                                                                                                                                           fftOutData_local|       pointer|
|fftOutData_local_write         |  out|    1|     ap_fifo|                                                                                                                                                                                                           fftOutData_local|       pointer|
+-------------------------------+-----+-----+------------+---------------------------------------------------------------------------------------------------------------------------------------------------------------------------------------------------------------------------+--------------+

