

================================================================
== Vitis HLS Report for 'fftStageKernelS2S_64_2_1_1_0_4_complex_ap_fixed_26_11_5_3_0_complex_ap_fixed_16_3_5_3_0_complex_ap_fixed_16_3_5_3_0_complex_ap_fixed_25_10_5_3_0_complex_ap_fixed_26_11_5_3_0_s'
================================================================
* Date:           Mon Nov 28 16:40:14 2022

* Version:        2021.1 (Build 3247384 on Thu Jun 10 19:36:07 MDT 2021)
* Project:        project
* Solution:       solution1 (Vivado IP Flow Target)
* Product family: zynquplus
* Target device:  xck26-sfvc784-2LV-c


================================================================
== Performance Estimates
================================================================
+ Timing: 
    * Summary: 
    +--------+----------+----------+------------+
    |  Clock |  Target  | Estimated| Uncertainty|
    +--------+----------+----------+------------+
    |ap_clk  |  20.00 ns|  3.471 ns|     5.40 ns|
    +--------+----------+----------+------------+

+ Latency: 
    * Summary: 
    +---------+---------+----------+----------+-----+-----+---------+
    |  Latency (cycles) |  Latency (absolute) |  Interval | Pipeline|
    |   min   |   max   |    min   |    max   | min | max |   Type  |
    +---------+---------+----------+----------+-----+-----+---------+
    |        ?|        ?|         ?|         ?|    ?|    ?|       no|
    +---------+---------+----------+----------+-----+-----+---------+

    + Detail: 
        * Instance: 
        N/A

        * Loop: 
        +-----------------+---------+---------+----------+-----------+-----------+------+----------+
        |                 |  Latency (cycles) | Iteration|  Initiation Interval  | Trip |          |
        |    Loop Name    |   min   |   max   |  Latency |  achieved |   target  | Count| Pipelined|
        +-----------------+---------+---------+----------+-----------+-----------+------+----------+
        |- L_FFTs_LOOP    |        ?|        ?|         ?|          -|          -|     4|        no|
        | + L_BFLYs_LOOP  |        ?|        ?|         5|          1|          1|     ?|       yes|
        +-----------------+---------+---------+----------+-----------+-----------+------+----------+



================================================================
== Utilization Estimates
================================================================
* Summary: 
+-----------------+---------+------+--------+--------+-----+
|       Name      | BRAM_18K|  DSP |   FF   |   LUT  | URAM|
+-----------------+---------+------+--------+--------+-----+
|DSP              |        -|     4|       -|       -|    -|
|Expression       |        -|     -|       0|     597|    -|
|FIFO             |        -|     -|       -|       -|    -|
|Instance         |        -|     -|       -|       -|    -|
|Memory           |        0|     -|      28|       4|    -|
|Multiplexer      |        -|     -|       -|     103|    -|
|Register         |        -|     -|     428|      96|    -|
+-----------------+---------+------+--------+--------+-----+
|Total            |        0|     4|     456|     800|    0|
+-----------------+---------+------+--------+--------+-----+
|Available        |      288|  1248|  234240|  117120|   64|
+-----------------+---------+------+--------+--------+-----+
|Utilization (%)  |        0|    ~0|      ~0|      ~0|    0|
+-----------------+---------+------+--------+--------+-----+

+ Detail: 
    * Instance: 
    N/A

    * DSP: 
    +----------------------------+------------------------+-----------+
    |          Instance          |         Module         | Expression|
    +----------------------------+------------------------+-----------+
    |mul_mul_25s_15s_39_4_1_U80  |mul_mul_25s_15s_39_4_1  |    i0 * i1|
    |mul_mul_25s_15s_39_4_1_U81  |mul_mul_25s_15s_39_4_1  |    i0 * i1|
    |mul_mul_25s_15s_39_4_1_U82  |mul_mul_25s_15s_39_4_1  |    i0 * i1|
    |mul_mul_25s_15s_39_4_1_U83  |mul_mul_25s_15s_39_4_1  |    i0 * i1|
    +----------------------------+------------------------+-----------+

    * Memory: 
    +--------------------------------------+----------------------------------------------------------------------------------+---------+----+----+-----+------+-----+------+-------------+
    |                Memory                |                                      Module                                      | BRAM_18K| FF | LUT| URAM| Words| Bits| Banks| W*Bits*Banks|
    +--------------------------------------+----------------------------------------------------------------------------------+---------+----+----+-----+------+-----+------+-------------+
    |twiddleObj_twiddleTable_M_imag_V_2_U  |fftStageKernelS2S_64_2_1_1_0_6_complex_ap_fixed_24_9_5_3_0_complex_ap_fixed_1bkb  |        0|  28|   4|    0|    16|   14|     1|          224|
    +--------------------------------------+----------------------------------------------------------------------------------+---------+----+----+-----+------+-----+------+-------------+
    |Total                                 |                                                                                  |        0|  28|   4|    0|    16|   14|     1|          224|
    +--------------------------------------+----------------------------------------------------------------------------------+---------+----+----+-----+------+-----+------+-------------+

    * FIFO: 
    N/A

    * Expression: 
    +--------------------------------------------+----------+----+---+----+------------+------------+
    |                Variable Name               | Operation| DSP| FF| LUT| Bitwidth P0| Bitwidth P1|
    +--------------------------------------------+----------+----+---+----+------------+------------+
    |bflyOutData_M_imag_V_0_fu_402_p2            |         +|   0|  0|  32|          25|          25|
    |complexExpMulOut_M_real_V_0_fu_398_p2       |         +|   0|  0|  32|          25|          25|
    |f_fu_201_p2                                 |         +|   0|  0|   9|           2|           1|
    |imag_out_V_fu_589_p2                        |         +|   0|  0|  33|          26|          26|
    |index_cos_V_fu_260_p2                       |         +|   0|  0|  13|           6|           6|
    |k_5_fu_207_p2                               |         +|   0|  0|  39|          32|           2|
    |k_fu_376_p2                                 |         +|   0|  0|  39|          32|           1|
    |r_V_14_fu_452_p2                            |         +|   0|  0|  32|          25|          25|
    |r_V_15_fu_457_p2                            |         +|   0|  0|  32|          25|          25|
    |lut_index_imag_V_5_fu_306_p2                |         -|   0|  0|  12|           1|           4|
    |lut_index_real_V_5_fu_357_p2                |         -|   0|  0|  12|           1|           4|
    |p_Val2_12_fu_478_p2                         |         -|   0|  0|  21|           1|          14|
    |p_Val2_14_fu_511_p2                         |         -|   0|  0|  21|           1|          14|
    |r_V_13_fu_436_p2                            |         -|   0|  0|  45|           1|          38|
    |r_V_fu_413_p2                               |         -|   0|  0|  45|           1|          38|
    |real_out_V_fu_565_p2                        |         -|   0|  0|  33|          26|          26|
    |ap_block_state3_pp0_stage0_iter0            |       and|   0|  0|   2|           1|           1|
    |ap_block_state7_pp0_stage0_iter4            |       and|   0|  0|   2|           1|           1|
    |tmp_nbreadreq_fu_122_p3                     |       and|   0|  0|   2|           1|           0|
    |icmp_ln1049_7_fu_288_p2                     |      icmp|   0|  0|   9|           4|           4|
    |icmp_ln1049_8_fu_341_p2                     |      icmp|   0|  0|  10|           6|           5|
    |icmp_ln1049_9_fu_347_p2                     |      icmp|   0|  0|   9|           4|           1|
    |icmp_ln1049_fu_282_p2                       |      icmp|   0|  0|   9|           4|           3|
    |icmp_ln149_fu_623_p2                        |      icmp|   0|  0|   8|           2|           2|
    |icmp_ln151_fu_392_p2                        |      icmp|   0|  0|  18|          29|           1|
    |ap_block_pp0_stage0_01001                   |        or|   0|  0|   2|           1|           1|
    |ap_block_state1                             |        or|   0|  0|   2|           1|           1|
    |output_saturation_control_imag_fu_462_p2    |        or|   0|  0|   2|           1|           1|
    |output_saturation_control_real_V_fu_495_p2  |        or|   0|  0|   2|           1|           1|
    |lut_index_imag_V_6_fu_312_p3                |    select|   0|  0|   4|           1|           4|
    |lut_index_real_V_6_fu_363_p3                |    select|   0|  0|   4|           1|           4|
    |p_Val2_s_fu_521_p3                          |    select|   0|  0|  15|           1|          15|
    |temp_out_cos_V_fu_499_p3                    |    select|   0|  0|  15|           1|          15|
    |temp_out_sin_V_6_fu_488_p3                  |    select|   0|  0|  15|           1|          15|
    |temp_out_sin_V_fu_466_p3                    |    select|   0|  0|  15|           1|          15|
    |ap_enable_pp0                               |       xor|   0|  0|   2|           1|           2|
    +--------------------------------------------+----------+----+---+----+------------+------------+
    |Total                                       |          |   0|  0| 597|         293|         366|
    +--------------------------------------------+----------+----+---+----+------------+------------+

    * Multiplexer: 
    +------------------------------+----+-----------+-----+-----------+
    |             Name             | LUT| Input Size| Bits| Total Bits|
    +------------------------------+----+-----------+-----+-----------+
    |ap_NS_fsm                     |  26|          5|    1|          5|
    |ap_done                       |   9|          2|    1|          2|
    |ap_enable_reg_pp0_iter4       |   9|          2|    1|          2|
    |ap_phi_mux_k9_phi_fu_184_p4   |   9|          2|   32|         64|
    |ap_phi_mux_k_1_phi_fu_194_p4  |  14|          3|   32|         96|
    |f10_reg_168                   |   9|          2|    2|          4|
    |fftOutData_local2_blk_n       |   9|          2|    1|          2|
    |fftOutData_local_blk_n        |   9|          2|    1|          2|
    |k9_reg_180                    |   9|          2|   32|         64|
    +------------------------------+----+-----------+-----+-----------+
    |Total                         | 103|         22|  103|        241|
    +------------------------------+----+-----------+-----+-----------+

    * Register: 
    +--------------------------------------+----+----+-----+-----------+
    |                 Name                 | FF | LUT| Bits| Const Bits|
    +--------------------------------------+----+----+-----+-----------+
    |X_of_ns_M_imag_V_0_reg_672            |  25|   0|   25|          0|
    |X_of_ns_M_imag_V_1_reg_684            |  25|   0|   25|          0|
    |X_of_ns_M_real_V_0_reg_666            |  25|   0|   25|          0|
    |X_of_ns_M_real_V_1_reg_678            |  25|   0|   25|          0|
    |ap_CS_fsm                             |   4|   0|    4|          0|
    |ap_done_reg                           |   1|   0|    1|          0|
    |ap_enable_reg_pp0_iter0               |   1|   0|    1|          0|
    |ap_enable_reg_pp0_iter1               |   1|   0|    1|          0|
    |ap_enable_reg_pp0_iter2               |   1|   0|    1|          0|
    |ap_enable_reg_pp0_iter3               |   1|   0|    1|          0|
    |ap_enable_reg_pp0_iter4               |   1|   0|    1|          0|
    |bflyOutData_M_imag_V_0_reg_744        |  25|   0|   25|          0|
    |complexExpMulOut_M_real_V_0_reg_739   |  25|   0|   25|          0|
    |f10_reg_168                           |   2|   0|    2|          0|
    |f_reg_657                             |   2|   0|    2|          0|
    |icmp_ln1049_7_reg_700                 |   1|   0|    1|          0|
    |icmp_ln1049_8_reg_715                 |   1|   0|    1|          0|
    |icmp_ln1049_9_reg_720                 |   1|   0|    1|          0|
    |icmp_ln1049_reg_695                   |   1|   0|    1|          0|
    |icmp_ln151_reg_735                    |   1|   0|    1|          0|
    |k9_reg_180                            |  32|   0|   32|          0|
    |k_reg_730                             |  32|   0|   32|          0|
    |output_negate_control_imag_reg_690    |   1|   0|    1|          0|
    |output_negate_control_real_V_reg_710  |   1|   0|    1|          0|
    |tmp_reg_662                           |   1|   0|    1|          0|
    |bflyOutData_M_imag_V_0_reg_744        |  64|  32|   25|          0|
    |complexExpMulOut_M_real_V_0_reg_739   |  64|  32|   25|          0|
    |tmp_reg_662                           |  64|  32|    1|          0|
    +--------------------------------------+----+----+-----+-----------+
    |Total                                 | 428|  96|  287|          0|
    +--------------------------------------+----+----+-----+-----------+



================================================================
== Interface
================================================================
* Summary: 
+---------------------------+-----+-----+------------+------------------------------------------------------------------------------------------------------------------------------------------------------------------------------------------------------------------------------+--------------+
|         RTL Ports         | Dir | Bits|  Protocol  |                                                                                                         Source Object                                                                                                        |    C Type    |
+---------------------------+-----+-----+------------+------------------------------------------------------------------------------------------------------------------------------------------------------------------------------------------------------------------------------+--------------+
|ap_clk                     |   in|    1|  ap_ctrl_hs|  fftStageKernelS2S<64, 2, 1, 1, 0, 4, complex<ap_fixed<26, 11, 5, 3, 0> >, complex<ap_fixed<16, 3, 5, 3, 0> >, complex<ap_fixed<16, 3, 5, 3, 0> >, complex<ap_fixed<25, 10, 5, 3, 0> >, complex<ap_fixed<26, 11, 5, 3, 0> > >|  return value|
|ap_rst                     |   in|    1|  ap_ctrl_hs|  fftStageKernelS2S<64, 2, 1, 1, 0, 4, complex<ap_fixed<26, 11, 5, 3, 0> >, complex<ap_fixed<16, 3, 5, 3, 0> >, complex<ap_fixed<16, 3, 5, 3, 0> >, complex<ap_fixed<25, 10, 5, 3, 0> >, complex<ap_fixed<26, 11, 5, 3, 0> > >|  return value|
|ap_start                   |   in|    1|  ap_ctrl_hs|  fftStageKernelS2S<64, 2, 1, 1, 0, 4, complex<ap_fixed<26, 11, 5, 3, 0> >, complex<ap_fixed<16, 3, 5, 3, 0> >, complex<ap_fixed<16, 3, 5, 3, 0> >, complex<ap_fixed<25, 10, 5, 3, 0> >, complex<ap_fixed<26, 11, 5, 3, 0> > >|  return value|
|ap_done                    |  out|    1|  ap_ctrl_hs|  fftStageKernelS2S<64, 2, 1, 1, 0, 4, complex<ap_fixed<26, 11, 5, 3, 0> >, complex<ap_fixed<16, 3, 5, 3, 0> >, complex<ap_fixed<16, 3, 5, 3, 0> >, complex<ap_fixed<25, 10, 5, 3, 0> >, complex<ap_fixed<26, 11, 5, 3, 0> > >|  return value|
|ap_continue                |   in|    1|  ap_ctrl_hs|  fftStageKernelS2S<64, 2, 1, 1, 0, 4, complex<ap_fixed<26, 11, 5, 3, 0> >, complex<ap_fixed<16, 3, 5, 3, 0> >, complex<ap_fixed<16, 3, 5, 3, 0> >, complex<ap_fixed<25, 10, 5, 3, 0> >, complex<ap_fixed<26, 11, 5, 3, 0> > >|  return value|
|ap_idle                    |  out|    1|  ap_ctrl_hs|  fftStageKernelS2S<64, 2, 1, 1, 0, 4, complex<ap_fixed<26, 11, 5, 3, 0> >, complex<ap_fixed<16, 3, 5, 3, 0> >, complex<ap_fixed<16, 3, 5, 3, 0> >, complex<ap_fixed<25, 10, 5, 3, 0> >, complex<ap_fixed<26, 11, 5, 3, 0> > >|  return value|
|ap_ready                   |  out|    1|  ap_ctrl_hs|  fftStageKernelS2S<64, 2, 1, 1, 0, 4, complex<ap_fixed<26, 11, 5, 3, 0> >, complex<ap_fixed<16, 3, 5, 3, 0> >, complex<ap_fixed<16, 3, 5, 3, 0> >, complex<ap_fixed<25, 10, 5, 3, 0> >, complex<ap_fixed<26, 11, 5, 3, 0> > >|  return value|
|fftOutData_local2_dout     |   in|  128|     ap_fifo|                                                                                                                                                                                                             fftOutData_local2|       pointer|
|fftOutData_local2_empty_n  |   in|    1|     ap_fifo|                                                                                                                                                                                                             fftOutData_local2|       pointer|
|fftOutData_local2_read     |  out|    1|     ap_fifo|                                                                                                                                                                                                             fftOutData_local2|       pointer|
|fftOutData_local_din       |  out|  128|     ap_fifo|                                                                                                                                                                                                              fftOutData_local|       pointer|
|fftOutData_local_full_n    |   in|    1|     ap_fifo|                                                                                                                                                                                                              fftOutData_local|       pointer|
|fftOutData_local_write     |  out|    1|     ap_fifo|                                                                                                                                                                                                              fftOutData_local|       pointer|
+---------------------------+-----+-----+------------+------------------------------------------------------------------------------------------------------------------------------------------------------------------------------------------------------------------------------+--------------+

