

================================================================
== Vitis HLS Report for 'streamingDataCommutor_complex_ap_fixed_22_7_5_3_0_1'
================================================================
* Date:           Mon Nov 28 16:40:09 2022

* Version:        2021.1 (Build 3247384 on Thu Jun 10 19:36:07 MDT 2021)
* Project:        project
* Solution:       solution1 (Vivado IP Flow Target)
* Product family: zynquplus
* Target device:  xck26-sfvc784-2LV-c


================================================================
== Performance Estimates
================================================================
+ Timing: 
    * Summary: 
    +--------+----------+----------+------------+
    |  Clock |  Target  | Estimated| Uncertainty|
    +--------+----------+----------+------------+
    |ap_clk  |  20.00 ns|  2.063 ns|     5.40 ns|
    +--------+----------+----------+------------+

+ Latency: 
    * Summary: 
    +---------+---------+----------+----------+-----+-----+------------------------------------------+
    |  Latency (cycles) |  Latency (absolute) |  Interval |                 Pipeline                 |
    |   min   |   max   |    min   |    max   | min | max |                   Type                   |
    +---------+---------+----------+----------+-----+-----+------------------------------------------+
    |       37|       38|  0.740 us|  0.760 us|   36|   36|  loop rewind stp(delay=0 clock cycles(s))|
    +---------+---------+----------+----------+-----+-----+------------------------------------------+

    + Detail: 
        * Instance: 
        N/A

        * Loop: 
        +--------------------+---------+---------+----------+-----------+-----------+------+----------+
        |                    |  Latency (cycles) | Iteration|  Initiation Interval  | Trip |          |
        |      Loop Name     |   min   |   max   |  Latency |  achieved |   target  | Count| Pipelined|
        +--------------------+---------+---------+----------+-----------+-----------+------+----------+
        |- VITIS_LOOP_231_1  |       37|       37|         3|          1|          1|    36|       yes|
        +--------------------+---------+---------+----------+-----------+-----------+------+----------+



================================================================
== Utilization Estimates
================================================================
* Summary: 
+-----------------+---------+------+--------+--------+-----+
|       Name      | BRAM_18K|  DSP |   FF   |   LUT  | URAM|
+-----------------+---------+------+--------+--------+-----+
|DSP              |        -|     -|       -|       -|    -|
|Expression       |        -|     -|       0|     156|    -|
|FIFO             |        -|     -|       -|       -|    -|
|Instance         |        -|     -|       -|       -|    -|
|Memory           |        -|     -|     192|      96|    -|
|Multiplexer      |        -|     -|       -|     161|    -|
|Register         |        -|     -|     211|       -|    -|
+-----------------+---------+------+--------+--------+-----+
|Total            |        0|     0|     403|     413|    0|
+-----------------+---------+------+--------+--------+-----+
|Available        |      288|  1248|  234240|  117120|   64|
+-----------------+---------+------+--------+--------+-----+
|Utilization (%)  |        0|     0|      ~0|      ~0|    0|
+-----------------+---------+------+--------+--------+-----+

+ Detail: 
    * Instance: 
    N/A

    * DSP: 
    N/A

    * Memory: 
    +-----------------------------+-------------------------------------------------------------------------------+---------+----+----+-----+------+-----+------+-------------+
    |            Memory           |                                     Module                                    | BRAM_18K| FF | LUT| URAM| Words| Bits| Banks| W*Bits*Banks|
    +-----------------------------+-------------------------------------------------------------------------------+---------+----+----+-----+------+-----+------+-------------+
    |control_delayline_Array_6_U  |streamingDataCommutor_complex_ap_fixed_22_7_5_3_0_1_control_delayline_Array_6  |        0|  64|  32|    0|     2|   32|     1|           64|
    |delayline_Array_4_U          |streamingDataCommutor_complex_ap_fixed_22_7_5_3_0_1_delayline_Array_4          |        0|  64|  32|    0|     2|   45|     1|           90|
    |delayline_Array_3_U          |streamingDataCommutor_complex_ap_fixed_22_7_5_3_0_1_delayline_Array_4          |        0|  64|  32|    0|     2|   45|     1|           90|
    +-----------------------------+-------------------------------------------------------------------------------+---------+----+----+-----+------+-----+------+-------------+
    |Total                        |                                                                               |        0| 192|  96|    0|     6|  122|     3|          244|
    +-----------------------------+-------------------------------------------------------------------------------+---------+----+----+-----+------+-----+------+-------------+

    * FIFO: 
    N/A

    * Expression: 
    +------------------------------------------+----------+----+---+----+------------+------------+
    |               Variable Name              | Operation| DSP| FF| LUT| Bitwidth P0| Bitwidth P1|
    +------------------------------------------+----------+----+---+----+------------+------------+
    |add_ln870_fu_303_p2                       |         +|   0|  0|  12|           5|           1|
    |t_fu_217_p2                               |         +|   0|  0|  13|           6|           1|
    |and_ln297_fu_487_p2                       |       and|   0|  0|   2|           1|           1|
    |ap_block_state2_pp0_stage0_iter0          |       and|   0|  0|   2|           1|           1|
    |ap_block_state4_pp0_stage0_iter2          |       and|   0|  0|   2|           1|           1|
    |ap_condition_200                          |       and|   0|  0|   2|           1|           1|
    |ap_condition_211                          |       and|   0|  0|   2|           1|           1|
    |ap_condition_84                           |       and|   0|  0|   2|           1|           1|
    |fifo_has_next_sample_nbreadreq_fu_110_p3  |       and|   0|  0|   2|           1|           0|
    |icmp_ln231_fu_327_p2                      |      icmp|   0|  0|  10|           6|           6|
    |icmp_ln256_fu_309_p2                      |      icmp|   0|  0|   9|           5|           2|
    |ap_block_pp0_stage0_01001                 |        or|   0|  0|   2|           1|           1|
    |ap_block_state1                           |        or|   0|  0|   2|           1|           1|
    |ap_predicate_op77_write_state4            |        or|   0|  0|   2|           1|           1|
    |select_ln68_7_fu_401_p3                   |    select|   0|  0|  21|           1|          22|
    |select_ln68_8_fu_409_p3                   |    select|   0|  0|   2|           1|           1|
    |select_ln68_fu_393_p3                     |    select|   0|  0|  21|           1|          22|
    |select_ln79_7_fu_429_p3                   |    select|   0|  0|  21|           1|          22|
    |select_ln79_8_fu_437_p3                   |    select|   0|  0|   2|           1|           1|
    |select_ln79_fu_421_p3                     |    select|   0|  0|  21|           1|          22|
    |ap_enable_pp0                             |       xor|   0|  0|   2|           1|           2|
    |xor_ln251_fu_287_p2                       |       xor|   0|  0|   2|           1|           2|
    +------------------------------------------+----------+----+---+----+------------+------------+
    |Total                                     |          |   0|  0| 156|          40|         113|
    +------------------------------------------+----------+----+---+----+------------+------------+

    * Multiplexer: 
    +----------------------------------------------------------------------------+----+-----------+-----+-----------+
    |                                    Name                                    | LUT| Input Size| Bits| Total Bits|
    +----------------------------------------------------------------------------+----+-----------+-----+-----------+
    |ap_NS_fsm                                                                   |  14|          3|    1|          3|
    |ap_done                                                                     |   9|          2|    1|          2|
    |ap_enable_reg_pp0_iter1                                                     |   9|          2|    1|          2|
    |ap_enable_reg_pp0_iter2                                                     |   9|          2|    1|          2|
    |ap_phi_mux_t17_phi_fu_150_p6                                                |  14|          3|    6|         18|
    |ap_phi_reg_pp0_iter1_arrayidx_0_01_load_0_i365_reg_160                      |  14|          3|   22|         66|
    |ap_phi_reg_pp0_iter1_arrayidx_0_11_load_0_i364_reg_171                      |  14|          3|   22|         66|
    |ap_phi_reg_pp0_iter1_temp_tagged_mux_chain_input_sample_M_imag_V_0_reg_206  |  14|          3|   22|         66|
    |ap_phi_reg_pp0_iter1_temp_tagged_mux_chain_input_sample_M_real_V_0_reg_195  |  14|          3|   22|         66|
    |ap_phi_reg_pp0_iter1_temp_tagged_mux_chain_input_valid_0_reg_182            |  14|          3|    1|          3|
    |real_start                                                                  |   9|          2|    1|          2|
    |t17_reg_146                                                                 |   9|          2|    6|         12|
    |temp1_blk_n                                                                 |   9|          2|    1|          2|
    |temp_blk_n                                                                  |   9|          2|    1|          2|
    +----------------------------------------------------------------------------+----+-----------+-----+-----------+
    |Total                                                                       | 161|         35|  108|        312|
    +----------------------------------------------------------------------------+----+-----------+-----+-----------+

    * Register: 
    +----------------------------------------------------------------------------+----+----+-----+-----------+
    |                                    Name                                    | FF | LUT| Bits| Const Bits|
    +----------------------------------------------------------------------------+----+----+-----+-----------+
    |and_ln297_reg_576                                                           |   1|   0|    1|          0|
    |ap_CS_fsm                                                                   |   2|   0|    2|          0|
    |ap_done_reg                                                                 |   1|   0|    1|          0|
    |ap_enable_reg_pp0_iter1                                                     |   1|   0|    1|          0|
    |ap_enable_reg_pp0_iter2                                                     |   1|   0|    1|          0|
    |ap_phi_reg_pp0_iter1_arrayidx_0_01_load_0_i365_reg_160                      |  22|   0|   22|          0|
    |ap_phi_reg_pp0_iter1_arrayidx_0_11_load_0_i364_reg_171                      |  22|   0|   22|          0|
    |ap_phi_reg_pp0_iter1_temp_tagged_mux_chain_input_sample_M_imag_V_0_reg_206  |  22|   0|   22|          0|
    |ap_phi_reg_pp0_iter1_temp_tagged_mux_chain_input_sample_M_real_V_0_reg_195  |  22|   0|   22|          0|
    |ap_phi_reg_pp0_iter1_temp_tagged_mux_chain_input_valid_0_reg_182            |   1|   0|    1|          0|
    |control_bits_V_6                                                            |   1|   0|    1|          0|
    |control_count_V_6                                                           |   1|   0|    1|          0|
    |delay_line_stall_6                                                          |   1|   0|    1|          0|
    |delay_line_stall_6_load_reg_525                                             |   1|   0|    1|          0|
    |delay_line_stall_6_load_reg_525_pp0_iter1_reg                               |   1|   0|    1|          0|
    |fifo_has_next_sample_reg_516                                                |   1|   0|    1|          0|
    |fifo_has_next_sample_reg_516_pp0_iter1_reg                                  |   1|   0|    1|          0|
    |icmp_ln231_reg_552                                                          |   1|   0|    1|          0|
    |icmp_ln231_reg_552_pp0_iter1_reg                                            |   1|   0|    1|          0|
    |lshr_ln130_s_reg_571                                                        |  22|   0|   22|          0|
    |pf_count_V_4                                                                |   1|   0|    1|          0|
    |sample_in_read_count_V_6                                                    |   5|   0|    5|          0|
    |select_ln79_7_reg_561                                                       |  22|   0|   22|          0|
    |select_ln79_reg_556                                                         |  22|   0|   22|          0|
    |start_once_reg                                                              |   1|   0|    1|          0|
    |t17_reg_146                                                                 |   6|   0|    6|          0|
    |t_reg_520                                                                   |   6|   0|    6|          0|
    |trunc_ln130_reg_566                                                         |  22|   0|   22|          0|
    +----------------------------------------------------------------------------+----+----+-----+-----------+
    |Total                                                                       | 211|   0|  211|          0|
    +----------------------------------------------------------------------------+----+----+-----+-----------+



================================================================
== Interface
================================================================
* Summary: 
+--------------+-----+-----+------------+--------------------------------------------------------------+--------------+
|   RTL Ports  | Dir | Bits|  Protocol  |                         Source Object                        |    C Type    |
+--------------+-----+-----+------------+--------------------------------------------------------------+--------------+
|ap_clk        |   in|    1|  ap_ctrl_hs|  streamingDataCommutor<complex<ap_fixed<22, 7, 5, 3, 0> > >.1|  return value|
|ap_rst        |   in|    1|  ap_ctrl_hs|  streamingDataCommutor<complex<ap_fixed<22, 7, 5, 3, 0> > >.1|  return value|
|ap_start      |   in|    1|  ap_ctrl_hs|  streamingDataCommutor<complex<ap_fixed<22, 7, 5, 3, 0> > >.1|  return value|
|start_full_n  |   in|    1|  ap_ctrl_hs|  streamingDataCommutor<complex<ap_fixed<22, 7, 5, 3, 0> > >.1|  return value|
|ap_done       |  out|    1|  ap_ctrl_hs|  streamingDataCommutor<complex<ap_fixed<22, 7, 5, 3, 0> > >.1|  return value|
|ap_continue   |   in|    1|  ap_ctrl_hs|  streamingDataCommutor<complex<ap_fixed<22, 7, 5, 3, 0> > >.1|  return value|
|ap_idle       |  out|    1|  ap_ctrl_hs|  streamingDataCommutor<complex<ap_fixed<22, 7, 5, 3, 0> > >.1|  return value|
|ap_ready      |  out|    1|  ap_ctrl_hs|  streamingDataCommutor<complex<ap_fixed<22, 7, 5, 3, 0> > >.1|  return value|
|start_out     |  out|    1|  ap_ctrl_hs|  streamingDataCommutor<complex<ap_fixed<22, 7, 5, 3, 0> > >.1|  return value|
|start_write   |  out|    1|  ap_ctrl_hs|  streamingDataCommutor<complex<ap_fixed<22, 7, 5, 3, 0> > >.1|  return value|
|temp_dout     |   in|  128|     ap_fifo|                                                          temp|       pointer|
|temp_empty_n  |   in|    1|     ap_fifo|                                                          temp|       pointer|
|temp_read     |  out|    1|     ap_fifo|                                                          temp|       pointer|
|temp1_din     |  out|  128|     ap_fifo|                                                         temp1|       pointer|
|temp1_full_n  |   in|    1|     ap_fifo|                                                         temp1|       pointer|
|temp1_write   |  out|    1|     ap_fifo|                                                         temp1|       pointer|
+--------------+-----+-----+------------+--------------------------------------------------------------+--------------+

