#-----------------------------------------------------------
# Vivado v2021.1 (64-bit)
# SW Build 3247384 on Thu Jun 10 19:36:07 MDT 2021
# IP Build 3246043 on Fri Jun 11 00:30:35 MDT 2021
# Start of session at: Thu Feb  2 01:36:58 2023
# Process ID: 4055549
# Current directory: /mnt/HLSNAS/g110064539/composable_IP_file/deQAM_src/project/qam/solution1/.autopilot/db/ip_tmp
# Command line: vivado  -notrace -log vivado.log -mode batch -source run_vivado_gen_ip.tcl
# Log file: /mnt/HLSNAS/g110064539/composable_IP_file/deQAM_src/project/qam/solution1/.autopilot/db/ip_tmp/vivado.log
# Journal file: /mnt/HLSNAS/g110064539/composable_IP_file/deQAM_src/project/qam/solution1/.autopilot/db/ip_tmp/vivado.jou
#-----------------------------------------------------------
source run_vivado_gen_ip.tcl -notrace
create_project: Time (s): cpu = 00:00:00.67 ; elapsed = 00:00:16 . Memory (MB): peak = 2548.875 ; gain = 0.023 ; free physical = 20682 ; free virtual = 71561
INFO: [IP_Flow 19-234] Refreshing IP repositories
INFO: [IP_Flow 19-1704] No user IP repositories specified
INFO: [IP_Flow 19-2313] Loaded Vivado IP repository '/opt/Xilinx/Vivado/2021.1/data/ip'.
WARNING: [IP_Flow 19-4832] The IP name 'deQAM_dcmp_64ns_64ns_1_1_no_dsp_1_ip' you have specified is long. The Windows operating system has path length limitations. It is recommended you use shorter names to reduce the likelihood of issues.
INFO: [IP_Flow 19-1686] Generating 'Synthesis' target for IP 'deQAM_dcmp_64ns_64ns_1_1_no_dsp_1_ip'...
INFO: [IP_Flow 19-1686] Generating 'Simulation' target for IP 'deQAM_dcmp_64ns_64ns_1_1_no_dsp_1_ip'...
WARNING: [IP_Flow 19-4832] The IP name 'deQAM_uitodp_32ns_64_2_no_dsp_1_ip' you have specified is long. The Windows operating system has path length limitations. It is recommended you use shorter names to reduce the likelihood of issues.
INFO: [IP_Flow 19-1686] Generating 'Synthesis' target for IP 'deQAM_uitodp_32ns_64_2_no_dsp_1_ip'...
INFO: [IP_Flow 19-1686] Generating 'Simulation' target for IP 'deQAM_uitodp_32ns_64_2_no_dsp_1_ip'...
WARNING: [IP_Flow 19-4832] The IP name 'deQAM_sitodp_32ns_64_2_no_dsp_1_ip' you have specified is long. The Windows operating system has path length limitations. It is recommended you use shorter names to reduce the likelihood of issues.
INFO: [IP_Flow 19-1686] Generating 'Synthesis' target for IP 'deQAM_sitodp_32ns_64_2_no_dsp_1_ip'...
INFO: [IP_Flow 19-1686] Generating 'Simulation' target for IP 'deQAM_sitodp_32ns_64_2_no_dsp_1_ip'...
WARNING: [IP_Flow 19-4832] The IP name 'deQAM_dsqrt_64ns_64ns_64_10_no_dsp_1_ip' you have specified is long. The Windows operating system has path length limitations. It is recommended you use shorter names to reduce the likelihood of issues.
INFO: [IP_Flow 19-1686] Generating 'Synthesis' target for IP 'deQAM_dsqrt_64ns_64ns_64_10_no_dsp_1_ip'...
INFO: [IP_Flow 19-1686] Generating 'Simulation' target for IP 'deQAM_dsqrt_64ns_64ns_64_10_no_dsp_1_ip'...
INFO: [Common 17-206] Exiting Vivado at Thu Feb  2 01:37:58 2023...
