>> Start test!
CP Insertion
------------------------
0 : in_r = 9598 in_i = 20979
1 : in_r = 544 in_i = 19407
2 : in_r = 17882 in_i = 2250
3 : in_r = 28768 in_i = 22448
4 : in_r = 708 in_i = 11918
5 : in_r = 209 in_i = 3426
6 : in_r = 26479 in_i = 10958
7 : in_r = 29781 in_i = 21622
8 : in_r = 21361 in_i = 7524
9 : in_r = 26918 in_i = 2054
10 : in_r = 2503 in_i = 2364
11 : in_r = 7498 in_i = 28538
12 : in_r = 22043 in_i = 11215
13 : in_r = 30576 in_i = 25798
14 : in_r = 20133 in_i = 18668
15 : in_r = 9073 in_i = 29731
16 : in_r = 6879 in_i = 9617
17 : in_r = 16371 in_i = 24762
18 : in_r = 11868 in_i = 12371
19 : in_r = 14442 in_i = 12576
20 : in_r = 24290 in_i = 14652
21 : in_r = 16003 in_i = 18001
22 : in_r = 25610 in_i = 13016
23 : in_r = 6855 in_i = 14204
24 : in_r = 20541 in_i = 1005
25 : in_r = 16258 in_i = 23044
26 : in_r = 3370 in_i = 23757
27 : in_r = 18815 in_i = 25413
28 : in_r = 2204 in_i = 16624
29 : in_r = 18444 in_i = 22338
30 : in_r = 2524 in_i = 27518
31 : in_r = 19302 in_i = 9404
32 : in_r = 4368 in_i = 2905
33 : in_r = 1399 in_i = 16236
34 : in_r = 15277 in_i = 15841
35 : in_r = 28813 in_i = 6800
36 : in_r = 30494 in_i = 12049
37 : in_r = 24801 in_i = 23337
38 : in_r = 25066 in_i = 31657
39 : in_r = 4773 in_i = 12839
40 : in_r = 32663 in_i = 21032
41 : in_r = 3116 in_i = 3265
42 : in_r = 12021 in_i = 21932
43 : in_r = 28679 in_i = 14226
44 : in_r = 5788 in_i = 14355
45 : in_r = 3797 in_i = 8313
46 : in_r = 9105 in_i = 23099
47 : in_r = 17717 in_i = 13474
48 : in_r = 26004 in_i = 19116
49 : in_r = 29710 in_i = 8514
50 : in_r = 2190 in_i = 25756
51 : in_r = 15314 in_i = 32685
52 : in_r = 5037 in_i = 7348
53 : in_r = 23254 in_i = 30103
54 : in_r = 6237 in_i = 28028
55 : in_r = 10174 in_i = 6132
56 : in_r = 16293 in_i = 13291
57 : in_r = 9398 in_i = 28314
58 : in_r = 2455 in_i = 5309
59 : in_r = 9773 in_i = 8243
60 : in_r = 19665 in_i = 13570
61 : in_r = 16556 in_i = 28771
62 : in_r = 3901 in_i = 1506
63 : in_r = 9477 in_i = 29906
64 : in_r = 20622 in_i = 6419
65 : in_r = 5653 in_i = 22813
66 : in_r = 32176 in_i = 20967
67 : in_r = 22730 in_i = 4445
68 : in_r = 28315 in_i = 13216
69 : in_r = 1781 in_i = 1784
70 : in_r = 8477 in_i = 11956
71 : in_r = 7917 in_i = 24770
72 : in_r = 25247 in_i = 17316
73 : in_r = 20317 in_i = 27703
74 : in_r = 22625 in_i = 30090
75 : in_r = 3178 in_i = 9522
76 : in_r = 10893 in_i = 19734
77 : in_r = 5525 in_i = 14794
78 : in_r = 21240 in_i = 15002
79 : in_r = 11933 in_i = 9095
80 : in_r = 21422 in_i = 17586
81 : in_r = 31909 in_i = 20831
82 : in_r = 5786 in_i = 21871
83 : in_r = 25277 in_i = 1333
84 : in_r = 2320 in_i = 27058
85 : in_r = 3118 in_i = 10797
86 : in_r = 6247 in_i = 11036
87 : in_r = 2799 in_i = 31495
88 : in_r = 28352 in_i = 23117
89 : in_r = 26430 in_i = 18210
90 : in_r = 20439 in_i = 29608
91 : in_r = 27732 in_i = 31332
92 : in_r = 16575 in_i = 490
93 : in_r = 13359 in_i = 5048
94 : in_r = 15493 in_i = 25293
95 : in_r = 14143 in_i = 4148
96 : in_r = 10112 in_i = 13284
97 : in_r = 24979 in_i = 15898
98 : in_r = 2388 in_i = 17488
99 : in_r = 17232 in_i = 4709
100 : in_r = 11779 in_i = 20350
101 : in_r = 15506 in_i = 18027
102 : in_r = 31387 in_i = 18306
103 : in_r = 16754 in_i = 26971
104 : in_r = 8655 in_i = 10416
105 : in_r = 12413 in_i = 29095
106 : in_r = 7257 in_i = 7378
107 : in_r = 27660 in_i = 23832
108 : in_r = 7869 in_i = 8252
109 : in_r = 28880 in_i = 23362
110 : in_r = 777 in_i = 10256
111 : in_r = 27510 in_i = 10889
112 : in_r = 23541 in_i = 19722
113 : in_r = 26788 in_i = 25929
114 : in_r = 4443 in_i = 11252
115 : in_r = 30639 in_i = 16222
116 : in_r = 31603 in_i = 13377
117 : in_r = 1482 in_i = 30222
118 : in_r = 31684 in_i = 18236
119 : in_r = 24426 in_i = 7572
120 : in_r = 28653 in_i = 4072
121 : in_r = 3900 in_i = 3142
122 : in_r = 11451 in_i = 31560
123 : in_r = 26975 in_i = 19320
124 : in_r = 7044 in_i = 23088
125 : in_r = 9914 in_i = 7821
126 : in_r = 576 in_i = 4657
127 : in_r = 18711 in_i = 24118
128 : in_r = 24380 in_i = 12731
129 : in_r = 17280 in_i = 28823
130 : in_r = 23983 in_i = 15151
131 : in_r = 12278 in_i = 22818
132 : in_r = 28529 in_i = 13760
133 : in_r = 20273 in_i = 27445
134 : in_r = 31996 in_i = 11931
135 : in_r = 2250 in_i = 27882
136 : in_r = 16004 in_i = 6150
137 : in_r = 31024 in_i = 27455
138 : in_r = 4942 in_i = 25232
139 : in_r = 14007 in_i = 11987
140 : in_r = 15552 in_i = 23922
141 : in_r = 19809 in_i = 16129
142 : in_r = 28580 in_i = 5752
143 : in_r = 7479 in_i = 20192
144 : in_r = 18484 in_i = 24760
145 : in_r = 16247 in_i = 9700
146 : in_r = 7143 in_i = 28525
147 : in_r = 32519 in_i = 2904
148 : in_r = 9517 in_i = 20024
149 : in_r = 30350 in_i = 8746
150 : in_r = 31956 in_i = 32601
151 : in_r = 3860 in_i = 15192
152 : in_r = 5983 in_i = 2117
153 : in_r = 9879 in_i = 10926
154 : in_r = 27349 in_i = 23887
155 : in_r = 22913 in_i = 10134
156 : in_r = 15041 in_i = 9954
157 : in_r = 26263 in_i = 10854
158 : in_r = 15707 in_i = 975
159 : in_r = 31046 in_i = 1423
160 : in_r = 25735 in_i = 14525
161 : in_r = 11123 in_i = 111
162 : in_r = 10283 in_i = 10874
163 : in_r = 3016 in_i = 19801
164 : in_r = 30899 in_i = 599
165 : in_r = 28547 in_i = 30087
166 : in_r = 432 in_i = 32408
167 : in_r = 12512 in_i = 6415
168 : in_r = 1758 in_i = 22392
169 : in_r = 17341 in_i = 29108
170 : in_r = 13511 in_i = 7487
171 : in_r = 6474 in_i = 28553
172 : in_r = 17441 in_i = 32738
173 : in_r = 6639 in_i = 381
174 : in_r = 946 in_i = 4917
175 : in_r = 1804 in_i = 26682
176 : in_r = 19443 in_i = 12928
177 : in_r = 26793 in_i = 29726
178 : in_r = 23802 in_i = 29810
179 : in_r = 16759 in_i = 21934
180 : in_r = 30409 in_i = 12539
181 : in_r = 19253 in_i = 30841
182 : in_r = 12180 in_i = 31766
183 : in_r = 4488 in_i = 13938
184 : in_r = 21390 in_i = 21830
185 : in_r = 10278 in_i = 2134
186 : in_r = 29317 in_i = 16753
187 : in_r = 30687 in_i = 13991
188 : in_r = 16723 in_i = 4559
189 : in_r = 14373 in_i = 17669
190 : in_r = 9477 in_i = 16177
191 : in_r = 11584 in_i = 28920
192 : in_r = 29106 in_i = 5609
193 : in_r = 25879 in_i = 20141
194 : in_r = 2651 in_i = 9871
195 : in_r = 9307 in_i = 292
196 : in_r = 22411 in_i = 28561
197 : in_r = 31133 in_i = 1823
198 : in_r = 27559 in_i = 2854
199 : in_r = 15762 in_i = 16181
200 : in_r = 24685 in_i = 26040
201 : in_r = 18315 in_i = 21235
202 : in_r = 10026 in_i = 16235
203 : in_r = 2459 in_i = 26750
204 : in_r = 20794 in_i = 16832
205 : in_r = 11652 in_i = 30272
206 : in_r = 242 in_i = 23236
207 : in_r = 26425 in_i = 29348
208 : in_r = 28845 in_i = 19536
209 : in_r = 16721 in_i = 31497
210 : in_r = 29408 in_i = 26029
211 : in_r = 31790 in_i = 19051
212 : in_r = 21822 in_i = 30156
213 : in_r = 20874 in_i = 16613
214 : in_r = 243 in_i = 3868
215 : in_r = 26 in_i = 24928
216 : in_r = 29909 in_i = 18342
217 : in_r = 13395 in_i = 7168
218 : in_r = 1809 in_i = 15854
219 : in_r = 1150 in_i = 22604
220 : in_r = 32687 in_i = 12802
221 : in_r = 20108 in_i = 161
222 : in_r = 3270 in_i = 13766
223 : in_r = 29510 in_i = 32116
224 : in_r = 534 in_i = 13464
225 : in_r = 30846 in_i = 29943
226 : in_r = 6725 in_i = 29868
227 : in_r = 16226 in_i = 28547
228 : in_r = 27257 in_i = 4333
229 : in_r = 12392 in_i = 27500
230 : in_r = 8202 in_i = 12419
231 : in_r = 19660 in_i = 5344
232 : in_r = 30761 in_i = 288
233 : in_r = 12512 in_i = 32571
234 : in_r = 16143 in_i = 13663
235 : in_r = 22407 in_i = 16062
236 : in_r = 26465 in_i = 9748
237 : in_r = 16224 in_i = 29736
238 : in_r = 23514 in_i = 12967
239 : in_r = 29085 in_i = 24049
240 : in_r = 26431 in_i = 27164
241 : in_r = 21225 in_i = 388
242 : in_r = 24264 in_i = 4683
243 : in_r = 28935 in_i = 18754
244 : in_r = 9017 in_i = 8560
245 : in_r = 13486 in_i = 17219
246 : in_r = 20980 in_i = 379
247 : in_r = 22564 in_i = 18973
248 : in_r = 667 in_i = 2308
249 : in_r = 18777 in_i = 16811
250 : in_r = 15972 in_i = 8416
251 : in_r = 106 in_i = 9670
252 : in_r = 18165 in_i = 16331
253 : in_r = 6638 in_i = 8912
254 : in_r = 29298 in_i = 2956
255 : in_r = 194 in_i = 22961
in finished
index : 0
biased : 0
out finished
------------------------
0 : out_r = 9598 out_i = 20979
1 : out_r = 544 out_i = 19407
2 : out_r = 17882 out_i = 2250
3 : out_r = 28768 out_i = 22448
4 : out_r = 708 out_i = 11918
5 : out_r = 209 out_i = 3426
6 : out_r = 26479 out_i = 10958
7 : out_r = 29781 out_i = 21622
8 : out_r = 21361 out_i = 7524
9 : out_r = 26918 out_i = 2054
10 : out_r = 2503 out_i = 2364
11 : out_r = 7498 out_i = 28538
12 : out_r = 22043 out_i = 11215
13 : out_r = 30576 out_i = 25798
14 : out_r = 20133 out_i = 18668
15 : out_r = 9073 out_i = 29731
16 : out_r = 6879 out_i = 9617
17 : out_r = 16371 out_i = 24762
18 : out_r = 11868 out_i = 12371
19 : out_r = 14442 out_i = 12576
20 : out_r = 24290 out_i = 14652
21 : out_r = 16003 out_i = 18001
22 : out_r = 25610 out_i = 13016
23 : out_r = 6855 out_i = 14204
24 : out_r = 20541 out_i = 1005
25 : out_r = 16258 out_i = 23044
26 : out_r = 3370 out_i = 23757
27 : out_r = 18815 out_i = 25413
28 : out_r = 2204 out_i = 16624
29 : out_r = 18444 out_i = 22338
30 : out_r = 2524 out_i = 27518
31 : out_r = 19302 out_i = 9404
32 : out_r = 4368 out_i = 2905
33 : out_r = 1399 out_i = 16236
34 : out_r = 15277 out_i = 15841
35 : out_r = 28813 out_i = 6800
36 : out_r = 30494 out_i = 12049
37 : out_r = 24801 out_i = 23337
38 : out_r = 25066 out_i = 31657
39 : out_r = 4773 out_i = 12839
40 : out_r = 32663 out_i = 21032
41 : out_r = 3116 out_i = 3265
42 : out_r = 12021 out_i = 21932
43 : out_r = 28679 out_i = 14226
44 : out_r = 5788 out_i = 14355
45 : out_r = 3797 out_i = 8313
46 : out_r = 9105 out_i = 23099
47 : out_r = 17717 out_i = 13474
48 : out_r = 26004 out_i = 19116
49 : out_r = 29710 out_i = 8514
50 : out_r = 2190 out_i = 25756
51 : out_r = 15314 out_i = 32685
52 : out_r = 5037 out_i = 7348
53 : out_r = 23254 out_i = 30103
54 : out_r = 6237 out_i = 28028
55 : out_r = 10174 out_i = 6132
56 : out_r = 16293 out_i = 13291
57 : out_r = 9398 out_i = 28314
58 : out_r = 2455 out_i = 5309
59 : out_r = 9773 out_i = 8243
60 : out_r = 19665 out_i = 13570
61 : out_r = 16556 out_i = 28771
62 : out_r = 3901 out_i = 1506
63 : out_r = 9477 out_i = 29906
64 : out_r = 20622 out_i = 6419
65 : out_r = 5653 out_i = 22813
66 : out_r = 32176 out_i = 20967
67 : out_r = 22730 out_i = 4445
68 : out_r = 28315 out_i = 13216
69 : out_r = 1781 out_i = 1784
70 : out_r = 8477 out_i = 11956
71 : out_r = 7917 out_i = 24770
72 : out_r = 25247 out_i = 17316
73 : out_r = 20317 out_i = 27703
74 : out_r = 22625 out_i = 30090
75 : out_r = 3178 out_i = 9522
76 : out_r = 10893 out_i = 19734
77 : out_r = 5525 out_i = 14794
78 : out_r = 21240 out_i = 15002
79 : out_r = 11933 out_i = 9095
80 : out_r = 21422 out_i = 17586
81 : out_r = 31909 out_i = 20831
82 : out_r = 5786 out_i = 21871
83 : out_r = 25277 out_i = 1333
84 : out_r = 2320 out_i = 27058
85 : out_r = 3118 out_i = 10797
86 : out_r = 6247 out_i = 11036
87 : out_r = 2799 out_i = 31495
88 : out_r = 28352 out_i = 23117
89 : out_r = 26430 out_i = 18210
90 : out_r = 20439 out_i = 29608
91 : out_r = 27732 out_i = 31332
92 : out_r = 16575 out_i = 490
93 : out_r = 13359 out_i = 5048
94 : out_r = 15493 out_i = 25293
95 : out_r = 14143 out_i = 4148
96 : out_r = 10112 out_i = 13284
97 : out_r = 24979 out_i = 15898
98 : out_r = 2388 out_i = 17488
99 : out_r = 17232 out_i = 4709
100 : out_r = 11779 out_i = 20350
101 : out_r = 15506 out_i = 18027
102 : out_r = 31387 out_i = 18306
103 : out_r = 16754 out_i = 26971
104 : out_r = 8655 out_i = 10416
105 : out_r = 12413 out_i = 29095
106 : out_r = 7257 out_i = 7378
107 : out_r = 27660 out_i = 23832
108 : out_r = 7869 out_i = 8252
109 : out_r = 28880 out_i = 23362
110 : out_r = 777 out_i = 10256
111 : out_r = 27510 out_i = 10889
112 : out_r = 23541 out_i = 19722
113 : out_r = 26788 out_i = 25929
114 : out_r = 4443 out_i = 11252
115 : out_r = 30639 out_i = 16222
116 : out_r = 31603 out_i = 13377
117 : out_r = 1482 out_i = 30222
118 : out_r = 31684 out_i = 18236
119 : out_r = 24426 out_i = 7572
120 : out_r = 28653 out_i = 4072
121 : out_r = 3900 out_i = 3142
122 : out_r = 11451 out_i = 31560
123 : out_r = 26975 out_i = 19320
124 : out_r = 7044 out_i = 23088
125 : out_r = 9914 out_i = 7821
126 : out_r = 576 out_i = 4657
127 : out_r = 18711 out_i = 24118
128 : out_r = 24380 out_i = 12731
129 : out_r = 17280 out_i = 28823
130 : out_r = 23983 out_i = 15151
131 : out_r = 12278 out_i = 22818
132 : out_r = 28529 out_i = 13760
133 : out_r = 20273 out_i = 27445
134 : out_r = 31996 out_i = 11931
135 : out_r = 2250 out_i = 27882
136 : out_r = 16004 out_i = 6150
137 : out_r = 31024 out_i = 27455
138 : out_r = 4942 out_i = 25232
139 : out_r = 14007 out_i = 11987
140 : out_r = 15552 out_i = 23922
141 : out_r = 19809 out_i = 16129
142 : out_r = 28580 out_i = 5752
143 : out_r = 7479 out_i = 20192
144 : out_r = 18484 out_i = 24760
145 : out_r = 16247 out_i = 9700
146 : out_r = 7143 out_i = 28525
147 : out_r = 32519 out_i = 2904
148 : out_r = 9517 out_i = 20024
149 : out_r = 30350 out_i = 8746
150 : out_r = 31956 out_i = 32601
151 : out_r = 3860 out_i = 15192
152 : out_r = 5983 out_i = 2117
153 : out_r = 9879 out_i = 10926
154 : out_r = 27349 out_i = 23887
155 : out_r = 22913 out_i = 10134
156 : out_r = 15041 out_i = 9954
157 : out_r = 26263 out_i = 10854
158 : out_r = 15707 out_i = 975
159 : out_r = 31046 out_i = 1423
160 : out_r = 25735 out_i = 14525
161 : out_r = 11123 out_i = 111
162 : out_r = 10283 out_i = 10874
163 : out_r = 3016 out_i = 19801
164 : out_r = 30899 out_i = 599
165 : out_r = 28547 out_i = 30087
166 : out_r = 432 out_i = 32408
167 : out_r = 12512 out_i = 6415
168 : out_r = 1758 out_i = 22392
169 : out_r = 17341 out_i = 29108
170 : out_r = 13511 out_i = 7487
171 : out_r = 6474 out_i = 28553
172 : out_r = 17441 out_i = 32738
173 : out_r = 6639 out_i = 381
174 : out_r = 946 out_i = 4917
175 : out_r = 1804 out_i = 26682
176 : out_r = 19443 out_i = 12928
177 : out_r = 26793 out_i = 29726
178 : out_r = 23802 out_i = 29810
179 : out_r = 16759 out_i = 21934
180 : out_r = 30409 out_i = 12539
181 : out_r = 19253 out_i = 30841
182 : out_r = 12180 out_i = 31766
183 : out_r = 4488 out_i = 13938
184 : out_r = 21390 out_i = 21830
185 : out_r = 10278 out_i = 2134
186 : out_r = 29317 out_i = 16753
187 : out_r = 30687 out_i = 13991
188 : out_r = 16723 out_i = 4559
189 : out_r = 14373 out_i = 17669
190 : out_r = 9477 out_i = 16177
191 : out_r = 11584 out_i = 28920
192 : out_r = 29106 out_i = 5609
193 : out_r = 25879 out_i = 20141
194 : out_r = 2651 out_i = 9871
195 : out_r = 9307 out_i = 292
196 : out_r = 22411 out_i = 28561
197 : out_r = 31133 out_i = 1823
198 : out_r = 27559 out_i = 2854
199 : out_r = 15762 out_i = 16181
200 : out_r = 24685 out_i = 26040
201 : out_r = 18315 out_i = 21235
202 : out_r = 10026 out_i = 16235
203 : out_r = 2459 out_i = 26750
204 : out_r = 20794 out_i = 16832
205 : out_r = 11652 out_i = 30272
206 : out_r = 242 out_i = 23236
207 : out_r = 26425 out_i = 29348
208 : out_r = 28845 out_i = 19536
209 : out_r = 16721 out_i = 31497
210 : out_r = 29408 out_i = 26029
211 : out_r = 31790 out_i = 19051
212 : out_r = 21822 out_i = 30156
213 : out_r = 20874 out_i = 16613
214 : out_r = 243 out_i = 3868
215 : out_r = 26 out_i = 24928
216 : out_r = 29909 out_i = 18342
217 : out_r = 13395 out_i = 7168
218 : out_r = 1809 out_i = 15854
219 : out_r = 1150 out_i = 22604
220 : out_r = 32687 out_i = 12802
221 : out_r = 20108 out_i = 161
222 : out_r = 3270 out_i = 13766
223 : out_r = 29510 out_i = 32116
224 : out_r = 534 out_i = 13464
225 : out_r = 30846 out_i = 29943
226 : out_r = 6725 out_i = 29868
227 : out_r = 16226 out_i = 28547
228 : out_r = 27257 out_i = 4333
229 : out_r = 12392 out_i = 27500
230 : out_r = 8202 out_i = 12419
231 : out_r = 19660 out_i = 5344
232 : out_r = 30761 out_i = 288
233 : out_r = 12512 out_i = 32571
234 : out_r = 16143 out_i = 13663
235 : out_r = 22407 out_i = 16062
236 : out_r = 26465 out_i = 9748
237 : out_r = 16224 out_i = 29736
238 : out_r = 23514 out_i = 12967
239 : out_r = 29085 out_i = 24049
240 : out_r = 26431 out_i = 27164
241 : out_r = 21225 out_i = 388
242 : out_r = 24264 out_i = 4683
243 : out_r = 28935 out_i = 18754
244 : out_r = 9017 out_i = 8560
245 : out_r = 13486 out_i = 17219
246 : out_r = 20980 out_i = 379
247 : out_r = 22564 out_i = 18973
248 : out_r = 667 out_i = 2308
249 : out_r = 18777 out_i = 16811
250 : out_r = 15972 out_i = 8416
251 : out_r = 106 out_i = 9670
252 : out_r = 18165 out_i = 16331
253 : out_r = 6638 out_i = 8912
254 : out_r = 29298 out_i = 2956
255 : out_r = 194 out_i = 22961
>> Finish test!
Vivado Simulator v2021.1
Copyright 1986-1999, 2001-2021 Xilinx, Inc. All Rights Reserved.
Running: /opt/Xilinx/Vivado/2021.1/bin/unwrapped/lnx64.o/xelab xil_defaultlib.apatb_CP_insertion_top glbl -Oenable_linking_all_libraries -prj CP_insertion.prj -L smartconnect_v1_0 -L axi_protocol_checker_v1_1_12 -L axi_protocol_checker_v1_1_13 -L axis_protocol_checker_v1_1_11 -L axis_protocol_checker_v1_1_12 -L xil_defaultlib -L unisims_ver -L xpm -L floating_point_v7_0_19 -L floating_point_v7_1_12 --lib ieee_proposed=./ieee_proposed -s CP_insertion 
Multi-threading is on. Using 14 slave threads.
WARNING: [XSIM 43-3431] One or more environment variables have been detected which affect the operation of the C compiler. These are typically not set in standard installations and are not tested by Xilinx, however they may be appropriate for your system, so the flow will attempt to continue.  If errors occur, try running xelab with the "-mt off -v 1" switches to see more information from the C compiler. The following environment variables have been detected:
    LIBRARY_PATH
INFO: [VRFC 10-2263] Analyzing SystemVerilog file "/mnt/HLSNAS/g110064539/composable_IP_file/CP_insert_src/CP/project/solution1/sim/verilog/glbl.v" into library work
INFO: [VRFC 10-311] analyzing module glbl
INFO: [VRFC 10-2263] Analyzing SystemVerilog file "/mnt/HLSNAS/g110064539/composable_IP_file/CP_insert_src/CP/project/solution1/sim/verilog/CP_insertion.autotb.v" into library xil_defaultlib
INFO: [VRFC 10-311] analyzing module apatb_CP_insertion_top
INFO: [VRFC 10-2263] Analyzing SystemVerilog file "/mnt/HLSNAS/g110064539/composable_IP_file/CP_insert_src/CP/project/solution1/sim/verilog/AESL_fifo.v" into library xil_defaultlib
INFO: [VRFC 10-311] analyzing module fifo
INFO: [VRFC 10-2263] Analyzing SystemVerilog file "/mnt/HLSNAS/g110064539/composable_IP_file/CP_insert_src/CP/project/solution1/sim/verilog/AESL_axi_s_data_in.v" into library xil_defaultlib
INFO: [VRFC 10-311] analyzing module AESL_axi_s_data_in
INFO: [VRFC 10-2263] Analyzing SystemVerilog file "/mnt/HLSNAS/g110064539/composable_IP_file/CP_insert_src/CP/project/solution1/sim/verilog/AESL_axi_s_data_out.v" into library xil_defaultlib
INFO: [VRFC 10-311] analyzing module AESL_axi_s_data_out
INFO: [VRFC 10-2263] Analyzing SystemVerilog file "/mnt/HLSNAS/g110064539/composable_IP_file/CP_insert_src/CP/project/solution1/sim/verilog/AESL_deadlock_kernel_monitor_top.v" into library xil_defaultlib
INFO: [VRFC 10-311] analyzing module AESL_deadlock_kernel_monitor_top
WARNING: [VRFC 10-3824] variable 'block_delay' must explicitly be declared as automatic or static [/mnt/HLSNAS/g110064539/composable_IP_file/CP_insert_src/CP/project/solution1/sim/verilog/AESL_deadlock_kernel_monitor_top.v:33]
INFO: [VRFC 10-2263] Analyzing SystemVerilog file "/mnt/HLSNAS/g110064539/composable_IP_file/CP_insert_src/CP/project/solution1/sim/verilog/AESL_deadlock_idx0_monitor.v" into library xil_defaultlib
INFO: [VRFC 10-311] analyzing module AESL_deadlock_idx0_monitor
INFO: [VRFC 10-2263] Analyzing SystemVerilog file "/mnt/HLSNAS/g110064539/composable_IP_file/CP_insert_src/CP/project/solution1/sim/verilog/AESL_deadlock_idx1_monitor.v" into library xil_defaultlib
INFO: [VRFC 10-311] analyzing module AESL_deadlock_idx1_monitor
INFO: [VRFC 10-2263] Analyzing SystemVerilog file "/mnt/HLSNAS/g110064539/composable_IP_file/CP_insert_src/CP/project/solution1/sim/verilog/AESL_deadlock_idx2_monitor.v" into library xil_defaultlib
INFO: [VRFC 10-311] analyzing module AESL_deadlock_idx2_monitor
INFO: [VRFC 10-2263] Analyzing SystemVerilog file "/mnt/HLSNAS/g110064539/composable_IP_file/CP_insert_src/CP/project/solution1/sim/verilog/CP_insertion_CP_insertion_Pipeline_VITIS_LOOP_30_1.v" into library xil_defaultlib
INFO: [VRFC 10-311] analyzing module CP_insertion_CP_insertion_Pipeline_VITIS_LOOP_30_1
INFO: [VRFC 10-2263] Analyzing SystemVerilog file "/mnt/HLSNAS/g110064539/composable_IP_file/CP_insert_src/CP/project/solution1/sim/verilog/CP_insertion_CP_insertion_Pipeline_VITIS_LOOP_55_2_VITIS_LOOP_56_3.v" into library xil_defaultlib
INFO: [VRFC 10-311] analyzing module CP_insertion_CP_insertion_Pipeline_VITIS_LOOP_55_2_VITIS_LOOP_56_3
INFO: [VRFC 10-2263] Analyzing SystemVerilog file "/mnt/HLSNAS/g110064539/composable_IP_file/CP_insert_src/CP/project/solution1/sim/verilog/CP_insertion.v" into library xil_defaultlib
INFO: [VRFC 10-311] analyzing module CP_insertion
INFO: [VRFC 10-2263] Analyzing SystemVerilog file "/mnt/HLSNAS/g110064539/composable_IP_file/CP_insert_src/CP/project/solution1/sim/verilog/CP_insertion_flow_control_loop_pipe_sequential_init.v" into library xil_defaultlib
INFO: [VRFC 10-311] analyzing module CP_insertion_flow_control_loop_pipe_sequential_init
INFO: [VRFC 10-2263] Analyzing SystemVerilog file "/mnt/HLSNAS/g110064539/composable_IP_file/CP_insert_src/CP/project/solution1/sim/verilog/CP_insertion_regslice_both.v" into library xil_defaultlib
INFO: [VRFC 10-311] analyzing module CP_insertion_regslice_both
INFO: [VRFC 10-311] analyzing module CP_insertion_regslice_both_w1
INFO: [VRFC 10-2263] Analyzing SystemVerilog file "/mnt/HLSNAS/g110064539/composable_IP_file/CP_insert_src/CP/project/solution1/sim/verilog/CP_insertion_sdiv_9ns_32ns_8_13_seq_1.v" into library xil_defaultlib
INFO: [VRFC 10-311] analyzing module CP_insertion_sdiv_9ns_32ns_8_13_seq_1_divseq
INFO: [VRFC 10-311] analyzing module CP_insertion_sdiv_9ns_32ns_8_13_seq_1
INFO: [VRFC 10-2263] Analyzing SystemVerilog file "/mnt/HLSNAS/g110064539/composable_IP_file/CP_insert_src/CP/project/solution1/sim/verilog/CP_insertion_mul_32s_32s_32_1_1.v" into library xil_defaultlib
INFO: [VRFC 10-311] analyzing module CP_insertion_mul_32s_32s_32_1_1
INFO: [VRFC 10-2263] Analyzing SystemVerilog file "/mnt/HLSNAS/g110064539/composable_IP_file/CP_insert_src/CP/project/solution1/sim/verilog/CP_insertion_sdiv_32ns_9s_32_36_seq_1.v" into library xil_defaultlib
INFO: [VRFC 10-311] analyzing module CP_insertion_sdiv_32ns_9s_32_36_seq_1_divseq
INFO: [VRFC 10-311] analyzing module CP_insertion_sdiv_32ns_9s_32_36_seq_1
INFO: [VRFC 10-2263] Analyzing SystemVerilog file "/mnt/HLSNAS/g110064539/composable_IP_file/CP_insert_src/CP/project/solution1/sim/verilog/CP_insertion_CP_insertion_Pipeline_VITIS_LOOP_55_2_VITIS_LOOP_56_3_in_r_V.v" into library xil_defaultlib
INFO: [VRFC 10-311] analyzing module CP_insertion_CP_insertion_Pipeline_VITIS_LOOP_55_2_VITIS_LOOP_56_3_in_r_V
INFO: [VRFC 10-2263] Analyzing SystemVerilog file "/mnt/HLSNAS/g110064539/composable_IP_file/CP_insert_src/CP/project/solution1/sim/verilog/dataflow_monitor.sv" into library xil_defaultlib
INFO: [VRFC 10-311] analyzing module dataflow_monitor
Starting static elaboration
Pass Through NonSizing Optimizer
WARNING: [VRFC 10-3645] port 'axis_block_info' remains unconnected for this instance [/mnt/HLSNAS/g110064539/composable_IP_file/CP_insert_src/CP/project/solution1/sim/verilog/AESL_deadlock_kernel_monitor_top.v:23]
Completed static elaboration
Starting simulation data flow analysis
Completed simulation data flow analysis
Time Resolution for simulation is 1ps
Compiling package xil_defaultlib.$unit_dataflow_monitor_sv
Compiling module xil_defaultlib.CP_insertion_flow_control_loop_p...
Compiling module xil_defaultlib.CP_insertion_CP_insertion_Pipeli...
Compiling module xil_defaultlib.CP_insertion_CP_insertion_Pipeli...
Compiling module xil_defaultlib.CP_insertion_CP_insertion_Pipeli...
Compiling module xil_defaultlib.CP_insertion_sdiv_9ns_32ns_8_13_...
Compiling module xil_defaultlib.CP_insertion_sdiv_9ns_32ns_8_13_...
Compiling module xil_defaultlib.CP_insertion_mul_32s_32s_32_1_1(...
Compiling module xil_defaultlib.CP_insertion_sdiv_32ns_9s_32_36_...
Compiling module xil_defaultlib.CP_insertion_sdiv_32ns_9s_32_36_...
Compiling module xil_defaultlib.CP_insertion_regslice_both(DataW...
Compiling module xil_defaultlib.CP_insertion_regslice_both(DataW...
Compiling module xil_defaultlib.CP_insertion_regslice_both(DataW...
Compiling module xil_defaultlib.CP_insertion
Compiling module xil_defaultlib.fifo(DEPTH=265,WIDTH=64)
Compiling module xil_defaultlib.fifo(DEPTH=265)
Compiling module xil_defaultlib.fifo(DEPTH=265,WIDTH=1)
Compiling module xil_defaultlib.AESL_axi_s_data_in
Compiling module xil_defaultlib.fifo(DEPTH=325,WIDTH=64)
Compiling module xil_defaultlib.fifo(DEPTH=325)
Compiling module xil_defaultlib.fifo(DEPTH=325,WIDTH=1)
Compiling module xil_defaultlib.AESL_axi_s_data_out
Compiling module xil_defaultlib.AESL_deadlock_idx2_monitor
Compiling module xil_defaultlib.AESL_deadlock_idx1_monitor
Compiling module xil_defaultlib.AESL_deadlock_idx0_monitor
Compiling module xil_defaultlib.AESL_deadlock_kernel_monitor_top...
Compiling module xil_defaultlib.nodf_module_intf
Compiling module xil_defaultlib.upc_loop_intf(FSM_WIDTH=1)
Compiling module xil_defaultlib.dataflow_monitor_1
Compiling module xil_defaultlib.apatb_CP_insertion_top
Compiling module work.glbl
Built simulation snapshot CP_insertion

****** Webtalk v2021.1 (64-bit)
  **** SW Build 3247384 on Thu Jun 10 19:36:07 MDT 2021
  **** IP Build 3246043 on Fri Jun 11 00:30:35 MDT 2021
    ** Copyright 1986-2021 Xilinx, Inc. All Rights Reserved.

source /mnt/HLSNAS/g110064539/composable_IP_file/CP_insert_src/CP/project/solution1/sim/verilog/xsim.dir/CP_insertion/webtalk/xsim_webtalk.tcl -notrace
INFO: [Common 17-206] Exiting Webtalk at Tue Sep 13 17:22:07 2022...

****** xsim v2021.1 (64-bit)
  **** SW Build 3247384 on Thu Jun 10 19:36:07 MDT 2021
  **** IP Build 3246043 on Fri Jun 11 00:30:35 MDT 2021
    ** Copyright 1986-2021 Xilinx, Inc. All Rights Reserved.

source xsim.dir/CP_insertion/xsim_script.tcl
# xsim {CP_insertion} -autoloadwcfg -tclbatch {CP_insertion.tcl}
Time resolution is 1 ps
source CP_insertion.tcl
## run all
////////////////////////////////////////////////////////////////////////////////////
// Inter-Transaction Progress: Completed Transaction / Total Transaction
// Intra-Transaction Progress: Measured Latency / Latency Estimation * 100%
//
// RTL Simulation : "Inter-Transaction Progress" ["Intra-Transaction Progress"] @ "Simulation Time"
////////////////////////////////////////////////////////////////////////////////////
// RTL Simulation : 0 / 1 [n/a] @ "150000"
// RTL Simulation : 1 / 1 [n/a] @ "11650000"
////////////////////////////////////////////////////////////////////////////////////
$finish called at time : 11770 ns : File "/mnt/HLSNAS/g110064539/composable_IP_file/CP_insert_src/CP/project/solution1/sim/verilog/CP_insertion.autotb.v" Line 321
## quit
INFO: [Common 17-206] Exiting xsim at Tue Sep 13 17:22:14 2022...
>> Start test!
CP Insertion
------------------------
0 : in_r = 5682 in_i = 11180
1 : in_r = 2004 in_i = 29478
2 : in_r = 2031 in_i = 29059
3 : in_r = 9831 in_i = 20231
4 : in_r = 3635 in_i = 4649
5 : in_r = 5139 in_i = 17740
6 : in_r = 27438 in_i = 3972
7 : in_r = 25984 in_i = 18543
8 : in_r = 12728 in_i = 6741
9 : in_r = 24053 in_i = 16561
10 : in_r = 5778 in_i = 5015
11 : in_r = 9483 in_i = 31298
12 : in_r = 4510 in_i = 1771
13 : in_r = 19676 in_i = 24406
14 : in_r = 17333 in_i = 26288
15 : in_r = 1532 in_i = 23016
16 : in_r = 4701 in_i = 3536
17 : in_r = 19726 in_i = 6732
18 : in_r = 32596 in_i = 29558
19 : in_r = 26964 in_i = 3463
20 : in_r = 1439 in_i = 32104
21 : in_r = 21204 in_i = 28877
22 : in_r = 3308 in_i = 14420
23 : in_r = 14652 in_i = 16036
24 : in_r = 21162 in_i = 5938
25 : in_r = 32598 in_i = 26941
26 : in_r = 10954 in_i = 9314
27 : in_r = 25472 in_i = 15465
28 : in_r = 11085 in_i = 12380
29 : in_r = 7103 in_i = 28419
30 : in_r = 5900 in_i = 8636
31 : in_r = 18667 in_i = 10602
32 : in_r = 12172 in_i = 5625
33 : in_r = 17334 in_i = 12001
34 : in_r = 2415 in_i = 11531
35 : in_r = 15464 in_i = 3855
36 : in_r = 10867 in_i = 3900
37 : in_r = 32733 in_i = 14176
38 : in_r = 18321 in_i = 14618
39 : in_r = 30213 in_i = 6716
40 : in_r = 20557 in_i = 30043
41 : in_r = 889 in_i = 31511
42 : in_r = 6590 in_i = 26361
43 : in_r = 14208 in_i = 17675
44 : in_r = 5974 in_i = 21312
45 : in_r = 13326 in_i = 11875
46 : in_r = 29948 in_i = 31994
47 : in_r = 22477 in_i = 9353
48 : in_r = 4851 in_i = 7044
49 : in_r = 21354 in_i = 7267
50 : in_r = 18575 in_i = 4051
51 : in_r = 11123 in_i = 29442
52 : in_r = 7951 in_i = 11088
53 : in_r = 10851 in_i = 26272
54 : in_r = 25706 in_i = 8296
55 : in_r = 220 in_i = 13495
56 : in_r = 5572 in_i = 1110
57 : in_r = 12239 in_i = 12162
58 : in_r = 27472 in_i = 26448
59 : in_r = 29838 in_i = 678
60 : in_r = 14992 in_i = 10397
61 : in_r = 12553 in_i = 12173
62 : in_r = 9624 in_i = 2262
63 : in_r = 21526 in_i = 14475
64 : in_r = 9306 in_i = 10113
65 : in_r = 21743 in_i = 27882
66 : in_r = 14164 in_i = 98
67 : in_r = 24557 in_i = 22115
68 : in_r = 11186 in_i = 2640
69 : in_r = 15620 in_i = 4125
70 : in_r = 10937 in_i = 15841
71 : in_r = 17621 in_i = 16509
72 : in_r = 16952 in_i = 29860
73 : in_r = 28672 in_i = 11656
74 : in_r = 23540 in_i = 25743
75 : in_r = 12334 in_i = 5765
76 : in_r = 3373 in_i = 24888
77 : in_r = 17938 in_i = 12997
78 : in_r = 27150 in_i = 6697
79 : in_r = 27473 in_i = 3689
80 : in_r = 16810 in_i = 16449
81 : in_r = 31571 in_i = 30974
82 : in_r = 16547 in_i = 23360
83 : in_r = 20322 in_i = 27734
84 : in_r = 26001 in_i = 3175
85 : in_r = 31860 in_i = 4170
86 : in_r = 19017 in_i = 16713
87 : in_r = 20680 in_i = 3201
88 : in_r = 13805 in_i = 16585
89 : in_r = 14857 in_i = 4578
90 : in_r = 9560 in_i = 27192
91 : in_r = 10343 in_i = 12934
92 : in_r = 19312 in_i = 28282
93 : in_r = 25932 in_i = 13694
94 : in_r = 2211 in_i = 20637
95 : in_r = 17384 in_i = 19022
96 : in_r = 4319 in_i = 16188
97 : in_r = 17229 in_i = 20866
98 : in_r = 6780 in_i = 4783
99 : in_r = 15833 in_i = 13
100 : in_r = 7959 in_i = 14925
101 : in_r = 4184 in_i = 26976
102 : in_r = 31639 in_i = 24864
103 : in_r = 30177 in_i = 12677
104 : in_r = 8681 in_i = 12266
105 : in_r = 17255 in_i = 18242
106 : in_r = 6690 in_i = 27599
107 : in_r = 31177 in_i = 26002
108 : in_r = 23113 in_i = 24341
109 : in_r = 6929 in_i = 25325
110 : in_r = 12211 in_i = 24314
111 : in_r = 11579 in_i = 16530
112 : in_r = 7734 in_i = 28808
113 : in_r = 4629 in_i = 14514
114 : in_r = 824 in_i = 20463
115 : in_r = 14528 in_i = 8783
116 : in_r = 2621 in_i = 18712
117 : in_r = 2991 in_i = 1492
118 : in_r = 10809 in_i = 401
119 : in_r = 14169 in_i = 19490
120 : in_r = 12667 in_i = 31425
121 : in_r = 4965 in_i = 19358
122 : in_r = 26256 in_i = 3374
123 : in_r = 12593 in_i = 16601
124 : in_r = 27716 in_i = 19523
125 : in_r = 9158 in_i = 7159
126 : in_r = 11069 in_i = 20738
127 : in_r = 23690 in_i = 18803
128 : in_r = 16779 in_i = 28319
129 : in_r = 549 in_i = 17603
130 : in_r = 16014 in_i = 15078
131 : in_r = 26387 in_i = 18636
132 : in_r = 1023 in_i = 29379
133 : in_r = 20128 in_i = 11832
134 : in_r = 29780 in_i = 1529
135 : in_r = 31322 in_i = 9680
136 : in_r = 186 in_i = 3520
137 : in_r = 29039 in_i = 26443
138 : in_r = 6894 in_i = 8864
139 : in_r = 10276 in_i = 1843
140 : in_r = 28387 in_i = 19435
141 : in_r = 9002 in_i = 6688
142 : in_r = 7406 in_i = 32693
143 : in_r = 25491 in_i = 24185
144 : in_r = 28245 in_i = 26041
145 : in_r = 9020 in_i = 11492
146 : in_r = 8352 in_i = 2640
147 : in_r = 30128 in_i = 9375
148 : in_r = 32019 in_i = 17488
149 : in_r = 21207 in_i = 29031
150 : in_r = 19018 in_i = 19762
151 : in_r = 5944 in_i = 19205
152 : in_r = 23282 in_i = 2215
153 : in_r = 12880 in_i = 30177
154 : in_r = 11079 in_i = 23157
155 : in_r = 32020 in_i = 6699
156 : in_r = 9825 in_i = 8255
157 : in_r = 13387 in_i = 17231
158 : in_r = 8180 in_i = 6111
159 : in_r = 8648 in_i = 3657
160 : in_r = 32153 in_i = 17669
161 : in_r = 15149 in_i = 7737
162 : in_r = 20309 in_i = 12509
163 : in_r = 17112 in_i = 19561
164 : in_r = 29998 in_i = 5551
165 : in_r = 15824 in_i = 16248
166 : in_r = 25313 in_i = 21768
167 : in_r = 2686 in_i = 15828
168 : in_r = 23983 in_i = 15566
169 : in_r = 13237 in_i = 2295
170 : in_r = 5956 in_i = 12490
171 : in_r = 8994 in_i = 15781
172 : in_r = 20745 in_i = 22382
173 : in_r = 244 in_i = 28926
174 : in_r = 28493 in_i = 8893
175 : in_r = 32583 in_i = 27879
176 : in_r = 26563 in_i = 14965
177 : in_r = 2848 in_i = 14105
178 : in_r = 27475 in_i = 19960
179 : in_r = 898 in_i = 24705
180 : in_r = 25512 in_i = 16722
181 : in_r = 8186 in_i = 18058
182 : in_r = 5723 in_i = 10872
183 : in_r = 1118 in_i = 29707
184 : in_r = 26439 in_i = 14356
185 : in_r = 32002 in_i = 32395
186 : in_r = 26846 in_i = 8228
187 : in_r = 15408 in_i = 14824
188 : in_r = 30611 in_i = 15653
189 : in_r = 10982 in_i = 26336
190 : in_r = 24547 in_i = 10798
191 : in_r = 21447 in_i = 18342
192 : in_r = 25763 in_i = 24296
193 : in_r = 32448 in_i = 20470
194 : in_r = 11489 in_i = 578
195 : in_r = 12408 in_i = 4233
196 : in_r = 17301 in_i = 20595
197 : in_r = 22292 in_i = 23024
198 : in_r = 31467 in_i = 23411
199 : in_r = 19964 in_i = 25138
200 : in_r = 4999 in_i = 19198
201 : in_r = 24766 in_i = 31846
202 : in_r = 27427 in_i = 7407
203 : in_r = 13902 in_i = 25270
204 : in_r = 23061 in_i = 24885
205 : in_r = 18839 in_i = 14840
206 : in_r = 2915 in_i = 7519
207 : in_r = 415 in_i = 28678
208 : in_r = 31816 in_i = 95
209 : in_r = 16381 in_i = 10537
210 : in_r = 674 in_i = 28790
211 : in_r = 14771 in_i = 17975
212 : in_r = 16617 in_i = 4295
213 : in_r = 8232 in_i = 15317
214 : in_r = 27706 in_i = 28196
215 : in_r = 7688 in_i = 32706
216 : in_r = 14627 in_i = 32454
217 : in_r = 31784 in_i = 9287
218 : in_r = 7093 in_i = 12919
219 : in_r = 1790 in_i = 30155
220 : in_r = 5036 in_i = 20630
221 : in_r = 12227 in_i = 7951
222 : in_r = 28149 in_i = 12643
223 : in_r = 3862 in_i = 27197
224 : in_r = 12738 in_i = 20244
225 : in_r = 4967 in_i = 13413
226 : in_r = 16267 in_i = 19738
227 : in_r = 31388 in_i = 117
228 : in_r = 24033 in_i = 6853
229 : in_r = 15434 in_i = 18972
230 : in_r = 2281 in_i = 23122
231 : in_r = 18911 in_i = 16909
232 : in_r = 22809 in_i = 17927
233 : in_r = 26197 in_i = 29903
234 : in_r = 30847 in_i = 27987
235 : in_r = 27290 in_i = 3115
236 : in_r = 15849 in_i = 6749
237 : in_r = 11067 in_i = 11231
238 : in_r = 19393 in_i = 14930
239 : in_r = 5661 in_i = 32132
240 : in_r = 2407 in_i = 10628
241 : in_r = 12777 in_i = 18674
242 : in_r = 30366 in_i = 11397
243 : in_r = 18791 in_i = 21632
244 : in_r = 18250 in_i = 1457
245 : in_r = 7837 in_i = 20532
246 : in_r = 24580 in_i = 26748
247 : in_r = 4674 in_i = 14621
248 : in_r = 11908 in_i = 30871
249 : in_r = 11756 in_i = 9987
250 : in_r = 26090 in_i = 6279
251 : in_r = 13103 in_i = 9172
252 : in_r = 13029 in_i = 24171
253 : in_r = 20403 in_i = 32422
254 : in_r = 6333 in_i = 26064
255 : in_r = 31786 in_i = 8740
in finished
WARNING: [SIM 212-201] RTL produces unknown value 'x' on portdata_out, possible cause: There are uninitialized variables in the C design.
WARNING: [SIM 212-201] RTL produces unknown value 'x' on portdata_out, possible cause: There are uninitialized variables in the C design.
WARNING: [SIM 212-201] RTL produces unknown value 'x' on portdata_out, possible cause: There are uninitialized variables in the C design.
WARNING: [SIM 212-201] RTL produces unknown value 'x' on portdata_out, possible cause: There are uninitialized variables in the C design.
WARNING: [SIM 212-201] RTL produces unknown value 'x' on portdata_out, possible cause: There are uninitialized variables in the C design.
WARNING: [SIM 212-201] RTL produces unknown value 'x' on portdata_out, possible cause: There are uninitialized variables in the C design.
WARNING: [SIM 212-201] RTL produces unknown value 'x' on portdata_out, possible cause: There are uninitialized variables in the C design.
WARNING: [SIM 212-201] RTL produces unknown value 'x' on portdata_out, possible cause: There are uninitialized variables in the C design.
WARNING: [SIM 212-201] RTL produces unknown value 'x' on portdata_out, possible cause: There are uninitialized variables in the C design.
WARNING: [SIM 212-201] RTL produces unknown value 'x' on portdata_out, possible cause: There are uninitialized variables in the C design.
WARNING: [SIM 212-201] RTL produces unknown value 'x' on portdata_out, possible cause: There are uninitialized variables in the C design.
WARNING: [SIM 212-201] RTL produces unknown value 'x' on portdata_out, possible cause: There are uninitialized variables in the C design.
WARNING: [SIM 212-201] RTL produces unknown value 'x' on portdata_out, possible cause: There are uninitialized variables in the C design.
WARNING: [SIM 212-201] RTL produces unknown value 'x' on portdata_out, possible cause: There are uninitialized variables in the C design.
WARNING: [SIM 212-201] RTL produces unknown value 'x' on portdata_out, possible cause: There are uninitialized variables in the C design.
WARNING: [SIM 212-201] RTL produces unknown value 'x' on portdata_out, possible cause: There are uninitialized variables in the C design.
WARNING: [SIM 212-201] RTL produces unknown value 'x' on portdata_out, possible cause: There are uninitialized variables in the C design.
WARNING: [SIM 212-201] RTL produces unknown value 'x' on portdata_out, possible cause: There are uninitialized variables in the C design.
WARNING: [SIM 212-201] RTL produces unknown value 'x' on portdata_out, possible cause: There are uninitialized variables in the C design.
WARNING: [SIM 212-201] RTL produces unknown value 'x' on portdata_out, possible cause: There are uninitialized variables in the C design.
WARNING: [SIM 212-201] RTL produces unknown value 'x' on portdata_out, possible cause: There are uninitialized variables in the C design.
WARNING: [SIM 212-201] RTL produces unknown value 'x' on portdata_out, possible cause: There are uninitialized variables in the C design.
WARNING: [SIM 212-201] RTL produces unknown value 'x' on portdata_out, possible cause: There are uninitialized variables in the C design.
WARNING: [SIM 212-201] RTL produces unknown value 'x' on portdata_out, possible cause: There are uninitialized variables in the C design.
WARNING: [SIM 212-201] RTL produces unknown value 'x' on portdata_out, possible cause: There are uninitialized variables in the C design.
WARNING: [SIM 212-201] RTL produces unknown value 'x' on portdata_out, possible cause: There are uninitialized variables in the C design.
WARNING: [SIM 212-201] RTL produces unknown value 'x' on portdata_out, possible cause: There are uninitialized variables in the C design.
WARNING: [SIM 212-201] RTL produces unknown value 'x' on portdata_out, possible cause: There are uninitialized variables in the C design.
WARNING: [SIM 212-201] RTL produces unknown value 'x' on portdata_out, possible cause: There are uninitialized variables in the C design.
WARNING: [SIM 212-201] RTL produces unknown value 'x' on portdata_out, possible cause: There are uninitialized variables in the C design.
WARNING: [SIM 212-201] RTL produces unknown value 'x' on portdata_out, possible cause: There are uninitialized variables in the C design.
WARNING: [SIM 212-201] RTL produces unknown value 'x' on portdata_out, possible cause: There are uninitialized variables in the C design.
WARNING: [SIM 212-201] RTL produces unknown value 'x' on portdata_out, possible cause: There are uninitialized variables in the C design.
WARNING: [SIM 212-201] RTL produces unknown value 'x' on portdata_out, possible cause: There are uninitialized variables in the C design.
WARNING: [SIM 212-201] RTL produces unknown value 'x' on portdata_out, possible cause: There are uninitialized variables in the C design.
WARNING: [SIM 212-201] RTL produces unknown value 'x' on portdata_out, possible cause: There are uninitialized variables in the C design.
WARNING: [SIM 212-201] RTL produces unknown value 'x' on portdata_out, possible cause: There are uninitialized variables in the C design.
WARNING: [SIM 212-201] RTL produces unknown value 'x' on portdata_out, possible cause: There are uninitialized variables in the C design.
WARNING: [SIM 212-201] RTL produces unknown value 'x' on portdata_out, possible cause: There are uninitialized variables in the C design.
WARNING: [SIM 212-201] RTL produces unknown value 'x' on portdata_out, possible cause: There are uninitialized variables in the C design.
WARNING: [SIM 212-201] RTL produces unknown value 'x' on portdata_out, possible cause: There are uninitialized variables in the C design.
WARNING: [SIM 212-201] RTL produces unknown value 'x' on portdata_out, possible cause: There are uninitialized variables in the C design.
WARNING: [SIM 212-201] RTL produces unknown value 'x' on portdata_out, possible cause: There are uninitialized variables in the C design.
WARNING: [SIM 212-201] RTL produces unknown value 'x' on portdata_out, possible cause: There are uninitialized variables in the C design.
WARNING: [SIM 212-201] RTL produces unknown value 'x' on portdata_out, possible cause: There are uninitialized variables in the C design.
WARNING: [SIM 212-201] RTL produces unknown value 'x' on portdata_out, possible cause: There are uninitialized variables in the C design.
WARNING: [SIM 212-201] RTL produces unknown value 'x' on portdata_out, possible cause: There are uninitialized variables in the C design.
WARNING: [SIM 212-201] RTL produces unknown value 'x' on portdata_out, possible cause: There are uninitialized variables in the C design.
WARNING: [SIM 212-201] RTL produces unknown value 'x' on portdata_out, possible cause: There are uninitialized variables in the C design.
WARNING: [SIM 212-201] RTL produces unknown value 'x' on portdata_out, possible cause: There are uninitialized variables in the C design.
WARNING: [SIM 212-201] RTL produces unknown value 'x' on portdata_out, possible cause: There are uninitialized variables in the C design.
WARNING: [SIM 212-201] RTL produces unknown value 'x' on portdata_out, possible cause: There are uninitialized variables in the C design.
WARNING: [SIM 212-201] RTL produces unknown value 'x' on portdata_out, possible cause: There are uninitialized variables in the C design.
WARNING: [SIM 212-201] RTL produces unknown value 'x' on portdata_out, possible cause: There are uninitialized variables in the C design.
WARNING: [SIM 212-201] RTL produces unknown value 'x' on portdata_out, possible cause: There are uninitialized variables in the C design.
WARNING: [SIM 212-201] RTL produces unknown value 'x' on portdata_out, possible cause: There are uninitialized variables in the C design.
WARNING: [SIM 212-201] RTL produces unknown value 'x' on portdata_out, possible cause: There are uninitialized variables in the C design.
WARNING: [SIM 212-201] RTL produces unknown value 'x' on portdata_out, possible cause: There are uninitialized variables in the C design.
WARNING: [SIM 212-201] RTL produces unknown value 'x' on portdata_out, possible cause: There are uninitialized variables in the C design.
WARNING: [SIM 212-201] RTL produces unknown value 'x' on portdata_out, possible cause: There are uninitialized variables in the C design.
WARNING: [SIM 212-201] RTL produces unknown value 'x' on portdata_out, possible cause: There are uninitialized variables in the C design.
WARNING: [SIM 212-201] RTL produces unknown value 'x' on portdata_out, possible cause: There are uninitialized variables in the C design.
WARNING: [SIM 212-201] RTL produces unknown value 'x' on portdata_out, possible cause: There are uninitialized variables in the C design.
WARNING: [SIM 212-201] RTL produces unknown value 'x' on portdata_out, possible cause: There are uninitialized variables in the C design.
WARNING: [SIM 212-201] RTL produces unknown value 'x' on portdata_out, possible cause: There are uninitialized variables in the C design.
WARNING: [SIM 212-201] RTL produces unknown value 'x' on portdata_out, possible cause: There are uninitialized variables in the C design.
WARNING: [SIM 212-201] RTL produces unknown value 'x' on portdata_out, possible cause: There are uninitialized variables in the C design.
WARNING: [SIM 212-201] RTL produces unknown value 'x' on portdata_out, possible cause: There are uninitialized variables in the C design.
WARNING: [SIM 212-201] RTL produces unknown value 'x' on portdata_out, possible cause: There are uninitialized variables in the C design.
WARNING: [SIM 212-201] RTL produces unknown value 'x' on portdata_out, possible cause: There are uninitialized variables in the C design.
WARNING: [SIM 212-201] RTL produces unknown value 'x' on portdata_out, possible cause: There are uninitialized variables in the C design.
WARNING: [SIM 212-201] RTL produces unknown value 'x' on portdata_out, possible cause: There are uninitialized variables in the C design.
WARNING: [SIM 212-201] RTL produces unknown value 'x' on portdata_out, possible cause: There are uninitialized variables in the C design.
WARNING: [SIM 212-201] RTL produces unknown value 'x' on portdata_out, possible cause: There are uninitialized variables in the C design.
WARNING: [SIM 212-201] RTL produces unknown value 'x' on portdata_out, possible cause: There are uninitialized variables in the C design.
WARNING: [SIM 212-201] RTL produces unknown value 'x' on portdata_out, possible cause: There are uninitialized variables in the C design.
WARNING: [SIM 212-201] RTL produces unknown value 'x' on portdata_out, possible cause: There are uninitialized variables in the C design.
WARNING: [SIM 212-201] RTL produces unknown value 'x' on portdata_out, possible cause: There are uninitialized variables in the C design.
WARNING: [SIM 212-201] RTL produces unknown value 'x' on portdata_out, possible cause: There are uninitialized variables in the C design.
WARNING: [SIM 212-201] RTL produces unknown value 'x' on portdata_out, possible cause: There are uninitialized variables in the C design.
WARNING: [SIM 212-201] RTL produces unknown value 'x' on portdata_out, possible cause: There are uninitialized variables in the C design.
WARNING: [SIM 212-201] RTL produces unknown value 'x' on portdata_out, possible cause: There are uninitialized variables in the C design.
WARNING: [SIM 212-201] RTL produces unknown value 'x' on portdata_out, possible cause: There are uninitialized variables in the C design.
WARNING: [SIM 212-201] RTL produces unknown value 'x' on portdata_out, possible cause: There are uninitialized variables in the C design.
WARNING: [SIM 212-201] RTL produces unknown value 'x' on portdata_out, possible cause: There are uninitialized variables in the C design.
WARNING: [SIM 212-201] RTL produces unknown value 'x' on portdata_out, possible cause: There are uninitialized variables in the C design.
WARNING: [SIM 212-201] RTL produces unknown value 'x' on portdata_out, possible cause: There are uninitialized variables in the C design.
WARNING: [SIM 212-201] RTL produces unknown value 'x' on portdata_out, possible cause: There are uninitialized variables in the C design.
WARNING: [SIM 212-201] RTL produces unknown value 'x' on portdata_out, possible cause: There are uninitialized variables in the C design.
WARNING: [SIM 212-201] RTL produces unknown value 'x' on portdata_out, possible cause: There are uninitialized variables in the C design.
WARNING: [SIM 212-201] RTL produces unknown value 'x' on portdata_out, possible cause: There are uninitialized variables in the C design.
WARNING: [SIM 212-201] RTL produces unknown value 'x' on portdata_out, possible cause: There are uninitialized variables in the C design.
WARNING: [SIM 212-201] RTL produces unknown value 'x' on portdata_out, possible cause: There are uninitialized variables in the C design.
WARNING: [SIM 212-201] RTL produces unknown value 'x' on portdata_out, possible cause: There are uninitialized variables in the C design.
WARNING: [SIM 212-201] RTL produces unknown value 'x' on portdata_out, possible cause: There are uninitialized variables in the C design.
WARNING: [SIM 212-201] RTL produces unknown value 'x' on portdata_out, possible cause: There are uninitialized variables in the C design.
WARNING: [SIM 212-201] RTL produces unknown value 'x' on portdata_out, possible cause: There are uninitialized variables in the C design.
WARNING: [SIM 212-201] RTL produces unknown value 'x' on portdata_out, possible cause: There are uninitialized variables in the C design.
WARNING: [SIM 212-201] RTL produces unknown value 'x' on portdata_out, possible cause: There are uninitialized variables in the C design.
WARNING: [SIM 212-201] RTL produces unknown value 'x' on portdata_out, possible cause: There are uninitialized variables in the C design.
WARNING: [SIM 212-201] RTL produces unknown value 'x' on portdata_out, possible cause: There are uninitialized variables in the C design.
WARNING: [SIM 212-201] RTL produces unknown value 'x' on portdata_out, possible cause: There are uninitialized variables in the C design.
WARNING: [SIM 212-201] RTL produces unknown value 'x' on portdata_out, possible cause: There are uninitialized variables in the C design.
WARNING: [SIM 212-201] RTL produces unknown value 'x' on portdata_out, possible cause: There are uninitialized variables in the C design.
WARNING: [SIM 212-201] RTL produces unknown value 'x' on portdata_out, possible cause: There are uninitialized variables in the C design.
WARNING: [SIM 212-201] RTL produces unknown value 'x' on portdata_out, possible cause: There are uninitialized variables in the C design.
WARNING: [SIM 212-201] RTL produces unknown value 'x' on portdata_out, possible cause: There are uninitialized variables in the C design.
WARNING: [SIM 212-201] RTL produces unknown value 'x' on portdata_out, possible cause: There are uninitialized variables in the C design.
WARNING: [SIM 212-201] RTL produces unknown value 'x' on portdata_out, possible cause: There are uninitialized variables in the C design.
WARNING: [SIM 212-201] RTL produces unknown value 'x' on portdata_out, possible cause: There are uninitialized variables in the C design.
WARNING: [SIM 212-201] RTL produces unknown value 'x' on portdata_out, possible cause: There are uninitialized variables in the C design.
WARNING: [SIM 212-201] RTL produces unknown value 'x' on portdata_out, possible cause: There are uninitialized variables in the C design.
WARNING: [SIM 212-201] RTL produces unknown value 'x' on portdata_out, possible cause: There are uninitialized variables in the C design.
WARNING: [SIM 212-201] RTL produces unknown value 'x' on portdata_out, possible cause: There are uninitialized variables in the C design.
WARNING: [SIM 212-201] RTL produces unknown value 'x' on portdata_out, possible cause: There are uninitialized variables in the C design.
WARNING: [SIM 212-201] RTL produces unknown value 'x' on portdata_out, possible cause: There are uninitialized variables in the C design.
WARNING: [SIM 212-201] RTL produces unknown value 'x' on portdata_out, possible cause: There are uninitialized variables in the C design.
WARNING: [SIM 212-201] RTL produces unknown value 'x' on portdata_out, possible cause: There are uninitialized variables in the C design.
WARNING: [SIM 212-201] RTL produces unknown value 'x' on portdata_out, possible cause: There are uninitialized variables in the C design.
WARNING: [SIM 212-201] RTL produces unknown value 'x' on portdata_out, possible cause: There are uninitialized variables in the C design.
WARNING: [SIM 212-201] RTL produces unknown value 'x' on portdata_out, possible cause: There are uninitialized variables in the C design.
WARNING: [SIM 212-201] RTL produces unknown value 'x' on portdata_out, possible cause: There are uninitialized variables in the C design.
WARNING: [SIM 212-201] RTL produces unknown value 'x' on portdata_out, possible cause: There are uninitialized variables in the C design.
WARNING: [SIM 212-201] RTL produces unknown value 'x' on portdata_out, possible cause: There are uninitialized variables in the C design.
WARNING: [SIM 212-201] RTL produces unknown value 'x' on portdata_out, possible cause: There are uninitialized variables in the C design.
WARNING: [SIM 212-201] RTL produces unknown value 'x' on portdata_out, possible cause: There are uninitialized variables in the C design.
WARNING: [SIM 212-201] RTL produces unknown value 'x' on portdata_out, possible cause: There are uninitialized variables in the C design.
WARNING: [SIM 212-201] RTL produces unknown value 'x' on portdata_out, possible cause: There are uninitialized variables in the C design.
WARNING: [SIM 212-201] RTL produces unknown value 'x' on portdata_out, possible cause: There are uninitialized variables in the C design.
WARNING: [SIM 212-201] RTL produces unknown value 'x' on portdata_out, possible cause: There are uninitialized variables in the C design.
WARNING: [SIM 212-201] RTL produces unknown value 'x' on portdata_out, possible cause: There are uninitialized variables in the C design.
WARNING: [SIM 212-201] RTL produces unknown value 'x' on portdata_out, possible cause: There are uninitialized variables in the C design.
WARNING: [SIM 212-201] RTL produces unknown value 'x' on portdata_out, possible cause: There are uninitialized variables in the C design.
WARNING: [SIM 212-201] RTL produces unknown value 'x' on portdata_out, possible cause: There are uninitialized variables in the C design.
WARNING: [SIM 212-201] RTL produces unknown value 'x' on portdata_out, possible cause: There are uninitialized variables in the C design.
WARNING: [SIM 212-201] RTL produces unknown value 'x' on portdata_out, possible cause: There are uninitialized variables in the C design.
WARNING: [SIM 212-201] RTL produces unknown value 'x' on portdata_out, possible cause: There are uninitialized variables in the C design.
WARNING: [SIM 212-201] RTL produces unknown value 'x' on portdata_out, possible cause: There are uninitialized variables in the C design.
WARNING: [SIM 212-201] RTL produces unknown value 'x' on portdata_out, possible cause: There are uninitialized variables in the C design.
WARNING: [SIM 212-201] RTL produces unknown value 'x' on portdata_out, possible cause: There are uninitialized variables in the C design.
WARNING: [SIM 212-201] RTL produces unknown value 'x' on portdata_out, possible cause: There are uninitialized variables in the C design.
WARNING: [SIM 212-201] RTL produces unknown value 'x' on portdata_out, possible cause: There are uninitialized variables in the C design.
WARNING: [SIM 212-201] RTL produces unknown value 'x' on portdata_out, possible cause: There are uninitialized variables in the C design.
WARNING: [SIM 212-201] RTL produces unknown value 'x' on portdata_out, possible cause: There are uninitialized variables in the C design.
WARNING: [SIM 212-201] RTL produces unknown value 'x' on portdata_out, possible cause: There are uninitialized variables in the C design.
WARNING: [SIM 212-201] RTL produces unknown value 'x' on portdata_out, possible cause: There are uninitialized variables in the C design.
WARNING: [SIM 212-201] RTL produces unknown value 'x' on portdata_out, possible cause: There are uninitialized variables in the C design.
WARNING: [SIM 212-201] RTL produces unknown value 'x' on portdata_out, possible cause: There are uninitialized variables in the C design.
WARNING: [SIM 212-201] RTL produces unknown value 'x' on portdata_out, possible cause: There are uninitialized variables in the C design.
WARNING: [SIM 212-201] RTL produces unknown value 'x' on portdata_out, possible cause: There are uninitialized variables in the C design.
WARNING: [SIM 212-201] RTL produces unknown value 'x' on portdata_out, possible cause: There are uninitialized variables in the C design.
WARNING: [SIM 212-201] RTL produces unknown value 'x' on portdata_out, possible cause: There are uninitialized variables in the C design.
WARNING: [SIM 212-201] RTL produces unknown value 'x' on portdata_out, possible cause: There are uninitialized variables in the C design.
WARNING: [SIM 212-201] RTL produces unknown value 'x' on portdata_out, possible cause: There are uninitialized variables in the C design.
WARNING: [SIM 212-201] RTL produces unknown value 'x' on portdata_out, possible cause: There are uninitialized variables in the C design.
WARNING: [SIM 212-201] RTL produces unknown value 'x' on portdata_out, possible cause: There are uninitialized variables in the C design.
WARNING: [SIM 212-201] RTL produces unknown value 'x' on portdata_out, possible cause: There are uninitialized variables in the C design.
WARNING: [SIM 212-201] RTL produces unknown value 'x' on portdata_out, possible cause: There are uninitialized variables in the C design.
WARNING: [SIM 212-201] RTL produces unknown value 'x' on portdata_out, possible cause: There are uninitialized variables in the C design.
WARNING: [SIM 212-201] RTL produces unknown value 'x' on portdata_out, possible cause: There are uninitialized variables in the C design.
WARNING: [SIM 212-201] RTL produces unknown value 'x' on portdata_out, possible cause: There are uninitialized variables in the C design.
WARNING: [SIM 212-201] RTL produces unknown value 'x' on portdata_out, possible cause: There are uninitialized variables in the C design.
WARNING: [SIM 212-201] RTL produces unknown value 'x' on portdata_out, possible cause: There are uninitialized variables in the C design.
WARNING: [SIM 212-201] RTL produces unknown value 'x' on portdata_out, possible cause: There are uninitialized variables in the C design.
WARNING: [SIM 212-201] RTL produces unknown value 'x' on portdata_out, possible cause: There are uninitialized variables in the C design.
WARNING: [SIM 212-201] RTL produces unknown value 'x' on portdata_out, possible cause: There are uninitialized variables in the C design.
WARNING: [SIM 212-201] RTL produces unknown value 'x' on portdata_out, possible cause: There are uninitialized variables in the C design.
WARNING: [SIM 212-201] RTL produces unknown value 'x' on portdata_out, possible cause: There are uninitialized variables in the C design.
WARNING: [SIM 212-201] RTL produces unknown value 'x' on portdata_out, possible cause: There are uninitialized variables in the C design.
WARNING: [SIM 212-201] RTL produces unknown value 'x' on portdata_out, possible cause: There are uninitialized variables in the C design.
WARNING: [SIM 212-201] RTL produces unknown value 'x' on portdata_out, possible cause: There are uninitialized variables in the C design.
WARNING: [SIM 212-201] RTL produces unknown value 'x' on portdata_out, possible cause: There are uninitialized variables in the C design.
WARNING: [SIM 212-201] RTL produces unknown value 'x' on portdata_out, possible cause: There are uninitialized variables in the C design.
WARNING: [SIM 212-201] RTL produces unknown value 'x' on portdata_out, possible cause: There are uninitialized variables in the C design.
WARNING: [SIM 212-201] RTL produces unknown value 'x' on portdata_out, possible cause: There are uninitialized variables in the C design.
WARNING: [SIM 212-201] RTL produces unknown value 'x' on portdata_out, possible cause: There are uninitialized variables in the C design.
WARNING: [SIM 212-201] RTL produces unknown value 'x' on portdata_out, possible cause: There are uninitialized variables in the C design.
WARNING: [SIM 212-201] RTL produces unknown value 'x' on portdata_out, possible cause: There are uninitialized variables in the C design.
WARNING: [SIM 212-201] RTL produces unknown value 'x' on portdata_out, possible cause: There are uninitialized variables in the C design.
WARNING: [SIM 212-201] RTL produces unknown value 'x' on portdata_out, possible cause: There are uninitialized variables in the C design.
WARNING: [SIM 212-201] RTL produces unknown value 'x' on portdata_out, possible cause: There are uninitialized variables in the C design.
WARNING: [SIM 212-201] RTL produces unknown value 'x' on portdata_out, possible cause: There are uninitialized variables in the C design.
WARNING: [SIM 212-201] RTL produces unknown value 'x' on portdata_out, possible cause: There are uninitialized variables in the C design.
WARNING: [SIM 212-201] RTL produces unknown value 'x' on portdata_out, possible cause: There are uninitialized variables in the C design.
WARNING: [SIM 212-201] RTL produces unknown value 'x' on portdata_out, possible cause: There are uninitialized variables in the C design.
WARNING: [SIM 212-201] RTL produces unknown value 'x' on portdata_out, possible cause: There are uninitialized variables in the C design.
WARNING: [SIM 212-201] RTL produces unknown value 'x' on portdata_out, possible cause: There are uninitialized variables in the C design.
WARNING: [SIM 212-201] RTL produces unknown value 'x' on portdata_out, possible cause: There are uninitialized variables in the C design.
WARNING: [SIM 212-201] RTL produces unknown value 'x' on portdata_out, possible cause: There are uninitialized variables in the C design.
WARNING: [SIM 212-201] RTL produces unknown value 'x' on portdata_out, possible cause: There are uninitialized variables in the C design.
WARNING: [SIM 212-201] RTL produces unknown value 'x' on portdata_out, possible cause: There are uninitialized variables in the C design.
WARNING: [SIM 212-201] RTL produces unknown value 'x' on portdata_out, possible cause: There are uninitialized variables in the C design.
WARNING: [SIM 212-201] RTL produces unknown value 'x' on portdata_out, possible cause: There are uninitialized variables in the C design.
WARNING: [SIM 212-201] RTL produces unknown value 'x' on portdata_out, possible cause: There are uninitialized variables in the C design.
WARNING: [SIM 212-201] RTL produces unknown value 'x' on portdata_out, possible cause: There are uninitialized variables in the C design.
WARNING: [SIM 212-201] RTL produces unknown value 'x' on portdata_out, possible cause: There are uninitialized variables in the C design.
WARNING: [SIM 212-201] RTL produces unknown value 'x' on portdata_out, possible cause: There are uninitialized variables in the C design.
WARNING: [SIM 212-201] RTL produces unknown value 'x' on portdata_out, possible cause: There are uninitialized variables in the C design.
WARNING: [SIM 212-201] RTL produces unknown value 'x' on portdata_out, possible cause: There are uninitialized variables in the C design.
WARNING: [SIM 212-201] RTL produces unknown value 'x' on portdata_out, possible cause: There are uninitialized variables in the C design.
WARNING: [SIM 212-201] RTL produces unknown value 'x' on portdata_out, possible cause: There are uninitialized variables in the C design.
WARNING: [SIM 212-201] RTL produces unknown value 'x' on portdata_out, possible cause: There are uninitialized variables in the C design.
WARNING: [SIM 212-201] RTL produces unknown value 'x' on portdata_out, possible cause: There are uninitialized variables in the C design.
WARNING: [SIM 212-201] RTL produces unknown value 'x' on portdata_out, possible cause: There are uninitialized variables in the C design.
WARNING: [SIM 212-201] RTL produces unknown value 'x' on portdata_out, possible cause: There are uninitialized variables in the C design.
WARNING: [SIM 212-201] RTL produces unknown value 'x' on portdata_out, possible cause: There are uninitialized variables in the C design.
WARNING: [SIM 212-201] RTL produces unknown value 'x' on portdata_out, possible cause: There are uninitialized variables in the C design.
WARNING: [SIM 212-201] RTL produces unknown value 'x' on portdata_out, possible cause: There are uninitialized variables in the C design.
WARNING: [SIM 212-201] RTL produces unknown value 'x' on portdata_out, possible cause: There are uninitialized variables in the C design.
WARNING: [SIM 212-201] RTL produces unknown value 'x' on portdata_out, possible cause: There are uninitialized variables in the C design.
WARNING: [SIM 212-201] RTL produces unknown value 'x' on portdata_out, possible cause: There are uninitialized variables in the C design.
WARNING: [SIM 212-201] RTL produces unknown value 'x' on portdata_out, possible cause: There are uninitialized variables in the C design.
WARNING: [SIM 212-201] RTL produces unknown value 'x' on portdata_out, possible cause: There are uninitialized variables in the C design.
WARNING: [SIM 212-201] RTL produces unknown value 'x' on portdata_out, possible cause: There are uninitialized variables in the C design.
WARNING: [SIM 212-201] RTL produces unknown value 'x' on portdata_out, possible cause: There are uninitialized variables in the C design.
WARNING: [SIM 212-201] RTL produces unknown value 'x' on portdata_out, possible cause: There are uninitialized variables in the C design.
WARNING: [SIM 212-201] RTL produces unknown value 'x' on portdata_out, possible cause: There are uninitialized variables in the C design.
WARNING: [SIM 212-201] RTL produces unknown value 'x' on portdata_out, possible cause: There are uninitialized variables in the C design.
WARNING: [SIM 212-201] RTL produces unknown value 'x' on portdata_out, possible cause: There are uninitialized variables in the C design.
WARNING: [SIM 212-201] RTL produces unknown value 'x' on portdata_out, possible cause: There are uninitialized variables in the C design.
WARNING: [SIM 212-201] RTL produces unknown value 'x' on portdata_out, possible cause: There are uninitialized variables in the C design.
WARNING: [SIM 212-201] RTL produces unknown value 'x' on portdata_out, possible cause: There are uninitialized variables in the C design.
WARNING: [SIM 212-201] RTL produces unknown value 'x' on portdata_out, possible cause: There are uninitialized variables in the C design.
WARNING: [SIM 212-201] RTL produces unknown value 'x' on portdata_out, possible cause: There are uninitialized variables in the C design.
WARNING: [SIM 212-201] RTL produces unknown value 'x' on portdata_out, possible cause: There are uninitialized variables in the C design.
WARNING: [SIM 212-201] RTL produces unknown value 'x' on portdata_out, possible cause: There are uninitialized variables in the C design.
WARNING: [SIM 212-201] RTL produces unknown value 'x' on portdata_out, possible cause: There are uninitialized variables in the C design.
WARNING: [SIM 212-201] RTL produces unknown value 'x' on portdata_out, possible cause: There are uninitialized variables in the C design.
WARNING: [SIM 212-201] RTL produces unknown value 'x' on portdata_out, possible cause: There are uninitialized variables in the C design.
WARNING: [SIM 212-201] RTL produces unknown value 'x' on portdata_out, possible cause: There are uninitialized variables in the C design.
WARNING: [SIM 212-201] RTL produces unknown value 'x' on portdata_out, possible cause: There are uninitialized variables in the C design.
WARNING: [SIM 212-201] RTL produces unknown value 'x' on portdata_out, possible cause: There are uninitialized variables in the C design.
WARNING: [SIM 212-201] RTL produces unknown value 'x' on portdata_out, possible cause: There are uninitialized variables in the C design.
WARNING: [SIM 212-201] RTL produces unknown value 'x' on portdata_out, possible cause: There are uninitialized variables in the C design.
WARNING: [SIM 212-201] RTL produces unknown value 'x' on portdata_out, possible cause: There are uninitialized variables in the C design.
WARNING: [SIM 212-201] RTL produces unknown value 'x' on portdata_out, possible cause: There are uninitialized variables in the C design.
WARNING: [SIM 212-201] RTL produces unknown value 'x' on portdata_out, possible cause: There are uninitialized variables in the C design.
WARNING: [SIM 212-201] RTL produces unknown value 'x' on portdata_out, possible cause: There are uninitialized variables in the C design.
WARNING: [SIM 212-201] RTL produces unknown value 'x' on portdata_out, possible cause: There are uninitialized variables in the C design.
WARNING: [SIM 212-201] RTL produces unknown value 'x' on portdata_out, possible cause: There are uninitialized variables in the C design.
WARNING: [SIM 212-201] RTL produces unknown value 'x' on portdata_out, possible cause: There are uninitialized variables in the C design.
WARNING: [SIM 212-201] RTL produces unknown value 'x' on portdata_out, possible cause: There are uninitialized variables in the C design.
WARNING: [SIM 212-201] RTL produces unknown value 'x' on portdata_out, possible cause: There are uninitialized variables in the C design.
WARNING: [SIM 212-201] RTL produces unknown value 'x' on portdata_out, possible cause: There are uninitialized variables in the C design.
WARNING: [SIM 212-201] RTL produces unknown value 'x' on portdata_out, possible cause: There are uninitialized variables in the C design.
WARNING: [SIM 212-201] RTL produces unknown value 'x' on portdata_out, possible cause: There are uninitialized variables in the C design.
WARNING: [SIM 212-201] RTL produces unknown value 'x' on portdata_out, possible cause: There are uninitialized variables in the C design.
WARNING: [SIM 212-201] RTL produces unknown value 'x' on portdata_out, possible cause: There are uninitialized variables in the C design.
WARNING: [SIM 212-201] RTL produces unknown value 'x' on portdata_out, possible cause: There are uninitialized variables in the C design.
WARNING: [SIM 212-201] RTL produces unknown value 'x' on portdata_out, possible cause: There are uninitialized variables in the C design.
WARNING: [SIM 212-201] RTL produces unknown value 'x' on portdata_out, possible cause: There are uninitialized variables in the C design.
WARNING: [SIM 212-201] RTL produces unknown value 'x' on portdata_out, possible cause: There are uninitialized variables in the C design.
WARNING: [SIM 212-201] RTL produces unknown value 'x' on portdata_out, possible cause: There are uninitialized variables in the C design.
WARNING: [SIM 212-201] RTL produces unknown value 'x' on portdata_out, possible cause: There are uninitialized variables in the C design.
WARNING: [SIM 212-201] RTL produces unknown value 'x' on portdata_out, possible cause: There are uninitialized variables in the C design.
WARNING: [SIM 212-201] RTL produces unknown value 'x' on portdata_out, possible cause: There are uninitialized variables in the C design.
WARNING: [SIM 212-201] RTL produces unknown value 'x' on portdata_out, possible cause: There are uninitialized variables in the C design.
WARNING: [SIM 212-201] RTL produces unknown value 'x' on portdata_out, possible cause: There are uninitialized variables in the C design.
WARNING: [SIM 212-201] RTL produces unknown value 'x' on portdata_out, possible cause: There are uninitialized variables in the C design.
WARNING: [SIM 212-201] RTL produces unknown value 'x' on portdata_out, possible cause: There are uninitialized variables in the C design.
WARNING: [SIM 212-201] RTL produces unknown value 'x' on portdata_out, possible cause: There are uninitialized variables in the C design.
WARNING: [SIM 212-201] RTL produces unknown value 'x' on portdata_out, possible cause: There are uninitialized variables in the C design.
WARNING: [SIM 212-201] RTL produces unknown value 'x' on portdata_out, possible cause: There are uninitialized variables in the C design.
WARNING: [SIM 212-201] RTL produces unknown value 'x' on portdata_out, possible cause: There are uninitialized variables in the C design.
WARNING: [SIM 212-201] RTL produces unknown value 'x' on portdata_out, possible cause: There are uninitialized variables in the C design.
WARNING: [SIM 212-201] RTL produces unknown value 'x' on portdata_out, possible cause: There are uninitialized variables in the C design.
WARNING: [SIM 212-201] RTL produces unknown value 'x' on portdata_out, possible cause: There are uninitialized variables in the C design.
WARNING: [SIM 212-201] RTL produces unknown value 'x' on portdata_out, possible cause: There are uninitialized variables in the C design.
WARNING: [SIM 212-201] RTL produces unknown value 'x' on portdata_out, possible cause: There are uninitialized variables in the C design.
WARNING: [SIM 212-201] RTL produces unknown value 'x' on portdata_out, possible cause: There are uninitialized variables in the C design.
WARNING: [SIM 212-201] RTL produces unknown value 'x' on portdata_out, possible cause: There are uninitialized variables in the C design.
WARNING: [SIM 212-201] RTL produces unknown value 'x' on portdata_out, possible cause: There are uninitialized variables in the C design.
WARNING: [SIM 212-201] RTL produces unknown value 'x' on portdata_out, possible cause: There are uninitialized variables in the C design.
WARNING: [SIM 212-201] RTL produces unknown value 'x' on portdata_out, possible cause: There are uninitialized variables in the C design.
WARNING: [SIM 212-201] RTL produces unknown value 'x' on portdata_out, possible cause: There are uninitialized variables in the C design.
WARNING: [SIM 212-201] RTL produces unknown value 'x' on portdata_out, possible cause: There are uninitialized variables in the C design.
WARNING: [SIM 212-201] RTL produces unknown value 'x' on portdata_out, possible cause: There are uninitialized variables in the C design.
WARNING: [SIM 212-201] RTL produces unknown value 'x' on portdata_out, possible cause: There are uninitialized variables in the C design.
WARNING: [SIM 212-201] RTL produces unknown value 'x' on portdata_out, possible cause: There are uninitialized variables in the C design.
WARNING: [SIM 212-201] RTL produces unknown value 'x' on portdata_out, possible cause: There are uninitialized variables in the C design.
WARNING: [SIM 212-201] RTL produces unknown value 'x' on portdata_out, possible cause: There are uninitialized variables in the C design.
WARNING: [SIM 212-201] RTL produces unknown value 'x' on portdata_out, possible cause: There are uninitialized variables in the C design.
WARNING: [SIM 212-201] RTL produces unknown value 'x' on portdata_out, possible cause: There are uninitialized variables in the C design.
WARNING: [SIM 212-201] RTL produces unknown value 'x' on portdata_out, possible cause: There are uninitialized variables in the C design.
WARNING: [SIM 212-201] RTL produces unknown value 'x' on portdata_out, possible cause: There are uninitialized variables in the C design.
WARNING: [SIM 212-201] RTL produces unknown value 'x' on portdata_out, possible cause: There are uninitialized variables in the C design.
WARNING: [SIM 212-201] RTL produces unknown value 'x' on portdata_out, possible cause: There are uninitialized variables in the C design.
WARNING: [SIM 212-201] RTL produces unknown value 'x' on portdata_out, possible cause: There are uninitialized variables in the C design.
WARNING: [SIM 212-201] RTL produces unknown value 'x' on portdata_out, possible cause: There are uninitialized variables in the C design.
WARNING: [SIM 212-201] RTL produces unknown value 'x' on portdata_out, possible cause: There are uninitialized variables in the C design.
WARNING: [SIM 212-201] RTL produces unknown value 'x' on portdata_out, possible cause: There are uninitialized variables in the C design.
WARNING: [SIM 212-201] RTL produces unknown value 'x' on portdata_out, possible cause: There are uninitialized variables in the C design.
WARNING: [SIM 212-201] RTL produces unknown value 'x' on portdata_out, possible cause: There are uninitialized variables in the C design.
WARNING: [SIM 212-201] RTL produces unknown value 'x' on portdata_out, possible cause: There are uninitialized variables in the C design.
WARNING: [SIM 212-201] RTL produces unknown value 'x' on portdata_out, possible cause: There are uninitialized variables in the C design.
WARNING: [SIM 212-201] RTL produces unknown value 'x' on portdata_out, possible cause: There are uninitialized variables in the C design.
WARNING: [SIM 212-201] RTL produces unknown value 'x' on portdata_out, possible cause: There are uninitialized variables in the C design.
WARNING: [SIM 212-201] RTL produces unknown value 'x' on portdata_out, possible cause: There are uninitialized variables in the C design.
WARNING: [SIM 212-201] RTL produces unknown value 'x' on portdata_out, possible cause: There are uninitialized variables in the C design.
WARNING: [SIM 212-201] RTL produces unknown value 'x' on portdata_out, possible cause: There are uninitialized variables in the C design.
WARNING: [SIM 212-201] RTL produces unknown value 'x' on portdata_out, possible cause: There are uninitialized variables in the C design.
WARNING: [SIM 212-201] RTL produces unknown value 'x' on portdata_out, possible cause: There are uninitialized variables in the C design.
WARNING: [SIM 212-201] RTL produces unknown value 'x' on portdata_out, possible cause: There are uninitialized variables in the C design.
WARNING: [SIM 212-201] RTL produces unknown value 'x' on portdata_out, possible cause: There are uninitialized variables in the C design.
WARNING: [SIM 212-201] RTL produces unknown value 'x' on portdata_out, possible cause: There are uninitialized variables in the C design.
WARNING: [SIM 212-201] RTL produces unknown value 'x' on portdata_out, possible cause: There are uninitialized variables in the C design.
WARNING: [SIM 212-201] RTL produces unknown value 'x' on portdata_out, possible cause: There are uninitialized variables in the C design.
WARNING: [SIM 212-201] RTL produces unknown value 'x' on portdata_out, possible cause: There are uninitialized variables in the C design.
WARNING: [SIM 212-201] RTL produces unknown value 'x' on portdata_out, possible cause: There are uninitialized variables in the C design.
WARNING: [SIM 212-201] RTL produces unknown value 'x' on portdata_out, possible cause: There are uninitialized variables in the C design.
WARNING: [SIM 212-201] RTL produces unknown value 'x' on portdata_out, possible cause: There are uninitialized variables in the C design.
WARNING: [SIM 212-201] RTL produces unknown value 'x' on portdata_out, possible cause: There are uninitialized variables in the C design.
WARNING: [SIM 212-201] RTL produces unknown value 'x' on portdata_out, possible cause: There are uninitialized variables in the C design.
WARNING: [SIM 212-201] RTL produces unknown value 'x' on portdata_out, possible cause: There are uninitialized variables in the C design.
WARNING: [SIM 212-201] RTL produces unknown value 'x' on portdata_out, possible cause: There are uninitialized variables in the C design.
WARNING: [SIM 212-201] RTL produces unknown value 'x' on portdata_out, possible cause: There are uninitialized variables in the C design.
WARNING: [SIM 212-201] RTL produces unknown value 'x' on portdata_out, possible cause: There are uninitialized variables in the C design.
WARNING: [SIM 212-201] RTL produces unknown value 'x' on portdata_out, possible cause: There are uninitialized variables in the C design.
WARNING: [SIM 212-201] RTL produces unknown value 'x' on portdata_out, possible cause: There are uninitialized variables in the C design.
WARNING: [SIM 212-201] RTL produces unknown value 'x' on portdata_out, possible cause: There are uninitialized variables in the C design.
index : 0
biased : 0
out finished
------------------------
0 : out_r = 9598 out_i = 20979
1 : out_r = 544 out_i = 19407
2 : out_r = 17882 out_i = 2250
3 : out_r = 28768 out_i = 22448
4 : out_r = 708 out_i = 11918
5 : out_r = 209 out_i = 3426
6 : out_r = 26479 out_i = 10958
7 : out_r = 29781 out_i = 21622
8 : out_r = 21361 out_i = 7524
9 : out_r = 26918 out_i = 2054
10 : out_r = 2503 out_i = 2364
11 : out_r = 7498 out_i = 28538
12 : out_r = 22043 out_i = 11215
13 : out_r = 30576 out_i = 25798
14 : out_r = 20133 out_i = 18668
15 : out_r = 9073 out_i = 29731
16 : out_r = 6879 out_i = 9617
17 : out_r = 16371 out_i = 24762
18 : out_r = 11868 out_i = 12371
19 : out_r = 14442 out_i = 12576
20 : out_r = 24290 out_i = 14652
21 : out_r = 16003 out_i = 18001
22 : out_r = 25610 out_i = 13016
23 : out_r = 6855 out_i = 14204
24 : out_r = 20541 out_i = 1005
25 : out_r = 16258 out_i = 23044
26 : out_r = 3370 out_i = 23757
27 : out_r = 18815 out_i = 25413
28 : out_r = 2204 out_i = 16624
29 : out_r = 18444 out_i = 22338
30 : out_r = 2524 out_i = 27518
31 : out_r = 19302 out_i = 9404
32 : out_r = 4368 out_i = 2905
33 : out_r = 1399 out_i = 16236
34 : out_r = 15277 out_i = 15841
35 : out_r = 28813 out_i = 6800
36 : out_r = 30494 out_i = 12049
37 : out_r = 24801 out_i = 23337
38 : out_r = 25066 out_i = 31657
39 : out_r = 4773 out_i = 12839
40 : out_r = 32663 out_i = 21032
41 : out_r = 3116 out_i = 3265
42 : out_r = 12021 out_i = 21932
43 : out_r = 28679 out_i = 14226
44 : out_r = 5788 out_i = 14355
45 : out_r = 3797 out_i = 8313
46 : out_r = 9105 out_i = 23099
47 : out_r = 17717 out_i = 13474
48 : out_r = 26004 out_i = 19116
49 : out_r = 29710 out_i = 8514
50 : out_r = 2190 out_i = 25756
51 : out_r = 15314 out_i = 32685
52 : out_r = 5037 out_i = 7348
53 : out_r = 23254 out_i = 30103
54 : out_r = 6237 out_i = 28028
55 : out_r = 10174 out_i = 6132
56 : out_r = 16293 out_i = 13291
57 : out_r = 9398 out_i = 28314
58 : out_r = 2455 out_i = 5309
59 : out_r = 9773 out_i = 8243
60 : out_r = 19665 out_i = 13570
61 : out_r = 16556 out_i = 28771
62 : out_r = 3901 out_i = 1506
63 : out_r = 9477 out_i = 29906
64 : out_r = 20622 out_i = 6419
65 : out_r = 5653 out_i = 22813
66 : out_r = 32176 out_i = 20967
67 : out_r = 22730 out_i = 4445
68 : out_r = 28315 out_i = 13216
69 : out_r = 1781 out_i = 1784
70 : out_r = 8477 out_i = 11956
71 : out_r = 7917 out_i = 24770
72 : out_r = 25247 out_i = 17316
73 : out_r = 20317 out_i = 27703
74 : out_r = 22625 out_i = 30090
75 : out_r = 3178 out_i = 9522
76 : out_r = 10893 out_i = 19734
77 : out_r = 5525 out_i = 14794
78 : out_r = 21240 out_i = 15002
79 : out_r = 11933 out_i = 9095
80 : out_r = 21422 out_i = 17586
81 : out_r = 31909 out_i = 20831
82 : out_r = 5786 out_i = 21871
83 : out_r = 25277 out_i = 1333
84 : out_r = 2320 out_i = 27058
85 : out_r = 3118 out_i = 10797
86 : out_r = 6247 out_i = 11036
87 : out_r = 2799 out_i = 31495
88 : out_r = 28352 out_i = 23117
89 : out_r = 26430 out_i = 18210
90 : out_r = 20439 out_i = 29608
91 : out_r = 27732 out_i = 31332
92 : out_r = 16575 out_i = 490
93 : out_r = 13359 out_i = 5048
94 : out_r = 15493 out_i = 25293
95 : out_r = 14143 out_i = 4148
96 : out_r = 10112 out_i = 13284
97 : out_r = 24979 out_i = 15898
98 : out_r = 2388 out_i = 17488
99 : out_r = 17232 out_i = 4709
100 : out_r = 11779 out_i = 20350
101 : out_r = 15506 out_i = 18027
102 : out_r = 31387 out_i = 18306
103 : out_r = 16754 out_i = 26971
104 : out_r = 8655 out_i = 10416
105 : out_r = 12413 out_i = 29095
106 : out_r = 7257 out_i = 7378
107 : out_r = 27660 out_i = 23832
108 : out_r = 7869 out_i = 8252
109 : out_r = 28880 out_i = 23362
110 : out_r = 777 out_i = 10256
111 : out_r = 27510 out_i = 10889
112 : out_r = 23541 out_i = 19722
113 : out_r = 26788 out_i = 25929
114 : out_r = 4443 out_i = 11252
115 : out_r = 30639 out_i = 16222
116 : out_r = 31603 out_i = 13377
117 : out_r = 1482 out_i = 30222
118 : out_r = 31684 out_i = 18236
119 : out_r = 24426 out_i = 7572
120 : out_r = 28653 out_i = 4072
121 : out_r = 3900 out_i = 3142
122 : out_r = 11451 out_i = 31560
123 : out_r = 26975 out_i = 19320
124 : out_r = 7044 out_i = 23088
125 : out_r = 9914 out_i = 7821
126 : out_r = 576 out_i = 4657
127 : out_r = 18711 out_i = 24118
128 : out_r = 24380 out_i = 12731
129 : out_r = 17280 out_i = 28823
130 : out_r = 23983 out_i = 15151
131 : out_r = 12278 out_i = 22818
132 : out_r = 28529 out_i = 13760
133 : out_r = 20273 out_i = 27445
134 : out_r = 31996 out_i = 11931
135 : out_r = 2250 out_i = 27882
136 : out_r = 16004 out_i = 6150
137 : out_r = 31024 out_i = 27455
138 : out_r = 4942 out_i = 25232
139 : out_r = 14007 out_i = 11987
140 : out_r = 15552 out_i = 23922
141 : out_r = 19809 out_i = 16129
142 : out_r = 28580 out_i = 5752
143 : out_r = 7479 out_i = 20192
144 : out_r = 18484 out_i = 24760
145 : out_r = 16247 out_i = 9700
146 : out_r = 7143 out_i = 28525
147 : out_r = 32519 out_i = 2904
148 : out_r = 9517 out_i = 20024
149 : out_r = 30350 out_i = 8746
150 : out_r = 31956 out_i = 32601
151 : out_r = 3860 out_i = 15192
152 : out_r = 5983 out_i = 2117
153 : out_r = 9879 out_i = 10926
154 : out_r = 27349 out_i = 23887
155 : out_r = 22913 out_i = 10134
156 : out_r = 15041 out_i = 9954
157 : out_r = 26263 out_i = 10854
158 : out_r = 15707 out_i = 975
159 : out_r = 31046 out_i = 1423
160 : out_r = 25735 out_i = 14525
161 : out_r = 11123 out_i = 111
162 : out_r = 10283 out_i = 10874
163 : out_r = 3016 out_i = 19801
164 : out_r = 30899 out_i = 599
165 : out_r = 28547 out_i = 30087
166 : out_r = 432 out_i = 32408
167 : out_r = 12512 out_i = 6415
168 : out_r = 1758 out_i = 22392
169 : out_r = 17341 out_i = 29108
170 : out_r = 13511 out_i = 7487
171 : out_r = 6474 out_i = 28553
172 : out_r = 17441 out_i = 32738
173 : out_r = 6639 out_i = 381
174 : out_r = 946 out_i = 4917
175 : out_r = 1804 out_i = 26682
176 : out_r = 19443 out_i = 12928
177 : out_r = 26793 out_i = 29726
178 : out_r = 23802 out_i = 29810
179 : out_r = 16759 out_i = 21934
180 : out_r = 30409 out_i = 12539
181 : out_r = 19253 out_i = 30841
182 : out_r = 12180 out_i = 31766
183 : out_r = 4488 out_i = 13938
184 : out_r = 21390 out_i = 21830
185 : out_r = 10278 out_i = 2134
186 : out_r = 29317 out_i = 16753
187 : out_r = 30687 out_i = 13991
188 : out_r = 16723 out_i = 4559
189 : out_r = 14373 out_i = 17669
190 : out_r = 9477 out_i = 16177
191 : out_r = 11584 out_i = 28920
192 : out_r = 29106 out_i = 5609
193 : out_r = 25879 out_i = 20141
194 : out_r = 2651 out_i = 9871
195 : out_r = 9307 out_i = 292
196 : out_r = 22411 out_i = 28561
197 : out_r = 31133 out_i = 1823
198 : out_r = 27559 out_i = 2854
199 : out_r = 15762 out_i = 16181
200 : out_r = 24685 out_i = 26040
201 : out_r = 18315 out_i = 21235
202 : out_r = 10026 out_i = 16235
203 : out_r = 2459 out_i = 26750
204 : out_r = 20794 out_i = 16832
205 : out_r = 11652 out_i = 30272
206 : out_r = 242 out_i = 23236
207 : out_r = 26425 out_i = 29348
208 : out_r = 28845 out_i = 19536
209 : out_r = 16721 out_i = 31497
210 : out_r = 29408 out_i = 26029
211 : out_r = 31790 out_i = 19051
212 : out_r = 21822 out_i = 30156
213 : out_r = 20874 out_i = 16613
214 : out_r = 243 out_i = 3868
215 : out_r = 26 out_i = 24928
216 : out_r = 29909 out_i = 18342
217 : out_r = 13395 out_i = 7168
218 : out_r = 1809 out_i = 15854
219 : out_r = 1150 out_i = 22604
220 : out_r = 32687 out_i = 12802
221 : out_r = 20108 out_i = 161
222 : out_r = 3270 out_i = 13766
223 : out_r = 29510 out_i = 32116
224 : out_r = 534 out_i = 13464
225 : out_r = 30846 out_i = 29943
226 : out_r = 6725 out_i = 29868
227 : out_r = 16226 out_i = 28547
228 : out_r = 27257 out_i = 4333
229 : out_r = 12392 out_i = 27500
230 : out_r = 8202 out_i = 12419
231 : out_r = 19660 out_i = 5344
232 : out_r = 30761 out_i = 288
233 : out_r = 12512 out_i = 32571
234 : out_r = 16143 out_i = 13663
235 : out_r = 22407 out_i = 16062
236 : out_r = 26465 out_i = 9748
237 : out_r = 16224 out_i = 29736
238 : out_r = 23514 out_i = 12967
239 : out_r = 29085 out_i = 24049
240 : out_r = 26431 out_i = 27164
241 : out_r = 21225 out_i = 388
242 : out_r = 24264 out_i = 4683
243 : out_r = 28935 out_i = 18754
244 : out_r = 9017 out_i = 8560
245 : out_r = 13486 out_i = 17219
246 : out_r = 20980 out_i = 379
247 : out_r = 22564 out_i = 18973
248 : out_r = 667 out_i = 2308
249 : out_r = 18777 out_i = 16811
250 : out_r = 15972 out_i = 8416
251 : out_r = 106 out_i = 9670
252 : out_r = 18165 out_i = 16331
253 : out_r = 6638 out_i = 8912
254 : out_r = 29298 out_i = 2956
255 : out_r = 194 out_i = 22961
>> Finish test!
