INFO: [SIM 2] *************** CSIM start ***************
INFO: [SIM 4] CSIM will launch GCC as the compiler.
   Compiling ../../../src/main.cpp in debug mode
   Compiling ../../../src/symbol_to_pixl.cpp in debug mode
   Compiling ../../../src/pixl_to_symbol.cpp in debug mode
   Generating csim.exe
30
4294967312
8589934594
12884901892
4785074604081182
4785078899048464
4785083194015746
4785087488983044
18446462598732840960
>> Start test!
------------------------
0 : 0
1 : 1
2 : 2
3 : 3
4 : 4
5 : 5
6 : 6
7 : 7
8 : 8
9 : 9
10 : 10
11 : 11
12 : 12
13 : 13
14 : 14
15 : 15
16 : 16
17 : 17
18 : 18
19 : 19
20 : 20
21 : 21
22 : 22
23 : 23
24 : 24
25 : 25
26 : 26
27 : 27
28 : 28
29 : 29
------------------------
INFO: [SIM 1] CSim done with 0 errors.
INFO: [SIM 3] *************** CSIM finish ***************
