>> Start test!
------------------------
pass
pass
pass
pass
pass
pass
pass
pass
0 : 0
1 : 1
2 : 2
3 : 3
4 : 4
5 : 5
6 : 6
7 : 7
8 : 8
9 : 9
10 : 10
11 : 11
12 : 12
13 : 13
14 : 14
15 : 15
16 : 0
17 : 1
18 : 2
19 : 3
20 : 4
21 : 5
22 : 6
23 : 7
24 : 8
25 : 9
26 : 10
27 : 11
28 : 12
29 : 13
30 : 14
31 : 15
32 : 0
33 : 1
34 : 2
35 : 3
36 : 4
37 : 5
38 : 6
39 : 7
40 : 8
41 : 9
42 : 10
43 : 11
44 : 12
45 : 13
46 : 14
47 : 15
48 : 0
49 : 1
50 : 2
51 : 3
52 : 4
53 : 5
54 : 6
55 : 7
56 : 8
57 : 9
58 : 10
59 : 11
60 : 12
61 : 13
62 : 14
63 : 15
64 : 0
65 : 1
66 : 2
67 : 3
68 : 4
69 : 5
70 : 6
71 : 7
72 : 8
73 : 9
74 : 10
75 : 11
76 : 12
77 : 13
78 : 14
79 : 15
80 : 0
81 : 1
82 : 2
83 : 3
84 : 4
85 : 5
86 : 6
87 : 7
88 : 8
89 : 9
90 : 10
91 : 11
92 : 12
93 : 13
94 : 14
95 : 15
96 : 0
97 : 1
98 : 2
99 : 3
100 : 4
101 : 5
102 : 6
103 : 7
104 : 8
105 : 9
106 : 10
107 : 11
108 : 12
109 : 13
110 : 14
111 : 15
112 : 0
113 : 1
114 : 2
115 : 3
116 : 4
117 : 5
118 : 6
119 : 7
120 : 8
121 : 9
122 : 10
123 : 11
124 : 12
125 : 13
126 : 14
127 : 15
128 : 0
129 : 1
130 : 2
131 : 3
132 : 4
133 : 5
134 : 6
135 : 7
136 : 8
137 : 9
138 : 10
139 : 11
140 : 12
141 : 13
142 : 14
143 : 15
144 : 0
145 : 1
146 : 2
147 : 3
148 : 4
149 : 5
150 : 6
151 : 7
152 : 8
153 : 9
154 : 10
155 : 11
156 : 12
157 : 13
158 : 14
159 : 15
160 : 0
161 : 1
162 : 2
163 : 3
164 : 4
165 : 5
166 : 6
167 : 7
168 : 8
169 : 9
170 : 10
171 : 11
172 : 12
173 : 13
174 : 14
175 : 15
176 : 0
177 : 1
178 : 2
179 : 3
180 : 4
181 : 5
182 : 6
183 : 7
184 : 8
185 : 9
186 : 10
187 : 11
188 : 12
189 : 13
190 : 14
191 : 15
192 : 0
193 : 1
194 : 2
195 : 3
196 : 4
197 : 5
198 : 6
199 : 7
200 : 8
201 : 9
202 : 10
203 : 11
204 : 12
205 : 13
206 : 14
207 : 15
208 : 0
209 : 1
210 : 2
211 : 3
212 : 4
213 : 5
214 : 6
215 : 7
216 : 8
217 : 9
218 : 10
219 : 11
220 : 12
221 : 13
222 : 14
223 : 15
224 : 0
225 : 1
226 : 2
227 : 3
228 : 4
229 : 5
230 : 6
231 : 7
232 : 8
233 : 9
234 : 10
235 : 11
236 : 12
237 : 13
238 : 14
239 : 15
240 : 0
241 : 1
242 : 2
243 : 3
244 : 4
245 : 5
246 : 6
247 : 7
248 : 8
249 : 9
250 : 10
251 : 11
252 : 12
253 : 13
254 : 14
255 : 15
256 : 0
257 : 1
258 : 2
259 : 3
260 : 4
261 : 5
262 : 6
263 : 7
264 : 8
265 : 9
266 : 10
267 : 11
268 : 12
269 : 13
270 : 14
271 : 15
272 : 0
273 : 1
274 : 2
275 : 3
276 : 4
277 : 5
278 : 6
279 : 7
280 : 8
281 : 9
282 : 10
283 : 11
284 : 12
285 : 13
286 : 14
287 : 15
288 : 0
289 : 1
290 : 2
291 : 3
292 : 4
293 : 5
294 : 6
295 : 7
296 : 8
297 : 9
298 : 10
299 : 11
300 : 12
301 : 13
302 : 14
303 : 15
304 : 0
305 : 1
306 : 2
307 : 3
308 : 4
309 : 5
310 : 6
311 : 7
312 : 8
313 : 9
314 : 10
315 : 11
316 : 12
317 : 13
318 : 14
319 : 15
320 : 0
321 : 1
322 : 2
323 : 3
324 : 4
325 : 5
326 : 6
327 : 7
328 : 8
329 : 9
330 : 10
331 : 11
332 : 12
333 : 13
334 : 14
335 : 15
336 : 0
337 : 1
338 : 2
339 : 3
340 : 4
341 : 5
342 : 6
343 : 7
344 : 8
345 : 9
346 : 10
347 : 11
348 : 12
349 : 13
350 : 14
351 : 15
352 : 0
353 : 1
354 : 2
355 : 3
356 : 4
357 : 5
358 : 6
359 : 7
360 : 8
361 : 9
362 : 10
363 : 11
364 : 12
365 : 13
366 : 14
367 : 15
368 : 0
369 : 1
370 : 2
371 : 3
372 : 4
373 : 5
374 : 6
375 : 7
376 : 8
377 : 9
378 : 10
379 : 11
380 : 12
381 : 13
382 : 14
383 : 15
384 : 0
385 : 1
386 : 2
387 : 3
388 : 4
389 : 5
390 : 6
391 : 7
392 : 8
393 : 9
394 : 10
395 : 11
396 : 12
397 : 13
398 : 14
399 : 15
400 : 0
401 : 1
402 : 2
403 : 3
404 : 4
405 : 5
406 : 6
407 : 7
408 : 8
409 : 9
410 : 10
411 : 11
412 : 12
413 : 13
414 : 14
415 : 15
416 : 0
417 : 1
418 : 2
419 : 3
420 : 4
421 : 5
422 : 6
423 : 7
424 : 8
425 : 9
426 : 10
427 : 11
428 : 12
429 : 13
430 : 14
431 : 15
432 : 0
433 : 1
434 : 2
435 : 3
436 : 4
437 : 5
438 : 6
439 : 7
440 : 8
441 : 9
442 : 10
443 : 11
444 : 12
445 : 13
446 : 14
447 : 15
448 : 0
449 : 1
450 : 2
451 : 3
452 : 4
453 : 5
454 : 6
455 : 7
456 : 8
457 : 9
458 : 10
459 : 11
460 : 12
461 : 13
462 : 14
463 : 15
464 : 0
465 : 1
466 : 2
467 : 3
468 : 4
469 : 5
470 : 6
471 : 7
472 : 8
473 : 9
474 : 10
475 : 11
476 : 12
477 : 13
478 : 14
479 : 15
480 : 0
481 : 1
482 : 2
483 : 3
484 : 4
485 : 5
486 : 6
487 : 7
488 : 8
489 : 9
490 : 10
491 : 11
492 : 12
493 : 13
494 : 14
495 : 15
496 : 0
497 : 1
498 : 2
499 : 3
500 : 4
501 : 5
502 : 6
503 : 7
504 : 8
505 : 9
506 : 10
507 : 11
508 : 12
509 : 13
510 : 14
511 : 15
512 : 0
513 : 1
514 : 2
515 : 3
516 : 4
517 : 5
518 : 6
519 : 7
520 : 8
521 : 9
522 : 10
523 : 11
524 : 12
525 : 13
526 : 14
527 : 15
528 : 0
529 : 1
530 : 2
531 : 3
532 : 4
533 : 5
534 : 6
535 : 7
536 : 8
537 : 9
538 : 10
539 : 11
540 : 12
541 : 13
542 : 14
543 : 15
544 : 0
545 : 1
546 : 2
547 : 3
548 : 4
549 : 5
550 : 6
551 : 7
552 : 8
553 : 9
554 : 10
555 : 11
556 : 12
557 : 13
558 : 14
559 : 15
560 : 0
561 : 1
562 : 2
563 : 3
564 : 4
565 : 5
566 : 6
567 : 7
568 : 8
569 : 9
570 : 10
571 : 11
572 : 12
573 : 13
574 : 14
575 : 15
576 : 0
577 : 1
578 : 2
579 : 3
580 : 4
581 : 5
582 : 6
583 : 7
584 : 8
585 : 9
586 : 10
587 : 11
588 : 12
589 : 13
590 : 14
591 : 15
592 : 0
593 : 1
594 : 2
595 : 3
596 : 4
597 : 5
598 : 6
599 : 7
600 : 8
601 : 9
602 : 10
603 : 11
604 : 12
605 : 13
606 : 14
607 : 15
608 : 0
609 : 1
610 : 2
611 : 3
612 : 4
613 : 5
614 : 6
615 : 7
616 : 8
617 : 9
618 : 10
619 : 11
620 : 12
621 : 13
622 : 14
623 : 15
624 : 0
625 : 1
626 : 2
627 : 3
628 : 4
629 : 5
630 : 6
631 : 7
632 : 8
633 : 9
634 : 10
635 : 11
636 : 12
637 : 13
638 : 14
639 : 15
640 : 0
641 : 1
642 : 2
643 : 3
644 : 4
645 : 5
646 : 6
647 : 7
648 : 8
649 : 9
650 : 10
651 : 11
652 : 12
653 : 13
654 : 14
655 : 15
656 : 0
657 : 1
658 : 2
659 : 3
660 : 4
661 : 5
662 : 6
663 : 7
664 : 8
665 : 9
666 : 10
667 : 11
668 : 12
669 : 13
670 : 14
671 : 15
672 : 0
673 : 1
674 : 2
675 : 3
676 : 4
677 : 5
678 : 6
679 : 7
680 : 8
681 : 9
682 : 10
683 : 11
684 : 12
685 : 13
686 : 14
687 : 15
688 : 0
689 : 1
690 : 2
691 : 3
692 : 4
693 : 5
694 : 6
695 : 7
696 : 8
697 : 9
698 : 10
699 : 11
700 : 12
701 : 13
702 : 14
703 : 15
704 : 0
705 : 1
706 : 2
707 : 3
708 : 4
709 : 5
710 : 6
711 : 7
712 : 8
713 : 9
714 : 10
715 : 11
716 : 12
717 : 13
718 : 14
719 : 15
720 : 0
721 : 1
722 : 2
723 : 3
724 : 4
725 : 5
726 : 6
727 : 7
728 : 8
729 : 9
730 : 10
731 : 11
732 : 12
733 : 13
734 : 14
735 : 15
736 : 0
737 : 1
738 : 2
739 : 3
740 : 4
741 : 5
742 : 6
743 : 7
744 : 8
745 : 9
746 : 10
747 : 11
748 : 12
749 : 13
750 : 14
751 : 15
752 : 0
753 : 1
754 : 2
755 : 3
756 : 4
757 : 5
758 : 6
759 : 7
760 : 8
761 : 9
762 : 10
763 : 11
764 : 12
765 : 13
766 : 14
767 : 15
768 : 0
769 : 1
770 : 2
771 : 3
772 : 4
773 : 5
774 : 6
775 : 7
776 : 8
777 : 9
778 : 10
779 : 11
780 : 12
781 : 13
782 : 14
783 : 15
784 : 0
785 : 1
786 : 2
787 : 3
788 : 4
789 : 5
790 : 6
791 : 7
792 : 8
793 : 9
794 : 10
795 : 11
796 : 12
797 : 13
798 : 14
799 : 15
800 : 0
801 : 1
802 : 2
803 : 3
804 : 4
805 : 5
806 : 6
807 : 7
808 : 8
809 : 9
810 : 10
811 : 11
812 : 12
813 : 13
814 : 14
815 : 15
816 : 0
817 : 1
818 : 2
819 : 3
820 : 4
821 : 5
822 : 6
823 : 7
824 : 8
825 : 9
826 : 10
827 : 11
828 : 12
829 : 13
830 : 14
831 : 15
832 : 0
833 : 1
834 : 2
835 : 3
836 : 4
837 : 5
838 : 6
839 : 7
840 : 8
841 : 9
842 : 10
843 : 11
844 : 12
845 : 13
846 : 14
847 : 15
848 : 0
849 : 1
850 : 2
851 : 3
852 : 4
853 : 5
854 : 6
855 : 7
856 : 8
857 : 9
858 : 10
859 : 11
860 : 12
861 : 13
862 : 14
863 : 15
864 : 0
865 : 1
866 : 2
867 : 3
868 : 4
869 : 5
870 : 6
871 : 7
872 : 8
873 : 9
874 : 10
875 : 11
876 : 12
877 : 13
878 : 14
879 : 15
880 : 0
881 : 1
882 : 2
883 : 3
884 : 4
885 : 5
886 : 6
887 : 7
888 : 8
889 : 9
890 : 10
891 : 11
892 : 12
893 : 13
894 : 14
895 : 15
896 : 0
897 : 1
898 : 2
899 : 3
900 : 4
901 : 5
902 : 6
903 : 7
904 : 8
905 : 9
906 : 10
907 : 11
908 : 12
909 : 13
910 : 14
911 : 15
912 : 0
913 : 1
914 : 2
915 : 3
916 : 4
917 : 5
918 : 6
919 : 7
920 : 8
921 : 9
922 : 10
923 : 11
924 : 12
925 : 13
926 : 14
927 : 15
928 : 0
929 : 1
930 : 2
931 : 3
932 : 4
933 : 5
934 : 6
935 : 7
936 : 8
937 : 9
938 : 10
939 : 11
940 : 12
941 : 13
942 : 14
943 : 15
944 : 0
945 : 1
946 : 2
947 : 3
948 : 4
949 : 5
950 : 6
951 : 7
WARNING: Hls::stream 'hls::stream<hls::axis<ap_uint<64>, 0ul, 0ul, 0ul>, 0>.3' is read while empty, which may result in RTL simulation hanging.
952 : 0
WARNING: Hls::stream 'hls::stream<hls::axis<ap_uint<64>, 0ul, 0ul, 0ul>, 0>.3' is read while empty, which may result in RTL simulation hanging.
953 : 0
WARNING: Hls::stream 'hls::stream<hls::axis<ap_uint<64>, 0ul, 0ul, 0ul>, 0>.3' is read while empty, which may result in RTL simulation hanging.
954 : 0
WARNING: Hls::stream 'hls::stream<hls::axis<ap_uint<64>, 0ul, 0ul, 0ul>, 0>.3' is read while empty, which may result in RTL simulation hanging.
955 : 0
WARNING: Hls::stream 'hls::stream<hls::axis<ap_uint<64>, 0ul, 0ul, 0ul>, 0>.3' is read while empty, which may result in RTL simulation hanging.
956 : 0
WARNING: Hls::stream 'hls::stream<hls::axis<ap_uint<64>, 0ul, 0ul, 0ul>, 0>.3' is read while empty, which may result in RTL simulation hanging.
957 : 0
WARNING: Hls::stream 'hls::stream<hls::axis<ap_uint<64>, 0ul, 0ul, 0ul>, 0>.3' is read while empty, which may result in RTL simulation hanging.
958 : 0
WARNING: Hls::stream 'hls::stream<hls::axis<ap_uint<64>, 0ul, 0ul, 0ul>, 0>.3' is read while empty, which may result in RTL simulation hanging.
959 : 0
------------------------
Vivado Simulator v2021.1
Copyright 1986-1999, 2001-2021 Xilinx, Inc. All Rights Reserved.
Running: /opt/Xilinx/Vivado/2021.1/bin/unwrapped/lnx64.o/xelab xil_defaultlib.apatb_encoder_top glbl -Oenable_linking_all_libraries -prj encoder.prj -L smartconnect_v1_0 -L axi_protocol_checker_v1_1_12 -L axi_protocol_checker_v1_1_13 -L axis_protocol_checker_v1_1_11 -L axis_protocol_checker_v1_1_12 -L xil_defaultlib -L unisims_ver -L xpm -L floating_point_v7_0_19 -L floating_point_v7_1_12 --lib ieee_proposed=./ieee_proposed -s encoder 
Multi-threading is on. Using 14 slave threads.
WARNING: [XSIM 43-3431] One or more environment variables have been detected which affect the operation of the C compiler. These are typically not set in standard installations and are not tested by Xilinx, however they may be appropriate for your system, so the flow will attempt to continue.  If errors occur, try running xelab with the "-mt off -v 1" switches to see more information from the C compiler. The following environment variables have been detected:
    LIBRARY_PATH
INFO: [VRFC 10-2263] Analyzing SystemVerilog file "/mnt/HLSNAS/g110064539/composable_IP_file/ecc_encoder_src/solution1/sim/verilog/glbl.v" into library work
INFO: [VRFC 10-311] analyzing module glbl
INFO: [VRFC 10-2263] Analyzing SystemVerilog file "/mnt/HLSNAS/g110064539/composable_IP_file/ecc_encoder_src/solution1/sim/verilog/encoder.autotb.v" into library xil_defaultlib
INFO: [VRFC 10-311] analyzing module apatb_encoder_top
INFO: [VRFC 10-2263] Analyzing SystemVerilog file "/mnt/HLSNAS/g110064539/composable_IP_file/ecc_encoder_src/solution1/sim/verilog/AESL_fifo.v" into library xil_defaultlib
INFO: [VRFC 10-311] analyzing module fifo
INFO: [VRFC 10-2263] Analyzing SystemVerilog file "/mnt/HLSNAS/g110064539/composable_IP_file/ecc_encoder_src/solution1/sim/verilog/AESL_axi_s_data_in.v" into library xil_defaultlib
INFO: [VRFC 10-311] analyzing module AESL_axi_s_data_in
INFO: [VRFC 10-2263] Analyzing SystemVerilog file "/mnt/HLSNAS/g110064539/composable_IP_file/ecc_encoder_src/solution1/sim/verilog/AESL_axi_s_data_out.v" into library xil_defaultlib
INFO: [VRFC 10-311] analyzing module AESL_axi_s_data_out
INFO: [VRFC 10-2263] Analyzing SystemVerilog file "/mnt/HLSNAS/g110064539/composable_IP_file/ecc_encoder_src/solution1/sim/verilog/AESL_deadlock_kernel_monitor_top.v" into library xil_defaultlib
INFO: [VRFC 10-311] analyzing module AESL_deadlock_kernel_monitor_top
WARNING: [VRFC 10-3824] variable 'block_delay' must explicitly be declared as automatic or static [/mnt/HLSNAS/g110064539/composable_IP_file/ecc_encoder_src/solution1/sim/verilog/AESL_deadlock_kernel_monitor_top.v:33]
INFO: [VRFC 10-2263] Analyzing SystemVerilog file "/mnt/HLSNAS/g110064539/composable_IP_file/ecc_encoder_src/solution1/sim/verilog/AESL_deadlock_idx0_monitor.v" into library xil_defaultlib
INFO: [VRFC 10-311] analyzing module AESL_deadlock_idx0_monitor
INFO: [VRFC 10-2263] Analyzing SystemVerilog file "/mnt/HLSNAS/g110064539/composable_IP_file/ecc_encoder_src/solution1/sim/verilog/AESL_deadlock_idx1_monitor.v" into library xil_defaultlib
INFO: [VRFC 10-311] analyzing module AESL_deadlock_idx1_monitor
INFO: [VRFC 10-2263] Analyzing SystemVerilog file "/mnt/HLSNAS/g110064539/composable_IP_file/ecc_encoder_src/solution1/sim/verilog/AESL_deadlock_idx2_monitor.v" into library xil_defaultlib
INFO: [VRFC 10-311] analyzing module AESL_deadlock_idx2_monitor
INFO: [VRFC 10-2263] Analyzing SystemVerilog file "/mnt/HLSNAS/g110064539/composable_IP_file/ecc_encoder_src/solution1/sim/verilog/encoder_encoder_Pipeline_VITIS_LOOP_22_1.v" into library xil_defaultlib
INFO: [VRFC 10-311] analyzing module encoder_encoder_Pipeline_VITIS_LOOP_22_1
INFO: [VRFC 10-2263] Analyzing SystemVerilog file "/mnt/HLSNAS/g110064539/composable_IP_file/ecc_encoder_src/solution1/sim/verilog/encoder_encoder_Pipeline_VITIS_LOOP_50_2.v" into library xil_defaultlib
INFO: [VRFC 10-311] analyzing module encoder_encoder_Pipeline_VITIS_LOOP_50_2
INFO: [VRFC 10-2263] Analyzing SystemVerilog file "/mnt/HLSNAS/g110064539/composable_IP_file/ecc_encoder_src/solution1/sim/verilog/encoder.v" into library xil_defaultlib
INFO: [VRFC 10-311] analyzing module encoder
INFO: [VRFC 10-2263] Analyzing SystemVerilog file "/mnt/HLSNAS/g110064539/composable_IP_file/ecc_encoder_src/solution1/sim/verilog/encoder_flow_control_loop_pipe_sequential_init.v" into library xil_defaultlib
INFO: [VRFC 10-311] analyzing module encoder_flow_control_loop_pipe_sequential_init
INFO: [VRFC 10-2263] Analyzing SystemVerilog file "/mnt/HLSNAS/g110064539/composable_IP_file/ecc_encoder_src/solution1/sim/verilog/encoder_regslice_both.v" into library xil_defaultlib
INFO: [VRFC 10-311] analyzing module encoder_regslice_both
INFO: [VRFC 10-311] analyzing module encoder_regslice_both_w1
INFO: [VRFC 10-2263] Analyzing SystemVerilog file "/mnt/HLSNAS/g110064539/composable_IP_file/ecc_encoder_src/solution1/sim/verilog/dataflow_monitor.sv" into library xil_defaultlib
INFO: [VRFC 10-311] analyzing module dataflow_monitor
Starting static elaboration
Pass Through NonSizing Optimizer
WARNING: [VRFC 10-3645] port 'axis_block_info' remains unconnected for this instance [/mnt/HLSNAS/g110064539/composable_IP_file/ecc_encoder_src/solution1/sim/verilog/AESL_deadlock_kernel_monitor_top.v:23]
Completed static elaboration
Starting simulation data flow analysis
Completed simulation data flow analysis
Time Resolution for simulation is 1ps
Compiling package xil_defaultlib.$unit_dataflow_monitor_sv
Compiling module xil_defaultlib.encoder_flow_control_loop_pipe_s...
Compiling module xil_defaultlib.encoder_encoder_Pipeline_VITIS_L...
Compiling module xil_defaultlib.encoder_encoder_Pipeline_VITIS_L...
Compiling module xil_defaultlib.encoder_regslice_both(DataWidth=...
Compiling module xil_defaultlib.encoder_regslice_both(DataWidth=...
Compiling module xil_defaultlib.encoder_regslice_both(DataWidth=...
Compiling module xil_defaultlib.encoder
Compiling module xil_defaultlib.fifo(DEPTH=969,WIDTH=64)
Compiling module xil_defaultlib.fifo(DEPTH=969)
Compiling module xil_defaultlib.fifo(DEPTH=969,WIDTH=1)
Compiling module xil_defaultlib.AESL_axi_s_data_in
Compiling module xil_defaultlib.fifo(DEPTH=1925,WIDTH=64)
Compiling module xil_defaultlib.fifo(DEPTH=1925)
Compiling module xil_defaultlib.fifo(DEPTH=1925,WIDTH=1)
Compiling module xil_defaultlib.AESL_axi_s_data_out
Compiling module xil_defaultlib.AESL_deadlock_idx1_monitor
Compiling module xil_defaultlib.AESL_deadlock_idx2_monitor
Compiling module xil_defaultlib.AESL_deadlock_idx0_monitor
Compiling module xil_defaultlib.AESL_deadlock_kernel_monitor_top...
Compiling module xil_defaultlib.nodf_module_intf
Compiling module xil_defaultlib.upc_loop_intf(FSM_WIDTH=1)
Compiling module xil_defaultlib.dataflow_monitor_1
Compiling module xil_defaultlib.apatb_encoder_top
Compiling module work.glbl
Built simulation snapshot encoder

****** Webtalk v2021.1 (64-bit)
  **** SW Build 3247384 on Thu Jun 10 19:36:07 MDT 2021
  **** IP Build 3246043 on Fri Jun 11 00:30:35 MDT 2021
    ** Copyright 1986-2021 Xilinx, Inc. All Rights Reserved.

source /mnt/HLSNAS/g110064539/composable_IP_file/ecc_encoder_src/solution1/sim/verilog/xsim.dir/encoder/webtalk/xsim_webtalk.tcl -notrace
INFO: [Common 17-206] Exiting Webtalk at Thu Feb  2 01:27:08 2023...

****** xsim v2021.1 (64-bit)
  **** SW Build 3247384 on Thu Jun 10 19:36:07 MDT 2021
  **** IP Build 3246043 on Fri Jun 11 00:30:35 MDT 2021
    ** Copyright 1986-2021 Xilinx, Inc. All Rights Reserved.

source xsim.dir/encoder/xsim_script.tcl
# xsim {encoder} -autoloadwcfg -tclbatch {encoder.tcl}
Time resolution is 1 ps
source encoder.tcl
## run all
////////////////////////////////////////////////////////////////////////////////////
// Inter-Transaction Progress: Completed Transaction / Total Transaction
// Intra-Transaction Progress: Measured Latency / Latency Estimation * 100%
//
// RTL Simulation : "Inter-Transaction Progress" ["Intra-Transaction Progress"] @ "Simulation Time"
////////////////////////////////////////////////////////////////////////////////////
// RTL Simulation : 0 / 1 [n/a] @ "150000"
// RTL Simulation : 1 / 1 [n/a] @ "38870000"
////////////////////////////////////////////////////////////////////////////////////
$finish called at time : 38990 ns : File "/mnt/HLSNAS/g110064539/composable_IP_file/ecc_encoder_src/solution1/sim/verilog/encoder.autotb.v" Line 258
## quit
INFO: [Common 17-206] Exiting xsim at Thu Feb  2 01:27:20 2023...
>> Start test!
------------------------
pass
pass
pass
pass
pass
pass
pass
pass
0 : 0
1 : 1
2 : 2
3 : 3
4 : 4
5 : 5
6 : 6
7 : 7
8 : 8
9 : 9
10 : 10
11 : 11
12 : 12
13 : 13
14 : 14
15 : 15
16 : 0
17 : 1
18 : 2
19 : 3
20 : 4
21 : 5
22 : 6
23 : 7
24 : 8
25 : 9
26 : 10
27 : 11
28 : 12
29 : 13
30 : 14
31 : 15
32 : 0
33 : 1
34 : 2
35 : 3
36 : 4
37 : 5
38 : 6
39 : 7
40 : 8
41 : 9
42 : 10
43 : 11
44 : 12
45 : 13
46 : 14
47 : 15
48 : 0
49 : 1
50 : 2
51 : 3
52 : 4
53 : 5
54 : 6
55 : 7
56 : 8
57 : 9
58 : 10
59 : 11
60 : 12
61 : 13
62 : 14
63 : 15
64 : 0
65 : 1
66 : 2
67 : 3
68 : 4
69 : 5
70 : 6
71 : 7
72 : 8
73 : 9
74 : 10
75 : 11
76 : 12
77 : 13
78 : 14
79 : 15
80 : 0
81 : 1
82 : 2
83 : 3
84 : 4
85 : 5
86 : 6
87 : 7
88 : 8
89 : 9
90 : 10
91 : 11
92 : 12
93 : 13
94 : 14
95 : 15
96 : 0
97 : 1
98 : 2
99 : 3
100 : 4
101 : 5
102 : 6
103 : 7
104 : 8
105 : 9
106 : 10
107 : 11
108 : 12
109 : 13
110 : 14
111 : 15
112 : 0
113 : 1
114 : 2
115 : 3
116 : 4
117 : 5
118 : 6
119 : 7
120 : 8
121 : 9
122 : 10
123 : 11
124 : 12
125 : 13
126 : 14
127 : 15
128 : 0
129 : 1
130 : 2
131 : 3
132 : 4
133 : 5
134 : 6
135 : 7
136 : 8
137 : 9
138 : 10
139 : 11
140 : 12
141 : 13
142 : 14
143 : 15
144 : 0
145 : 1
146 : 2
147 : 3
148 : 4
149 : 5
150 : 6
151 : 7
152 : 8
153 : 9
154 : 10
155 : 11
156 : 12
157 : 13
158 : 14
159 : 15
160 : 0
161 : 1
162 : 2
163 : 3
164 : 4
165 : 5
166 : 6
167 : 7
168 : 8
169 : 9
170 : 10
171 : 11
172 : 12
173 : 13
174 : 14
175 : 15
176 : 0
177 : 1
178 : 2
179 : 3
180 : 4
181 : 5
182 : 6
183 : 7
184 : 8
185 : 9
186 : 10
187 : 11
188 : 12
189 : 13
190 : 14
191 : 15
192 : 0
193 : 1
194 : 2
195 : 3
196 : 4
197 : 5
198 : 6
199 : 7
200 : 8
201 : 9
202 : 10
203 : 11
204 : 12
205 : 13
206 : 14
207 : 15
208 : 0
209 : 1
210 : 2
211 : 3
212 : 4
213 : 5
214 : 6
215 : 7
216 : 8
217 : 9
218 : 10
219 : 11
220 : 12
221 : 13
222 : 14
223 : 15
224 : 0
225 : 1
226 : 2
227 : 3
228 : 4
229 : 5
230 : 6
231 : 7
232 : 8
233 : 9
234 : 10
235 : 11
236 : 12
237 : 13
238 : 14
239 : 15
240 : 0
241 : 1
242 : 2
243 : 3
244 : 4
245 : 5
246 : 6
247 : 7
248 : 8
249 : 9
250 : 10
251 : 11
252 : 12
253 : 13
254 : 14
255 : 15
256 : 0
257 : 1
258 : 2
259 : 3
260 : 4
261 : 5
262 : 6
263 : 7
264 : 8
265 : 9
266 : 10
267 : 11
268 : 12
269 : 13
270 : 14
271 : 15
272 : 0
273 : 1
274 : 2
275 : 3
276 : 4
277 : 5
278 : 6
279 : 7
280 : 8
281 : 9
282 : 10
283 : 11
284 : 12
285 : 13
286 : 14
287 : 15
288 : 0
289 : 1
290 : 2
291 : 3
292 : 4
293 : 5
294 : 6
295 : 7
296 : 8
297 : 9
298 : 10
299 : 11
300 : 12
301 : 13
302 : 14
303 : 15
304 : 0
305 : 1
306 : 2
307 : 3
308 : 4
309 : 5
310 : 6
311 : 7
312 : 8
313 : 9
314 : 10
315 : 11
316 : 12
317 : 13
318 : 14
319 : 15
320 : 0
321 : 1
322 : 2
323 : 3
324 : 4
325 : 5
326 : 6
327 : 7
328 : 8
329 : 9
330 : 10
331 : 11
332 : 12
333 : 13
334 : 14
335 : 15
336 : 0
337 : 1
338 : 2
339 : 3
340 : 4
341 : 5
342 : 6
343 : 7
344 : 8
345 : 9
346 : 10
347 : 11
348 : 12
349 : 13
350 : 14
351 : 15
352 : 0
353 : 1
354 : 2
355 : 3
356 : 4
357 : 5
358 : 6
359 : 7
360 : 8
361 : 9
362 : 10
363 : 11
364 : 12
365 : 13
366 : 14
367 : 15
368 : 0
369 : 1
370 : 2
371 : 3
372 : 4
373 : 5
374 : 6
375 : 7
376 : 8
377 : 9
378 : 10
379 : 11
380 : 12
381 : 13
382 : 14
383 : 15
384 : 0
385 : 1
386 : 2
387 : 3
388 : 4
389 : 5
390 : 6
391 : 7
392 : 8
393 : 9
394 : 10
395 : 11
396 : 12
397 : 13
398 : 14
399 : 15
400 : 0
401 : 1
402 : 2
403 : 3
404 : 4
405 : 5
406 : 6
407 : 7
408 : 8
409 : 9
410 : 10
411 : 11
412 : 12
413 : 13
414 : 14
415 : 15
416 : 0
417 : 1
418 : 2
419 : 3
420 : 4
421 : 5
422 : 6
423 : 7
424 : 8
425 : 9
426 : 10
427 : 11
428 : 12
429 : 13
430 : 14
431 : 15
432 : 0
433 : 1
434 : 2
435 : 3
436 : 4
437 : 5
438 : 6
439 : 7
440 : 8
441 : 9
442 : 10
443 : 11
444 : 12
445 : 13
446 : 14
447 : 15
448 : 0
449 : 1
450 : 2
451 : 3
452 : 4
453 : 5
454 : 6
455 : 7
456 : 8
457 : 9
458 : 10
459 : 11
460 : 12
461 : 13
462 : 14
463 : 15
464 : 0
465 : 1
466 : 2
467 : 3
468 : 4
469 : 5
470 : 6
471 : 7
472 : 8
473 : 9
474 : 10
475 : 11
476 : 12
477 : 13
478 : 14
479 : 15
480 : 0
481 : 1
482 : 2
483 : 3
484 : 4
485 : 5
486 : 6
487 : 7
488 : 8
489 : 9
490 : 10
491 : 11
492 : 12
493 : 13
494 : 14
495 : 15
496 : 0
497 : 1
498 : 2
499 : 3
500 : 4
501 : 5
502 : 6
503 : 7
504 : 8
505 : 9
506 : 10
507 : 11
508 : 12
509 : 13
510 : 14
511 : 15
512 : 0
513 : 1
514 : 2
515 : 3
516 : 4
517 : 5
518 : 6
519 : 7
520 : 8
521 : 9
522 : 10
523 : 11
524 : 12
525 : 13
526 : 14
527 : 15
528 : 0
529 : 1
530 : 2
531 : 3
532 : 4
533 : 5
534 : 6
535 : 7
536 : 8
537 : 9
538 : 10
539 : 11
540 : 12
541 : 13
542 : 14
543 : 15
544 : 0
545 : 1
546 : 2
547 : 3
548 : 4
549 : 5
550 : 6
551 : 7
552 : 8
553 : 9
554 : 10
555 : 11
556 : 12
557 : 13
558 : 14
559 : 15
560 : 0
561 : 1
562 : 2
563 : 3
564 : 4
565 : 5
566 : 6
567 : 7
568 : 8
569 : 9
570 : 10
571 : 11
572 : 12
573 : 13
574 : 14
575 : 15
576 : 0
577 : 1
578 : 2
579 : 3
580 : 4
581 : 5
582 : 6
583 : 7
584 : 8
585 : 9
586 : 10
587 : 11
588 : 12
589 : 13
590 : 14
591 : 15
592 : 0
593 : 1
594 : 2
595 : 3
596 : 4
597 : 5
598 : 6
599 : 7
600 : 8
601 : 9
602 : 10
603 : 11
604 : 12
605 : 13
606 : 14
607 : 15
608 : 0
609 : 1
610 : 2
611 : 3
612 : 4
613 : 5
614 : 6
615 : 7
616 : 8
617 : 9
618 : 10
619 : 11
620 : 12
621 : 13
622 : 14
623 : 15
624 : 0
625 : 1
626 : 2
627 : 3
628 : 4
629 : 5
630 : 6
631 : 7
632 : 8
633 : 9
634 : 10
635 : 11
636 : 12
637 : 13
638 : 14
639 : 15
640 : 0
641 : 1
642 : 2
643 : 3
644 : 4
645 : 5
646 : 6
647 : 7
648 : 8
649 : 9
650 : 10
651 : 11
652 : 12
653 : 13
654 : 14
655 : 15
656 : 0
657 : 1
658 : 2
659 : 3
660 : 4
661 : 5
662 : 6
663 : 7
664 : 8
665 : 9
666 : 10
667 : 11
668 : 12
669 : 13
670 : 14
671 : 15
672 : 0
673 : 1
674 : 2
675 : 3
676 : 4
677 : 5
678 : 6
679 : 7
680 : 8
681 : 9
682 : 10
683 : 11
684 : 12
685 : 13
686 : 14
687 : 15
688 : 0
689 : 1
690 : 2
691 : 3
692 : 4
693 : 5
694 : 6
695 : 7
696 : 8
697 : 9
698 : 10
699 : 11
700 : 12
701 : 13
702 : 14
703 : 15
704 : 0
705 : 1
706 : 2
707 : 3
708 : 4
709 : 5
710 : 6
711 : 7
712 : 8
713 : 9
714 : 10
715 : 11
716 : 12
717 : 13
718 : 14
719 : 15
720 : 0
721 : 1
722 : 2
723 : 3
724 : 4
725 : 5
726 : 6
727 : 7
728 : 8
729 : 9
730 : 10
731 : 11
732 : 12
733 : 13
734 : 14
735 : 15
736 : 0
737 : 1
738 : 2
739 : 3
740 : 4
741 : 5
742 : 6
743 : 7
744 : 8
745 : 9
746 : 10
747 : 11
748 : 12
749 : 13
750 : 14
751 : 15
752 : 0
753 : 1
754 : 2
755 : 3
756 : 4
757 : 5
758 : 6
759 : 7
760 : 8
761 : 9
762 : 10
763 : 11
764 : 12
765 : 13
766 : 14
767 : 15
768 : 0
769 : 1
770 : 2
771 : 3
772 : 4
773 : 5
774 : 6
775 : 7
776 : 8
777 : 9
778 : 10
779 : 11
780 : 12
781 : 13
782 : 14
783 : 15
784 : 0
785 : 1
786 : 2
787 : 3
788 : 4
789 : 5
790 : 6
791 : 7
792 : 8
793 : 9
794 : 10
795 : 11
796 : 12
797 : 13
798 : 14
799 : 15
800 : 0
801 : 1
802 : 2
803 : 3
804 : 4
805 : 5
806 : 6
807 : 7
808 : 8
809 : 9
810 : 10
811 : 11
812 : 12
813 : 13
814 : 14
815 : 15
816 : 0
817 : 1
818 : 2
819 : 3
820 : 4
821 : 5
822 : 6
823 : 7
824 : 8
825 : 9
826 : 10
827 : 11
828 : 12
829 : 13
830 : 14
831 : 15
832 : 0
833 : 1
834 : 2
835 : 3
836 : 4
837 : 5
838 : 6
839 : 7
840 : 8
841 : 9
842 : 10
843 : 11
844 : 12
845 : 13
846 : 14
847 : 15
848 : 0
849 : 1
850 : 2
851 : 3
852 : 4
853 : 5
854 : 6
855 : 7
856 : 8
857 : 9
858 : 10
859 : 11
860 : 12
861 : 13
862 : 14
863 : 15
864 : 0
865 : 1
866 : 2
867 : 3
868 : 4
869 : 5
870 : 6
871 : 7
872 : 8
873 : 9
874 : 10
875 : 11
876 : 12
877 : 13
878 : 14
879 : 15
880 : 0
881 : 1
882 : 2
883 : 3
884 : 4
885 : 5
886 : 6
887 : 7
888 : 8
889 : 9
890 : 10
891 : 11
892 : 12
893 : 13
894 : 14
895 : 15
896 : 0
897 : 1
898 : 2
899 : 3
900 : 4
901 : 5
902 : 6
903 : 7
904 : 8
905 : 9
906 : 10
907 : 11
908 : 12
909 : 13
910 : 14
911 : 15
912 : 0
913 : 1
914 : 2
915 : 3
916 : 4
917 : 5
918 : 6
919 : 7
920 : 8
921 : 9
922 : 10
923 : 11
924 : 12
925 : 13
926 : 14
927 : 15
928 : 0
929 : 1
930 : 2
931 : 3
932 : 4
933 : 5
934 : 6
935 : 7
936 : 8
937 : 9
938 : 10
939 : 11
940 : 12
941 : 13
942 : 14
943 : 15
944 : 0
945 : 1
946 : 2
947 : 3
948 : 4
949 : 5
950 : 6
951 : 7
WARNING: Hls::stream 'hls::stream<hls::axis<ap_uint<64>, 0ul, 0ul, 0ul>, 0>.3' is read while empty, which may result in RTL simulation hanging.
952 : 0
WARNING: Hls::stream 'hls::stream<hls::axis<ap_uint<64>, 0ul, 0ul, 0ul>, 0>.3' is read while empty, which may result in RTL simulation hanging.
953 : 0
WARNING: Hls::stream 'hls::stream<hls::axis<ap_uint<64>, 0ul, 0ul, 0ul>, 0>.3' is read while empty, which may result in RTL simulation hanging.
954 : 0
WARNING: Hls::stream 'hls::stream<hls::axis<ap_uint<64>, 0ul, 0ul, 0ul>, 0>.3' is read while empty, which may result in RTL simulation hanging.
955 : 0
WARNING: Hls::stream 'hls::stream<hls::axis<ap_uint<64>, 0ul, 0ul, 0ul>, 0>.3' is read while empty, which may result in RTL simulation hanging.
956 : 0
WARNING: Hls::stream 'hls::stream<hls::axis<ap_uint<64>, 0ul, 0ul, 0ul>, 0>.3' is read while empty, which may result in RTL simulation hanging.
957 : 0
WARNING: Hls::stream 'hls::stream<hls::axis<ap_uint<64>, 0ul, 0ul, 0ul>, 0>.3' is read while empty, which may result in RTL simulation hanging.
958 : 0
WARNING: Hls::stream 'hls::stream<hls::axis<ap_uint<64>, 0ul, 0ul, 0ul>, 0>.3' is read while empty, which may result in RTL simulation hanging.
959 : 0
------------------------
