

================================================================
== Vitis HLS Report for 'equalizer_pilot_removal'
================================================================
* Date:           Mon Nov 28 11:24:57 2022

* Version:        2021.1 (Build 3247384 on Thu Jun 10 19:36:07 MDT 2021)
* Project:        project
* Solution:       solution1 (Vivado IP Flow Target)
* Product family: zynquplus
* Target device:  xck26-sfvc784-2LV-c


================================================================
== Performance Estimates
================================================================
+ Timing: 
    * Summary: 
    +--------+----------+----------+------------+
    |  Clock |  Target  | Estimated| Uncertainty|
    +--------+----------+----------+------------+
    |ap_clk  |  20.00 ns|  9.203 ns|     5.40 ns|
    +--------+----------+----------+------------+

+ Latency: 
    * Summary: 
    +---------+---------+----------+----------+-----+-----+---------+
    |  Latency (cycles) |  Latency (absolute) |  Interval | Pipeline|
    |   min   |   max   |    min   |    max   | min | max |   Type  |
    +---------+---------+----------+----------+-----+-----+---------+
    |        ?|        ?|         ?|         ?|    ?|    ?|       no|
    +---------+---------+----------+----------+-----+-----+---------+

    + Detail: 
        * Instance: 
        +-----------------------------------------------------------------------------+------------------------------------------------------------------+---------+---------+----------+----------+-----+-----+---------+
        |                                                                             |                                                                  |  Latency (cycles) |  Latency (absolute) |  Interval | Pipeline|
        |                                   Instance                                  |                              Module                              |   min   |   max   |    min   |    max   | min | max |   Type  |
        +-----------------------------------------------------------------------------+------------------------------------------------------------------+---------+---------+----------+----------+-----+-----+---------+
        |grp_equalizer_pilot_removal_Pipeline_VITIS_LOOP_47_1_fu_84                   |equalizer_pilot_removal_Pipeline_VITIS_LOOP_47_1                  |        ?|        ?|         ?|         ?|    ?|    ?|       no|
        |grp_equalizer_pilot_removal_Pipeline_VITIS_LOOP_75_2_VITIS_LOOP_76_3_fu_119  |equalizer_pilot_removal_Pipeline_VITIS_LOOP_75_2_VITIS_LOOP_76_3  |        ?|        ?|         ?|         ?|    ?|    ?|       no|
        +-----------------------------------------------------------------------------+------------------------------------------------------------------+---------+---------+----------+----------+-----+-----+---------+

        * Loop: 
        N/A

============================================================
+ Verbose Summary: Synthesis Manager
============================================================
InlineROM: 1
ExposeGlobal: 0
============================================================
+ Verbose Summary: CDFG Model
============================================================
IsTopModel: 1
ResetActiveHigh: 1
IsCombinational: 0
IsDatapathOnly: 0
HasWiredReturn: 1
HasMFsm: 0
HasVarLatency: 1
IsPipeline: 0
IsRtlPipelined: 0
IsInstanceOverlapped: 0
IsDontTouch: 0
HasImplIP: 0
IsGatedGlobalClock: 0


============================================================
+ Verbose Summary: Schedule
============================================================
* Number of FSM states : 54
* Pipeline : 0
* Dataflow Pipeline: 0

* FSM state transitions: 
1 --> 2 
2 --> 3 
3 --> 4 
4 --> 5 
5 --> 6 
6 --> 7 
7 --> 8 
8 --> 9 
9 --> 10 
10 --> 11 
11 --> 12 
12 --> 13 
13 --> 14 
14 --> 15 
15 --> 16 
16 --> 17 
17 --> 18 
18 --> 19 
19 --> 20 
20 --> 21 
21 --> 22 
22 --> 23 
23 --> 24 
24 --> 25 
25 --> 26 
26 --> 27 
27 --> 28 
28 --> 29 
29 --> 30 
30 --> 31 
31 --> 32 
32 --> 33 
33 --> 34 
34 --> 35 
35 --> 36 
36 --> 37 
37 --> 38 
38 --> 39 
39 --> 40 
40 --> 41 
41 --> 42 
42 --> 43 
43 --> 44 
44 --> 45 
45 --> 46 
46 --> 47 
47 --> 48 
48 --> 49 
49 --> 50 
50 --> 51 
51 --> 52 
52 --> 53 
53 --> 54 
54 --> 

* FSM state operations: 

State 1 <SV = 0> <Delay = 0.67>
ST_1 : Operation 55 [1/1] (0.00ns)   --->   "%pilot_width_4_loc = alloca i64 1"   --->   Operation 55 'alloca' 'pilot_width_4_loc' <Predicate = true> <Delay = 0.00>
ST_1 : Operation 56 [1/1] (0.00ns)   --->   "%DATA_LEN_1_loc = alloca i64 1"   --->   Operation 56 'alloca' 'DATA_LEN_1_loc' <Predicate = true> <Delay = 0.00>
ST_1 : Operation 57 [1/1] (0.00ns)   --->   "%sym_num_2_loc = alloca i64 1"   --->   Operation 57 'alloca' 'sym_num_2_loc' <Predicate = true> <Delay = 0.00>
ST_1 : Operation 58 [1/1] (0.67ns)   --->   "%data_V_0 = alloca i64 1" [../equalizer_pilot_removal.cpp:11]   --->   Operation 58 'alloca' 'data_V_0' <Predicate = true> <Delay = 0.67>
ST_1 : Operation 59 [1/1] (0.67ns)   --->   "%data_V_1 = alloca i64 1" [../equalizer_pilot_removal.cpp:11]   --->   Operation 59 'alloca' 'data_V_1' <Predicate = true> <Delay = 0.67>
ST_1 : Operation 60 [1/1] (0.00ns)   --->   "%empty = wait i32 @_ssdm_op_Wait"   --->   Operation 60 'wait' 'empty' <Predicate = true> <Delay = 0.00>

State 2 <SV = 1> <Delay = 1.10>
ST_2 : Operation 61 [2/2] (1.10ns)   --->   "%call_ln0 = call void @equalizer_pilot_removal_Pipeline_VITIS_LOOP_47_1, i64 %data_in_V_data_V, i8 %data_in_V_keep_V, i8 %data_in_V_strb_V, i1 %data_in_V_user_V, i1 %data_in_V_last_V, i1 %data_in_V_id_V, i1 %data_in_V_dest_V, i64 %data_out_V_data_V, i8 %data_out_V_keep_V, i8 %data_out_V_strb_V, i1 %data_out_V_user_V, i1 %data_out_V_last_V, i1 %data_out_V_id_V, i1 %data_out_V_dest_V, i32 %sym_num_2_loc, i32 %DATA_LEN_1_loc, i32 %pilot_width_4_loc"   --->   Operation 61 'call' 'call_ln0' <Predicate = true> <Delay = 1.10> <CoreType = "Generic">   --->   Core 0 '' <Latency = 0> <II = 1> <Delay = 1.00> <Generic> <Opcode : >

State 3 <SV = 2> <Delay = 0.00>
ST_3 : Operation 62 [1/2] (0.00ns)   --->   "%call_ln0 = call void @equalizer_pilot_removal_Pipeline_VITIS_LOOP_47_1, i64 %data_in_V_data_V, i8 %data_in_V_keep_V, i8 %data_in_V_strb_V, i1 %data_in_V_user_V, i1 %data_in_V_last_V, i1 %data_in_V_id_V, i1 %data_in_V_dest_V, i64 %data_out_V_data_V, i8 %data_out_V_keep_V, i8 %data_out_V_strb_V, i1 %data_out_V_user_V, i1 %data_out_V_last_V, i1 %data_out_V_id_V, i1 %data_out_V_dest_V, i32 %sym_num_2_loc, i32 %DATA_LEN_1_loc, i32 %pilot_width_4_loc"   --->   Operation 62 'call' 'call_ln0' <Predicate = true> <Delay = 0.00> <CoreType = "Generic">   --->   Core 0 '' <Latency = 0> <II = 1> <Delay = 1.00> <Generic> <Opcode : >

State 4 <SV = 3> <Delay = 1.47>
ST_4 : Operation 63 [1/1] (0.00ns)   --->   "%pilot_width_4_loc_load = load i32 %pilot_width_4_loc"   --->   Operation 63 'load' 'pilot_width_4_loc_load' <Predicate = true> <Delay = 0.00>
ST_4 : Operation 64 [1/1] (0.00ns)   --->   "%empty_20 = wait i32 @_ssdm_op_Wait"   --->   Operation 64 'wait' 'empty_20' <Predicate = true> <Delay = 0.00>
ST_4 : Operation 65 [1/1] (0.00ns)   --->   "%trunc_ln36 = trunc i32 %pilot_width_4_loc_load" [../equalizer_pilot_removal.cpp:36]   --->   Operation 65 'trunc' 'trunc_ln36' <Predicate = true> <Delay = 0.00>
ST_4 : Operation 66 [13/13] (1.47ns)   --->   "%div = sdiv i32 64, i32 %pilot_width_4_loc_load"   --->   Operation 66 'sdiv' 'div' <Predicate = true> <Delay = 1.47> <CoreInst = "DivnS_SEQ">   --->   Core 7 'DivnS_SEQ' <Latency = 35> <II = 8> <Delay = 1.47> <FuncUnit> <Opcode : 'sdiv' 'srem' 'udiv' 'urem'> <InPorts = 2> <OutPorts = 1>

State 5 <SV = 4> <Delay = 1.47>
ST_5 : Operation 67 [12/13] (1.47ns)   --->   "%div = sdiv i32 64, i32 %pilot_width_4_loc_load"   --->   Operation 67 'sdiv' 'div' <Predicate = true> <Delay = 1.47> <CoreInst = "DivnS_SEQ">   --->   Core 7 'DivnS_SEQ' <Latency = 35> <II = 8> <Delay = 1.47> <FuncUnit> <Opcode : 'sdiv' 'srem' 'udiv' 'urem'> <InPorts = 2> <OutPorts = 1>
ST_5 : Operation 68 [1/1] (0.00ns)   --->   "%empty_23 = wait i32 @_ssdm_op_Wait"   --->   Operation 68 'wait' 'empty_23' <Predicate = true> <Delay = 0.00>

State 6 <SV = 5> <Delay = 1.47>
ST_6 : Operation 69 [11/13] (1.47ns)   --->   "%div = sdiv i32 64, i32 %pilot_width_4_loc_load"   --->   Operation 69 'sdiv' 'div' <Predicate = true> <Delay = 1.47> <CoreInst = "DivnS_SEQ">   --->   Core 7 'DivnS_SEQ' <Latency = 35> <II = 8> <Delay = 1.47> <FuncUnit> <Opcode : 'sdiv' 'srem' 'udiv' 'urem'> <InPorts = 2> <OutPorts = 1>

State 7 <SV = 6> <Delay = 1.47>
ST_7 : Operation 70 [10/13] (1.47ns)   --->   "%div = sdiv i32 64, i32 %pilot_width_4_loc_load"   --->   Operation 70 'sdiv' 'div' <Predicate = true> <Delay = 1.47> <CoreInst = "DivnS_SEQ">   --->   Core 7 'DivnS_SEQ' <Latency = 35> <II = 8> <Delay = 1.47> <FuncUnit> <Opcode : 'sdiv' 'srem' 'udiv' 'urem'> <InPorts = 2> <OutPorts = 1>

State 8 <SV = 7> <Delay = 1.47>
ST_8 : Operation 71 [9/13] (1.47ns)   --->   "%div = sdiv i32 64, i32 %pilot_width_4_loc_load"   --->   Operation 71 'sdiv' 'div' <Predicate = true> <Delay = 1.47> <CoreInst = "DivnS_SEQ">   --->   Core 7 'DivnS_SEQ' <Latency = 35> <II = 8> <Delay = 1.47> <FuncUnit> <Opcode : 'sdiv' 'srem' 'udiv' 'urem'> <InPorts = 2> <OutPorts = 1>

State 9 <SV = 8> <Delay = 1.47>
ST_9 : Operation 72 [8/13] (1.47ns)   --->   "%div = sdiv i32 64, i32 %pilot_width_4_loc_load"   --->   Operation 72 'sdiv' 'div' <Predicate = true> <Delay = 1.47> <CoreInst = "DivnS_SEQ">   --->   Core 7 'DivnS_SEQ' <Latency = 35> <II = 8> <Delay = 1.47> <FuncUnit> <Opcode : 'sdiv' 'srem' 'udiv' 'urem'> <InPorts = 2> <OutPorts = 1>

State 10 <SV = 9> <Delay = 1.47>
ST_10 : Operation 73 [7/13] (1.47ns)   --->   "%div = sdiv i32 64, i32 %pilot_width_4_loc_load"   --->   Operation 73 'sdiv' 'div' <Predicate = true> <Delay = 1.47> <CoreInst = "DivnS_SEQ">   --->   Core 7 'DivnS_SEQ' <Latency = 35> <II = 8> <Delay = 1.47> <FuncUnit> <Opcode : 'sdiv' 'srem' 'udiv' 'urem'> <InPorts = 2> <OutPorts = 1>

State 11 <SV = 10> <Delay = 1.47>
ST_11 : Operation 74 [6/13] (1.47ns)   --->   "%div = sdiv i32 64, i32 %pilot_width_4_loc_load"   --->   Operation 74 'sdiv' 'div' <Predicate = true> <Delay = 1.47> <CoreInst = "DivnS_SEQ">   --->   Core 7 'DivnS_SEQ' <Latency = 35> <II = 8> <Delay = 1.47> <FuncUnit> <Opcode : 'sdiv' 'srem' 'udiv' 'urem'> <InPorts = 2> <OutPorts = 1>

State 12 <SV = 11> <Delay = 1.47>
ST_12 : Operation 75 [5/13] (1.47ns)   --->   "%div = sdiv i32 64, i32 %pilot_width_4_loc_load"   --->   Operation 75 'sdiv' 'div' <Predicate = true> <Delay = 1.47> <CoreInst = "DivnS_SEQ">   --->   Core 7 'DivnS_SEQ' <Latency = 35> <II = 8> <Delay = 1.47> <FuncUnit> <Opcode : 'sdiv' 'srem' 'udiv' 'urem'> <InPorts = 2> <OutPorts = 1>

State 13 <SV = 12> <Delay = 1.47>
ST_13 : Operation 76 [4/13] (1.47ns)   --->   "%div = sdiv i32 64, i32 %pilot_width_4_loc_load"   --->   Operation 76 'sdiv' 'div' <Predicate = true> <Delay = 1.47> <CoreInst = "DivnS_SEQ">   --->   Core 7 'DivnS_SEQ' <Latency = 35> <II = 8> <Delay = 1.47> <FuncUnit> <Opcode : 'sdiv' 'srem' 'udiv' 'urem'> <InPorts = 2> <OutPorts = 1>

State 14 <SV = 13> <Delay = 1.47>
ST_14 : Operation 77 [3/13] (1.47ns)   --->   "%div = sdiv i32 64, i32 %pilot_width_4_loc_load"   --->   Operation 77 'sdiv' 'div' <Predicate = true> <Delay = 1.47> <CoreInst = "DivnS_SEQ">   --->   Core 7 'DivnS_SEQ' <Latency = 35> <II = 8> <Delay = 1.47> <FuncUnit> <Opcode : 'sdiv' 'srem' 'udiv' 'urem'> <InPorts = 2> <OutPorts = 1>

State 15 <SV = 14> <Delay = 1.47>
ST_15 : Operation 78 [2/13] (1.47ns)   --->   "%div = sdiv i32 64, i32 %pilot_width_4_loc_load"   --->   Operation 78 'sdiv' 'div' <Predicate = true> <Delay = 1.47> <CoreInst = "DivnS_SEQ">   --->   Core 7 'DivnS_SEQ' <Latency = 35> <II = 8> <Delay = 1.47> <FuncUnit> <Opcode : 'sdiv' 'srem' 'udiv' 'urem'> <InPorts = 2> <OutPorts = 1>

State 16 <SV = 15> <Delay = 4.89>
ST_16 : Operation 79 [1/1] (0.00ns)   --->   "%sym_num_2_loc_load = load i32 %sym_num_2_loc"   --->   Operation 79 'load' 'sym_num_2_loc_load' <Predicate = true> <Delay = 0.00>
ST_16 : Operation 80 [1/1] (0.00ns)   --->   "%DATA_LEN_1_loc_load = load i32 %DATA_LEN_1_loc"   --->   Operation 80 'load' 'DATA_LEN_1_loc_load' <Predicate = true> <Delay = 0.00>
ST_16 : Operation 81 [1/1] (3.42ns)   --->   "%mul = mul i32 %sym_num_2_loc_load, i32 %DATA_LEN_1_loc_load"   --->   Operation 81 'mul' 'mul' <Predicate = true> <Delay = 3.42> <CoreInst = "Multiplier">   --->   Core 3 'Multiplier' <Latency = 0> <II = 1> <Delay = 3.42> <FuncUnit> <Opcode : 'mul'> <InPorts = 2> <OutPorts = 1>
ST_16 : Operation 82 [1/13] (1.47ns)   --->   "%div = sdiv i32 64, i32 %pilot_width_4_loc_load"   --->   Operation 82 'sdiv' 'div' <Predicate = true> <Delay = 1.47> <CoreInst = "DivnS_SEQ">   --->   Core 7 'DivnS_SEQ' <Latency = 35> <II = 8> <Delay = 1.47> <FuncUnit> <Opcode : 'sdiv' 'srem' 'udiv' 'urem'> <InPorts = 2> <OutPorts = 1>
ST_16 : Operation 83 [1/1] (0.00ns)   --->   "%empty_21 = trunc i8 %div"   --->   Operation 83 'trunc' 'empty_21' <Predicate = true> <Delay = 0.00>
ST_16 : Operation 84 [1/1] (0.00ns)   --->   "%div_cast_cast = sext i8 %empty_21"   --->   Operation 84 'sext' 'div_cast_cast' <Predicate = true> <Delay = 0.00>
ST_16 : Operation 85 [1/1] (0.76ns)   --->   "%sub22 = sub i9 64, i9 %div_cast_cast"   --->   Operation 85 'sub' 'sub22' <Predicate = true> <Delay = 0.76> <CoreInst = "Adder">   --->   Core 1 'Adder' <Latency = 0> <II = 1> <Delay = 1.01> <FuncUnit> <Opcode : 'add' 'sub'> <InPorts = 2> <OutPorts = 1>
ST_16 : Operation 86 [1/1] (0.00ns)   --->   "%sub22_cast = sext i9 %sub22"   --->   Operation 86 'sext' 'sub22_cast' <Predicate = true> <Delay = 0.00>
ST_16 : Operation 87 [36/36] (1.47ns)   --->   "%div23 = sdiv i32 %mul, i32 %sub22_cast"   --->   Operation 87 'sdiv' 'div23' <Predicate = true> <Delay = 1.47> <CoreInst = "DivnS_SEQ">   --->   Core 7 'DivnS_SEQ' <Latency = 35> <II = 32> <Delay = 1.47> <FuncUnit> <Opcode : 'sdiv' 'srem' 'udiv' 'urem'> <InPorts = 2> <OutPorts = 1>

State 17 <SV = 16> <Delay = 1.47>
ST_17 : Operation 88 [35/36] (1.47ns)   --->   "%div23 = sdiv i32 %mul, i32 %sub22_cast"   --->   Operation 88 'sdiv' 'div23' <Predicate = true> <Delay = 1.47> <CoreInst = "DivnS_SEQ">   --->   Core 7 'DivnS_SEQ' <Latency = 35> <II = 32> <Delay = 1.47> <FuncUnit> <Opcode : 'sdiv' 'srem' 'udiv' 'urem'> <InPorts = 2> <OutPorts = 1>

State 18 <SV = 17> <Delay = 1.47>
ST_18 : Operation 89 [34/36] (1.47ns)   --->   "%div23 = sdiv i32 %mul, i32 %sub22_cast"   --->   Operation 89 'sdiv' 'div23' <Predicate = true> <Delay = 1.47> <CoreInst = "DivnS_SEQ">   --->   Core 7 'DivnS_SEQ' <Latency = 35> <II = 32> <Delay = 1.47> <FuncUnit> <Opcode : 'sdiv' 'srem' 'udiv' 'urem'> <InPorts = 2> <OutPorts = 1>

State 19 <SV = 18> <Delay = 1.47>
ST_19 : Operation 90 [33/36] (1.47ns)   --->   "%div23 = sdiv i32 %mul, i32 %sub22_cast"   --->   Operation 90 'sdiv' 'div23' <Predicate = true> <Delay = 1.47> <CoreInst = "DivnS_SEQ">   --->   Core 7 'DivnS_SEQ' <Latency = 35> <II = 32> <Delay = 1.47> <FuncUnit> <Opcode : 'sdiv' 'srem' 'udiv' 'urem'> <InPorts = 2> <OutPorts = 1>

State 20 <SV = 19> <Delay = 1.47>
ST_20 : Operation 91 [32/36] (1.47ns)   --->   "%div23 = sdiv i32 %mul, i32 %sub22_cast"   --->   Operation 91 'sdiv' 'div23' <Predicate = true> <Delay = 1.47> <CoreInst = "DivnS_SEQ">   --->   Core 7 'DivnS_SEQ' <Latency = 35> <II = 32> <Delay = 1.47> <FuncUnit> <Opcode : 'sdiv' 'srem' 'udiv' 'urem'> <InPorts = 2> <OutPorts = 1>

State 21 <SV = 20> <Delay = 1.47>
ST_21 : Operation 92 [31/36] (1.47ns)   --->   "%div23 = sdiv i32 %mul, i32 %sub22_cast"   --->   Operation 92 'sdiv' 'div23' <Predicate = true> <Delay = 1.47> <CoreInst = "DivnS_SEQ">   --->   Core 7 'DivnS_SEQ' <Latency = 35> <II = 32> <Delay = 1.47> <FuncUnit> <Opcode : 'sdiv' 'srem' 'udiv' 'urem'> <InPorts = 2> <OutPorts = 1>

State 22 <SV = 21> <Delay = 1.47>
ST_22 : Operation 93 [30/36] (1.47ns)   --->   "%div23 = sdiv i32 %mul, i32 %sub22_cast"   --->   Operation 93 'sdiv' 'div23' <Predicate = true> <Delay = 1.47> <CoreInst = "DivnS_SEQ">   --->   Core 7 'DivnS_SEQ' <Latency = 35> <II = 32> <Delay = 1.47> <FuncUnit> <Opcode : 'sdiv' 'srem' 'udiv' 'urem'> <InPorts = 2> <OutPorts = 1>

State 23 <SV = 22> <Delay = 1.47>
ST_23 : Operation 94 [29/36] (1.47ns)   --->   "%div23 = sdiv i32 %mul, i32 %sub22_cast"   --->   Operation 94 'sdiv' 'div23' <Predicate = true> <Delay = 1.47> <CoreInst = "DivnS_SEQ">   --->   Core 7 'DivnS_SEQ' <Latency = 35> <II = 32> <Delay = 1.47> <FuncUnit> <Opcode : 'sdiv' 'srem' 'udiv' 'urem'> <InPorts = 2> <OutPorts = 1>

State 24 <SV = 23> <Delay = 1.47>
ST_24 : Operation 95 [28/36] (1.47ns)   --->   "%div23 = sdiv i32 %mul, i32 %sub22_cast"   --->   Operation 95 'sdiv' 'div23' <Predicate = true> <Delay = 1.47> <CoreInst = "DivnS_SEQ">   --->   Core 7 'DivnS_SEQ' <Latency = 35> <II = 32> <Delay = 1.47> <FuncUnit> <Opcode : 'sdiv' 'srem' 'udiv' 'urem'> <InPorts = 2> <OutPorts = 1>

State 25 <SV = 24> <Delay = 1.47>
ST_25 : Operation 96 [27/36] (1.47ns)   --->   "%div23 = sdiv i32 %mul, i32 %sub22_cast"   --->   Operation 96 'sdiv' 'div23' <Predicate = true> <Delay = 1.47> <CoreInst = "DivnS_SEQ">   --->   Core 7 'DivnS_SEQ' <Latency = 35> <II = 32> <Delay = 1.47> <FuncUnit> <Opcode : 'sdiv' 'srem' 'udiv' 'urem'> <InPorts = 2> <OutPorts = 1>

State 26 <SV = 25> <Delay = 1.47>
ST_26 : Operation 97 [26/36] (1.47ns)   --->   "%div23 = sdiv i32 %mul, i32 %sub22_cast"   --->   Operation 97 'sdiv' 'div23' <Predicate = true> <Delay = 1.47> <CoreInst = "DivnS_SEQ">   --->   Core 7 'DivnS_SEQ' <Latency = 35> <II = 32> <Delay = 1.47> <FuncUnit> <Opcode : 'sdiv' 'srem' 'udiv' 'urem'> <InPorts = 2> <OutPorts = 1>

State 27 <SV = 26> <Delay = 1.47>
ST_27 : Operation 98 [25/36] (1.47ns)   --->   "%div23 = sdiv i32 %mul, i32 %sub22_cast"   --->   Operation 98 'sdiv' 'div23' <Predicate = true> <Delay = 1.47> <CoreInst = "DivnS_SEQ">   --->   Core 7 'DivnS_SEQ' <Latency = 35> <II = 32> <Delay = 1.47> <FuncUnit> <Opcode : 'sdiv' 'srem' 'udiv' 'urem'> <InPorts = 2> <OutPorts = 1>

State 28 <SV = 27> <Delay = 1.47>
ST_28 : Operation 99 [24/36] (1.47ns)   --->   "%div23 = sdiv i32 %mul, i32 %sub22_cast"   --->   Operation 99 'sdiv' 'div23' <Predicate = true> <Delay = 1.47> <CoreInst = "DivnS_SEQ">   --->   Core 7 'DivnS_SEQ' <Latency = 35> <II = 32> <Delay = 1.47> <FuncUnit> <Opcode : 'sdiv' 'srem' 'udiv' 'urem'> <InPorts = 2> <OutPorts = 1>

State 29 <SV = 28> <Delay = 1.47>
ST_29 : Operation 100 [23/36] (1.47ns)   --->   "%div23 = sdiv i32 %mul, i32 %sub22_cast"   --->   Operation 100 'sdiv' 'div23' <Predicate = true> <Delay = 1.47> <CoreInst = "DivnS_SEQ">   --->   Core 7 'DivnS_SEQ' <Latency = 35> <II = 32> <Delay = 1.47> <FuncUnit> <Opcode : 'sdiv' 'srem' 'udiv' 'urem'> <InPorts = 2> <OutPorts = 1>

State 30 <SV = 29> <Delay = 1.47>
ST_30 : Operation 101 [22/36] (1.47ns)   --->   "%div23 = sdiv i32 %mul, i32 %sub22_cast"   --->   Operation 101 'sdiv' 'div23' <Predicate = true> <Delay = 1.47> <CoreInst = "DivnS_SEQ">   --->   Core 7 'DivnS_SEQ' <Latency = 35> <II = 32> <Delay = 1.47> <FuncUnit> <Opcode : 'sdiv' 'srem' 'udiv' 'urem'> <InPorts = 2> <OutPorts = 1>

State 31 <SV = 30> <Delay = 1.47>
ST_31 : Operation 102 [21/36] (1.47ns)   --->   "%div23 = sdiv i32 %mul, i32 %sub22_cast"   --->   Operation 102 'sdiv' 'div23' <Predicate = true> <Delay = 1.47> <CoreInst = "DivnS_SEQ">   --->   Core 7 'DivnS_SEQ' <Latency = 35> <II = 32> <Delay = 1.47> <FuncUnit> <Opcode : 'sdiv' 'srem' 'udiv' 'urem'> <InPorts = 2> <OutPorts = 1>

State 32 <SV = 31> <Delay = 1.47>
ST_32 : Operation 103 [20/36] (1.47ns)   --->   "%div23 = sdiv i32 %mul, i32 %sub22_cast"   --->   Operation 103 'sdiv' 'div23' <Predicate = true> <Delay = 1.47> <CoreInst = "DivnS_SEQ">   --->   Core 7 'DivnS_SEQ' <Latency = 35> <II = 32> <Delay = 1.47> <FuncUnit> <Opcode : 'sdiv' 'srem' 'udiv' 'urem'> <InPorts = 2> <OutPorts = 1>

State 33 <SV = 32> <Delay = 1.47>
ST_33 : Operation 104 [19/36] (1.47ns)   --->   "%div23 = sdiv i32 %mul, i32 %sub22_cast"   --->   Operation 104 'sdiv' 'div23' <Predicate = true> <Delay = 1.47> <CoreInst = "DivnS_SEQ">   --->   Core 7 'DivnS_SEQ' <Latency = 35> <II = 32> <Delay = 1.47> <FuncUnit> <Opcode : 'sdiv' 'srem' 'udiv' 'urem'> <InPorts = 2> <OutPorts = 1>

State 34 <SV = 33> <Delay = 1.47>
ST_34 : Operation 105 [18/36] (1.47ns)   --->   "%div23 = sdiv i32 %mul, i32 %sub22_cast"   --->   Operation 105 'sdiv' 'div23' <Predicate = true> <Delay = 1.47> <CoreInst = "DivnS_SEQ">   --->   Core 7 'DivnS_SEQ' <Latency = 35> <II = 32> <Delay = 1.47> <FuncUnit> <Opcode : 'sdiv' 'srem' 'udiv' 'urem'> <InPorts = 2> <OutPorts = 1>

State 35 <SV = 34> <Delay = 1.47>
ST_35 : Operation 106 [17/36] (1.47ns)   --->   "%div23 = sdiv i32 %mul, i32 %sub22_cast"   --->   Operation 106 'sdiv' 'div23' <Predicate = true> <Delay = 1.47> <CoreInst = "DivnS_SEQ">   --->   Core 7 'DivnS_SEQ' <Latency = 35> <II = 32> <Delay = 1.47> <FuncUnit> <Opcode : 'sdiv' 'srem' 'udiv' 'urem'> <InPorts = 2> <OutPorts = 1>

State 36 <SV = 35> <Delay = 1.47>
ST_36 : Operation 107 [16/36] (1.47ns)   --->   "%div23 = sdiv i32 %mul, i32 %sub22_cast"   --->   Operation 107 'sdiv' 'div23' <Predicate = true> <Delay = 1.47> <CoreInst = "DivnS_SEQ">   --->   Core 7 'DivnS_SEQ' <Latency = 35> <II = 32> <Delay = 1.47> <FuncUnit> <Opcode : 'sdiv' 'srem' 'udiv' 'urem'> <InPorts = 2> <OutPorts = 1>

State 37 <SV = 36> <Delay = 1.47>
ST_37 : Operation 108 [15/36] (1.47ns)   --->   "%div23 = sdiv i32 %mul, i32 %sub22_cast"   --->   Operation 108 'sdiv' 'div23' <Predicate = true> <Delay = 1.47> <CoreInst = "DivnS_SEQ">   --->   Core 7 'DivnS_SEQ' <Latency = 35> <II = 32> <Delay = 1.47> <FuncUnit> <Opcode : 'sdiv' 'srem' 'udiv' 'urem'> <InPorts = 2> <OutPorts = 1>

State 38 <SV = 37> <Delay = 1.47>
ST_38 : Operation 109 [14/36] (1.47ns)   --->   "%div23 = sdiv i32 %mul, i32 %sub22_cast"   --->   Operation 109 'sdiv' 'div23' <Predicate = true> <Delay = 1.47> <CoreInst = "DivnS_SEQ">   --->   Core 7 'DivnS_SEQ' <Latency = 35> <II = 32> <Delay = 1.47> <FuncUnit> <Opcode : 'sdiv' 'srem' 'udiv' 'urem'> <InPorts = 2> <OutPorts = 1>

State 39 <SV = 38> <Delay = 1.47>
ST_39 : Operation 110 [13/36] (1.47ns)   --->   "%div23 = sdiv i32 %mul, i32 %sub22_cast"   --->   Operation 110 'sdiv' 'div23' <Predicate = true> <Delay = 1.47> <CoreInst = "DivnS_SEQ">   --->   Core 7 'DivnS_SEQ' <Latency = 35> <II = 32> <Delay = 1.47> <FuncUnit> <Opcode : 'sdiv' 'srem' 'udiv' 'urem'> <InPorts = 2> <OutPorts = 1>

State 40 <SV = 39> <Delay = 1.47>
ST_40 : Operation 111 [12/36] (1.47ns)   --->   "%div23 = sdiv i32 %mul, i32 %sub22_cast"   --->   Operation 111 'sdiv' 'div23' <Predicate = true> <Delay = 1.47> <CoreInst = "DivnS_SEQ">   --->   Core 7 'DivnS_SEQ' <Latency = 35> <II = 32> <Delay = 1.47> <FuncUnit> <Opcode : 'sdiv' 'srem' 'udiv' 'urem'> <InPorts = 2> <OutPorts = 1>

State 41 <SV = 40> <Delay = 1.47>
ST_41 : Operation 112 [11/36] (1.47ns)   --->   "%div23 = sdiv i32 %mul, i32 %sub22_cast"   --->   Operation 112 'sdiv' 'div23' <Predicate = true> <Delay = 1.47> <CoreInst = "DivnS_SEQ">   --->   Core 7 'DivnS_SEQ' <Latency = 35> <II = 32> <Delay = 1.47> <FuncUnit> <Opcode : 'sdiv' 'srem' 'udiv' 'urem'> <InPorts = 2> <OutPorts = 1>

State 42 <SV = 41> <Delay = 1.47>
ST_42 : Operation 113 [10/36] (1.47ns)   --->   "%div23 = sdiv i32 %mul, i32 %sub22_cast"   --->   Operation 113 'sdiv' 'div23' <Predicate = true> <Delay = 1.47> <CoreInst = "DivnS_SEQ">   --->   Core 7 'DivnS_SEQ' <Latency = 35> <II = 32> <Delay = 1.47> <FuncUnit> <Opcode : 'sdiv' 'srem' 'udiv' 'urem'> <InPorts = 2> <OutPorts = 1>

State 43 <SV = 42> <Delay = 1.47>
ST_43 : Operation 114 [9/36] (1.47ns)   --->   "%div23 = sdiv i32 %mul, i32 %sub22_cast"   --->   Operation 114 'sdiv' 'div23' <Predicate = true> <Delay = 1.47> <CoreInst = "DivnS_SEQ">   --->   Core 7 'DivnS_SEQ' <Latency = 35> <II = 32> <Delay = 1.47> <FuncUnit> <Opcode : 'sdiv' 'srem' 'udiv' 'urem'> <InPorts = 2> <OutPorts = 1>

State 44 <SV = 43> <Delay = 1.47>
ST_44 : Operation 115 [8/36] (1.47ns)   --->   "%div23 = sdiv i32 %mul, i32 %sub22_cast"   --->   Operation 115 'sdiv' 'div23' <Predicate = true> <Delay = 1.47> <CoreInst = "DivnS_SEQ">   --->   Core 7 'DivnS_SEQ' <Latency = 35> <II = 32> <Delay = 1.47> <FuncUnit> <Opcode : 'sdiv' 'srem' 'udiv' 'urem'> <InPorts = 2> <OutPorts = 1>

State 45 <SV = 44> <Delay = 1.47>
ST_45 : Operation 116 [7/36] (1.47ns)   --->   "%div23 = sdiv i32 %mul, i32 %sub22_cast"   --->   Operation 116 'sdiv' 'div23' <Predicate = true> <Delay = 1.47> <CoreInst = "DivnS_SEQ">   --->   Core 7 'DivnS_SEQ' <Latency = 35> <II = 32> <Delay = 1.47> <FuncUnit> <Opcode : 'sdiv' 'srem' 'udiv' 'urem'> <InPorts = 2> <OutPorts = 1>

State 46 <SV = 45> <Delay = 1.47>
ST_46 : Operation 117 [6/36] (1.47ns)   --->   "%div23 = sdiv i32 %mul, i32 %sub22_cast"   --->   Operation 117 'sdiv' 'div23' <Predicate = true> <Delay = 1.47> <CoreInst = "DivnS_SEQ">   --->   Core 7 'DivnS_SEQ' <Latency = 35> <II = 32> <Delay = 1.47> <FuncUnit> <Opcode : 'sdiv' 'srem' 'udiv' 'urem'> <InPorts = 2> <OutPorts = 1>

State 47 <SV = 46> <Delay = 1.47>
ST_47 : Operation 118 [5/36] (1.47ns)   --->   "%div23 = sdiv i32 %mul, i32 %sub22_cast"   --->   Operation 118 'sdiv' 'div23' <Predicate = true> <Delay = 1.47> <CoreInst = "DivnS_SEQ">   --->   Core 7 'DivnS_SEQ' <Latency = 35> <II = 32> <Delay = 1.47> <FuncUnit> <Opcode : 'sdiv' 'srem' 'udiv' 'urem'> <InPorts = 2> <OutPorts = 1>

State 48 <SV = 47> <Delay = 1.47>
ST_48 : Operation 119 [4/36] (1.47ns)   --->   "%div23 = sdiv i32 %mul, i32 %sub22_cast"   --->   Operation 119 'sdiv' 'div23' <Predicate = true> <Delay = 1.47> <CoreInst = "DivnS_SEQ">   --->   Core 7 'DivnS_SEQ' <Latency = 35> <II = 32> <Delay = 1.47> <FuncUnit> <Opcode : 'sdiv' 'srem' 'udiv' 'urem'> <InPorts = 2> <OutPorts = 1>

State 49 <SV = 48> <Delay = 1.47>
ST_49 : Operation 120 [3/36] (1.47ns)   --->   "%div23 = sdiv i32 %mul, i32 %sub22_cast"   --->   Operation 120 'sdiv' 'div23' <Predicate = true> <Delay = 1.47> <CoreInst = "DivnS_SEQ">   --->   Core 7 'DivnS_SEQ' <Latency = 35> <II = 32> <Delay = 1.47> <FuncUnit> <Opcode : 'sdiv' 'srem' 'udiv' 'urem'> <InPorts = 2> <OutPorts = 1>

State 50 <SV = 49> <Delay = 1.47>
ST_50 : Operation 121 [2/36] (1.47ns)   --->   "%div23 = sdiv i32 %mul, i32 %sub22_cast"   --->   Operation 121 'sdiv' 'div23' <Predicate = true> <Delay = 1.47> <CoreInst = "DivnS_SEQ">   --->   Core 7 'DivnS_SEQ' <Latency = 35> <II = 32> <Delay = 1.47> <FuncUnit> <Opcode : 'sdiv' 'srem' 'udiv' 'urem'> <InPorts = 2> <OutPorts = 1>

State 51 <SV = 50> <Delay = 4.89>
ST_51 : Operation 122 [1/36] (1.47ns)   --->   "%div23 = sdiv i32 %mul, i32 %sub22_cast"   --->   Operation 122 'sdiv' 'div23' <Predicate = true> <Delay = 1.47> <CoreInst = "DivnS_SEQ">   --->   Core 7 'DivnS_SEQ' <Latency = 35> <II = 32> <Delay = 1.47> <FuncUnit> <Opcode : 'sdiv' 'srem' 'udiv' 'urem'> <InPorts = 2> <OutPorts = 1>
ST_51 : Operation 123 [1/1] (1.01ns)   --->   "%add = add i32 %pilot_width_4_loc_load, i32 64"   --->   Operation 123 'add' 'add' <Predicate = true> <Delay = 1.01> <CoreInst = "Adder">   --->   Core 1 'Adder' <Latency = 0> <II = 1> <Delay = 1.01> <FuncUnit> <Opcode : 'add' 'sub'> <InPorts = 2> <OutPorts = 1>
ST_51 : Operation 124 [1/1] (0.00ns)   --->   "%cast = zext i32 %div23"   --->   Operation 124 'zext' 'cast' <Predicate = true> <Delay = 0.00>
ST_51 : Operation 125 [1/1] (0.00ns)   --->   "%cast1 = zext i32 %add"   --->   Operation 125 'zext' 'cast1' <Predicate = true> <Delay = 0.00>
ST_51 : Operation 126 [1/1] (3.42ns)   --->   "%bound = mul i64 %cast, i64 %cast1"   --->   Operation 126 'mul' 'bound' <Predicate = true> <Delay = 3.42> <CoreInst = "Multiplier">   --->   Core 3 'Multiplier' <Latency = 0> <II = 1> <Delay = 3.42> <FuncUnit> <Opcode : 'mul'> <InPorts = 2> <OutPorts = 1>

State 52 <SV = 51> <Delay = 1.01>
ST_52 : Operation 127 [1/1] (0.00ns) (grouped into LUT with out node sub62)   --->   "%empty_22 = shl i32 %pilot_width_4_loc_load, i32 1"   --->   Operation 127 'shl' 'empty_22' <Predicate = true> <Delay = 0.00>
ST_52 : Operation 128 [1/1] (1.01ns) (out node of the LUT)   --->   "%sub62 = sub i32 64, i32 %empty_22"   --->   Operation 128 'sub' 'sub62' <Predicate = true> <Delay = 1.01> <CoreInst = "Adder">   --->   Core 1 'Adder' <Latency = 0> <II = 1> <Delay = 1.01> <FuncUnit> <Opcode : 'add' 'sub'> <InPorts = 2> <OutPorts = 1>
ST_52 : Operation 129 [1/1] (0.00ns)   --->   "%conv_i_i_i = bitconcatenate i22 @_ssdm_op_BitConcatenate.i22.i7.i15, i7 %trunc_ln36, i15 0" [../equalizer_pilot_removal.cpp:36]   --->   Operation 129 'bitconcatenate' 'conv_i_i_i' <Predicate = true> <Delay = 0.00>
ST_52 : Operation 130 [2/2] (0.00ns)   --->   "%call_ln36 = call void @equalizer_pilot_removal_Pipeline_VITIS_LOOP_75_2_VITIS_LOOP_76_3, i22 %data_V_1, i22 %data_V_0, i32 %add, i64 %bound, i32 %pilot_width_4_loc_load, i64 %data_in_V_data_V, i8 %data_in_V_keep_V, i8 %data_in_V_strb_V, i1 %data_in_V_user_V, i1 %data_in_V_last_V, i1 %data_in_V_id_V, i1 %data_in_V_dest_V, i32 %sub62, i64 %data_out_V_data_V, i8 %data_out_V_keep_V, i8 %data_out_V_strb_V, i1 %data_out_V_user_V, i1 %data_out_V_last_V, i1 %data_out_V_id_V, i1 %data_out_V_dest_V, i7 %trunc_ln36, i22 %conv_i_i_i" [../equalizer_pilot_removal.cpp:36]   --->   Operation 130 'call' 'call_ln36' <Predicate = true> <Delay = 0.00> <CoreType = "Generic">   --->   Core 0 '' <Latency = 0> <II = 1> <Delay = 1.00> <Generic> <Opcode : >

State 53 <SV = 52> <Delay = 1.54>
ST_53 : Operation 131 [1/2] (1.54ns)   --->   "%call_ln36 = call void @equalizer_pilot_removal_Pipeline_VITIS_LOOP_75_2_VITIS_LOOP_76_3, i22 %data_V_1, i22 %data_V_0, i32 %add, i64 %bound, i32 %pilot_width_4_loc_load, i64 %data_in_V_data_V, i8 %data_in_V_keep_V, i8 %data_in_V_strb_V, i1 %data_in_V_user_V, i1 %data_in_V_last_V, i1 %data_in_V_id_V, i1 %data_in_V_dest_V, i32 %sub62, i64 %data_out_V_data_V, i8 %data_out_V_keep_V, i8 %data_out_V_strb_V, i1 %data_out_V_user_V, i1 %data_out_V_last_V, i1 %data_out_V_id_V, i1 %data_out_V_dest_V, i7 %trunc_ln36, i22 %conv_i_i_i" [../equalizer_pilot_removal.cpp:36]   --->   Operation 131 'call' 'call_ln36' <Predicate = true> <Delay = 1.54> <CoreType = "Generic">   --->   Core 0 '' <Latency = 0> <II = 1> <Delay = 1.00> <Generic> <Opcode : >

State 54 <SV = 53> <Delay = 0.00>
ST_54 : Operation 132 [1/1] (0.00ns)   --->   "%spectopmodule_ln0 = spectopmodule void @_ssdm_op_SpecTopModule, void @empty_2"   --->   Operation 132 'spectopmodule' 'spectopmodule_ln0' <Predicate = true> <Delay = 0.00>
ST_54 : Operation 133 [1/1] (0.00ns)   --->   "%specinterface_ln0 = specinterface void @_ssdm_op_SpecInterface, i32 0, void @empty_3, i32 0, i32 0, void @empty_1, i32 0, i32 0, void @empty_1, void @empty_1, void @empty_1, i32 0, i32 0, i32 0, i32 0, void @empty_1, void @empty_1"   --->   Operation 133 'specinterface' 'specinterface_ln0' <Predicate = true> <Delay = 0.00>
ST_54 : Operation 134 [1/1] (0.00ns)   --->   "%specinterface_ln0 = specinterface void @_ssdm_op_SpecInterface, i64 %data_in_V_data_V, i8 %data_in_V_keep_V, i8 %data_in_V_strb_V, i1 %data_in_V_user_V, i1 %data_in_V_last_V, i1 %data_in_V_id_V, i1 %data_in_V_dest_V, void @empty, i32 1, i32 1, void @empty_0, i32 0, i32 0, void @empty_1, void @empty_1, void @empty_1, i32 0, i32 0, i32 0, i32 0, void @empty_1, void @empty_1"   --->   Operation 134 'specinterface' 'specinterface_ln0' <Predicate = true> <Delay = 0.00>
ST_54 : Operation 135 [1/1] (0.00ns)   --->   "%specbitsmap_ln0 = specbitsmap void @_ssdm_op_SpecBitsMap, i64 %data_in_V_data_V"   --->   Operation 135 'specbitsmap' 'specbitsmap_ln0' <Predicate = true> <Delay = 0.00>
ST_54 : Operation 136 [1/1] (0.00ns)   --->   "%specbitsmap_ln0 = specbitsmap void @_ssdm_op_SpecBitsMap, i8 %data_in_V_keep_V"   --->   Operation 136 'specbitsmap' 'specbitsmap_ln0' <Predicate = true> <Delay = 0.00>
ST_54 : Operation 137 [1/1] (0.00ns)   --->   "%specbitsmap_ln0 = specbitsmap void @_ssdm_op_SpecBitsMap, i8 %data_in_V_strb_V"   --->   Operation 137 'specbitsmap' 'specbitsmap_ln0' <Predicate = true> <Delay = 0.00>
ST_54 : Operation 138 [1/1] (0.00ns)   --->   "%specbitsmap_ln0 = specbitsmap void @_ssdm_op_SpecBitsMap, i1 %data_in_V_user_V"   --->   Operation 138 'specbitsmap' 'specbitsmap_ln0' <Predicate = true> <Delay = 0.00>
ST_54 : Operation 139 [1/1] (0.00ns)   --->   "%specbitsmap_ln0 = specbitsmap void @_ssdm_op_SpecBitsMap, i1 %data_in_V_last_V"   --->   Operation 139 'specbitsmap' 'specbitsmap_ln0' <Predicate = true> <Delay = 0.00>
ST_54 : Operation 140 [1/1] (0.00ns)   --->   "%specbitsmap_ln0 = specbitsmap void @_ssdm_op_SpecBitsMap, i1 %data_in_V_id_V"   --->   Operation 140 'specbitsmap' 'specbitsmap_ln0' <Predicate = true> <Delay = 0.00>
ST_54 : Operation 141 [1/1] (0.00ns)   --->   "%specbitsmap_ln0 = specbitsmap void @_ssdm_op_SpecBitsMap, i1 %data_in_V_dest_V"   --->   Operation 141 'specbitsmap' 'specbitsmap_ln0' <Predicate = true> <Delay = 0.00>
ST_54 : Operation 142 [1/1] (0.00ns)   --->   "%specinterface_ln0 = specinterface void @_ssdm_op_SpecInterface, i64 %data_out_V_data_V, i8 %data_out_V_keep_V, i8 %data_out_V_strb_V, i1 %data_out_V_user_V, i1 %data_out_V_last_V, i1 %data_out_V_id_V, i1 %data_out_V_dest_V, void @empty, i32 1, i32 1, void @empty_0, i32 0, i32 0, void @empty_1, void @empty_1, void @empty_1, i32 0, i32 0, i32 0, i32 0, void @empty_1, void @empty_1"   --->   Operation 142 'specinterface' 'specinterface_ln0' <Predicate = true> <Delay = 0.00>
ST_54 : Operation 143 [1/1] (0.00ns)   --->   "%specbitsmap_ln0 = specbitsmap void @_ssdm_op_SpecBitsMap, i64 %data_out_V_data_V"   --->   Operation 143 'specbitsmap' 'specbitsmap_ln0' <Predicate = true> <Delay = 0.00>
ST_54 : Operation 144 [1/1] (0.00ns)   --->   "%specbitsmap_ln0 = specbitsmap void @_ssdm_op_SpecBitsMap, i8 %data_out_V_keep_V"   --->   Operation 144 'specbitsmap' 'specbitsmap_ln0' <Predicate = true> <Delay = 0.00>
ST_54 : Operation 145 [1/1] (0.00ns)   --->   "%specbitsmap_ln0 = specbitsmap void @_ssdm_op_SpecBitsMap, i8 %data_out_V_strb_V"   --->   Operation 145 'specbitsmap' 'specbitsmap_ln0' <Predicate = true> <Delay = 0.00>
ST_54 : Operation 146 [1/1] (0.00ns)   --->   "%specbitsmap_ln0 = specbitsmap void @_ssdm_op_SpecBitsMap, i1 %data_out_V_user_V"   --->   Operation 146 'specbitsmap' 'specbitsmap_ln0' <Predicate = true> <Delay = 0.00>
ST_54 : Operation 147 [1/1] (0.00ns)   --->   "%specbitsmap_ln0 = specbitsmap void @_ssdm_op_SpecBitsMap, i1 %data_out_V_last_V"   --->   Operation 147 'specbitsmap' 'specbitsmap_ln0' <Predicate = true> <Delay = 0.00>
ST_54 : Operation 148 [1/1] (0.00ns)   --->   "%specbitsmap_ln0 = specbitsmap void @_ssdm_op_SpecBitsMap, i1 %data_out_V_id_V"   --->   Operation 148 'specbitsmap' 'specbitsmap_ln0' <Predicate = true> <Delay = 0.00>
ST_54 : Operation 149 [1/1] (0.00ns)   --->   "%specbitsmap_ln0 = specbitsmap void @_ssdm_op_SpecBitsMap, i1 %data_out_V_dest_V"   --->   Operation 149 'specbitsmap' 'specbitsmap_ln0' <Predicate = true> <Delay = 0.00>
ST_54 : Operation 150 [1/1] (0.00ns)   --->   "%ret_ln128 = ret" [../equalizer_pilot_removal.cpp:128]   --->   Operation 150 'ret' 'ret_ln128' <Predicate = true> <Delay = 0.00>


============================================================
+ Verbose Summary: Binding
============================================================
STG Binding: 
---------------- STG Properties BEGIN ----------------
- Is combinational: 0
- Is one-state seq: 0
- Is datapath-only: 0
- Is pipelined: 0
- Is top level: 1
Port [ Return ] is wired: 1; IO mode=ap_ctrl_none:ce=0
Port [ data_in_V_data_V]:  wired=1; compound=1; hidden=0; nouse=0; global=0; static=0; extern=0; dir=0; type=0; pingpong=0; private_global=0; IO mode=axis:ce=0
Port [ data_in_V_keep_V]:  wired=1; compound=1; hidden=0; nouse=0; global=0; static=0; extern=0; dir=0; type=0; pingpong=0; private_global=0; IO mode=axis:ce=0
Port [ data_in_V_strb_V]:  wired=1; compound=1; hidden=0; nouse=0; global=0; static=0; extern=0; dir=0; type=0; pingpong=0; private_global=0; IO mode=axis:ce=0
Port [ data_in_V_user_V]:  wired=1; compound=1; hidden=0; nouse=0; global=0; static=0; extern=0; dir=0; type=0; pingpong=0; private_global=0; IO mode=axis:ce=0
Port [ data_in_V_last_V]:  wired=1; compound=1; hidden=0; nouse=0; global=0; static=0; extern=0; dir=0; type=0; pingpong=0; private_global=0; IO mode=axis:ce=0
Port [ data_in_V_id_V]:  wired=1; compound=1; hidden=0; nouse=0; global=0; static=0; extern=0; dir=0; type=0; pingpong=0; private_global=0; IO mode=axis:ce=0
Port [ data_in_V_dest_V]:  wired=1; compound=1; hidden=0; nouse=0; global=0; static=0; extern=0; dir=0; type=0; pingpong=0; private_global=0; IO mode=axis:ce=0
Port [ data_out_V_data_V]:  wired=1; compound=1; hidden=0; nouse=0; global=0; static=0; extern=0; dir=1; type=0; pingpong=0; private_global=0; IO mode=axis:ce=0
Port [ data_out_V_keep_V]:  wired=1; compound=1; hidden=0; nouse=0; global=0; static=0; extern=0; dir=1; type=0; pingpong=0; private_global=0; IO mode=axis:ce=0
Port [ data_out_V_strb_V]:  wired=1; compound=1; hidden=0; nouse=0; global=0; static=0; extern=0; dir=1; type=0; pingpong=0; private_global=0; IO mode=axis:ce=0
Port [ data_out_V_user_V]:  wired=1; compound=1; hidden=0; nouse=0; global=0; static=0; extern=0; dir=1; type=0; pingpong=0; private_global=0; IO mode=axis:ce=0
Port [ data_out_V_last_V]:  wired=1; compound=1; hidden=0; nouse=0; global=0; static=0; extern=0; dir=1; type=0; pingpong=0; private_global=0; IO mode=axis:ce=0
Port [ data_out_V_id_V]:  wired=1; compound=1; hidden=0; nouse=0; global=0; static=0; extern=0; dir=1; type=0; pingpong=0; private_global=0; IO mode=axis:ce=0
Port [ data_out_V_dest_V]:  wired=1; compound=1; hidden=0; nouse=0; global=0; static=0; extern=0; dir=1; type=0; pingpong=0; private_global=0; IO mode=axis:ce=0
---------------- STG Properties END ------------------

---------------- Datapath Model BEGIN ----------------

<LifeTime>
<method=bitvector/>
pilot_width_4_loc      (alloca        ) [ 0011100000000000000000000000000000000000000000000000000]
DATA_LEN_1_loc         (alloca        ) [ 0011111111111111100000000000000000000000000000000000000]
sym_num_2_loc          (alloca        ) [ 0011111111111111100000000000000000000000000000000000000]
data_V_0               (alloca        ) [ 0011111111111111111111111111111111111111111111111111110]
data_V_1               (alloca        ) [ 0011111111111111111111111111111111111111111111111111110]
empty                  (wait          ) [ 0000000000000000000000000000000000000000000000000000000]
call_ln0               (call          ) [ 0000000000000000000000000000000000000000000000000000000]
pilot_width_4_loc_load (load          ) [ 0000011111111111111111111111111111111111111111111111110]
empty_20               (wait          ) [ 0000000000000000000000000000000000000000000000000000000]
trunc_ln36             (trunc         ) [ 0000011111111111111111111111111111111111111111111111110]
empty_23               (wait          ) [ 0000000000000000000000000000000000000000000000000000000]
sym_num_2_loc_load     (load          ) [ 0000000000000000000000000000000000000000000000000000000]
DATA_LEN_1_loc_load    (load          ) [ 0000000000000000000000000000000000000000000000000000000]
mul                    (mul           ) [ 0000000000000000011111111111111111111111111111111111000]
div                    (sdiv          ) [ 0000000000000000000000000000000000000000000000000000000]
empty_21               (trunc         ) [ 0000000000000000000000000000000000000000000000000000000]
div_cast_cast          (sext          ) [ 0000000000000000000000000000000000000000000000000000000]
sub22                  (sub           ) [ 0000000000000000000000000000000000000000000000000000000]
sub22_cast             (sext          ) [ 0000000000000000011111111111111111111111111111111111000]
div23                  (sdiv          ) [ 0000000000000000000000000000000000000000000000000000000]
add                    (add           ) [ 0000000000000000000000000000000000000000000000000000110]
cast                   (zext          ) [ 0000000000000000000000000000000000000000000000000000000]
cast1                  (zext          ) [ 0000000000000000000000000000000000000000000000000000000]
bound                  (mul           ) [ 0000000000000000000000000000000000000000000000000000110]
empty_22               (shl           ) [ 0000000000000000000000000000000000000000000000000000000]
sub62                  (sub           ) [ 0000000000000000000000000000000000000000000000000000010]
conv_i_i_i             (bitconcatenate) [ 0000000000000000000000000000000000000000000000000000010]
call_ln36              (call          ) [ 0000000000000000000000000000000000000000000000000000000]
spectopmodule_ln0      (spectopmodule ) [ 0000000000000000000000000000000000000000000000000000000]
specinterface_ln0      (specinterface ) [ 0000000000000000000000000000000000000000000000000000000]
specinterface_ln0      (specinterface ) [ 0000000000000000000000000000000000000000000000000000000]
specbitsmap_ln0        (specbitsmap   ) [ 0000000000000000000000000000000000000000000000000000000]
specbitsmap_ln0        (specbitsmap   ) [ 0000000000000000000000000000000000000000000000000000000]
specbitsmap_ln0        (specbitsmap   ) [ 0000000000000000000000000000000000000000000000000000000]
specbitsmap_ln0        (specbitsmap   ) [ 0000000000000000000000000000000000000000000000000000000]
specbitsmap_ln0        (specbitsmap   ) [ 0000000000000000000000000000000000000000000000000000000]
specbitsmap_ln0        (specbitsmap   ) [ 0000000000000000000000000000000000000000000000000000000]
specbitsmap_ln0        (specbitsmap   ) [ 0000000000000000000000000000000000000000000000000000000]
specinterface_ln0      (specinterface ) [ 0000000000000000000000000000000000000000000000000000000]
specbitsmap_ln0        (specbitsmap   ) [ 0000000000000000000000000000000000000000000000000000000]
specbitsmap_ln0        (specbitsmap   ) [ 0000000000000000000000000000000000000000000000000000000]
specbitsmap_ln0        (specbitsmap   ) [ 0000000000000000000000000000000000000000000000000000000]
specbitsmap_ln0        (specbitsmap   ) [ 0000000000000000000000000000000000000000000000000000000]
specbitsmap_ln0        (specbitsmap   ) [ 0000000000000000000000000000000000000000000000000000000]
specbitsmap_ln0        (specbitsmap   ) [ 0000000000000000000000000000000000000000000000000000000]
specbitsmap_ln0        (specbitsmap   ) [ 0000000000000000000000000000000000000000000000000000000]
ret_ln128              (ret           ) [ 0000000000000000000000000000000000000000000000000000000]
</LifeTime>

<model>

<comp_list>
<comp id="0" class="1000" name="data_in_V_data_V">
<pin_list>
<pin id="1" dir="1" index="0" bw="1" slack="0"/>
</pin_list>
<bind>
<StgValue><ssdm name="data_in_V_data_V"/></StgValue>
</bind>
</comp>

<comp id="2" class="1000" name="data_in_V_keep_V">
<pin_list>
<pin id="3" dir="1" index="0" bw="1" slack="0"/>
</pin_list>
<bind>
<StgValue><ssdm name="data_in_V_keep_V"/></StgValue>
</bind>
</comp>

<comp id="4" class="1000" name="data_in_V_strb_V">
<pin_list>
<pin id="5" dir="1" index="0" bw="1" slack="0"/>
</pin_list>
<bind>
<StgValue><ssdm name="data_in_V_strb_V"/></StgValue>
</bind>
</comp>

<comp id="6" class="1000" name="data_in_V_user_V">
<pin_list>
<pin id="7" dir="1" index="0" bw="1" slack="0"/>
</pin_list>
<bind>
<StgValue><ssdm name="data_in_V_user_V"/></StgValue>
</bind>
</comp>

<comp id="8" class="1000" name="data_in_V_last_V">
<pin_list>
<pin id="9" dir="1" index="0" bw="1" slack="0"/>
</pin_list>
<bind>
<StgValue><ssdm name="data_in_V_last_V"/></StgValue>
</bind>
</comp>

<comp id="10" class="1000" name="data_in_V_id_V">
<pin_list>
<pin id="11" dir="1" index="0" bw="1" slack="0"/>
</pin_list>
<bind>
<StgValue><ssdm name="data_in_V_id_V"/></StgValue>
</bind>
</comp>

<comp id="12" class="1000" name="data_in_V_dest_V">
<pin_list>
<pin id="13" dir="1" index="0" bw="1" slack="0"/>
</pin_list>
<bind>
<StgValue><ssdm name="data_in_V_dest_V"/></StgValue>
</bind>
</comp>

<comp id="14" class="1000" name="data_out_V_data_V">
<pin_list>
<pin id="15" dir="1" index="0" bw="1" slack="0"/>
</pin_list>
<bind>
<StgValue><ssdm name="data_out_V_data_V"/></StgValue>
</bind>
</comp>

<comp id="16" class="1000" name="data_out_V_keep_V">
<pin_list>
<pin id="17" dir="1" index="0" bw="1" slack="0"/>
</pin_list>
<bind>
<StgValue><ssdm name="data_out_V_keep_V"/></StgValue>
</bind>
</comp>

<comp id="18" class="1000" name="data_out_V_strb_V">
<pin_list>
<pin id="19" dir="1" index="0" bw="1" slack="0"/>
</pin_list>
<bind>
<StgValue><ssdm name="data_out_V_strb_V"/></StgValue>
</bind>
</comp>

<comp id="20" class="1000" name="data_out_V_user_V">
<pin_list>
<pin id="21" dir="1" index="0" bw="1" slack="0"/>
</pin_list>
<bind>
<StgValue><ssdm name="data_out_V_user_V"/></StgValue>
</bind>
</comp>

<comp id="22" class="1000" name="data_out_V_last_V">
<pin_list>
<pin id="23" dir="1" index="0" bw="1" slack="0"/>
</pin_list>
<bind>
<StgValue><ssdm name="data_out_V_last_V"/></StgValue>
</bind>
</comp>

<comp id="24" class="1000" name="data_out_V_id_V">
<pin_list>
<pin id="25" dir="1" index="0" bw="1" slack="0"/>
</pin_list>
<bind>
<StgValue><ssdm name="data_out_V_id_V"/></StgValue>
</bind>
</comp>

<comp id="26" class="1000" name="data_out_V_dest_V">
<pin_list>
<pin id="27" dir="1" index="0" bw="1" slack="0"/>
</pin_list>
<bind>
<StgValue><ssdm name="data_out_V_dest_V"/></StgValue>
</bind>
</comp>

<comp id="28" class="1001" name="const_28">
<pin_list>
<pin id="29" dir="1" index="0" bw="1" slack="0"/>
</pin_list>
<bind>
<StgValue><ssdm name=""/></StgValue>
</bind>
</comp>

<comp id="30" class="1001" name="const_30">
<pin_list>
<pin id="31" dir="1" index="0" bw="1" slack="2147483647"/>
</pin_list>
<bind>
<StgValue><ssdm name="_ssdm_op_Wait"/></StgValue>
</bind>
</comp>

<comp id="32" class="1001" name="const_32">
<pin_list>
<pin id="33" dir="1" index="0" bw="1" slack="0"/>
</pin_list>
<bind>
<StgValue><ssdm name="equalizer_pilot_removal_Pipeline_VITIS_LOOP_47_1"/></StgValue>
</bind>
</comp>

<comp id="34" class="1001" name="const_34">
<pin_list>
<pin id="35" dir="1" index="0" bw="1" slack="0"/>
</pin_list>
<bind>
<StgValue><ssdm name=""/></StgValue>
</bind>
</comp>

<comp id="36" class="1001" name="const_36">
<pin_list>
<pin id="37" dir="1" index="0" bw="1" slack="0"/>
</pin_list>
<bind>
<StgValue><ssdm name=""/></StgValue>
</bind>
</comp>

<comp id="38" class="1001" name="const_38">
<pin_list>
<pin id="39" dir="1" index="0" bw="1" slack="0"/>
</pin_list>
<bind>
<StgValue><ssdm name=""/></StgValue>
</bind>
</comp>

<comp id="40" class="1001" name="const_40">
<pin_list>
<pin id="41" dir="1" index="0" bw="1" slack="0"/>
</pin_list>
<bind>
<StgValue><ssdm name="_ssdm_op_BitConcatenate.i22.i7.i15"/></StgValue>
</bind>
</comp>

<comp id="42" class="1001" name="const_42">
<pin_list>
<pin id="43" dir="1" index="0" bw="1" slack="0"/>
</pin_list>
<bind>
<StgValue><ssdm name=""/></StgValue>
</bind>
</comp>

<comp id="44" class="1001" name="const_44">
<pin_list>
<pin id="45" dir="1" index="0" bw="1" slack="0"/>
</pin_list>
<bind>
<StgValue><ssdm name="equalizer_pilot_removal_Pipeline_VITIS_LOOP_75_2_VITIS_LOOP_76_3"/></StgValue>
</bind>
</comp>

<comp id="46" class="1001" name="const_46">
<pin_list>
<pin id="47" dir="1" index="0" bw="1" slack="2147483647"/>
</pin_list>
<bind>
<StgValue><ssdm name="_ssdm_op_SpecTopModule"/></StgValue>
</bind>
</comp>

<comp id="48" class="1001" name="const_48">
<pin_list>
<pin id="49" dir="1" index="0" bw="1" slack="2147483647"/>
</pin_list>
<bind>
<StgValue><ssdm name="empty_2"/></StgValue>
</bind>
</comp>

<comp id="50" class="1001" name="const_50">
<pin_list>
<pin id="51" dir="1" index="0" bw="1" slack="2147483647"/>
</pin_list>
<bind>
<StgValue><ssdm name="_ssdm_op_SpecInterface"/></StgValue>
</bind>
</comp>

<comp id="52" class="1001" name="const_52">
<pin_list>
<pin id="53" dir="1" index="0" bw="1" slack="2147483647"/>
</pin_list>
<bind>
<StgValue><ssdm name=""/></StgValue>
</bind>
</comp>

<comp id="54" class="1001" name="const_54">
<pin_list>
<pin id="55" dir="1" index="0" bw="1" slack="2147483647"/>
</pin_list>
<bind>
<StgValue><ssdm name="empty_3"/></StgValue>
</bind>
</comp>

<comp id="56" class="1001" name="const_56">
<pin_list>
<pin id="57" dir="1" index="0" bw="1" slack="2147483647"/>
</pin_list>
<bind>
<StgValue><ssdm name="empty_1"/></StgValue>
</bind>
</comp>

<comp id="58" class="1001" name="const_58">
<pin_list>
<pin id="59" dir="1" index="0" bw="1" slack="2147483647"/>
</pin_list>
<bind>
<StgValue><ssdm name="empty"/></StgValue>
</bind>
</comp>

<comp id="60" class="1001" name="const_60">
<pin_list>
<pin id="61" dir="1" index="0" bw="1" slack="2147483647"/>
</pin_list>
<bind>
<StgValue><ssdm name="empty_0"/></StgValue>
</bind>
</comp>

<comp id="62" class="1001" name="const_62">
<pin_list>
<pin id="63" dir="1" index="0" bw="1" slack="2147483647"/>
</pin_list>
<bind>
<StgValue><ssdm name="_ssdm_op_SpecBitsMap"/></StgValue>
</bind>
</comp>

<comp id="64" class="1004" name="pilot_width_4_loc_fu_64">
<pin_list>
<pin id="65" dir="0" index="0" bw="1" slack="0"/>
<pin id="66" dir="1" index="1" bw="32" slack="1"/>
</pin_list>
<bind>
<opcode="alloca(26) " fcode="alloca"/>
<opset="pilot_width_4_loc/1 "/>
</bind>
</comp>

<comp id="68" class="1004" name="DATA_LEN_1_loc_fu_68">
<pin_list>
<pin id="69" dir="0" index="0" bw="1" slack="0"/>
<pin id="70" dir="1" index="1" bw="32" slack="1"/>
</pin_list>
<bind>
<opcode="alloca(26) " fcode="alloca"/>
<opset="DATA_LEN_1_loc/1 "/>
</bind>
</comp>

<comp id="72" class="1004" name="sym_num_2_loc_fu_72">
<pin_list>
<pin id="73" dir="0" index="0" bw="1" slack="0"/>
<pin id="74" dir="1" index="1" bw="32" slack="1"/>
</pin_list>
<bind>
<opcode="alloca(26) " fcode="alloca"/>
<opset="sym_num_2_loc/1 "/>
</bind>
</comp>

<comp id="76" class="1004" name="data_V_0_alloca_fu_76">
<pin_list>
<pin id="77" dir="0" index="0" bw="1" slack="0"/>
<pin id="78" dir="1" index="1" bw="22" slack="2147483647"/>
</pin_list>
<bind>
<opcode="alloca(26) " fcode="alloca"/>
<opset="data_V_0/1 "/>
</bind>
</comp>

<comp id="80" class="1004" name="data_V_1_alloca_fu_80">
<pin_list>
<pin id="81" dir="0" index="0" bw="1" slack="0"/>
<pin id="82" dir="1" index="1" bw="22" slack="2147483647"/>
</pin_list>
<bind>
<opcode="alloca(26) " fcode="alloca"/>
<opset="data_V_1/1 "/>
</bind>
</comp>

<comp id="84" class="1004" name="grp_equalizer_pilot_removal_Pipeline_VITIS_LOOP_47_1_fu_84">
<pin_list>
<pin id="85" dir="0" index="0" bw="0" slack="0"/>
<pin id="86" dir="0" index="1" bw="64" slack="0"/>
<pin id="87" dir="0" index="2" bw="8" slack="0"/>
<pin id="88" dir="0" index="3" bw="8" slack="0"/>
<pin id="89" dir="0" index="4" bw="1" slack="0"/>
<pin id="90" dir="0" index="5" bw="1" slack="0"/>
<pin id="91" dir="0" index="6" bw="1" slack="0"/>
<pin id="92" dir="0" index="7" bw="1" slack="0"/>
<pin id="93" dir="0" index="8" bw="64" slack="0"/>
<pin id="94" dir="0" index="9" bw="8" slack="0"/>
<pin id="95" dir="0" index="10" bw="8" slack="0"/>
<pin id="96" dir="0" index="11" bw="1" slack="0"/>
<pin id="97" dir="0" index="12" bw="1" slack="0"/>
<pin id="98" dir="0" index="13" bw="1" slack="0"/>
<pin id="99" dir="0" index="14" bw="1" slack="0"/>
<pin id="100" dir="0" index="15" bw="32" slack="1"/>
<pin id="101" dir="0" index="16" bw="32" slack="1"/>
<pin id="102" dir="0" index="17" bw="32" slack="1"/>
<pin id="103" dir="1" index="18" bw="0" slack="2147483647"/>
</pin_list>
<bind>
<opcode="call(48) " fcode="call"/>
<opset="call_ln0/2 "/>
</bind>
</comp>

<comp id="119" class="1004" name="grp_equalizer_pilot_removal_Pipeline_VITIS_LOOP_75_2_VITIS_LOOP_76_3_fu_119">
<pin_list>
<pin id="120" dir="0" index="0" bw="0" slack="0"/>
<pin id="121" dir="0" index="1" bw="22" slack="2147483647"/>
<pin id="122" dir="0" index="2" bw="22" slack="2147483647"/>
<pin id="123" dir="0" index="3" bw="32" slack="1"/>
<pin id="124" dir="0" index="4" bw="64" slack="1"/>
<pin id="125" dir="0" index="5" bw="32" slack="2147483647"/>
<pin id="126" dir="0" index="6" bw="64" slack="0"/>
<pin id="127" dir="0" index="7" bw="8" slack="0"/>
<pin id="128" dir="0" index="8" bw="8" slack="0"/>
<pin id="129" dir="0" index="9" bw="1" slack="0"/>
<pin id="130" dir="0" index="10" bw="1" slack="0"/>
<pin id="131" dir="0" index="11" bw="1" slack="0"/>
<pin id="132" dir="0" index="12" bw="1" slack="0"/>
<pin id="133" dir="0" index="13" bw="32" slack="0"/>
<pin id="134" dir="0" index="14" bw="64" slack="0"/>
<pin id="135" dir="0" index="15" bw="8" slack="0"/>
<pin id="136" dir="0" index="16" bw="8" slack="0"/>
<pin id="137" dir="0" index="17" bw="1" slack="0"/>
<pin id="138" dir="0" index="18" bw="1" slack="0"/>
<pin id="139" dir="0" index="19" bw="1" slack="0"/>
<pin id="140" dir="0" index="20" bw="1" slack="0"/>
<pin id="141" dir="0" index="21" bw="7" slack="48"/>
<pin id="142" dir="0" index="22" bw="22" slack="0"/>
<pin id="143" dir="1" index="23" bw="0" slack="2147483647"/>
</pin_list>
<bind>
<opcode="call(48) " fcode="call"/>
<opset="call_ln36/52 "/>
</bind>
</comp>

<comp id="159" class="1004" name="pilot_width_4_loc_load_load_fu_159">
<pin_list>
<pin id="160" dir="0" index="0" bw="32" slack="3"/>
<pin id="161" dir="1" index="1" bw="32" slack="0"/>
</pin_list>
<bind>
<opcode="load(27) " fcode="load"/>
<opset="pilot_width_4_loc_load/4 "/>
</bind>
</comp>

<comp id="162" class="1004" name="trunc_ln36_fu_162">
<pin_list>
<pin id="163" dir="0" index="0" bw="32" slack="0"/>
<pin id="164" dir="1" index="1" bw="7" slack="48"/>
</pin_list>
<bind>
<opcode="trunc(33) " fcode="trunc"/>
<opset="trunc_ln36/4 "/>
</bind>
</comp>

<comp id="166" class="1004" name="grp_fu_166">
<pin_list>
<pin id="167" dir="0" index="0" bw="9" slack="0"/>
<pin id="168" dir="0" index="1" bw="32" slack="0"/>
<pin id="169" dir="1" index="2" bw="8" slack="0"/>
</pin_list>
<bind>
<opcode="sdiv(15) " fcode="sdiv"/>
<opset="div/4 "/>
</bind>
</comp>

<comp id="172" class="1004" name="sym_num_2_loc_load_load_fu_172">
<pin_list>
<pin id="173" dir="0" index="0" bw="32" slack="15"/>
<pin id="174" dir="1" index="1" bw="32" slack="0"/>
</pin_list>
<bind>
<opcode="load(27) " fcode="load"/>
<opset="sym_num_2_loc_load/16 "/>
</bind>
</comp>

<comp id="175" class="1004" name="DATA_LEN_1_loc_load_load_fu_175">
<pin_list>
<pin id="176" dir="0" index="0" bw="32" slack="15"/>
<pin id="177" dir="1" index="1" bw="32" slack="0"/>
</pin_list>
<bind>
<opcode="load(27) " fcode="load"/>
<opset="DATA_LEN_1_loc_load/16 "/>
</bind>
</comp>

<comp id="178" class="1004" name="mul_fu_178">
<pin_list>
<pin id="179" dir="0" index="0" bw="32" slack="0"/>
<pin id="180" dir="0" index="1" bw="32" slack="0"/>
<pin id="181" dir="1" index="2" bw="32" slack="0"/>
</pin_list>
<bind>
<opcode="mul(12) " fcode="mul"/>
<opset="mul/16 "/>
</bind>
</comp>

<comp id="184" class="1004" name="empty_21_fu_184">
<pin_list>
<pin id="185" dir="0" index="0" bw="8" slack="0"/>
<pin id="186" dir="1" index="1" bw="8" slack="0"/>
</pin_list>
<bind>
<opcode="trunc(33) " fcode="trunc"/>
<opset="empty_21/16 "/>
</bind>
</comp>

<comp id="188" class="1004" name="div_cast_cast_fu_188">
<pin_list>
<pin id="189" dir="0" index="0" bw="8" slack="0"/>
<pin id="190" dir="1" index="1" bw="9" slack="0"/>
</pin_list>
<bind>
<opcode="sext(35) " fcode="sext"/>
<opset="div_cast_cast/16 "/>
</bind>
</comp>

<comp id="192" class="1004" name="sub22_fu_192">
<pin_list>
<pin id="193" dir="0" index="0" bw="8" slack="0"/>
<pin id="194" dir="0" index="1" bw="8" slack="0"/>
<pin id="195" dir="1" index="2" bw="9" slack="0"/>
</pin_list>
<bind>
<opcode="sub(10) " fcode="sub"/>
<opset="sub22/16 "/>
</bind>
</comp>

<comp id="198" class="1004" name="sub22_cast_fu_198">
<pin_list>
<pin id="199" dir="0" index="0" bw="9" slack="0"/>
<pin id="200" dir="1" index="1" bw="32" slack="0"/>
</pin_list>
<bind>
<opcode="sext(35) " fcode="sext"/>
<opset="sub22_cast/16 "/>
</bind>
</comp>

<comp id="202" class="1004" name="grp_fu_202">
<pin_list>
<pin id="203" dir="0" index="0" bw="32" slack="0"/>
<pin id="204" dir="0" index="1" bw="9" slack="0"/>
<pin id="205" dir="1" index="2" bw="32" slack="0"/>
</pin_list>
<bind>
<opcode="sdiv(15) " fcode="sdiv"/>
<opset="div23/16 "/>
</bind>
</comp>

<comp id="208" class="1004" name="add_fu_208">
<pin_list>
<pin id="209" dir="0" index="0" bw="32" slack="2147483647"/>
<pin id="210" dir="0" index="1" bw="8" slack="0"/>
<pin id="211" dir="1" index="2" bw="32" slack="0"/>
</pin_list>
<bind>
<opcode="add(8) " fcode="add"/>
<opset="add/51 "/>
</bind>
</comp>

<comp id="213" class="1004" name="cast_fu_213">
<pin_list>
<pin id="214" dir="0" index="0" bw="32" slack="0"/>
<pin id="215" dir="1" index="1" bw="64" slack="0"/>
</pin_list>
<bind>
<opcode="zext(34) " fcode="zext"/>
<opset="cast/51 "/>
</bind>
</comp>

<comp id="217" class="1004" name="cast1_fu_217">
<pin_list>
<pin id="218" dir="0" index="0" bw="32" slack="0"/>
<pin id="219" dir="1" index="1" bw="64" slack="0"/>
</pin_list>
<bind>
<opcode="zext(34) " fcode="zext"/>
<opset="cast1/51 "/>
</bind>
</comp>

<comp id="221" class="1004" name="bound_fu_221">
<pin_list>
<pin id="222" dir="0" index="0" bw="32" slack="0"/>
<pin id="223" dir="0" index="1" bw="32" slack="0"/>
<pin id="224" dir="1" index="2" bw="64" slack="1"/>
</pin_list>
<bind>
<opcode="mul(12) " fcode="mul"/>
<opset="bound/51 "/>
</bind>
</comp>

<comp id="227" class="1004" name="empty_22_fu_227">
<pin_list>
<pin id="228" dir="0" index="0" bw="32" slack="2147483647"/>
<pin id="229" dir="0" index="1" bw="1" slack="0"/>
<pin id="230" dir="1" index="2" bw="32" slack="0"/>
</pin_list>
<bind>
<opcode="shl(20) " fcode="shl"/>
<opset="empty_22/52 "/>
</bind>
</comp>

<comp id="232" class="1004" name="sub62_fu_232">
<pin_list>
<pin id="233" dir="0" index="0" bw="8" slack="0"/>
<pin id="234" dir="0" index="1" bw="32" slack="0"/>
<pin id="235" dir="1" index="2" bw="32" slack="0"/>
</pin_list>
<bind>
<opcode="sub(10) " fcode="sub"/>
<opset="sub62/52 "/>
</bind>
</comp>

<comp id="239" class="1004" name="conv_i_i_i_fu_239">
<pin_list>
<pin id="240" dir="0" index="0" bw="22" slack="0"/>
<pin id="241" dir="0" index="1" bw="7" slack="48"/>
<pin id="242" dir="0" index="2" bw="1" slack="0"/>
<pin id="243" dir="1" index="3" bw="22" slack="0"/>
</pin_list>
<bind>
<opcode="bitconcatenate(1004) " fcode="bitconcatenate"/>
<opset="conv_i_i_i/52 "/>
</bind>
</comp>

<comp id="247" class="1005" name="pilot_width_4_loc_reg_247">
<pin_list>
<pin id="248" dir="0" index="0" bw="32" slack="1"/>
<pin id="249" dir="1" index="1" bw="32" slack="1"/>
</pin_list>
<bind>
<opset="pilot_width_4_loc "/>
</bind>
</comp>

<comp id="253" class="1005" name="DATA_LEN_1_loc_reg_253">
<pin_list>
<pin id="254" dir="0" index="0" bw="32" slack="1"/>
<pin id="255" dir="1" index="1" bw="32" slack="1"/>
</pin_list>
<bind>
<opset="DATA_LEN_1_loc "/>
</bind>
</comp>

<comp id="259" class="1005" name="sym_num_2_loc_reg_259">
<pin_list>
<pin id="260" dir="0" index="0" bw="32" slack="1"/>
<pin id="261" dir="1" index="1" bw="32" slack="1"/>
</pin_list>
<bind>
<opset="sym_num_2_loc "/>
</bind>
</comp>

<comp id="268" class="1005" name="trunc_ln36_reg_268">
<pin_list>
<pin id="269" dir="0" index="0" bw="7" slack="48"/>
<pin id="270" dir="1" index="1" bw="7" slack="48"/>
</pin_list>
<bind>
<opset="trunc_ln36 "/>
</bind>
</comp>

<comp id="274" class="1005" name="mul_reg_274">
<pin_list>
<pin id="275" dir="0" index="0" bw="32" slack="1"/>
<pin id="276" dir="1" index="1" bw="32" slack="1"/>
</pin_list>
<bind>
<opset="mul "/>
</bind>
</comp>

<comp id="279" class="1005" name="sub22_cast_reg_279">
<pin_list>
<pin id="280" dir="0" index="0" bw="32" slack="1"/>
<pin id="281" dir="1" index="1" bw="32" slack="1"/>
</pin_list>
<bind>
<opset="sub22_cast "/>
</bind>
</comp>

<comp id="284" class="1005" name="add_reg_284">
<pin_list>
<pin id="285" dir="0" index="0" bw="32" slack="1"/>
<pin id="286" dir="1" index="1" bw="32" slack="1"/>
</pin_list>
<bind>
<opset="add "/>
</bind>
</comp>

<comp id="289" class="1005" name="bound_reg_289">
<pin_list>
<pin id="290" dir="0" index="0" bw="64" slack="1"/>
<pin id="291" dir="1" index="1" bw="64" slack="1"/>
</pin_list>
<bind>
<opset="bound "/>
</bind>
</comp>

<comp id="294" class="1005" name="sub62_reg_294">
<pin_list>
<pin id="295" dir="0" index="0" bw="32" slack="1"/>
<pin id="296" dir="1" index="1" bw="32" slack="1"/>
</pin_list>
<bind>
<opset="sub62 "/>
</bind>
</comp>

<comp id="299" class="1005" name="conv_i_i_i_reg_299">
<pin_list>
<pin id="300" dir="0" index="0" bw="22" slack="1"/>
<pin id="301" dir="1" index="1" bw="22" slack="1"/>
</pin_list>
<bind>
<opset="conv_i_i_i "/>
</bind>
</comp>

</comp_list>

<net_list>
<net id="67"><net_src comp="28" pin="0"/><net_sink comp="64" pin=0"/></net>

<net id="71"><net_src comp="28" pin="0"/><net_sink comp="68" pin=0"/></net>

<net id="75"><net_src comp="28" pin="0"/><net_sink comp="72" pin=0"/></net>

<net id="79"><net_src comp="28" pin="0"/><net_sink comp="76" pin=0"/></net>

<net id="83"><net_src comp="28" pin="0"/><net_sink comp="80" pin=0"/></net>

<net id="104"><net_src comp="32" pin="0"/><net_sink comp="84" pin=0"/></net>

<net id="105"><net_src comp="0" pin="0"/><net_sink comp="84" pin=1"/></net>

<net id="106"><net_src comp="2" pin="0"/><net_sink comp="84" pin=2"/></net>

<net id="107"><net_src comp="4" pin="0"/><net_sink comp="84" pin=3"/></net>

<net id="108"><net_src comp="6" pin="0"/><net_sink comp="84" pin=4"/></net>

<net id="109"><net_src comp="8" pin="0"/><net_sink comp="84" pin=5"/></net>

<net id="110"><net_src comp="10" pin="0"/><net_sink comp="84" pin=6"/></net>

<net id="111"><net_src comp="12" pin="0"/><net_sink comp="84" pin=7"/></net>

<net id="112"><net_src comp="14" pin="0"/><net_sink comp="84" pin=8"/></net>

<net id="113"><net_src comp="16" pin="0"/><net_sink comp="84" pin=9"/></net>

<net id="114"><net_src comp="18" pin="0"/><net_sink comp="84" pin=10"/></net>

<net id="115"><net_src comp="20" pin="0"/><net_sink comp="84" pin=11"/></net>

<net id="116"><net_src comp="22" pin="0"/><net_sink comp="84" pin=12"/></net>

<net id="117"><net_src comp="24" pin="0"/><net_sink comp="84" pin=13"/></net>

<net id="118"><net_src comp="26" pin="0"/><net_sink comp="84" pin=14"/></net>

<net id="144"><net_src comp="44" pin="0"/><net_sink comp="119" pin=0"/></net>

<net id="145"><net_src comp="0" pin="0"/><net_sink comp="119" pin=6"/></net>

<net id="146"><net_src comp="2" pin="0"/><net_sink comp="119" pin=7"/></net>

<net id="147"><net_src comp="4" pin="0"/><net_sink comp="119" pin=8"/></net>

<net id="148"><net_src comp="6" pin="0"/><net_sink comp="119" pin=9"/></net>

<net id="149"><net_src comp="8" pin="0"/><net_sink comp="119" pin=10"/></net>

<net id="150"><net_src comp="10" pin="0"/><net_sink comp="119" pin=11"/></net>

<net id="151"><net_src comp="12" pin="0"/><net_sink comp="119" pin=12"/></net>

<net id="152"><net_src comp="14" pin="0"/><net_sink comp="119" pin=14"/></net>

<net id="153"><net_src comp="16" pin="0"/><net_sink comp="119" pin=15"/></net>

<net id="154"><net_src comp="18" pin="0"/><net_sink comp="119" pin=16"/></net>

<net id="155"><net_src comp="20" pin="0"/><net_sink comp="119" pin=17"/></net>

<net id="156"><net_src comp="22" pin="0"/><net_sink comp="119" pin=18"/></net>

<net id="157"><net_src comp="24" pin="0"/><net_sink comp="119" pin=19"/></net>

<net id="158"><net_src comp="26" pin="0"/><net_sink comp="119" pin=20"/></net>

<net id="165"><net_src comp="159" pin="1"/><net_sink comp="162" pin=0"/></net>

<net id="170"><net_src comp="34" pin="0"/><net_sink comp="166" pin=0"/></net>

<net id="171"><net_src comp="159" pin="1"/><net_sink comp="166" pin=1"/></net>

<net id="182"><net_src comp="172" pin="1"/><net_sink comp="178" pin=0"/></net>

<net id="183"><net_src comp="175" pin="1"/><net_sink comp="178" pin=1"/></net>

<net id="187"><net_src comp="166" pin="2"/><net_sink comp="184" pin=0"/></net>

<net id="191"><net_src comp="184" pin="1"/><net_sink comp="188" pin=0"/></net>

<net id="196"><net_src comp="36" pin="0"/><net_sink comp="192" pin=0"/></net>

<net id="197"><net_src comp="188" pin="1"/><net_sink comp="192" pin=1"/></net>

<net id="201"><net_src comp="192" pin="2"/><net_sink comp="198" pin=0"/></net>

<net id="206"><net_src comp="178" pin="2"/><net_sink comp="202" pin=0"/></net>

<net id="207"><net_src comp="198" pin="1"/><net_sink comp="202" pin=1"/></net>

<net id="212"><net_src comp="34" pin="0"/><net_sink comp="208" pin=1"/></net>

<net id="216"><net_src comp="202" pin="2"/><net_sink comp="213" pin=0"/></net>

<net id="220"><net_src comp="208" pin="2"/><net_sink comp="217" pin=0"/></net>

<net id="225"><net_src comp="213" pin="1"/><net_sink comp="221" pin=0"/></net>

<net id="226"><net_src comp="217" pin="1"/><net_sink comp="221" pin=1"/></net>

<net id="231"><net_src comp="38" pin="0"/><net_sink comp="227" pin=1"/></net>

<net id="236"><net_src comp="34" pin="0"/><net_sink comp="232" pin=0"/></net>

<net id="237"><net_src comp="227" pin="2"/><net_sink comp="232" pin=1"/></net>

<net id="238"><net_src comp="232" pin="2"/><net_sink comp="119" pin=13"/></net>

<net id="244"><net_src comp="40" pin="0"/><net_sink comp="239" pin=0"/></net>

<net id="245"><net_src comp="42" pin="0"/><net_sink comp="239" pin=2"/></net>

<net id="246"><net_src comp="239" pin="3"/><net_sink comp="119" pin=22"/></net>

<net id="250"><net_src comp="64" pin="1"/><net_sink comp="247" pin=0"/></net>

<net id="251"><net_src comp="247" pin="1"/><net_sink comp="84" pin=17"/></net>

<net id="252"><net_src comp="247" pin="1"/><net_sink comp="159" pin=0"/></net>

<net id="256"><net_src comp="68" pin="1"/><net_sink comp="253" pin=0"/></net>

<net id="257"><net_src comp="253" pin="1"/><net_sink comp="84" pin=16"/></net>

<net id="258"><net_src comp="253" pin="1"/><net_sink comp="175" pin=0"/></net>

<net id="262"><net_src comp="72" pin="1"/><net_sink comp="259" pin=0"/></net>

<net id="263"><net_src comp="259" pin="1"/><net_sink comp="84" pin=15"/></net>

<net id="264"><net_src comp="259" pin="1"/><net_sink comp="172" pin=0"/></net>

<net id="271"><net_src comp="162" pin="1"/><net_sink comp="268" pin=0"/></net>

<net id="272"><net_src comp="268" pin="1"/><net_sink comp="239" pin=1"/></net>

<net id="273"><net_src comp="268" pin="1"/><net_sink comp="119" pin=21"/></net>

<net id="277"><net_src comp="178" pin="2"/><net_sink comp="274" pin=0"/></net>

<net id="278"><net_src comp="274" pin="1"/><net_sink comp="202" pin=0"/></net>

<net id="282"><net_src comp="198" pin="1"/><net_sink comp="279" pin=0"/></net>

<net id="283"><net_src comp="279" pin="1"/><net_sink comp="202" pin=1"/></net>

<net id="287"><net_src comp="208" pin="2"/><net_sink comp="284" pin=0"/></net>

<net id="288"><net_src comp="284" pin="1"/><net_sink comp="119" pin=3"/></net>

<net id="292"><net_src comp="221" pin="2"/><net_sink comp="289" pin=0"/></net>

<net id="293"><net_src comp="289" pin="1"/><net_sink comp="119" pin=4"/></net>

<net id="297"><net_src comp="232" pin="2"/><net_sink comp="294" pin=0"/></net>

<net id="298"><net_src comp="294" pin="1"/><net_sink comp="119" pin=13"/></net>

<net id="302"><net_src comp="239" pin="3"/><net_sink comp="299" pin=0"/></net>

<net id="303"><net_src comp="299" pin="1"/><net_sink comp="119" pin=22"/></net>

</net_list>

</model> 
---------------- Datapath Model END ------------------

* FSMD analyzer results:
  - Output states:
	Port: data_out_V_data_V | {2 3 52 53 }
	Port: data_out_V_keep_V | {2 3 52 53 }
	Port: data_out_V_strb_V | {2 3 52 53 }
	Port: data_out_V_user_V | {2 3 52 53 }
	Port: data_out_V_last_V | {2 3 52 53 }
	Port: data_out_V_id_V | {2 3 52 53 }
	Port: data_out_V_dest_V | {2 3 52 53 }
 - Input state : 
	Port: equalizer_pilot_removal : data_in_V_data_V | {2 3 52 53 }
	Port: equalizer_pilot_removal : data_in_V_keep_V | {2 3 52 53 }
	Port: equalizer_pilot_removal : data_in_V_strb_V | {2 3 52 53 }
	Port: equalizer_pilot_removal : data_in_V_user_V | {2 3 52 53 }
	Port: equalizer_pilot_removal : data_in_V_last_V | {2 3 52 53 }
	Port: equalizer_pilot_removal : data_in_V_id_V | {2 3 52 53 }
	Port: equalizer_pilot_removal : data_in_V_dest_V | {2 3 52 53 }
  - Chain level:
	State 1
	State 2
	State 3
	State 4
		trunc_ln36 : 1
		div : 1
	State 5
	State 6
	State 7
	State 8
	State 9
	State 10
	State 11
	State 12
	State 13
	State 14
	State 15
	State 16
		mul : 1
		empty_21 : 1
		div_cast_cast : 2
		sub22 : 3
		sub22_cast : 4
		div23 : 5
	State 17
	State 18
	State 19
	State 20
	State 21
	State 22
	State 23
	State 24
	State 25
	State 26
	State 27
	State 28
	State 29
	State 30
	State 31
	State 32
	State 33
	State 34
	State 35
	State 36
	State 37
	State 38
	State 39
	State 40
	State 41
	State 42
	State 43
	State 44
	State 45
	State 46
	State 47
	State 48
	State 49
	State 50
	State 51
		cast : 1
		cast1 : 1
		bound : 2
	State 52
		call_ln36 : 1
	State 53
	State 54


============================================================
+ Verbose Summary: Datapath Resource usage 
============================================================

* Functional unit list:
|----------|-----------------------------------------------------------------------------|---------|---------|---------|---------|
| Operation|                               Functional Unit                               |   DSP   |  Delay  |    FF   |   LUT   |
|----------|-----------------------------------------------------------------------------|---------|---------|---------|---------|
|   call   |          grp_equalizer_pilot_removal_Pipeline_VITIS_LOOP_47_1_fu_84         |    0    |    0    |   162   |    26   |
|          | grp_equalizer_pilot_removal_Pipeline_VITIS_LOOP_75_2_VITIS_LOOP_76_3_fu_119 |    29   |   5.32  |  33944  |  26152  |
|----------|-----------------------------------------------------------------------------|---------|---------|---------|---------|
|   sdiv   |                                  grp_fu_166                                 |    0    |    0    |   394   |   238   |
|          |                                  grp_fu_202                                 |    0    |    0    |   394   |   238   |
|----------|-----------------------------------------------------------------------------|---------|---------|---------|---------|
|    sub   |                                 sub22_fu_192                                |    0    |    0    |    0    |    15   |
|          |                                 sub62_fu_232                                |    0    |    0    |    0    |    39   |
|----------|-----------------------------------------------------------------------------|---------|---------|---------|---------|
|    mul   |                                  mul_fu_178                                 |    3    |    0    |    0    |    20   |
|          |                                 bound_fu_221                                |    3    |    0    |    0    |    20   |
|----------|-----------------------------------------------------------------------------|---------|---------|---------|---------|
|    add   |                                  add_fu_208                                 |    0    |    0    |    0    |    39   |
|----------|-----------------------------------------------------------------------------|---------|---------|---------|---------|
|   trunc  |                              trunc_ln36_fu_162                              |    0    |    0    |    0    |    0    |
|          |                               empty_21_fu_184                               |    0    |    0    |    0    |    0    |
|----------|-----------------------------------------------------------------------------|---------|---------|---------|---------|
|   sext   |                             div_cast_cast_fu_188                            |    0    |    0    |    0    |    0    |
|          |                              sub22_cast_fu_198                              |    0    |    0    |    0    |    0    |
|----------|-----------------------------------------------------------------------------|---------|---------|---------|---------|
|   zext   |                                 cast_fu_213                                 |    0    |    0    |    0    |    0    |
|          |                                 cast1_fu_217                                |    0    |    0    |    0    |    0    |
|----------|-----------------------------------------------------------------------------|---------|---------|---------|---------|
|    shl   |                               empty_22_fu_227                               |    0    |    0    |    0    |    0    |
|----------|-----------------------------------------------------------------------------|---------|---------|---------|---------|
|bitconcatenate|                              conv_i_i_i_fu_239                              |    0    |    0    |    0    |    0    |
|----------|-----------------------------------------------------------------------------|---------|---------|---------|---------|
|   Total  |                                                                             |    35   |   5.32  |  34894  |  26787  |
|----------|-----------------------------------------------------------------------------|---------|---------|---------|---------|

Memories:
+--------+--------+--------+--------+--------+
|        |  BRAM  |   FF   |   LUT  |  URAM  |
+--------+--------+--------+--------+--------+
|data_V_0|    0   |   374  |    6   |    0   |
|data_V_1|    0   |   374  |    6   |    0   |
+--------+--------+--------+--------+--------+
|  Total |    0   |   748  |   12   |    0   |
+--------+--------+--------+--------+--------+

* Register list:
+-------------------------+--------+
|                         |   FF   |
+-------------------------+--------+
|  DATA_LEN_1_loc_reg_253 |   32   |
|       add_reg_284       |   32   |
|      bound_reg_289      |   64   |
|    conv_i_i_i_reg_299   |   22   |
|       mul_reg_274       |   32   |
|pilot_width_4_loc_reg_247|   32   |
|    sub22_cast_reg_279   |   32   |
|      sub62_reg_294      |   32   |
|  sym_num_2_loc_reg_259  |   32   |
|    trunc_ln36_reg_268   |    7   |
+-------------------------+--------+
|          Total          |   317  |
+-------------------------+--------+

* Multiplexer (MUX) list: 
|-----------------------------------------------------------------------------|------|------|------|--------||---------||---------|
|                                     Comp                                    |  Pin | Size |  BW  | S x BW ||  Delay  ||   LUT   |
|-----------------------------------------------------------------------------|------|------|------|--------||---------||---------|
| grp_equalizer_pilot_removal_Pipeline_VITIS_LOOP_75_2_VITIS_LOOP_76_3_fu_119 |  p13 |   2  |  32  |   64   ||    9    |
| grp_equalizer_pilot_removal_Pipeline_VITIS_LOOP_75_2_VITIS_LOOP_76_3_fu_119 |  p22 |   2  |  22  |   44   ||    9    |
|                                  grp_fu_202                                 |  p0  |   2  |  32  |   64   ||    9    |
|                                  grp_fu_202                                 |  p1  |   2  |   9  |   18   ||    9    |
|-----------------------------------------------------------------------------|------|------|------|--------||---------||---------|
|                                    Total                                    |      |      |      |   190  ||  1.708  ||    36   |
|-----------------------------------------------------------------------------|------|------|------|--------||---------||---------|



* Summary:
+-----------+--------+--------+--------+--------+--------+--------+
|           |  BRAM  |   DSP  |  Delay |   FF   |   LUT  |  URAM  |
+-----------+--------+--------+--------+--------+--------+--------+
|  Function |    -   |   35   |    5   |  34894 |  26787 |    -   |
|   Memory  |    0   |    -   |    -   |   748  |   12   |    0   |
|Multiplexer|    -   |    -   |    1   |    -   |   36   |    -   |
|  Register |    -   |    -   |    -   |   317  |    -   |    -   |
+-----------+--------+--------+--------+--------+--------+--------+
|   Total   |    0   |   35   |    7   |  35959 |  26835 |    0   |
+-----------+--------+--------+--------+--------+--------+--------+
