INFO: [SIM 2] *************** CSIM start ***************
INFO: [SIM 4] CSIM will launch GCC as the compiler.
   Compiling ../../../../../main.cpp in debug mode
   Generating csim.exe
>> Start test!
CP Insertion
------------------------
0 : in_r = 1380 in_i = 16880
1 : in_r = 30777 in_i = 13965
2 : in_r = 7478 in_i = 7108
3 : in_r = 26322 in_i = 10382
4 : in_r = 19646 in_i = 8890
5 : in_r = 7274 in_i = 15220
6 : in_r = 23271 in_i = 24468
7 : in_r = 31665 in_i = 12324
8 : in_r = 15541 in_i = 26264
9 : in_r = 26312 in_i = 24970
10 : in_r = 4867 in_i = 5579
11 : in_r = 31317 in_i = 31464
12 : in_r = 11035 in_i = 11730
13 : in_r = 5753 in_i = 28792
14 : in_r = 28276 in_i = 11669
15 : in_r = 20237 in_i = 29657
16 : in_r = 28549 in_i = 18246
17 : in_r = 10855 in_i = 3260
18 : in_r = 25354 in_i = 4410
19 : in_r = 13643 in_i = 12233
20 : in_r = 13300 in_i = 20917
21 : in_r = 27453 in_i = 3804
22 : in_r = 12617 in_i = 26351
23 : in_r = 16128 in_i = 28158
24 : in_r = 19847 in_i = 9672
25 : in_r = 20360 in_i = 24715
26 : in_r = 15251 in_i = 18910
27 : in_r = 23411 in_i = 26286
28 : in_r = 30640 in_i = 29164
29 : in_r = 22311 in_i = 26149
30 : in_r = 8065 in_i = 9781
31 : in_r = 23039 in_i = 3847
32 : in_r = 28027 in_i = 1126
33 : in_r = 7107 in_i = 20614
34 : in_r = 5536 in_i = 20750
35 : in_r = 80 in_i = 18837
36 : in_r = 8899 in_i = 27534
37 : in_r = 22641 in_i = 21516
38 : in_r = 21117 in_i = 6001
39 : in_r = 16907 in_i = 8196
40 : in_r = 15674 in_i = 4500
41 : in_r = 143 in_i = 30926
42 : in_r = 23410 in_i = 23555
43 : in_r = 24445 in_i = 21282
44 : in_r = 19951 in_i = 13988
45 : in_r = 14664 in_i = 28016
46 : in_r = 23770 in_i = 4935
47 : in_r = 31864 in_i = 19029
48 : in_r = 6062 in_i = 6204
49 : in_r = 6876 in_i = 11598
50 : in_r = 26954 in_i = 6956
51 : in_r = 30436 in_i = 3086
52 : in_r = 1722 in_i = 20310
53 : in_r = 24603 in_i = 22840
54 : in_r = 26312 in_i = 8743
55 : in_r = 31036 in_i = 9218
56 : in_r = 13243 in_i = 31180
57 : in_r = 7376 in_i = 3886
58 : in_r = 21967 in_i = 31821
59 : in_r = 25169 in_i = 9151
60 : in_r = 13042 in_i = 7065
61 : in_r = 4399 in_i = 4044
62 : in_r = 12000 in_i = 3496
63 : in_r = 23074 in_i = 18062
64 : in_r = 9700 in_i = 29951
65 : in_r = 29661 in_i = 3887
66 : in_r = 4140 in_i = 27330
67 : in_r = 6973 in_i = 5863
68 : in_r = 14872 in_i = 31577
69 : in_r = 28703 in_i = 8416
70 : in_r = 7552 in_i = 26972
71 : in_r = 17634 in_i = 20796
72 : in_r = 25384 in_i = 25011
73 : in_r = 24682 in_i = 14584
74 : in_r = 24065 in_i = 17083
75 : in_r = 23735 in_i = 4340
76 : in_r = 24148 in_i = 28135
77 : in_r = 8385 in_i = 3381
78 : in_r = 31631 in_i = 31460
79 : in_r = 21444 in_i = 8564
80 : in_r = 28643 in_i = 18338
81 : in_r = 12451 in_i = 15
82 : in_r = 12900 in_i = 19424
83 : in_r = 5878 in_i = 27772
84 : in_r = 18234 in_i = 1813
85 : in_r = 3421 in_i = 25786
86 : in_r = 28785 in_i = 21056
87 : in_r = 13814 in_i = 21402
88 : in_r = 13299 in_i = 5729
89 : in_r = 3219 in_i = 4597
90 : in_r = 22812 in_i = 26954
91 : in_r = 8938 in_i = 14193
92 : in_r = 22322 in_i = 17323
93 : in_r = 17575 in_i = 21185
94 : in_r = 16015 in_i = 6251
95 : in_r = 29749 in_i = 11890
96 : in_r = 24589 in_i = 9433
97 : in_r = 11906 in_i = 4722
98 : in_r = 28858 in_i = 17784
99 : in_r = 32494 in_i = 14324
100 : in_r = 19598 in_i = 3147
101 : in_r = 7343 in_i = 15616
102 : in_r = 24203 in_i = 21158
103 : in_r = 4251 in_i = 4735
104 : in_r = 26887 in_i = 7470
105 : in_r = 9333 in_i = 16932
106 : in_r = 1657 in_i = 18271
107 : in_r = 31126 in_i = 23979
108 : in_r = 2827 in_i = 15933
109 : in_r = 12397 in_i = 18842
110 : in_r = 22184 in_i = 9378
111 : in_r = 30733 in_i = 14006
112 : in_r = 18811 in_i = 9872
113 : in_r = 18728 in_i = 14901
114 : in_r = 27656 in_i = 18455
115 : in_r = 29226 in_i = 14487
116 : in_r = 21603 in_i = 3801
117 : in_r = 30103 in_i = 13039
118 : in_r = 24959 in_i = 1587
119 : in_r = 17774 in_i = 19079
120 : in_r = 9057 in_i = 27107
121 : in_r = 3243 in_i = 10714
122 : in_r = 12611 in_i = 1601
123 : in_r = 1925 in_i = 15438
124 : in_r = 17534 in_i = 14322
125 : in_r = 1513 in_i = 6951
126 : in_r = 23701 in_i = 32246
127 : in_r = 20958 in_i = 9745
128 : in_r = 9350 in_i = 6918
129 : in_r = 24647 in_i = 4239
130 : in_r = 25374 in_i = 21105
131 : in_r = 18727 in_i = 14209
132 : in_r = 24907 in_i = 16063
133 : in_r = 27248 in_i = 17098
134 : in_r = 17650 in_i = 12255
135 : in_r = 3409 in_i = 26707
136 : in_r = 6595 in_i = 6653
137 : in_r = 4653 in_i = 19206
138 : in_r = 8254 in_i = 6579
139 : in_r = 1876 in_i = 25789
140 : in_r = 20902 in_i = 3390
141 : in_r = 32740 in_i = 11835
142 : in_r = 2868 in_i = 20930
143 : in_r = 21581 in_i = 12219
144 : in_r = 27849 in_i = 13460
145 : in_r = 16459 in_i = 20455
146 : in_r = 1798 in_i = 2418
147 : in_r = 1896 in_i = 26705
148 : in_r = 18481 in_i = 29145
149 : in_r = 11036 in_i = 3363
150 : in_r = 8632 in_i = 14446
151 : in_r = 30071 in_i = 15227
152 : in_r = 21099 in_i = 1957
153 : in_r = 1665 in_i = 29354
154 : in_r = 8536 in_i = 3542
155 : in_r = 22375 in_i = 29439
156 : in_r = 6932 in_i = 22348
157 : in_r = 8506 in_i = 9801
158 : in_r = 10511 in_i = 30088
159 : in_r = 22021 in_i = 5592
160 : in_r = 10780 in_i = 5712
161 : in_r = 26048 in_i = 12579
162 : in_r = 8131 in_i = 27945
163 : in_r = 6517 in_i = 26612
164 : in_r = 24322 in_i = 17554
165 : in_r = 29976 in_i = 187
166 : in_r = 32001 in_i = 27279
167 : in_r = 15414 in_i = 20332
168 : in_r = 29236 in_i = 17080
169 : in_r = 16919 in_i = 5005
170 : in_r = 20623 in_i = 6527
171 : in_r = 1676 in_i = 27556
172 : in_r = 28875 in_i = 10183
173 : in_r = 4590 in_i = 6619
174 : in_r = 7503 in_i = 26611
175 : in_r = 12212 in_i = 18284
176 : in_r = 32323 in_i = 5492
177 : in_r = 30864 in_i = 7686
178 : in_r = 670 in_i = 4613
179 : in_r = 1531 in_i = 24993
180 : in_r = 22168 in_i = 31507
181 : in_r = 25180 in_i = 21401
182 : in_r = 26019 in_i = 7827
183 : in_r = 8966 in_i = 22488
184 : in_r = 24908 in_i = 25885
185 : in_r = 27494 in_i = 12763
186 : in_r = 32413 in_i = 29170
187 : in_r = 7552 in_i = 28521
188 : in_r = 6586 in_i = 12142
189 : in_r = 2372 in_i = 14090
190 : in_r = 5985 in_i = 14584
191 : in_r = 32374 in_i = 5541
192 : in_r = 20077 in_i = 30471
193 : in_r = 13228 in_i = 20747
194 : in_r = 2317 in_i = 14759
195 : in_r = 12972 in_i = 24485
196 : in_r = 13499 in_i = 5385
197 : in_r = 13118 in_i = 6750
198 : in_r = 13212 in_i = 22085
199 : in_r = 29239 in_i = 5352
200 : in_r = 15203 in_i = 23965
201 : in_r = 18116 in_i = 14848
202 : in_r = 20368 in_i = 25668
203 : in_r = 10601 in_i = 26955
204 : in_r = 5043 in_i = 12973
205 : in_r = 8277 in_i = 11028
206 : in_r = 27558 in_i = 7884
207 : in_r = 16569 in_i = 14867
208 : in_r = 5587 in_i = 29797
209 : in_r = 2847 in_i = 7904
210 : in_r = 11789 in_i = 15820
211 : in_r = 32390 in_i = 25288
212 : in_r = 21205 in_i = 12741
213 : in_r = 32039 in_i = 1650
214 : in_r = 2058 in_i = 28510
215 : in_r = 7003 in_i = 17262
216 : in_r = 19708 in_i = 25119
217 : in_r = 32110 in_i = 7308
218 : in_r = 18020 in_i = 9944
219 : in_r = 1495 in_i = 23063
220 : in_r = 22918 in_i = 9773
221 : in_r = 1324 in_i = 17708
222 : in_r = 17657 in_i = 17893
223 : in_r = 32576 in_i = 23244
224 : in_r = 14923 in_i = 2655
225 : in_r = 31149 in_i = 26712
226 : in_r = 18475 in_i = 30772
227 : in_r = 19233 in_i = 6913
228 : in_r = 10745 in_i = 18504
229 : in_r = 8563 in_i = 12804
230 : in_r = 14247 in_i = 15567
231 : in_r = 30066 in_i = 1187
232 : in_r = 7919 in_i = 29409
233 : in_r = 8496 in_i = 25939
234 : in_r = 6585 in_i = 9991
235 : in_r = 16235 in_i = 29503
236 : in_r = 19764 in_i = 17560
237 : in_r = 14444 in_i = 4654
238 : in_r = 2686 in_i = 14252
239 : in_r = 27899 in_i = 17609
240 : in_r = 16908 in_i = 26280
241 : in_r = 11554 in_i = 2616
242 : in_r = 24285 in_i = 30787
243 : in_r = 9530 in_i = 2262
244 : in_r = 16523 in_i = 18094
245 : in_r = 15067 in_i = 30771
246 : in_r = 893 in_i = 12366
247 : in_r = 31958 in_i = 8812
248 : in_r = 9007 in_i = 7686
249 : in_r = 1984 in_i = 15592
250 : in_r = 17678 in_i = 18219
251 : in_r = 12328 in_i = 4675
252 : in_r = 3012 in_i = 26773
253 : in_r = 9329 in_i = 5698
254 : in_r = 8258 in_i = 4460
255 : in_r = 23307 in_i = 25166
in finished
index : 0
out finished
------------------------
0 : out_r = 1380 out_i = 16880
1 : out_r = 30777 out_i = 13965
2 : out_r = 7478 out_i = 7108
3 : out_r = 26322 out_i = 10382
4 : out_r = 19646 out_i = 8890
5 : out_r = 7274 out_i = 15220
6 : out_r = 23271 out_i = 24468
7 : out_r = 31665 out_i = 12324
8 : out_r = 15541 out_i = 26264
9 : out_r = 26312 out_i = 24970
10 : out_r = 4867 out_i = 5579
11 : out_r = 31317 out_i = 31464
12 : out_r = 11035 out_i = 11730
13 : out_r = 5753 out_i = 28792
14 : out_r = 28276 out_i = 11669
15 : out_r = 20237 out_i = 29657
16 : out_r = 28549 out_i = 18246
17 : out_r = 10855 out_i = 3260
18 : out_r = 25354 out_i = 4410
19 : out_r = 13643 out_i = 12233
20 : out_r = 13300 out_i = 20917
21 : out_r = 27453 out_i = 3804
22 : out_r = 12617 out_i = 26351
23 : out_r = 16128 out_i = 28158
24 : out_r = 19847 out_i = 9672
25 : out_r = 20360 out_i = 24715
26 : out_r = 15251 out_i = 18910
27 : out_r = 23411 out_i = 26286
28 : out_r = 30640 out_i = 29164
29 : out_r = 22311 out_i = 26149
30 : out_r = 8065 out_i = 9781
31 : out_r = 23039 out_i = 3847
32 : out_r = 28027 out_i = 1126
33 : out_r = 7107 out_i = 20614
34 : out_r = 5536 out_i = 20750
35 : out_r = 80 out_i = 18837
36 : out_r = 8899 out_i = 27534
37 : out_r = 22641 out_i = 21516
38 : out_r = 21117 out_i = 6001
39 : out_r = 16907 out_i = 8196
40 : out_r = 15674 out_i = 4500
41 : out_r = 143 out_i = 30926
42 : out_r = 23410 out_i = 23555
43 : out_r = 24445 out_i = 21282
44 : out_r = 19951 out_i = 13988
45 : out_r = 14664 out_i = 28016
46 : out_r = 23770 out_i = 4935
47 : out_r = 31864 out_i = 19029
48 : out_r = 6062 out_i = 6204
49 : out_r = 6876 out_i = 11598
50 : out_r = 26954 out_i = 6956
51 : out_r = 30436 out_i = 3086
52 : out_r = 1722 out_i = 20310
53 : out_r = 24603 out_i = 22840
54 : out_r = 26312 out_i = 8743
55 : out_r = 31036 out_i = 9218
56 : out_r = 13243 out_i = 31180
57 : out_r = 7376 out_i = 3886
58 : out_r = 21967 out_i = 31821
59 : out_r = 25169 out_i = 9151
60 : out_r = 13042 out_i = 7065
61 : out_r = 4399 out_i = 4044
62 : out_r = 12000 out_i = 3496
63 : out_r = 23074 out_i = 18062
64 : out_r = 9700 out_i = 29951
65 : out_r = 29661 out_i = 3887
66 : out_r = 4140 out_i = 27330
67 : out_r = 6973 out_i = 5863
68 : out_r = 14872 out_i = 31577
69 : out_r = 28703 out_i = 8416
70 : out_r = 7552 out_i = 26972
71 : out_r = 17634 out_i = 20796
72 : out_r = 25384 out_i = 25011
73 : out_r = 24682 out_i = 14584
74 : out_r = 24065 out_i = 17083
75 : out_r = 23735 out_i = 4340
76 : out_r = 24148 out_i = 28135
77 : out_r = 8385 out_i = 3381
78 : out_r = 31631 out_i = 31460
79 : out_r = 21444 out_i = 8564
80 : out_r = 28643 out_i = 18338
81 : out_r = 12451 out_i = 15
82 : out_r = 12900 out_i = 19424
83 : out_r = 5878 out_i = 27772
84 : out_r = 18234 out_i = 1813
85 : out_r = 3421 out_i = 25786
86 : out_r = 28785 out_i = 21056
87 : out_r = 13814 out_i = 21402
88 : out_r = 13299 out_i = 5729
89 : out_r = 3219 out_i = 4597
90 : out_r = 22812 out_i = 26954
91 : out_r = 8938 out_i = 14193
92 : out_r = 22322 out_i = 17323
93 : out_r = 17575 out_i = 21185
94 : out_r = 16015 out_i = 6251
95 : out_r = 29749 out_i = 11890
96 : out_r = 24589 out_i = 9433
97 : out_r = 11906 out_i = 4722
98 : out_r = 28858 out_i = 17784
99 : out_r = 32494 out_i = 14324
100 : out_r = 19598 out_i = 3147
101 : out_r = 7343 out_i = 15616
102 : out_r = 24203 out_i = 21158
103 : out_r = 4251 out_i = 4735
104 : out_r = 26887 out_i = 7470
105 : out_r = 9333 out_i = 16932
106 : out_r = 1657 out_i = 18271
107 : out_r = 31126 out_i = 23979
108 : out_r = 2827 out_i = 15933
109 : out_r = 12397 out_i = 18842
110 : out_r = 22184 out_i = 9378
111 : out_r = 30733 out_i = 14006
112 : out_r = 18811 out_i = 9872
113 : out_r = 18728 out_i = 14901
114 : out_r = 27656 out_i = 18455
115 : out_r = 29226 out_i = 14487
116 : out_r = 21603 out_i = 3801
117 : out_r = 30103 out_i = 13039
118 : out_r = 24959 out_i = 1587
119 : out_r = 17774 out_i = 19079
120 : out_r = 9057 out_i = 27107
121 : out_r = 3243 out_i = 10714
122 : out_r = 12611 out_i = 1601
123 : out_r = 1925 out_i = 15438
124 : out_r = 17534 out_i = 14322
125 : out_r = 1513 out_i = 6951
126 : out_r = 23701 out_i = 32246
127 : out_r = 20958 out_i = 9745
128 : out_r = 9350 out_i = 6918
129 : out_r = 24647 out_i = 4239
130 : out_r = 25374 out_i = 21105
131 : out_r = 18727 out_i = 14209
132 : out_r = 24907 out_i = 16063
133 : out_r = 27248 out_i = 17098
134 : out_r = 17650 out_i = 12255
135 : out_r = 3409 out_i = 26707
136 : out_r = 6595 out_i = 6653
137 : out_r = 4653 out_i = 19206
138 : out_r = 8254 out_i = 6579
139 : out_r = 1876 out_i = 25789
140 : out_r = 20902 out_i = 3390
141 : out_r = 32740 out_i = 11835
142 : out_r = 2868 out_i = 20930
143 : out_r = 21581 out_i = 12219
144 : out_r = 27849 out_i = 13460
145 : out_r = 16459 out_i = 20455
146 : out_r = 1798 out_i = 2418
147 : out_r = 1896 out_i = 26705
148 : out_r = 18481 out_i = 29145
149 : out_r = 11036 out_i = 3363
150 : out_r = 8632 out_i = 14446
151 : out_r = 30071 out_i = 15227
152 : out_r = 21099 out_i = 1957
153 : out_r = 1665 out_i = 29354
154 : out_r = 8536 out_i = 3542
155 : out_r = 22375 out_i = 29439
156 : out_r = 6932 out_i = 22348
157 : out_r = 8506 out_i = 9801
158 : out_r = 10511 out_i = 30088
159 : out_r = 22021 out_i = 5592
160 : out_r = 10780 out_i = 5712
161 : out_r = 26048 out_i = 12579
162 : out_r = 8131 out_i = 27945
163 : out_r = 6517 out_i = 26612
164 : out_r = 24322 out_i = 17554
165 : out_r = 29976 out_i = 187
166 : out_r = 32001 out_i = 27279
167 : out_r = 15414 out_i = 20332
168 : out_r = 29236 out_i = 17080
169 : out_r = 16919 out_i = 5005
170 : out_r = 20623 out_i = 6527
171 : out_r = 1676 out_i = 27556
172 : out_r = 28875 out_i = 10183
173 : out_r = 4590 out_i = 6619
174 : out_r = 7503 out_i = 26611
175 : out_r = 12212 out_i = 18284
176 : out_r = 32323 out_i = 5492
177 : out_r = 30864 out_i = 7686
178 : out_r = 670 out_i = 4613
179 : out_r = 1531 out_i = 24993
180 : out_r = 22168 out_i = 31507
181 : out_r = 25180 out_i = 21401
182 : out_r = 26019 out_i = 7827
183 : out_r = 8966 out_i = 22488
184 : out_r = 24908 out_i = 25885
185 : out_r = 27494 out_i = 12763
186 : out_r = 32413 out_i = 29170
187 : out_r = 7552 out_i = 28521
188 : out_r = 6586 out_i = 12142
189 : out_r = 2372 out_i = 14090
190 : out_r = 5985 out_i = 14584
191 : out_r = 32374 out_i = 5541
192 : out_r = 20077 out_i = 30471
193 : out_r = 13228 out_i = 20747
194 : out_r = 2317 out_i = 14759
195 : out_r = 12972 out_i = 24485
196 : out_r = 13499 out_i = 5385
197 : out_r = 13118 out_i = 6750
198 : out_r = 13212 out_i = 22085
199 : out_r = 29239 out_i = 5352
200 : out_r = 15203 out_i = 23965
201 : out_r = 18116 out_i = 14848
202 : out_r = 20368 out_i = 25668
203 : out_r = 10601 out_i = 26955
204 : out_r = 5043 out_i = 12973
205 : out_r = 8277 out_i = 11028
206 : out_r = 27558 out_i = 7884
207 : out_r = 16569 out_i = 14867
208 : out_r = 5587 out_i = 29797
209 : out_r = 2847 out_i = 7904
210 : out_r = 11789 out_i = 15820
211 : out_r = 32390 out_i = 25288
212 : out_r = 21205 out_i = 12741
213 : out_r = 32039 out_i = 1650
214 : out_r = 2058 out_i = 28510
215 : out_r = 7003 out_i = 17262
216 : out_r = 19708 out_i = 25119
217 : out_r = 32110 out_i = 7308
218 : out_r = 18020 out_i = 9944
219 : out_r = 1495 out_i = 23063
220 : out_r = 22918 out_i = 9773
221 : out_r = 1324 out_i = 17708
222 : out_r = 17657 out_i = 17893
223 : out_r = 32576 out_i = 23244
224 : out_r = 14923 out_i = 2655
225 : out_r = 31149 out_i = 26712
226 : out_r = 18475 out_i = 30772
227 : out_r = 19233 out_i = 6913
228 : out_r = 10745 out_i = 18504
229 : out_r = 8563 out_i = 12804
230 : out_r = 14247 out_i = 15567
231 : out_r = 30066 out_i = 1187
232 : out_r = 7919 out_i = 29409
233 : out_r = 8496 out_i = 25939
234 : out_r = 6585 out_i = 9991
235 : out_r = 16235 out_i = 29503
236 : out_r = 19764 out_i = 17560
237 : out_r = 14444 out_i = 4654
238 : out_r = 2686 out_i = 14252
239 : out_r = 27899 out_i = 17609
240 : out_r = 16908 out_i = 26280
241 : out_r = 11554 out_i = 2616
242 : out_r = 24285 out_i = 30787
243 : out_r = 9530 out_i = 2262
244 : out_r = 16523 out_i = 18094
245 : out_r = 15067 out_i = 30771
246 : out_r = 893 out_i = 12366
247 : out_r = 31958 out_i = 8812
248 : out_r = 9007 out_i = 7686
249 : out_r = 1984 out_i = 15592
250 : out_r = 17678 out_i = 18219
251 : out_r = 12328 out_i = 4675
252 : out_r = 3012 out_i = 26773
253 : out_r = 9329 out_i = 5698
254 : out_r = 8258 out_i = 4460
255 : out_r = 23307 out_i = 25166
>> Finish test!
INFO: [SIM 1] CSim done with 0 errors.
INFO: [SIM 3] *************** CSIM finish ***************
