INFO: [SIM 2] *************** CSIM start ***************
INFO: [SIM 4] CSIM will launch GCC as the compiler.
   Compiling ../../../../../main.cpp in debug mode
   Compiling ../../../../../CP_removal.cpp in debug mode
   Compiling ../../../../../CP_insertion.cpp in debug mode
   Generating csim.exe
>> Start test!
CP Insertion
------------------------
0 : in_r = 23788 in_i = 2237
1 : in_r = 27860 in_i = 26007
2 : in_r = 20872 in_i = 17977
3 : in_r = 9307 in_i = 2887
4 : in_r = 4962 in_i = 19092
5 : in_r = 29716 in_i = 28536
6 : in_r = 18655 in_i = 110
7 : in_r = 15017 in_i = 19205
8 : in_r = 28413 in_i = 29734
9 : in_r = 10356 in_i = 7197
10 : in_r = 530 in_i = 27181
11 : in_r = 3590 in_i = 26352
12 : in_r = 13150 in_i = 30404
13 : in_r = 4960 in_i = 27580
14 : in_r = 13564 in_i = 19542
15 : in_r = 8395 in_i = 4585
16 : in_r = 21780 in_i = 3487
17 : in_r = 30592 in_i = 9885
18 : in_r = 21465 in_i = 7131
19 : in_r = 12772 in_i = 26428
20 : in_r = 26224 in_i = 9721
21 : in_r = 22196 in_i = 12111
22 : in_r = 9831 in_i = 4445
23 : in_r = 31316 in_i = 5477
24 : in_r = 1412 in_i = 8905
25 : in_r = 12675 in_i = 1943
26 : in_r = 3318 in_i = 16265
27 : in_r = 28295 in_i = 16469
28 : in_r = 13902 in_i = 487
29 : in_r = 11281 in_i = 27467
30 : in_r = 20030 in_i = 19677
31 : in_r = 32052 in_i = 9042
32 : in_r = 23165 in_i = 29877
33 : in_r = 18927 in_i = 11862
34 : in_r = 4241 in_i = 31699
35 : in_r = 5523 in_i = 30465
36 : in_r = 8653 in_i = 27719
37 : in_r = 9809 in_i = 18484
38 : in_r = 32165 in_i = 8358
39 : in_r = 23962 in_i = 810
40 : in_r = 17263 in_i = 3869
41 : in_r = 2753 in_i = 20582
42 : in_r = 20135 in_i = 31048
43 : in_r = 4283 in_i = 1270
44 : in_r = 31536 in_i = 15565
45 : in_r = 28738 in_i = 18798
46 : in_r = 2475 in_i = 28022
47 : in_r = 27841 in_i = 25640
48 : in_r = 25132 in_i = 14000
49 : in_r = 4735 in_i = 29373
50 : in_r = 12932 in_i = 10258
51 : in_r = 27071 in_i = 21585
52 : in_r = 5210 in_i = 4113
53 : in_r = 7302 in_i = 4607
54 : in_r = 12471 in_i = 31265
55 : in_r = 5418 in_i = 29735
56 : in_r = 2366 in_i = 8171
57 : in_r = 17549 in_i = 22502
58 : in_r = 6452 in_i = 21833
59 : in_r = 23773 in_i = 5220
60 : in_r = 4631 in_i = 19743
61 : in_r = 24019 in_i = 7106
62 : in_r = 14998 in_i = 19092
63 : in_r = 32746 in_i = 7362
64 : in_r = 324 in_i = 4713
65 : in_r = 3968 in_i = 13257
66 : in_r = 14972 in_i = 31040
67 : in_r = 2075 in_i = 20182
68 : in_r = 2385 in_i = 9377
69 : in_r = 24790 in_i = 14857
70 : in_r = 7874 in_i = 30208
71 : in_r = 11824 in_i = 10241
72 : in_r = 5611 in_i = 29374
73 : in_r = 32744 in_i = 12064
74 : in_r = 18439 in_i = 23749
75 : in_r = 17284 in_i = 23070
76 : in_r = 10724 in_i = 8536
77 : in_r = 30176 in_i = 25723
78 : in_r = 27628 in_i = 30155
79 : in_r = 318 in_i = 27953
80 : in_r = 2101 in_i = 4286
81 : in_r = 8442 in_i = 17073
82 : in_r = 2559 in_i = 10518
83 : in_r = 4487 in_i = 4945
84 : in_r = 19895 in_i = 29277
85 : in_r = 19802 in_i = 27770
86 : in_r = 26718 in_i = 31627
87 : in_r = 5244 in_i = 32330
88 : in_r = 28233 in_i = 5220
89 : in_r = 11626 in_i = 13904
90 : in_r = 28970 in_i = 28911
91 : in_r = 4207 in_i = 6927
92 : in_r = 4679 in_i = 1616
93 : in_r = 32650 in_i = 32307
94 : in_r = 31772 in_i = 200
95 : in_r = 27493 in_i = 1105
96 : in_r = 4487 in_i = 3168
97 : in_r = 18179 in_i = 7047
98 : in_r = 13686 in_i = 22666
99 : in_r = 11992 in_i = 813
100 : in_r = 19176 in_i = 31795
101 : in_r = 28584 in_i = 13127
102 : in_r = 30654 in_i = 1060
103 : in_r = 12689 in_i = 26119
104 : in_r = 6281 in_i = 24315
105 : in_r = 7256 in_i = 2483
106 : in_r = 20459 in_i = 11464
107 : in_r = 9410 in_i = 25138
108 : in_r = 13081 in_i = 9293
109 : in_r = 24678 in_i = 12085
110 : in_r = 9494 in_i = 19404
111 : in_r = 13191 in_i = 13981
112 : in_r = 22572 in_i = 31370
113 : in_r = 21029 in_i = 3490
114 : in_r = 21269 in_i = 253
115 : in_r = 4304 in_i = 7678
116 : in_r = 32048 in_i = 121
117 : in_r = 20805 in_i = 29935
118 : in_r = 1181 in_i = 726
119 : in_r = 23287 in_i = 7463
120 : in_r = 25042 in_i = 30544
121 : in_r = 9946 in_i = 12734
122 : in_r = 9240 in_i = 19357
123 : in_r = 5104 in_i = 22321
124 : in_r = 28650 in_i = 29783
125 : in_r = 1639 in_i = 5377
126 : in_r = 16420 in_i = 14830
127 : in_r = 19358 in_i = 6224
128 : in_r = 13432 in_i = 7620
129 : in_r = 9714 in_i = 1934
130 : in_r = 7873 in_i = 14019
131 : in_r = 9612 in_i = 7154
132 : in_r = 14140 in_i = 30418
133 : in_r = 4321 in_i = 15322
134 : in_r = 31145 in_i = 27609
135 : in_r = 22785 in_i = 23420
136 : in_r = 25385 in_i = 32731
137 : in_r = 3386 in_i = 1857
138 : in_r = 19321 in_i = 8491
139 : in_r = 24179 in_i = 15204
140 : in_r = 5506 in_i = 25818
141 : in_r = 20581 in_i = 21926
142 : in_r = 7881 in_i = 7172
143 : in_r = 28151 in_i = 21314
144 : in_r = 14792 in_i = 5098
145 : in_r = 23248 in_i = 22666
146 : in_r = 19117 in_i = 93
147 : in_r = 29820 in_i = 490
148 : in_r = 30511 in_i = 1374
149 : in_r = 15812 in_i = 28889
150 : in_r = 28983 in_i = 5829
151 : in_r = 19541 in_i = 21601
152 : in_r = 5793 in_i = 22927
153 : in_r = 23458 in_i = 25114
154 : in_r = 31418 in_i = 14870
155 : in_r = 7550 in_i = 4157
156 : in_r = 7921 in_i = 28132
157 : in_r = 26084 in_i = 15802
158 : in_r = 2536 in_i = 21467
159 : in_r = 4348 in_i = 17328
160 : in_r = 26565 in_i = 27596
161 : in_r = 7226 in_i = 12915
162 : in_r = 27690 in_i = 4279
163 : in_r = 13405 in_i = 25434
164 : in_r = 5654 in_i = 29217
165 : in_r = 21555 in_i = 1869
166 : in_r = 2279 in_i = 8329
167 : in_r = 23471 in_i = 8072
168 : in_r = 31256 in_i = 14161
169 : in_r = 418 in_i = 29906
170 : in_r = 29032 in_i = 7969
171 : in_r = 1296 in_i = 4185
172 : in_r = 3333 in_i = 27380
173 : in_r = 19987 in_i = 5870
174 : in_r = 16079 in_i = 24335
175 : in_r = 23198 in_i = 9877
176 : in_r = 19164 in_i = 30425
177 : in_r = 22792 in_i = 14087
178 : in_r = 1937 in_i = 3430
179 : in_r = 6753 in_i = 7591
180 : in_r = 32648 in_i = 28309
181 : in_r = 9461 in_i = 2159
182 : in_r = 3870 in_i = 164
183 : in_r = 10231 in_i = 2358
184 : in_r = 14326 in_i = 10650
185 : in_r = 32265 in_i = 10590
186 : in_r = 18619 in_i = 793
187 : in_r = 14775 in_i = 21953
188 : in_r = 28173 in_i = 1995
189 : in_r = 27823 in_i = 11485
190 : in_r = 26331 in_i = 18254
191 : in_r = 21363 in_i = 12727
192 : in_r = 15912 in_i = 11388
193 : in_r = 26815 in_i = 17849
194 : in_r = 14818 in_i = 800
195 : in_r = 25441 in_i = 14698
196 : in_r = 29110 in_i = 2134
197 : in_r = 16857 in_i = 212
198 : in_r = 2299 in_i = 27089
199 : in_r = 2571 in_i = 16625
200 : in_r = 4971 in_i = 2068
201 : in_r = 27216 in_i = 23591
202 : in_r = 2862 in_i = 9223
203 : in_r = 12777 in_i = 31036
204 : in_r = 11219 in_i = 7832
205 : in_r = 9753 in_i = 4782
206 : in_r = 26086 in_i = 31117
207 : in_r = 17510 in_i = 9231
208 : in_r = 9737 in_i = 11557
209 : in_r = 27080 in_i = 24555
210 : in_r = 12358 in_i = 19753
211 : in_r = 6486 in_i = 8700
212 : in_r = 21888 in_i = 23344
213 : in_r = 8913 in_i = 24187
214 : in_r = 17665 in_i = 11485
215 : in_r = 8044 in_i = 22637
216 : in_r = 13554 in_i = 2492
217 : in_r = 13461 in_i = 16416
218 : in_r = 11716 in_i = 26238
219 : in_r = 14684 in_i = 22936
220 : in_r = 1303 in_i = 24438
221 : in_r = 27718 in_i = 27389
222 : in_r = 22787 in_i = 12461
223 : in_r = 3853 in_i = 32524
224 : in_r = 24019 in_i = 30933
225 : in_r = 24312 in_i = 3610
226 : in_r = 17919 in_i = 30798
227 : in_r = 12311 in_i = 7039
228 : in_r = 21374 in_i = 21224
229 : in_r = 31227 in_i = 6272
230 : in_r = 32709 in_i = 6504
231 : in_r = 28909 in_i = 13495
232 : in_r = 8997 in_i = 9603
233 : in_r = 29912 in_i = 20714
234 : in_r = 3073 in_i = 11829
235 : in_r = 10882 in_i = 4376
236 : in_r = 3499 in_i = 5833
237 : in_r = 31766 in_i = 26287
238 : in_r = 18294 in_i = 2851
239 : in_r = 26044 in_i = 9546
240 : in_r = 1017 in_i = 17589
241 : in_r = 13156 in_i = 18936
242 : in_r = 15619 in_i = 25467
243 : in_r = 25976 in_i = 4226
244 : in_r = 13924 in_i = 24436
245 : in_r = 10498 in_i = 13866
246 : in_r = 30940 in_i = 6640
247 : in_r = 27361 in_i = 7169
248 : in_r = 16243 in_i = 24506
249 : in_r = 27883 in_i = 19317
250 : in_r = 3567 in_i = 5998
251 : in_r = 23694 in_i = 7067
252 : in_r = 11831 in_i = 22692
253 : in_r = 587 in_i = 30126
254 : in_r = 25544 in_i = 26631
255 : in_r = 6904 in_i = 26561
in finished
out finished
------------------------
0 : out_r = 23788 out_i = 2237
1 : out_r = 27860 out_i = 26007
2 : out_r = 20872 out_i = 17977
3 : out_r = 9307 out_i = 2887
4 : out_r = 4962 out_i = 19092
5 : out_r = 29716 out_i = 28536
6 : out_r = 18655 out_i = 110
7 : out_r = 15017 out_i = 19205
8 : out_r = 28413 out_i = 29734
9 : out_r = 10356 out_i = 7197
10 : out_r = 530 out_i = 27181
11 : out_r = 3590 out_i = 26352
12 : out_r = 13150 out_i = 30404
13 : out_r = 4960 out_i = 27580
14 : out_r = 13564 out_i = 19542
15 : out_r = 8395 out_i = 4585
16 : out_r = 21780 out_i = 3487
17 : out_r = 30592 out_i = 9885
18 : out_r = 21465 out_i = 7131
19 : out_r = 12772 out_i = 26428
20 : out_r = 26224 out_i = 9721
21 : out_r = 22196 out_i = 12111
22 : out_r = 9831 out_i = 4445
23 : out_r = 31316 out_i = 5477
24 : out_r = 1412 out_i = 8905
25 : out_r = 12675 out_i = 1943
26 : out_r = 3318 out_i = 16265
27 : out_r = 28295 out_i = 16469
28 : out_r = 13902 out_i = 487
29 : out_r = 11281 out_i = 27467
30 : out_r = 20030 out_i = 19677
31 : out_r = 32052 out_i = 9042
32 : out_r = 23165 out_i = 29877
33 : out_r = 18927 out_i = 11862
34 : out_r = 4241 out_i = 31699
35 : out_r = 5523 out_i = 30465
36 : out_r = 8653 out_i = 27719
37 : out_r = 9809 out_i = 18484
38 : out_r = 32165 out_i = 8358
39 : out_r = 23962 out_i = 810
40 : out_r = 17263 out_i = 3869
41 : out_r = 2753 out_i = 20582
42 : out_r = 20135 out_i = 31048
43 : out_r = 4283 out_i = 1270
44 : out_r = 31536 out_i = 15565
45 : out_r = 28738 out_i = 18798
46 : out_r = 2475 out_i = 28022
47 : out_r = 27841 out_i = 25640
48 : out_r = 25132 out_i = 14000
49 : out_r = 4735 out_i = 29373
50 : out_r = 12932 out_i = 10258
51 : out_r = 27071 out_i = 21585
52 : out_r = 5210 out_i = 4113
53 : out_r = 7302 out_i = 4607
54 : out_r = 12471 out_i = 31265
55 : out_r = 5418 out_i = 29735
56 : out_r = 2366 out_i = 8171
57 : out_r = 17549 out_i = 22502
58 : out_r = 6452 out_i = 21833
59 : out_r = 23773 out_i = 5220
60 : out_r = 4631 out_i = 19743
61 : out_r = 24019 out_i = 7106
62 : out_r = 14998 out_i = 19092
63 : out_r = 32746 out_i = 7362
64 : out_r = 324 out_i = 4713
65 : out_r = 3968 out_i = 13257
66 : out_r = 14972 out_i = 31040
67 : out_r = 2075 out_i = 20182
68 : out_r = 2385 out_i = 9377
69 : out_r = 24790 out_i = 14857
70 : out_r = 7874 out_i = 30208
71 : out_r = 11824 out_i = 10241
72 : out_r = 5611 out_i = 29374
73 : out_r = 32744 out_i = 12064
74 : out_r = 18439 out_i = 23749
75 : out_r = 17284 out_i = 23070
76 : out_r = 10724 out_i = 8536
77 : out_r = 30176 out_i = 25723
78 : out_r = 27628 out_i = 30155
79 : out_r = 318 out_i = 27953
80 : out_r = 2101 out_i = 4286
81 : out_r = 8442 out_i = 17073
82 : out_r = 2559 out_i = 10518
83 : out_r = 4487 out_i = 4945
84 : out_r = 19895 out_i = 29277
85 : out_r = 19802 out_i = 27770
86 : out_r = 26718 out_i = 31627
87 : out_r = 5244 out_i = 32330
88 : out_r = 28233 out_i = 5220
89 : out_r = 11626 out_i = 13904
90 : out_r = 28970 out_i = 28911
91 : out_r = 4207 out_i = 6927
92 : out_r = 4679 out_i = 1616
93 : out_r = 32650 out_i = 32307
94 : out_r = 31772 out_i = 200
95 : out_r = 27493 out_i = 1105
96 : out_r = 4487 out_i = 3168
97 : out_r = 18179 out_i = 7047
98 : out_r = 13686 out_i = 22666
99 : out_r = 11992 out_i = 813
100 : out_r = 19176 out_i = 31795
101 : out_r = 28584 out_i = 13127
102 : out_r = 30654 out_i = 1060
103 : out_r = 12689 out_i = 26119
104 : out_r = 6281 out_i = 24315
105 : out_r = 7256 out_i = 2483
106 : out_r = 20459 out_i = 11464
107 : out_r = 9410 out_i = 25138
108 : out_r = 13081 out_i = 9293
109 : out_r = 24678 out_i = 12085
110 : out_r = 9494 out_i = 19404
111 : out_r = 13191 out_i = 13981
112 : out_r = 22572 out_i = 31370
113 : out_r = 21029 out_i = 3490
114 : out_r = 21269 out_i = 253
115 : out_r = 4304 out_i = 7678
116 : out_r = 32048 out_i = 121
117 : out_r = 20805 out_i = 29935
118 : out_r = 1181 out_i = 726
119 : out_r = 23287 out_i = 7463
120 : out_r = 25042 out_i = 30544
121 : out_r = 9946 out_i = 12734
122 : out_r = 9240 out_i = 19357
123 : out_r = 5104 out_i = 22321
124 : out_r = 28650 out_i = 29783
125 : out_r = 1639 out_i = 5377
126 : out_r = 16420 out_i = 14830
127 : out_r = 19358 out_i = 6224
128 : out_r = 13432 out_i = 7620
129 : out_r = 9714 out_i = 1934
130 : out_r = 7873 out_i = 14019
131 : out_r = 9612 out_i = 7154
132 : out_r = 14140 out_i = 30418
133 : out_r = 4321 out_i = 15322
134 : out_r = 31145 out_i = 27609
135 : out_r = 22785 out_i = 23420
136 : out_r = 25385 out_i = 32731
137 : out_r = 3386 out_i = 1857
138 : out_r = 19321 out_i = 8491
139 : out_r = 24179 out_i = 15204
140 : out_r = 5506 out_i = 25818
141 : out_r = 20581 out_i = 21926
142 : out_r = 7881 out_i = 7172
143 : out_r = 28151 out_i = 21314
144 : out_r = 14792 out_i = 5098
145 : out_r = 23248 out_i = 22666
146 : out_r = 19117 out_i = 93
147 : out_r = 29820 out_i = 490
148 : out_r = 30511 out_i = 1374
149 : out_r = 15812 out_i = 28889
150 : out_r = 28983 out_i = 5829
151 : out_r = 19541 out_i = 21601
152 : out_r = 5793 out_i = 22927
153 : out_r = 23458 out_i = 25114
154 : out_r = 31418 out_i = 14870
155 : out_r = 7550 out_i = 4157
156 : out_r = 7921 out_i = 28132
157 : out_r = 26084 out_i = 15802
158 : out_r = 2536 out_i = 21467
159 : out_r = 4348 out_i = 17328
160 : out_r = 26565 out_i = 27596
161 : out_r = 7226 out_i = 12915
162 : out_r = 27690 out_i = 4279
163 : out_r = 13405 out_i = 25434
164 : out_r = 5654 out_i = 29217
165 : out_r = 21555 out_i = 1869
166 : out_r = 2279 out_i = 8329
167 : out_r = 23471 out_i = 8072
168 : out_r = 31256 out_i = 14161
169 : out_r = 418 out_i = 29906
170 : out_r = 29032 out_i = 7969
171 : out_r = 1296 out_i = 4185
172 : out_r = 3333 out_i = 27380
173 : out_r = 19987 out_i = 5870
174 : out_r = 16079 out_i = 24335
175 : out_r = 23198 out_i = 9877
176 : out_r = 19164 out_i = 30425
177 : out_r = 22792 out_i = 14087
178 : out_r = 1937 out_i = 3430
179 : out_r = 6753 out_i = 7591
180 : out_r = 32648 out_i = 28309
181 : out_r = 9461 out_i = 2159
182 : out_r = 3870 out_i = 164
183 : out_r = 10231 out_i = 2358
184 : out_r = 14326 out_i = 10650
185 : out_r = 32265 out_i = 10590
186 : out_r = 18619 out_i = 793
187 : out_r = 14775 out_i = 21953
188 : out_r = 28173 out_i = 1995
189 : out_r = 27823 out_i = 11485
190 : out_r = 26331 out_i = 18254
191 : out_r = 21363 out_i = 12727
192 : out_r = 15912 out_i = 11388
193 : out_r = 26815 out_i = 17849
194 : out_r = 14818 out_i = 800
195 : out_r = 25441 out_i = 14698
196 : out_r = 29110 out_i = 2134
197 : out_r = 16857 out_i = 212
198 : out_r = 2299 out_i = 27089
199 : out_r = 2571 out_i = 16625
200 : out_r = 4971 out_i = 2068
201 : out_r = 27216 out_i = 23591
202 : out_r = 2862 out_i = 9223
203 : out_r = 12777 out_i = 31036
204 : out_r = 11219 out_i = 7832
205 : out_r = 9753 out_i = 4782
206 : out_r = 26086 out_i = 31117
207 : out_r = 17510 out_i = 9231
208 : out_r = 9737 out_i = 11557
209 : out_r = 27080 out_i = 24555
210 : out_r = 12358 out_i = 19753
211 : out_r = 6486 out_i = 8700
212 : out_r = 21888 out_i = 23344
213 : out_r = 8913 out_i = 24187
214 : out_r = 17665 out_i = 11485
215 : out_r = 8044 out_i = 22637
216 : out_r = 13554 out_i = 2492
217 : out_r = 13461 out_i = 16416
218 : out_r = 11716 out_i = 26238
219 : out_r = 14684 out_i = 22936
220 : out_r = 1303 out_i = 24438
221 : out_r = 27718 out_i = 27389
222 : out_r = 22787 out_i = 12461
223 : out_r = 3853 out_i = 32524
224 : out_r = 24019 out_i = 30933
225 : out_r = 24312 out_i = 3610
226 : out_r = 17919 out_i = 30798
227 : out_r = 12311 out_i = 7039
228 : out_r = 21374 out_i = 21224
229 : out_r = 31227 out_i = 6272
230 : out_r = 32709 out_i = 6504
231 : out_r = 28909 out_i = 13495
232 : out_r = 8997 out_i = 9603
233 : out_r = 29912 out_i = 20714
234 : out_r = 3073 out_i = 11829
235 : out_r = 10882 out_i = 4376
236 : out_r = 3499 out_i = 5833
237 : out_r = 31766 out_i = 26287
238 : out_r = 18294 out_i = 2851
239 : out_r = 26044 out_i = 9546
240 : out_r = 1017 out_i = 17589
241 : out_r = 13156 out_i = 18936
242 : out_r = 15619 out_i = 25467
243 : out_r = 25976 out_i = 4226
244 : out_r = 13924 out_i = 24436
245 : out_r = 10498 out_i = 13866
246 : out_r = 30940 out_i = 6640
247 : out_r = 27361 out_i = 7169
248 : out_r = 16243 out_i = 24506
249 : out_r = 27883 out_i = 19317
250 : out_r = 3567 out_i = 5998
251 : out_r = 23694 out_i = 7067
252 : out_r = 11831 out_i = 22692
253 : out_r = 587 out_i = 30126
254 : out_r = 25544 out_i = 26631
255 : out_r = 6904 out_i = 26561
>> Finish test!
INFO: [SIM 1] CSim done with 0 errors.
INFO: [SIM 3] *************** CSIM finish ***************
