

================================================================
== Vitis HLS Report for 'pixl_to_symbol_Pipeline_VITIS_LOOP_22_1'
================================================================
* Date:           Fri Sep 23 15:59:40 2022

* Version:        2021.1 (Build 3247384 on Thu Jun 10 19:36:07 MDT 2021)
* Project:        pixl2sym_src
* Solution:       solution1 (Vivado IP Flow Target)
* Product family: zynquplus
* Target device:  xck26-sfvc784-2LV-c


================================================================
== Performance Estimates
================================================================
+ Timing: 
    * Summary: 
    +--------+----------+----------+------------+
    |  Clock |  Target  | Estimated| Uncertainty|
    +--------+----------+----------+------------+
    |ap_clk  |  20.00 ns|  1.102 ns|     5.40 ns|
    +--------+----------+----------+------------+

+ Latency: 
    * Summary: 
    +---------+---------+----------+----------+-----+-----+---------+
    |  Latency (cycles) |  Latency (absolute) |  Interval | Pipeline|
    |   min   |   max   |    min   |    max   | min | max |   Type  |
    +---------+---------+----------+----------+-----+-----+---------+
    |        ?|        ?|         ?|         ?|    ?|    ?|       no|
    +---------+---------+----------+----------+-----+-----+---------+

    + Detail: 
        * Instance: 
        N/A

        * Loop: 
        +-------------------+---------+---------+----------+-----------+-----------+------+----------+
        |                   |  Latency (cycles) | Iteration|  Initiation Interval  | Trip |          |
        |     Loop Name     |   min   |   max   |  Latency |  achieved |   target  | Count| Pipelined|
        +-------------------+---------+---------+----------+-----------+-----------+------+----------+
        |- VITIS_LOOP_22_1  |        ?|        ?|         2|          1|          1|     ?|       yes|
        +-------------------+---------+---------+----------+-----------+-----------+------+----------+

============================================================
+ Verbose Summary: Synthesis Manager
============================================================
InlineROM: 1
ExposeGlobal: 0
============================================================
+ Verbose Summary: CDFG Model
============================================================
IsTopModel: 0
ResetActiveHigh: 1
IsCombinational: 0
IsDatapathOnly: 0
HasWiredReturn: 1
HasMFsm: 2
HasVarLatency: 1
IsPipeline: 0
IsRtlPipelined: 0
IsInstanceOverlapped: 0
IsDontTouch: 0
HasImplIP: 0
IsGatedGlobalClock: 0

+ Individual pipeline summary: 
  * Pipeline-0: initiation interval (II) = 1, depth = 2


============================================================
+ Verbose Summary: Schedule
============================================================
* Number of FSM states : 2
* Pipeline : 1
  Pipeline-0 : II = 1, D = 2, States = { 1 2 }
* Dataflow Pipeline: 0

* FSM state transitions: 
1 --> 2 
2 --> 

* FSM state operations: 

State 1 <SV = 0> <Delay = 1.10>
ST_1 : Operation 5 [1/1] (0.00ns)   --->   "%qam_num = alloca i32 1"   --->   Operation 5 'alloca' 'qam_num' <Predicate = true> <Delay = 0.00>
ST_1 : Operation 6 [1/1] (0.00ns)   --->   "%DATA_LEN = alloca i32 1"   --->   Operation 6 'alloca' 'DATA_LEN' <Predicate = true> <Delay = 0.00>
ST_1 : Operation 7 [1/1] (0.00ns)   --->   "%specinterface_ln0 = specinterface void @_ssdm_op_SpecInterface, i1 %data_out_V_last_V, void @empty, i32 0, i32 0, void @empty_0, i32 0, i32 0, void @empty_1, void @empty_1, void @empty_1, i32 0, i32 0, i32 0, i32 0, void @empty_1, void @empty_1"   --->   Operation 7 'specinterface' 'specinterface_ln0' <Predicate = true> <Delay = 0.00>
ST_1 : Operation 8 [1/1] (0.00ns)   --->   "%specinterface_ln0 = specinterface void @_ssdm_op_SpecInterface, i8 %data_out_V_strb_V, void @empty, i32 0, i32 0, void @empty_0, i32 0, i32 0, void @empty_1, void @empty_1, void @empty_1, i32 0, i32 0, i32 0, i32 0, void @empty_1, void @empty_1"   --->   Operation 8 'specinterface' 'specinterface_ln0' <Predicate = true> <Delay = 0.00>
ST_1 : Operation 9 [1/1] (0.00ns)   --->   "%specinterface_ln0 = specinterface void @_ssdm_op_SpecInterface, i8 %data_out_V_keep_V, void @empty, i32 0, i32 0, void @empty_0, i32 0, i32 0, void @empty_1, void @empty_1, void @empty_1, i32 0, i32 0, i32 0, i32 0, void @empty_1, void @empty_1"   --->   Operation 9 'specinterface' 'specinterface_ln0' <Predicate = true> <Delay = 0.00>
ST_1 : Operation 10 [1/1] (0.00ns)   --->   "%specinterface_ln0 = specinterface void @_ssdm_op_SpecInterface, i64 %data_out_V_data_V, void @empty, i32 0, i32 0, void @empty_0, i32 0, i32 0, void @empty_1, void @empty_1, void @empty_1, i32 0, i32 0, i32 0, i32 0, void @empty_1, void @empty_1"   --->   Operation 10 'specinterface' 'specinterface_ln0' <Predicate = true> <Delay = 0.00>
ST_1 : Operation 11 [1/1] (0.00ns)   --->   "%specinterface_ln0 = specinterface void @_ssdm_op_SpecInterface, i1 %data_in_V_last_V, void @empty, i32 0, i32 0, void @empty_0, i32 0, i32 0, void @empty_1, void @empty_1, void @empty_1, i32 0, i32 0, i32 0, i32 0, void @empty_1, void @empty_1"   --->   Operation 11 'specinterface' 'specinterface_ln0' <Predicate = true> <Delay = 0.00>
ST_1 : Operation 12 [1/1] (0.00ns)   --->   "%specinterface_ln0 = specinterface void @_ssdm_op_SpecInterface, i8 %data_in_V_strb_V, void @empty, i32 0, i32 0, void @empty_0, i32 0, i32 0, void @empty_1, void @empty_1, void @empty_1, i32 0, i32 0, i32 0, i32 0, void @empty_1, void @empty_1"   --->   Operation 12 'specinterface' 'specinterface_ln0' <Predicate = true> <Delay = 0.00>
ST_1 : Operation 13 [1/1] (0.00ns)   --->   "%specinterface_ln0 = specinterface void @_ssdm_op_SpecInterface, i8 %data_in_V_keep_V, void @empty, i32 0, i32 0, void @empty_0, i32 0, i32 0, void @empty_1, void @empty_1, void @empty_1, i32 0, i32 0, i32 0, i32 0, void @empty_1, void @empty_1"   --->   Operation 13 'specinterface' 'specinterface_ln0' <Predicate = true> <Delay = 0.00>
ST_1 : Operation 14 [1/1] (0.00ns)   --->   "%specinterface_ln0 = specinterface void @_ssdm_op_SpecInterface, i64 %data_in_V_data_V, void @empty, i32 0, i32 0, void @empty_0, i32 0, i32 0, void @empty_1, void @empty_1, void @empty_1, i32 0, i32 0, i32 0, i32 0, void @empty_1, void @empty_1"   --->   Operation 14 'specinterface' 'specinterface_ln0' <Predicate = true> <Delay = 0.00>
ST_1 : Operation 15 [1/1] (0.00ns)   --->   "%br_ln0 = br void"   --->   Operation 15 'br' 'br_ln0' <Predicate = true> <Delay = 0.00>
ST_1 : Operation 16 [1/1] (0.00ns)   --->   "%specpipeline_ln0 = specpipeline void @_ssdm_op_SpecPipeline, i32 4294967295, i32 0, i32 1, i32 0, void @p_str"   --->   Operation 16 'specpipeline' 'specpipeline_ln0' <Predicate = true> <Delay = 0.00>
ST_1 : Operation 17 [1/1] (0.00ns)   --->   "%specloopname_ln13 = specloopname void @_ssdm_op_SpecLoopName, void @empty_5" [../pixl2sym_src/pixl_to_symbol.cpp:13]   --->   Operation 17 'specloopname' 'specloopname_ln13' <Predicate = true> <Delay = 0.00>
ST_1 : Operation 18 [1/1] (0.00ns)   --->   "%empty = read i81 @_ssdm_op_Read.axis.volatile.i64P0A.i8P0A.i8P0A.i1P0A, i64 %data_in_V_data_V, i8 %data_in_V_keep_V, i8 %data_in_V_strb_V, i1 %data_in_V_last_V"   --->   Operation 18 'read' 'empty' <Predicate = true> <Delay = 0.00> <CoreInst = "axis">   --->   Core 123 'axis' <Latency = 0> <II = 1> <Delay = 1.00> <Adapter> <Opcode : >
ST_1 : Operation 19 [1/1] (0.00ns)   --->   "%tmp = extractvalue i81 %empty"   --->   Operation 19 'extractvalue' 'tmp' <Predicate = true> <Delay = 0.00>
ST_1 : Operation 20 [1/1] (0.00ns)   --->   "%tmp_10 = extractvalue i81 %empty"   --->   Operation 20 'extractvalue' 'tmp_10' <Predicate = true> <Delay = 0.00>
ST_1 : Operation 21 [1/1] (0.00ns)   --->   "%tmp_11 = extractvalue i81 %empty"   --->   Operation 21 'extractvalue' 'tmp_11' <Predicate = true> <Delay = 0.00>
ST_1 : Operation 22 [1/1] (0.00ns)   --->   "%tmp_12 = extractvalue i81 %empty"   --->   Operation 22 'extractvalue' 'tmp_12' <Predicate = true> <Delay = 0.00>
ST_1 : Operation 23 [1/1] (0.00ns)   --->   "%p_Result_s = partselect i16 @_ssdm_op_PartSelect.i16.i64.i32.i32, i64 %tmp, i32 48, i32 63"   --->   Operation 23 'partselect' 'p_Result_s' <Predicate = true> <Delay = 0.00>
ST_1 : Operation 24 [1/1] (1.10ns)   --->   "%icmp_ln26 = icmp_eq  i16 %p_Result_s, i16 0" [../pixl2sym_src/pixl_to_symbol.cpp:26]   --->   Operation 24 'icmp' 'icmp_ln26' <Predicate = true> <Delay = 1.10> <CoreInst = "Cmp">   --->   Core 9 'Cmp' <Latency = 0> <II = 1> <Delay = 1.10> <FuncUnit> <Opcode : 'icmp'> <InPorts = 2> <OutPorts = 1>
ST_1 : Operation 25 [1/1] (0.00ns)   --->   "%br_ln26 = br i1 %icmp_ln26, void, void" [../pixl2sym_src/pixl_to_symbol.cpp:26]   --->   Operation 25 'br' 'br_ln26' <Predicate = true> <Delay = 0.00>
ST_1 : Operation 26 [1/1] (0.00ns)   --->   "%p_Result_1 = partselect i16 @_ssdm_op_PartSelect.i16.i64.i32.i32, i64 %tmp, i32 32, i32 47"   --->   Operation 26 'partselect' 'p_Result_1' <Predicate = (icmp_ln26)> <Delay = 0.00>
ST_1 : Operation 27 [1/1] (0.00ns)   --->   "%para_val = trunc i64 %tmp"   --->   Operation 27 'trunc' 'para_val' <Predicate = (icmp_ln26)> <Delay = 0.00>
ST_1 : Operation 28 [1/1] (0.58ns)   --->   "%switch_ln29 = switch i16 %p_Result_1, void %._crit_edge, i16 0, void %.._crit_edge_crit_edge, i16 1, void %.._crit_edge1_crit_edge" [../pixl2sym_src/pixl_to_symbol.cpp:29]   --->   Operation 28 'switch' 'switch_ln29' <Predicate = (icmp_ln26)> <Delay = 0.58>
ST_1 : Operation 29 [1/1] (0.00ns)   --->   "%store_ln29 = store i32 %para_val, i32 %qam_num" [../pixl2sym_src/pixl_to_symbol.cpp:29]   --->   Operation 29 'store' 'store_ln29' <Predicate = (icmp_ln26 & p_Result_1 == 1)> <Delay = 0.00>
ST_1 : Operation 30 [1/1] (0.00ns)   --->   "%br_ln29 = br void %._crit_edge" [../pixl2sym_src/pixl_to_symbol.cpp:29]   --->   Operation 30 'br' 'br_ln29' <Predicate = (icmp_ln26 & p_Result_1 == 1)> <Delay = 0.00>
ST_1 : Operation 31 [1/1] (0.00ns)   --->   "%store_ln29 = store i32 %para_val, i32 %DATA_LEN" [../pixl2sym_src/pixl_to_symbol.cpp:29]   --->   Operation 31 'store' 'store_ln29' <Predicate = (icmp_ln26 & p_Result_1 == 0)> <Delay = 0.00>
ST_1 : Operation 32 [1/1] (0.00ns)   --->   "%br_ln29 = br void %._crit_edge" [../pixl2sym_src/pixl_to_symbol.cpp:29]   --->   Operation 32 'br' 'br_ln29' <Predicate = (icmp_ln26 & p_Result_1 == 0)> <Delay = 0.00>
ST_1 : Operation 33 [1/1] (1.10ns)   --->   "%icmp_ln46 = icmp_eq  i16 %p_Result_s, i16 65535" [../pixl2sym_src/pixl_to_symbol.cpp:46]   --->   Operation 33 'icmp' 'icmp_ln46' <Predicate = true> <Delay = 1.10> <CoreInst = "Cmp">   --->   Core 9 'Cmp' <Latency = 0> <II = 1> <Delay = 1.10> <FuncUnit> <Opcode : 'icmp'> <InPorts = 2> <OutPorts = 1>
ST_1 : Operation 34 [1/1] (0.00ns)   --->   "%br_ln46 = br i1 %icmp_ln46, void, void %.lr.ph.exitStub" [../pixl2sym_src/pixl_to_symbol.cpp:46]   --->   Operation 34 'br' 'br_ln46' <Predicate = true> <Delay = 0.00>

State 2 <SV = 1> <Delay = 0.00>
ST_2 : Operation 35 [1/1] (0.00ns)   --->   "%write_ln304 = write void @_ssdm_op_Write.axis.volatile.i64P0A.i8P0A.i8P0A.i1P0A, i64 %data_out_V_data_V, i8 %data_out_V_keep_V, i8 %data_out_V_strb_V, i1 %data_out_V_last_V, i64 %tmp, i8 %tmp_10, i8 %tmp_11, i1 %tmp_12"   --->   Operation 35 'write' 'write_ln304' <Predicate = (!icmp_ln26)> <Delay = 0.00> <CoreInst = "axis">   --->   Core 123 'axis' <Latency = 0> <II = 1> <Delay = 1.00> <Adapter> <Opcode : >
ST_2 : Operation 36 [1/1] (0.00ns)   --->   "%br_ln0 = br void %._crit_edge"   --->   Operation 36 'br' 'br_ln0' <Predicate = (!icmp_ln26)> <Delay = 0.00>
ST_2 : Operation 37 [1/1] (0.00ns)   --->   "%DATA_LEN_1 = load i32 %DATA_LEN" [../pixl2sym_src/pixl_to_symbol.cpp:13]   --->   Operation 37 'load' 'DATA_LEN_1' <Predicate = true> <Delay = 0.00>
ST_2 : Operation 38 [1/1] (0.00ns)   --->   "%trunc_ln13 = trunc i32 %DATA_LEN_1" [../pixl2sym_src/pixl_to_symbol.cpp:13]   --->   Operation 38 'trunc' 'trunc_ln13' <Predicate = true> <Delay = 0.00>
ST_2 : Operation 39 [1/1] (0.00ns)   --->   "%qam_num_load = load i32 %qam_num"   --->   Operation 39 'load' 'qam_num_load' <Predicate = (icmp_ln46)> <Delay = 0.00>
ST_2 : Operation 40 [1/1] (0.00ns)   --->   "%write_ln13 = write void @_ssdm_op_Write.ap_auto.i31P0A, i31 %DATA_LEN_1_out, i31 %trunc_ln13" [../pixl2sym_src/pixl_to_symbol.cpp:13]   --->   Operation 40 'write' 'write_ln13' <Predicate = (icmp_ln46)> <Delay = 0.00>
ST_2 : Operation 41 [1/1] (0.00ns)   --->   "%write_ln0 = write void @_ssdm_op_Write.ap_auto.i32P0A, i32 %qam_num_2_out, i32 %qam_num_load"   --->   Operation 41 'write' 'write_ln0' <Predicate = (icmp_ln46)> <Delay = 0.00>
ST_2 : Operation 42 [1/1] (0.00ns)   --->   "%ret_ln0 = ret"   --->   Operation 42 'ret' 'ret_ln0' <Predicate = (icmp_ln46)> <Delay = 0.00>


============================================================
+ Verbose Summary: Timing violations
============================================================
Target clock period: 20ns, clock uncertainty: 5.4ns.

 <State 1>: 1.1ns
The critical path consists of the following:
	axis read operation ('empty') on port 'data_in_V_data_V' [25]  (0 ns)
	'icmp' operation ('icmp_ln46', ../pixl2sym_src/pixl_to_symbol.cpp:46) [49]  (1.1 ns)

 <State 2>: 0ns
The critical path consists of the following:


============================================================
+ Verbose Summary: Binding
============================================================
N/A
* FSMD analyzer results:
  - Output states:
 - Input state : 
  - Chain level:
	State 1
	State 2


============================================================
+ Verbose Summary: Datapath Resource usage 
============================================================
N/A
