

================================================================
== Vitis HLS Report for 'pixl_to_symbol_Pipeline_VITIS_LOOP_48_2'
================================================================
* Date:           Fri Sep 23 15:59:40 2022

* Version:        2021.1 (Build 3247384 on Thu Jun 10 19:36:07 MDT 2021)
* Project:        pixl2sym_src
* Solution:       solution1 (Vivado IP Flow Target)
* Product family: zynquplus
* Target device:  xck26-sfvc784-2LV-c


================================================================
== Performance Estimates
================================================================
+ Timing: 
    * Summary: 
    +--------+----------+----------+------------+
    |  Clock |  Target  | Estimated| Uncertainty|
    +--------+----------+----------+------------+
    |ap_clk  |  20.00 ns|  1.968 ns|     5.40 ns|
    +--------+----------+----------+------------+

+ Latency: 
    * Summary: 
    +---------+---------+----------+----------+-----+-----+---------+
    |  Latency (cycles) |  Latency (absolute) |  Interval | Pipeline|
    |   min   |   max   |    min   |    max   | min | max |   Type  |
    +---------+---------+----------+----------+-----+-----+---------+
    |        ?|        ?|         ?|         ?|    ?|    ?|       no|
    +---------+---------+----------+----------+-----+-----+---------+

    + Detail: 
        * Instance: 
        N/A

        * Loop: 
        +-------------------+---------+---------+----------+-----------+-----------+------+----------+
        |                   |  Latency (cycles) | Iteration|  Initiation Interval  | Trip |          |
        |     Loop Name     |   min   |   max   |  Latency |  achieved |   target  | Count| Pipelined|
        +-------------------+---------+---------+----------+-----------+-----------+------+----------+
        |- VITIS_LOOP_48_2  |        ?|        ?|        69|          1|          1|     ?|       yes|
        +-------------------+---------+---------+----------+-----------+-----------+------+----------+

============================================================
+ Verbose Summary: Synthesis Manager
============================================================
InlineROM: 1
ExposeGlobal: 0
============================================================
+ Verbose Summary: CDFG Model
============================================================
IsTopModel: 0
ResetActiveHigh: 1
IsCombinational: 0
IsDatapathOnly: 0
HasWiredReturn: 1
HasMFsm: 2
HasVarLatency: 1
IsPipeline: 0
IsRtlPipelined: 0
IsInstanceOverlapped: 0
IsDontTouch: 0
HasImplIP: 0
IsGatedGlobalClock: 0

+ Individual pipeline summary: 
  * Pipeline-0: initiation interval (II) = 1, depth = 69


============================================================
+ Verbose Summary: Schedule
============================================================
* Number of FSM states : 69
* Pipeline : 1
  Pipeline-0 : II = 1, D = 69, States = { 1 2 3 4 5 6 7 8 9 10 11 12 13 14 15 16 17 18 19 20 21 22 23 24 25 26 27 28 29 30 31 32 33 34 35 36 37 38 39 40 41 42 43 44 45 46 47 48 49 50 51 52 53 54 55 56 57 58 59 60 61 62 63 64 65 66 67 68 69 }
* Dataflow Pipeline: 0

* FSM state transitions: 
1 --> 2 
2 --> 3 
3 --> 4 
4 --> 5 
5 --> 6 
6 --> 7 
7 --> 8 
8 --> 9 
9 --> 10 
10 --> 11 
11 --> 12 
12 --> 13 
13 --> 14 
14 --> 15 
15 --> 16 
16 --> 17 
17 --> 18 
18 --> 19 
19 --> 20 
20 --> 21 
21 --> 22 
22 --> 23 
23 --> 24 
24 --> 25 
25 --> 26 
26 --> 27 
27 --> 28 
28 --> 29 
29 --> 30 
30 --> 31 
31 --> 32 
32 --> 33 
33 --> 34 
34 --> 35 
35 --> 36 
36 --> 37 
37 --> 38 
38 --> 39 
39 --> 40 
40 --> 41 
41 --> 42 
42 --> 43 
43 --> 44 
44 --> 45 
45 --> 46 
46 --> 47 
47 --> 48 
48 --> 49 
49 --> 50 
50 --> 51 
51 --> 52 
52 --> 53 
53 --> 54 
54 --> 55 
55 --> 56 
56 --> 57 
57 --> 58 
58 --> 59 
59 --> 60 
60 --> 61 
61 --> 62 
62 --> 63 
63 --> 64 
64 --> 65 
65 --> 66 
66 --> 67 
67 --> 68 
68 --> 69 
69 --> 

* FSM state operations: 

State 1 <SV = 0> <Delay = 1.43>
ST_1 : Operation 72 [1/1] (0.00ns)   --->   "%i = alloca i32 1"   --->   Operation 72 'alloca' 'i' <Predicate = true> <Delay = 0.00>
ST_1 : Operation 73 [1/1] (0.00ns)   --->   "%data_in_temp_V = alloca i32 1"   --->   Operation 73 'alloca' 'data_in_temp_V' <Predicate = true> <Delay = 0.00>
ST_1 : Operation 74 [1/1] (0.00ns)   --->   "%data_in_axiu_last_V = alloca i32 1"   --->   Operation 74 'alloca' 'data_in_axiu_last_V' <Predicate = true> <Delay = 0.00>
ST_1 : Operation 75 [1/1] (0.00ns)   --->   "%data_in_axiu_strb_V = alloca i32 1"   --->   Operation 75 'alloca' 'data_in_axiu_strb_V' <Predicate = true> <Delay = 0.00>
ST_1 : Operation 76 [1/1] (0.00ns)   --->   "%data_in_axiu_keep_V = alloca i32 1"   --->   Operation 76 'alloca' 'data_in_axiu_keep_V' <Predicate = true> <Delay = 0.00>
ST_1 : Operation 77 [1/1] (0.00ns)   --->   "%conv_i_i17_read = read i32 @_ssdm_op_Read.ap_auto.i32, i32 %conv_i_i17"   --->   Operation 77 'read' 'conv_i_i17_read' <Predicate = true> <Delay = 0.00>
ST_1 : Operation 78 [1/1] (0.00ns)   --->   "%cmp14_read = read i1 @_ssdm_op_Read.ap_auto.i1, i1 %cmp14"   --->   Operation 78 'read' 'cmp14_read' <Predicate = true> <Delay = 0.00>
ST_1 : Operation 79 [1/1] (0.00ns)   --->   "%shl_ln_read = read i32 @_ssdm_op_Read.ap_auto.i32, i32 %shl_ln"   --->   Operation 79 'read' 'shl_ln_read' <Predicate = true> <Delay = 0.00>
ST_1 : Operation 80 [1/1] (0.00ns)   --->   "%conv_i_i17_cast = sext i32 %conv_i_i17_read"   --->   Operation 80 'sext' 'conv_i_i17_cast' <Predicate = true> <Delay = 0.00>
ST_1 : Operation 81 [1/1] (0.00ns)   --->   "%specinterface_ln0 = specinterface void @_ssdm_op_SpecInterface, i1 %data_out_V_last_V, void @empty, i32 0, i32 0, void @empty_0, i32 0, i32 0, void @empty_1, void @empty_1, void @empty_1, i32 0, i32 0, i32 0, i32 0, void @empty_1, void @empty_1"   --->   Operation 81 'specinterface' 'specinterface_ln0' <Predicate = true> <Delay = 0.00>
ST_1 : Operation 82 [1/1] (0.00ns)   --->   "%specinterface_ln0 = specinterface void @_ssdm_op_SpecInterface, i8 %data_out_V_strb_V, void @empty, i32 0, i32 0, void @empty_0, i32 0, i32 0, void @empty_1, void @empty_1, void @empty_1, i32 0, i32 0, i32 0, i32 0, void @empty_1, void @empty_1"   --->   Operation 82 'specinterface' 'specinterface_ln0' <Predicate = true> <Delay = 0.00>
ST_1 : Operation 83 [1/1] (0.00ns)   --->   "%specinterface_ln0 = specinterface void @_ssdm_op_SpecInterface, i8 %data_out_V_keep_V, void @empty, i32 0, i32 0, void @empty_0, i32 0, i32 0, void @empty_1, void @empty_1, void @empty_1, i32 0, i32 0, i32 0, i32 0, void @empty_1, void @empty_1"   --->   Operation 83 'specinterface' 'specinterface_ln0' <Predicate = true> <Delay = 0.00>
ST_1 : Operation 84 [1/1] (0.00ns)   --->   "%specinterface_ln0 = specinterface void @_ssdm_op_SpecInterface, i64 %data_out_V_data_V, void @empty, i32 0, i32 0, void @empty_0, i32 0, i32 0, void @empty_1, void @empty_1, void @empty_1, i32 0, i32 0, i32 0, i32 0, void @empty_1, void @empty_1"   --->   Operation 84 'specinterface' 'specinterface_ln0' <Predicate = true> <Delay = 0.00>
ST_1 : Operation 85 [1/1] (0.00ns)   --->   "%specinterface_ln0 = specinterface void @_ssdm_op_SpecInterface, i1 %data_in_V_last_V, void @empty, i32 0, i32 0, void @empty_0, i32 0, i32 0, void @empty_1, void @empty_1, void @empty_1, i32 0, i32 0, i32 0, i32 0, void @empty_1, void @empty_1"   --->   Operation 85 'specinterface' 'specinterface_ln0' <Predicate = true> <Delay = 0.00>
ST_1 : Operation 86 [1/1] (0.00ns)   --->   "%specinterface_ln0 = specinterface void @_ssdm_op_SpecInterface, i8 %data_in_V_strb_V, void @empty, i32 0, i32 0, void @empty_0, i32 0, i32 0, void @empty_1, void @empty_1, void @empty_1, i32 0, i32 0, i32 0, i32 0, void @empty_1, void @empty_1"   --->   Operation 86 'specinterface' 'specinterface_ln0' <Predicate = true> <Delay = 0.00>
ST_1 : Operation 87 [1/1] (0.00ns)   --->   "%specinterface_ln0 = specinterface void @_ssdm_op_SpecInterface, i8 %data_in_V_keep_V, void @empty, i32 0, i32 0, void @empty_0, i32 0, i32 0, void @empty_1, void @empty_1, void @empty_1, i32 0, i32 0, i32 0, i32 0, void @empty_1, void @empty_1"   --->   Operation 87 'specinterface' 'specinterface_ln0' <Predicate = true> <Delay = 0.00>
ST_1 : Operation 88 [1/1] (0.00ns)   --->   "%specinterface_ln0 = specinterface void @_ssdm_op_SpecInterface, i64 %data_in_V_data_V, void @empty, i32 0, i32 0, void @empty_0, i32 0, i32 0, void @empty_1, void @empty_1, void @empty_1, i32 0, i32 0, i32 0, i32 0, void @empty_1, void @empty_1"   --->   Operation 88 'specinterface' 'specinterface_ln0' <Predicate = true> <Delay = 0.00>
ST_1 : Operation 89 [1/1] (0.42ns)   --->   "%store_ln0 = store i31 0, i31 %i"   --->   Operation 89 'store' 'store_ln0' <Predicate = true> <Delay = 0.42>
ST_1 : Operation 90 [1/1] (0.00ns)   --->   "%br_ln0 = br void"   --->   Operation 90 'br' 'br_ln0' <Predicate = true> <Delay = 0.00>
ST_1 : Operation 91 [1/1] (0.00ns)   --->   "%i_1 = load i31 %i"   --->   Operation 91 'load' 'i_1' <Predicate = true> <Delay = 0.00>
ST_1 : Operation 92 [1/1] (0.00ns)   --->   "%i_cast1 = zext i31 %i_1"   --->   Operation 92 'zext' 'i_cast1' <Predicate = true> <Delay = 0.00>
ST_1 : Operation 93 [1/1] (0.00ns)   --->   "%specpipeline_ln0 = specpipeline void @_ssdm_op_SpecPipeline, i32 4294967295, i32 0, i32 1, i32 0, void @p_str"   --->   Operation 93 'specpipeline' 'specpipeline_ln0' <Predicate = true> <Delay = 0.00>
ST_1 : Operation 94 [1/1] (0.99ns)   --->   "%icmp_ln48 = icmp_slt  i32 %i_cast1, i32 %shl_ln_read" [../pixl2sym_src/pixl_to_symbol.cpp:48]   --->   Operation 94 'icmp' 'icmp_ln48' <Predicate = true> <Delay = 0.99> <CoreInst = "Cmp">   --->   Core 9 'Cmp' <Latency = 0> <II = 1> <Delay = 0.99> <FuncUnit> <Opcode : 'icmp'> <InPorts = 2> <OutPorts = 1>
ST_1 : Operation 95 [1/1] (1.00ns)   --->   "%i_2 = add i31 %i_1, i31 1" [../pixl2sym_src/pixl_to_symbol.cpp:48]   --->   Operation 95 'add' 'i_2' <Predicate = true> <Delay = 1.00> <CoreInst = "Adder">   --->   Core 1 'Adder' <Latency = 0> <II = 1> <Delay = 1.00> <FuncUnit> <Opcode : 'add' 'sub'> <InPorts = 2> <OutPorts = 1>
ST_1 : Operation 96 [1/1] (0.00ns)   --->   "%br_ln48 = br i1 %icmp_ln48, void %._crit_edge.loopexit.exitStub, void %.split" [../pixl2sym_src/pixl_to_symbol.cpp:48]   --->   Operation 96 'br' 'br_ln48' <Predicate = true> <Delay = 0.00>
ST_1 : Operation 97 [1/1] (0.00ns)   --->   "%empty = trunc i31 %i_1"   --->   Operation 97 'trunc' 'empty' <Predicate = (icmp_ln48)> <Delay = 0.00>
ST_1 : Operation 98 [1/1] (0.00ns)   --->   "%specloopname_ln11 = specloopname void @_ssdm_op_SpecLoopName, void @empty_4" [../pixl2sym_src/pixl_to_symbol.cpp:11]   --->   Operation 98 'specloopname' 'specloopname_ln11' <Predicate = (icmp_ln48)> <Delay = 0.00>
ST_1 : Operation 99 [1/1] (0.00ns)   --->   "%br_ln49 = br i1 %cmp14_read, void %.split._crit_edge, void" [../pixl2sym_src/pixl_to_symbol.cpp:49]   --->   Operation 99 'br' 'br_ln49' <Predicate = (icmp_ln48)> <Delay = 0.00>
ST_1 : Operation 100 [1/1] (0.00ns)   --->   "%br_ln50 = br i1 %empty, void, void" [../pixl2sym_src/pixl_to_symbol.cpp:50]   --->   Operation 100 'br' 'br_ln50' <Predicate = (icmp_ln48 & cmp14_read)> <Delay = 0.00>
ST_1 : Operation 101 [1/1] (0.00ns)   --->   "%empty_11 = read i81 @_ssdm_op_Read.axis.volatile.i64P0A.i8P0A.i8P0A.i1P0A, i64 %data_in_V_data_V, i8 %data_in_V_keep_V, i8 %data_in_V_strb_V, i1 %data_in_V_last_V"   --->   Operation 101 'read' 'empty_11' <Predicate = (icmp_ln48 & cmp14_read & !empty)> <Delay = 0.00> <CoreInst = "axis">   --->   Core 123 'axis' <Latency = 0> <II = 1> <Delay = 1.00> <Adapter> <Opcode : >
ST_1 : Operation 102 [1/1] (0.00ns)   --->   "%tmp = extractvalue i81 %empty_11"   --->   Operation 102 'extractvalue' 'tmp' <Predicate = (icmp_ln48 & cmp14_read & !empty)> <Delay = 0.00>
ST_1 : Operation 103 [1/1] (0.00ns)   --->   "%tmp_7 = extractvalue i81 %empty_11"   --->   Operation 103 'extractvalue' 'tmp_7' <Predicate = (icmp_ln48 & cmp14_read & !empty)> <Delay = 0.00>
ST_1 : Operation 104 [1/1] (0.00ns)   --->   "%tmp_8 = extractvalue i81 %empty_11"   --->   Operation 104 'extractvalue' 'tmp_8' <Predicate = (icmp_ln48 & cmp14_read & !empty)> <Delay = 0.00>
ST_1 : Operation 105 [1/1] (0.00ns)   --->   "%tmp_9 = extractvalue i81 %empty_11"   --->   Operation 105 'extractvalue' 'tmp_9' <Predicate = (icmp_ln48 & cmp14_read & !empty)> <Delay = 0.00>
ST_1 : Operation 106 [1/1] (0.00ns)   --->   "%store_ln55 = store i64 %tmp, i64 %data_in_temp_V" [../pixl2sym_src/pixl_to_symbol.cpp:55]   --->   Operation 106 'store' 'store_ln55' <Predicate = (icmp_ln48 & cmp14_read & !empty)> <Delay = 0.00>
ST_1 : Operation 107 [1/1] (0.42ns)   --->   "%store_ln48 = store i31 %i_2, i31 %i" [../pixl2sym_src/pixl_to_symbol.cpp:48]   --->   Operation 107 'store' 'store_ln48' <Predicate = (icmp_ln48)> <Delay = 0.42>
ST_1 : Operation 108 [1/1] (0.00ns)   --->   "%br_ln0 = br void"   --->   Operation 108 'br' 'br_ln0' <Predicate = (icmp_ln48)> <Delay = 0.00>

State 2 <SV = 1> <Delay = 1.54>
ST_2 : Operation 109 [68/68] (1.54ns)   --->   "%data_in_axiu_data_V = udiv i64 %tmp, i64 %conv_i_i17_cast"   --->   Operation 109 'udiv' 'data_in_axiu_data_V' <Predicate = (icmp_ln48 & cmp14_read & !empty)> <Delay = 1.54> <CoreInst = "Divider">   --->   Core 6 'Divider' <Latency = 67> <II = 1> <Delay = 1.54> <FuncUnit> <Opcode : 'sdiv' 'srem' 'udiv' 'urem'> <InPorts = 2> <OutPorts = 1>
ST_2 : Operation 110 [1/1] (0.00ns)   --->   "%data_in_temp_V_load = load i64 %data_in_temp_V"   --->   Operation 110 'load' 'data_in_temp_V_load' <Predicate = (icmp_ln48 & cmp14_read & empty)> <Delay = 0.00>
ST_2 : Operation 111 [68/68] (1.54ns)   --->   "%ret = urem i64 %data_in_temp_V_load, i64 %conv_i_i17_cast"   --->   Operation 111 'urem' 'ret' <Predicate = (icmp_ln48 & cmp14_read & empty)> <Delay = 1.54> <CoreInst = "Divider">   --->   Core 6 'Divider' <Latency = 67> <II = 1> <Delay = 1.54> <FuncUnit> <Opcode : 'sdiv' 'srem' 'udiv' 'urem'> <InPorts = 2> <OutPorts = 1>

State 3 <SV = 2> <Delay = 1.54>
ST_3 : Operation 112 [67/68] (1.54ns)   --->   "%data_in_axiu_data_V = udiv i64 %tmp, i64 %conv_i_i17_cast"   --->   Operation 112 'udiv' 'data_in_axiu_data_V' <Predicate = (icmp_ln48 & cmp14_read & !empty)> <Delay = 1.54> <CoreInst = "Divider">   --->   Core 6 'Divider' <Latency = 67> <II = 1> <Delay = 1.54> <FuncUnit> <Opcode : 'sdiv' 'srem' 'udiv' 'urem'> <InPorts = 2> <OutPorts = 1>
ST_3 : Operation 113 [67/68] (1.54ns)   --->   "%ret = urem i64 %data_in_temp_V_load, i64 %conv_i_i17_cast"   --->   Operation 113 'urem' 'ret' <Predicate = (icmp_ln48 & cmp14_read & empty)> <Delay = 1.54> <CoreInst = "Divider">   --->   Core 6 'Divider' <Latency = 67> <II = 1> <Delay = 1.54> <FuncUnit> <Opcode : 'sdiv' 'srem' 'udiv' 'urem'> <InPorts = 2> <OutPorts = 1>

State 4 <SV = 3> <Delay = 1.54>
ST_4 : Operation 114 [66/68] (1.54ns)   --->   "%data_in_axiu_data_V = udiv i64 %tmp, i64 %conv_i_i17_cast"   --->   Operation 114 'udiv' 'data_in_axiu_data_V' <Predicate = (icmp_ln48 & cmp14_read & !empty)> <Delay = 1.54> <CoreInst = "Divider">   --->   Core 6 'Divider' <Latency = 67> <II = 1> <Delay = 1.54> <FuncUnit> <Opcode : 'sdiv' 'srem' 'udiv' 'urem'> <InPorts = 2> <OutPorts = 1>
ST_4 : Operation 115 [66/68] (1.54ns)   --->   "%ret = urem i64 %data_in_temp_V_load, i64 %conv_i_i17_cast"   --->   Operation 115 'urem' 'ret' <Predicate = (icmp_ln48 & cmp14_read & empty)> <Delay = 1.54> <CoreInst = "Divider">   --->   Core 6 'Divider' <Latency = 67> <II = 1> <Delay = 1.54> <FuncUnit> <Opcode : 'sdiv' 'srem' 'udiv' 'urem'> <InPorts = 2> <OutPorts = 1>

State 5 <SV = 4> <Delay = 1.54>
ST_5 : Operation 116 [65/68] (1.54ns)   --->   "%data_in_axiu_data_V = udiv i64 %tmp, i64 %conv_i_i17_cast"   --->   Operation 116 'udiv' 'data_in_axiu_data_V' <Predicate = (icmp_ln48 & cmp14_read & !empty)> <Delay = 1.54> <CoreInst = "Divider">   --->   Core 6 'Divider' <Latency = 67> <II = 1> <Delay = 1.54> <FuncUnit> <Opcode : 'sdiv' 'srem' 'udiv' 'urem'> <InPorts = 2> <OutPorts = 1>
ST_5 : Operation 117 [65/68] (1.54ns)   --->   "%ret = urem i64 %data_in_temp_V_load, i64 %conv_i_i17_cast"   --->   Operation 117 'urem' 'ret' <Predicate = (icmp_ln48 & cmp14_read & empty)> <Delay = 1.54> <CoreInst = "Divider">   --->   Core 6 'Divider' <Latency = 67> <II = 1> <Delay = 1.54> <FuncUnit> <Opcode : 'sdiv' 'srem' 'udiv' 'urem'> <InPorts = 2> <OutPorts = 1>

State 6 <SV = 5> <Delay = 1.54>
ST_6 : Operation 118 [64/68] (1.54ns)   --->   "%data_in_axiu_data_V = udiv i64 %tmp, i64 %conv_i_i17_cast"   --->   Operation 118 'udiv' 'data_in_axiu_data_V' <Predicate = (icmp_ln48 & cmp14_read & !empty)> <Delay = 1.54> <CoreInst = "Divider">   --->   Core 6 'Divider' <Latency = 67> <II = 1> <Delay = 1.54> <FuncUnit> <Opcode : 'sdiv' 'srem' 'udiv' 'urem'> <InPorts = 2> <OutPorts = 1>
ST_6 : Operation 119 [64/68] (1.54ns)   --->   "%ret = urem i64 %data_in_temp_V_load, i64 %conv_i_i17_cast"   --->   Operation 119 'urem' 'ret' <Predicate = (icmp_ln48 & cmp14_read & empty)> <Delay = 1.54> <CoreInst = "Divider">   --->   Core 6 'Divider' <Latency = 67> <II = 1> <Delay = 1.54> <FuncUnit> <Opcode : 'sdiv' 'srem' 'udiv' 'urem'> <InPorts = 2> <OutPorts = 1>

State 7 <SV = 6> <Delay = 1.54>
ST_7 : Operation 120 [63/68] (1.54ns)   --->   "%data_in_axiu_data_V = udiv i64 %tmp, i64 %conv_i_i17_cast"   --->   Operation 120 'udiv' 'data_in_axiu_data_V' <Predicate = (icmp_ln48 & cmp14_read & !empty)> <Delay = 1.54> <CoreInst = "Divider">   --->   Core 6 'Divider' <Latency = 67> <II = 1> <Delay = 1.54> <FuncUnit> <Opcode : 'sdiv' 'srem' 'udiv' 'urem'> <InPorts = 2> <OutPorts = 1>
ST_7 : Operation 121 [63/68] (1.54ns)   --->   "%ret = urem i64 %data_in_temp_V_load, i64 %conv_i_i17_cast"   --->   Operation 121 'urem' 'ret' <Predicate = (icmp_ln48 & cmp14_read & empty)> <Delay = 1.54> <CoreInst = "Divider">   --->   Core 6 'Divider' <Latency = 67> <II = 1> <Delay = 1.54> <FuncUnit> <Opcode : 'sdiv' 'srem' 'udiv' 'urem'> <InPorts = 2> <OutPorts = 1>

State 8 <SV = 7> <Delay = 1.54>
ST_8 : Operation 122 [62/68] (1.54ns)   --->   "%data_in_axiu_data_V = udiv i64 %tmp, i64 %conv_i_i17_cast"   --->   Operation 122 'udiv' 'data_in_axiu_data_V' <Predicate = (icmp_ln48 & cmp14_read & !empty)> <Delay = 1.54> <CoreInst = "Divider">   --->   Core 6 'Divider' <Latency = 67> <II = 1> <Delay = 1.54> <FuncUnit> <Opcode : 'sdiv' 'srem' 'udiv' 'urem'> <InPorts = 2> <OutPorts = 1>
ST_8 : Operation 123 [62/68] (1.54ns)   --->   "%ret = urem i64 %data_in_temp_V_load, i64 %conv_i_i17_cast"   --->   Operation 123 'urem' 'ret' <Predicate = (icmp_ln48 & cmp14_read & empty)> <Delay = 1.54> <CoreInst = "Divider">   --->   Core 6 'Divider' <Latency = 67> <II = 1> <Delay = 1.54> <FuncUnit> <Opcode : 'sdiv' 'srem' 'udiv' 'urem'> <InPorts = 2> <OutPorts = 1>

State 9 <SV = 8> <Delay = 1.54>
ST_9 : Operation 124 [61/68] (1.54ns)   --->   "%data_in_axiu_data_V = udiv i64 %tmp, i64 %conv_i_i17_cast"   --->   Operation 124 'udiv' 'data_in_axiu_data_V' <Predicate = (icmp_ln48 & cmp14_read & !empty)> <Delay = 1.54> <CoreInst = "Divider">   --->   Core 6 'Divider' <Latency = 67> <II = 1> <Delay = 1.54> <FuncUnit> <Opcode : 'sdiv' 'srem' 'udiv' 'urem'> <InPorts = 2> <OutPorts = 1>
ST_9 : Operation 125 [61/68] (1.54ns)   --->   "%ret = urem i64 %data_in_temp_V_load, i64 %conv_i_i17_cast"   --->   Operation 125 'urem' 'ret' <Predicate = (icmp_ln48 & cmp14_read & empty)> <Delay = 1.54> <CoreInst = "Divider">   --->   Core 6 'Divider' <Latency = 67> <II = 1> <Delay = 1.54> <FuncUnit> <Opcode : 'sdiv' 'srem' 'udiv' 'urem'> <InPorts = 2> <OutPorts = 1>

State 10 <SV = 9> <Delay = 1.54>
ST_10 : Operation 126 [60/68] (1.54ns)   --->   "%data_in_axiu_data_V = udiv i64 %tmp, i64 %conv_i_i17_cast"   --->   Operation 126 'udiv' 'data_in_axiu_data_V' <Predicate = (icmp_ln48 & cmp14_read & !empty)> <Delay = 1.54> <CoreInst = "Divider">   --->   Core 6 'Divider' <Latency = 67> <II = 1> <Delay = 1.54> <FuncUnit> <Opcode : 'sdiv' 'srem' 'udiv' 'urem'> <InPorts = 2> <OutPorts = 1>
ST_10 : Operation 127 [60/68] (1.54ns)   --->   "%ret = urem i64 %data_in_temp_V_load, i64 %conv_i_i17_cast"   --->   Operation 127 'urem' 'ret' <Predicate = (icmp_ln48 & cmp14_read & empty)> <Delay = 1.54> <CoreInst = "Divider">   --->   Core 6 'Divider' <Latency = 67> <II = 1> <Delay = 1.54> <FuncUnit> <Opcode : 'sdiv' 'srem' 'udiv' 'urem'> <InPorts = 2> <OutPorts = 1>

State 11 <SV = 10> <Delay = 1.54>
ST_11 : Operation 128 [59/68] (1.54ns)   --->   "%data_in_axiu_data_V = udiv i64 %tmp, i64 %conv_i_i17_cast"   --->   Operation 128 'udiv' 'data_in_axiu_data_V' <Predicate = (icmp_ln48 & cmp14_read & !empty)> <Delay = 1.54> <CoreInst = "Divider">   --->   Core 6 'Divider' <Latency = 67> <II = 1> <Delay = 1.54> <FuncUnit> <Opcode : 'sdiv' 'srem' 'udiv' 'urem'> <InPorts = 2> <OutPorts = 1>
ST_11 : Operation 129 [59/68] (1.54ns)   --->   "%ret = urem i64 %data_in_temp_V_load, i64 %conv_i_i17_cast"   --->   Operation 129 'urem' 'ret' <Predicate = (icmp_ln48 & cmp14_read & empty)> <Delay = 1.54> <CoreInst = "Divider">   --->   Core 6 'Divider' <Latency = 67> <II = 1> <Delay = 1.54> <FuncUnit> <Opcode : 'sdiv' 'srem' 'udiv' 'urem'> <InPorts = 2> <OutPorts = 1>

State 12 <SV = 11> <Delay = 1.54>
ST_12 : Operation 130 [58/68] (1.54ns)   --->   "%data_in_axiu_data_V = udiv i64 %tmp, i64 %conv_i_i17_cast"   --->   Operation 130 'udiv' 'data_in_axiu_data_V' <Predicate = (icmp_ln48 & cmp14_read & !empty)> <Delay = 1.54> <CoreInst = "Divider">   --->   Core 6 'Divider' <Latency = 67> <II = 1> <Delay = 1.54> <FuncUnit> <Opcode : 'sdiv' 'srem' 'udiv' 'urem'> <InPorts = 2> <OutPorts = 1>
ST_12 : Operation 131 [58/68] (1.54ns)   --->   "%ret = urem i64 %data_in_temp_V_load, i64 %conv_i_i17_cast"   --->   Operation 131 'urem' 'ret' <Predicate = (icmp_ln48 & cmp14_read & empty)> <Delay = 1.54> <CoreInst = "Divider">   --->   Core 6 'Divider' <Latency = 67> <II = 1> <Delay = 1.54> <FuncUnit> <Opcode : 'sdiv' 'srem' 'udiv' 'urem'> <InPorts = 2> <OutPorts = 1>

State 13 <SV = 12> <Delay = 1.54>
ST_13 : Operation 132 [57/68] (1.54ns)   --->   "%data_in_axiu_data_V = udiv i64 %tmp, i64 %conv_i_i17_cast"   --->   Operation 132 'udiv' 'data_in_axiu_data_V' <Predicate = (icmp_ln48 & cmp14_read & !empty)> <Delay = 1.54> <CoreInst = "Divider">   --->   Core 6 'Divider' <Latency = 67> <II = 1> <Delay = 1.54> <FuncUnit> <Opcode : 'sdiv' 'srem' 'udiv' 'urem'> <InPorts = 2> <OutPorts = 1>
ST_13 : Operation 133 [57/68] (1.54ns)   --->   "%ret = urem i64 %data_in_temp_V_load, i64 %conv_i_i17_cast"   --->   Operation 133 'urem' 'ret' <Predicate = (icmp_ln48 & cmp14_read & empty)> <Delay = 1.54> <CoreInst = "Divider">   --->   Core 6 'Divider' <Latency = 67> <II = 1> <Delay = 1.54> <FuncUnit> <Opcode : 'sdiv' 'srem' 'udiv' 'urem'> <InPorts = 2> <OutPorts = 1>

State 14 <SV = 13> <Delay = 1.54>
ST_14 : Operation 134 [56/68] (1.54ns)   --->   "%data_in_axiu_data_V = udiv i64 %tmp, i64 %conv_i_i17_cast"   --->   Operation 134 'udiv' 'data_in_axiu_data_V' <Predicate = (icmp_ln48 & cmp14_read & !empty)> <Delay = 1.54> <CoreInst = "Divider">   --->   Core 6 'Divider' <Latency = 67> <II = 1> <Delay = 1.54> <FuncUnit> <Opcode : 'sdiv' 'srem' 'udiv' 'urem'> <InPorts = 2> <OutPorts = 1>
ST_14 : Operation 135 [56/68] (1.54ns)   --->   "%ret = urem i64 %data_in_temp_V_load, i64 %conv_i_i17_cast"   --->   Operation 135 'urem' 'ret' <Predicate = (icmp_ln48 & cmp14_read & empty)> <Delay = 1.54> <CoreInst = "Divider">   --->   Core 6 'Divider' <Latency = 67> <II = 1> <Delay = 1.54> <FuncUnit> <Opcode : 'sdiv' 'srem' 'udiv' 'urem'> <InPorts = 2> <OutPorts = 1>

State 15 <SV = 14> <Delay = 1.54>
ST_15 : Operation 136 [55/68] (1.54ns)   --->   "%data_in_axiu_data_V = udiv i64 %tmp, i64 %conv_i_i17_cast"   --->   Operation 136 'udiv' 'data_in_axiu_data_V' <Predicate = (icmp_ln48 & cmp14_read & !empty)> <Delay = 1.54> <CoreInst = "Divider">   --->   Core 6 'Divider' <Latency = 67> <II = 1> <Delay = 1.54> <FuncUnit> <Opcode : 'sdiv' 'srem' 'udiv' 'urem'> <InPorts = 2> <OutPorts = 1>
ST_15 : Operation 137 [55/68] (1.54ns)   --->   "%ret = urem i64 %data_in_temp_V_load, i64 %conv_i_i17_cast"   --->   Operation 137 'urem' 'ret' <Predicate = (icmp_ln48 & cmp14_read & empty)> <Delay = 1.54> <CoreInst = "Divider">   --->   Core 6 'Divider' <Latency = 67> <II = 1> <Delay = 1.54> <FuncUnit> <Opcode : 'sdiv' 'srem' 'udiv' 'urem'> <InPorts = 2> <OutPorts = 1>

State 16 <SV = 15> <Delay = 1.54>
ST_16 : Operation 138 [54/68] (1.54ns)   --->   "%data_in_axiu_data_V = udiv i64 %tmp, i64 %conv_i_i17_cast"   --->   Operation 138 'udiv' 'data_in_axiu_data_V' <Predicate = (icmp_ln48 & cmp14_read & !empty)> <Delay = 1.54> <CoreInst = "Divider">   --->   Core 6 'Divider' <Latency = 67> <II = 1> <Delay = 1.54> <FuncUnit> <Opcode : 'sdiv' 'srem' 'udiv' 'urem'> <InPorts = 2> <OutPorts = 1>
ST_16 : Operation 139 [54/68] (1.54ns)   --->   "%ret = urem i64 %data_in_temp_V_load, i64 %conv_i_i17_cast"   --->   Operation 139 'urem' 'ret' <Predicate = (icmp_ln48 & cmp14_read & empty)> <Delay = 1.54> <CoreInst = "Divider">   --->   Core 6 'Divider' <Latency = 67> <II = 1> <Delay = 1.54> <FuncUnit> <Opcode : 'sdiv' 'srem' 'udiv' 'urem'> <InPorts = 2> <OutPorts = 1>

State 17 <SV = 16> <Delay = 1.54>
ST_17 : Operation 140 [53/68] (1.54ns)   --->   "%data_in_axiu_data_V = udiv i64 %tmp, i64 %conv_i_i17_cast"   --->   Operation 140 'udiv' 'data_in_axiu_data_V' <Predicate = (icmp_ln48 & cmp14_read & !empty)> <Delay = 1.54> <CoreInst = "Divider">   --->   Core 6 'Divider' <Latency = 67> <II = 1> <Delay = 1.54> <FuncUnit> <Opcode : 'sdiv' 'srem' 'udiv' 'urem'> <InPorts = 2> <OutPorts = 1>
ST_17 : Operation 141 [53/68] (1.54ns)   --->   "%ret = urem i64 %data_in_temp_V_load, i64 %conv_i_i17_cast"   --->   Operation 141 'urem' 'ret' <Predicate = (icmp_ln48 & cmp14_read & empty)> <Delay = 1.54> <CoreInst = "Divider">   --->   Core 6 'Divider' <Latency = 67> <II = 1> <Delay = 1.54> <FuncUnit> <Opcode : 'sdiv' 'srem' 'udiv' 'urem'> <InPorts = 2> <OutPorts = 1>

State 18 <SV = 17> <Delay = 1.54>
ST_18 : Operation 142 [52/68] (1.54ns)   --->   "%data_in_axiu_data_V = udiv i64 %tmp, i64 %conv_i_i17_cast"   --->   Operation 142 'udiv' 'data_in_axiu_data_V' <Predicate = (icmp_ln48 & cmp14_read & !empty)> <Delay = 1.54> <CoreInst = "Divider">   --->   Core 6 'Divider' <Latency = 67> <II = 1> <Delay = 1.54> <FuncUnit> <Opcode : 'sdiv' 'srem' 'udiv' 'urem'> <InPorts = 2> <OutPorts = 1>
ST_18 : Operation 143 [52/68] (1.54ns)   --->   "%ret = urem i64 %data_in_temp_V_load, i64 %conv_i_i17_cast"   --->   Operation 143 'urem' 'ret' <Predicate = (icmp_ln48 & cmp14_read & empty)> <Delay = 1.54> <CoreInst = "Divider">   --->   Core 6 'Divider' <Latency = 67> <II = 1> <Delay = 1.54> <FuncUnit> <Opcode : 'sdiv' 'srem' 'udiv' 'urem'> <InPorts = 2> <OutPorts = 1>

State 19 <SV = 18> <Delay = 1.54>
ST_19 : Operation 144 [51/68] (1.54ns)   --->   "%data_in_axiu_data_V = udiv i64 %tmp, i64 %conv_i_i17_cast"   --->   Operation 144 'udiv' 'data_in_axiu_data_V' <Predicate = (icmp_ln48 & cmp14_read & !empty)> <Delay = 1.54> <CoreInst = "Divider">   --->   Core 6 'Divider' <Latency = 67> <II = 1> <Delay = 1.54> <FuncUnit> <Opcode : 'sdiv' 'srem' 'udiv' 'urem'> <InPorts = 2> <OutPorts = 1>
ST_19 : Operation 145 [51/68] (1.54ns)   --->   "%ret = urem i64 %data_in_temp_V_load, i64 %conv_i_i17_cast"   --->   Operation 145 'urem' 'ret' <Predicate = (icmp_ln48 & cmp14_read & empty)> <Delay = 1.54> <CoreInst = "Divider">   --->   Core 6 'Divider' <Latency = 67> <II = 1> <Delay = 1.54> <FuncUnit> <Opcode : 'sdiv' 'srem' 'udiv' 'urem'> <InPorts = 2> <OutPorts = 1>

State 20 <SV = 19> <Delay = 1.54>
ST_20 : Operation 146 [50/68] (1.54ns)   --->   "%data_in_axiu_data_V = udiv i64 %tmp, i64 %conv_i_i17_cast"   --->   Operation 146 'udiv' 'data_in_axiu_data_V' <Predicate = (icmp_ln48 & cmp14_read & !empty)> <Delay = 1.54> <CoreInst = "Divider">   --->   Core 6 'Divider' <Latency = 67> <II = 1> <Delay = 1.54> <FuncUnit> <Opcode : 'sdiv' 'srem' 'udiv' 'urem'> <InPorts = 2> <OutPorts = 1>
ST_20 : Operation 147 [50/68] (1.54ns)   --->   "%ret = urem i64 %data_in_temp_V_load, i64 %conv_i_i17_cast"   --->   Operation 147 'urem' 'ret' <Predicate = (icmp_ln48 & cmp14_read & empty)> <Delay = 1.54> <CoreInst = "Divider">   --->   Core 6 'Divider' <Latency = 67> <II = 1> <Delay = 1.54> <FuncUnit> <Opcode : 'sdiv' 'srem' 'udiv' 'urem'> <InPorts = 2> <OutPorts = 1>

State 21 <SV = 20> <Delay = 1.54>
ST_21 : Operation 148 [49/68] (1.54ns)   --->   "%data_in_axiu_data_V = udiv i64 %tmp, i64 %conv_i_i17_cast"   --->   Operation 148 'udiv' 'data_in_axiu_data_V' <Predicate = (icmp_ln48 & cmp14_read & !empty)> <Delay = 1.54> <CoreInst = "Divider">   --->   Core 6 'Divider' <Latency = 67> <II = 1> <Delay = 1.54> <FuncUnit> <Opcode : 'sdiv' 'srem' 'udiv' 'urem'> <InPorts = 2> <OutPorts = 1>
ST_21 : Operation 149 [49/68] (1.54ns)   --->   "%ret = urem i64 %data_in_temp_V_load, i64 %conv_i_i17_cast"   --->   Operation 149 'urem' 'ret' <Predicate = (icmp_ln48 & cmp14_read & empty)> <Delay = 1.54> <CoreInst = "Divider">   --->   Core 6 'Divider' <Latency = 67> <II = 1> <Delay = 1.54> <FuncUnit> <Opcode : 'sdiv' 'srem' 'udiv' 'urem'> <InPorts = 2> <OutPorts = 1>

State 22 <SV = 21> <Delay = 1.54>
ST_22 : Operation 150 [48/68] (1.54ns)   --->   "%data_in_axiu_data_V = udiv i64 %tmp, i64 %conv_i_i17_cast"   --->   Operation 150 'udiv' 'data_in_axiu_data_V' <Predicate = (icmp_ln48 & cmp14_read & !empty)> <Delay = 1.54> <CoreInst = "Divider">   --->   Core 6 'Divider' <Latency = 67> <II = 1> <Delay = 1.54> <FuncUnit> <Opcode : 'sdiv' 'srem' 'udiv' 'urem'> <InPorts = 2> <OutPorts = 1>
ST_22 : Operation 151 [48/68] (1.54ns)   --->   "%ret = urem i64 %data_in_temp_V_load, i64 %conv_i_i17_cast"   --->   Operation 151 'urem' 'ret' <Predicate = (icmp_ln48 & cmp14_read & empty)> <Delay = 1.54> <CoreInst = "Divider">   --->   Core 6 'Divider' <Latency = 67> <II = 1> <Delay = 1.54> <FuncUnit> <Opcode : 'sdiv' 'srem' 'udiv' 'urem'> <InPorts = 2> <OutPorts = 1>

State 23 <SV = 22> <Delay = 1.54>
ST_23 : Operation 152 [47/68] (1.54ns)   --->   "%data_in_axiu_data_V = udiv i64 %tmp, i64 %conv_i_i17_cast"   --->   Operation 152 'udiv' 'data_in_axiu_data_V' <Predicate = (icmp_ln48 & cmp14_read & !empty)> <Delay = 1.54> <CoreInst = "Divider">   --->   Core 6 'Divider' <Latency = 67> <II = 1> <Delay = 1.54> <FuncUnit> <Opcode : 'sdiv' 'srem' 'udiv' 'urem'> <InPorts = 2> <OutPorts = 1>
ST_23 : Operation 153 [47/68] (1.54ns)   --->   "%ret = urem i64 %data_in_temp_V_load, i64 %conv_i_i17_cast"   --->   Operation 153 'urem' 'ret' <Predicate = (icmp_ln48 & cmp14_read & empty)> <Delay = 1.54> <CoreInst = "Divider">   --->   Core 6 'Divider' <Latency = 67> <II = 1> <Delay = 1.54> <FuncUnit> <Opcode : 'sdiv' 'srem' 'udiv' 'urem'> <InPorts = 2> <OutPorts = 1>

State 24 <SV = 23> <Delay = 1.54>
ST_24 : Operation 154 [46/68] (1.54ns)   --->   "%data_in_axiu_data_V = udiv i64 %tmp, i64 %conv_i_i17_cast"   --->   Operation 154 'udiv' 'data_in_axiu_data_V' <Predicate = (icmp_ln48 & cmp14_read & !empty)> <Delay = 1.54> <CoreInst = "Divider">   --->   Core 6 'Divider' <Latency = 67> <II = 1> <Delay = 1.54> <FuncUnit> <Opcode : 'sdiv' 'srem' 'udiv' 'urem'> <InPorts = 2> <OutPorts = 1>
ST_24 : Operation 155 [46/68] (1.54ns)   --->   "%ret = urem i64 %data_in_temp_V_load, i64 %conv_i_i17_cast"   --->   Operation 155 'urem' 'ret' <Predicate = (icmp_ln48 & cmp14_read & empty)> <Delay = 1.54> <CoreInst = "Divider">   --->   Core 6 'Divider' <Latency = 67> <II = 1> <Delay = 1.54> <FuncUnit> <Opcode : 'sdiv' 'srem' 'udiv' 'urem'> <InPorts = 2> <OutPorts = 1>

State 25 <SV = 24> <Delay = 1.54>
ST_25 : Operation 156 [45/68] (1.54ns)   --->   "%data_in_axiu_data_V = udiv i64 %tmp, i64 %conv_i_i17_cast"   --->   Operation 156 'udiv' 'data_in_axiu_data_V' <Predicate = (icmp_ln48 & cmp14_read & !empty)> <Delay = 1.54> <CoreInst = "Divider">   --->   Core 6 'Divider' <Latency = 67> <II = 1> <Delay = 1.54> <FuncUnit> <Opcode : 'sdiv' 'srem' 'udiv' 'urem'> <InPorts = 2> <OutPorts = 1>
ST_25 : Operation 157 [45/68] (1.54ns)   --->   "%ret = urem i64 %data_in_temp_V_load, i64 %conv_i_i17_cast"   --->   Operation 157 'urem' 'ret' <Predicate = (icmp_ln48 & cmp14_read & empty)> <Delay = 1.54> <CoreInst = "Divider">   --->   Core 6 'Divider' <Latency = 67> <II = 1> <Delay = 1.54> <FuncUnit> <Opcode : 'sdiv' 'srem' 'udiv' 'urem'> <InPorts = 2> <OutPorts = 1>

State 26 <SV = 25> <Delay = 1.54>
ST_26 : Operation 158 [44/68] (1.54ns)   --->   "%data_in_axiu_data_V = udiv i64 %tmp, i64 %conv_i_i17_cast"   --->   Operation 158 'udiv' 'data_in_axiu_data_V' <Predicate = (icmp_ln48 & cmp14_read & !empty)> <Delay = 1.54> <CoreInst = "Divider">   --->   Core 6 'Divider' <Latency = 67> <II = 1> <Delay = 1.54> <FuncUnit> <Opcode : 'sdiv' 'srem' 'udiv' 'urem'> <InPorts = 2> <OutPorts = 1>
ST_26 : Operation 159 [44/68] (1.54ns)   --->   "%ret = urem i64 %data_in_temp_V_load, i64 %conv_i_i17_cast"   --->   Operation 159 'urem' 'ret' <Predicate = (icmp_ln48 & cmp14_read & empty)> <Delay = 1.54> <CoreInst = "Divider">   --->   Core 6 'Divider' <Latency = 67> <II = 1> <Delay = 1.54> <FuncUnit> <Opcode : 'sdiv' 'srem' 'udiv' 'urem'> <InPorts = 2> <OutPorts = 1>

State 27 <SV = 26> <Delay = 1.54>
ST_27 : Operation 160 [43/68] (1.54ns)   --->   "%data_in_axiu_data_V = udiv i64 %tmp, i64 %conv_i_i17_cast"   --->   Operation 160 'udiv' 'data_in_axiu_data_V' <Predicate = (icmp_ln48 & cmp14_read & !empty)> <Delay = 1.54> <CoreInst = "Divider">   --->   Core 6 'Divider' <Latency = 67> <II = 1> <Delay = 1.54> <FuncUnit> <Opcode : 'sdiv' 'srem' 'udiv' 'urem'> <InPorts = 2> <OutPorts = 1>
ST_27 : Operation 161 [43/68] (1.54ns)   --->   "%ret = urem i64 %data_in_temp_V_load, i64 %conv_i_i17_cast"   --->   Operation 161 'urem' 'ret' <Predicate = (icmp_ln48 & cmp14_read & empty)> <Delay = 1.54> <CoreInst = "Divider">   --->   Core 6 'Divider' <Latency = 67> <II = 1> <Delay = 1.54> <FuncUnit> <Opcode : 'sdiv' 'srem' 'udiv' 'urem'> <InPorts = 2> <OutPorts = 1>

State 28 <SV = 27> <Delay = 1.54>
ST_28 : Operation 162 [42/68] (1.54ns)   --->   "%data_in_axiu_data_V = udiv i64 %tmp, i64 %conv_i_i17_cast"   --->   Operation 162 'udiv' 'data_in_axiu_data_V' <Predicate = (icmp_ln48 & cmp14_read & !empty)> <Delay = 1.54> <CoreInst = "Divider">   --->   Core 6 'Divider' <Latency = 67> <II = 1> <Delay = 1.54> <FuncUnit> <Opcode : 'sdiv' 'srem' 'udiv' 'urem'> <InPorts = 2> <OutPorts = 1>
ST_28 : Operation 163 [42/68] (1.54ns)   --->   "%ret = urem i64 %data_in_temp_V_load, i64 %conv_i_i17_cast"   --->   Operation 163 'urem' 'ret' <Predicate = (icmp_ln48 & cmp14_read & empty)> <Delay = 1.54> <CoreInst = "Divider">   --->   Core 6 'Divider' <Latency = 67> <II = 1> <Delay = 1.54> <FuncUnit> <Opcode : 'sdiv' 'srem' 'udiv' 'urem'> <InPorts = 2> <OutPorts = 1>

State 29 <SV = 28> <Delay = 1.54>
ST_29 : Operation 164 [41/68] (1.54ns)   --->   "%data_in_axiu_data_V = udiv i64 %tmp, i64 %conv_i_i17_cast"   --->   Operation 164 'udiv' 'data_in_axiu_data_V' <Predicate = (icmp_ln48 & cmp14_read & !empty)> <Delay = 1.54> <CoreInst = "Divider">   --->   Core 6 'Divider' <Latency = 67> <II = 1> <Delay = 1.54> <FuncUnit> <Opcode : 'sdiv' 'srem' 'udiv' 'urem'> <InPorts = 2> <OutPorts = 1>
ST_29 : Operation 165 [41/68] (1.54ns)   --->   "%ret = urem i64 %data_in_temp_V_load, i64 %conv_i_i17_cast"   --->   Operation 165 'urem' 'ret' <Predicate = (icmp_ln48 & cmp14_read & empty)> <Delay = 1.54> <CoreInst = "Divider">   --->   Core 6 'Divider' <Latency = 67> <II = 1> <Delay = 1.54> <FuncUnit> <Opcode : 'sdiv' 'srem' 'udiv' 'urem'> <InPorts = 2> <OutPorts = 1>

State 30 <SV = 29> <Delay = 1.54>
ST_30 : Operation 166 [40/68] (1.54ns)   --->   "%data_in_axiu_data_V = udiv i64 %tmp, i64 %conv_i_i17_cast"   --->   Operation 166 'udiv' 'data_in_axiu_data_V' <Predicate = (icmp_ln48 & cmp14_read & !empty)> <Delay = 1.54> <CoreInst = "Divider">   --->   Core 6 'Divider' <Latency = 67> <II = 1> <Delay = 1.54> <FuncUnit> <Opcode : 'sdiv' 'srem' 'udiv' 'urem'> <InPorts = 2> <OutPorts = 1>
ST_30 : Operation 167 [40/68] (1.54ns)   --->   "%ret = urem i64 %data_in_temp_V_load, i64 %conv_i_i17_cast"   --->   Operation 167 'urem' 'ret' <Predicate = (icmp_ln48 & cmp14_read & empty)> <Delay = 1.54> <CoreInst = "Divider">   --->   Core 6 'Divider' <Latency = 67> <II = 1> <Delay = 1.54> <FuncUnit> <Opcode : 'sdiv' 'srem' 'udiv' 'urem'> <InPorts = 2> <OutPorts = 1>

State 31 <SV = 30> <Delay = 1.54>
ST_31 : Operation 168 [39/68] (1.54ns)   --->   "%data_in_axiu_data_V = udiv i64 %tmp, i64 %conv_i_i17_cast"   --->   Operation 168 'udiv' 'data_in_axiu_data_V' <Predicate = (icmp_ln48 & cmp14_read & !empty)> <Delay = 1.54> <CoreInst = "Divider">   --->   Core 6 'Divider' <Latency = 67> <II = 1> <Delay = 1.54> <FuncUnit> <Opcode : 'sdiv' 'srem' 'udiv' 'urem'> <InPorts = 2> <OutPorts = 1>
ST_31 : Operation 169 [39/68] (1.54ns)   --->   "%ret = urem i64 %data_in_temp_V_load, i64 %conv_i_i17_cast"   --->   Operation 169 'urem' 'ret' <Predicate = (icmp_ln48 & cmp14_read & empty)> <Delay = 1.54> <CoreInst = "Divider">   --->   Core 6 'Divider' <Latency = 67> <II = 1> <Delay = 1.54> <FuncUnit> <Opcode : 'sdiv' 'srem' 'udiv' 'urem'> <InPorts = 2> <OutPorts = 1>

State 32 <SV = 31> <Delay = 1.54>
ST_32 : Operation 170 [38/68] (1.54ns)   --->   "%data_in_axiu_data_V = udiv i64 %tmp, i64 %conv_i_i17_cast"   --->   Operation 170 'udiv' 'data_in_axiu_data_V' <Predicate = (icmp_ln48 & cmp14_read & !empty)> <Delay = 1.54> <CoreInst = "Divider">   --->   Core 6 'Divider' <Latency = 67> <II = 1> <Delay = 1.54> <FuncUnit> <Opcode : 'sdiv' 'srem' 'udiv' 'urem'> <InPorts = 2> <OutPorts = 1>
ST_32 : Operation 171 [38/68] (1.54ns)   --->   "%ret = urem i64 %data_in_temp_V_load, i64 %conv_i_i17_cast"   --->   Operation 171 'urem' 'ret' <Predicate = (icmp_ln48 & cmp14_read & empty)> <Delay = 1.54> <CoreInst = "Divider">   --->   Core 6 'Divider' <Latency = 67> <II = 1> <Delay = 1.54> <FuncUnit> <Opcode : 'sdiv' 'srem' 'udiv' 'urem'> <InPorts = 2> <OutPorts = 1>

State 33 <SV = 32> <Delay = 1.54>
ST_33 : Operation 172 [37/68] (1.54ns)   --->   "%data_in_axiu_data_V = udiv i64 %tmp, i64 %conv_i_i17_cast"   --->   Operation 172 'udiv' 'data_in_axiu_data_V' <Predicate = (icmp_ln48 & cmp14_read & !empty)> <Delay = 1.54> <CoreInst = "Divider">   --->   Core 6 'Divider' <Latency = 67> <II = 1> <Delay = 1.54> <FuncUnit> <Opcode : 'sdiv' 'srem' 'udiv' 'urem'> <InPorts = 2> <OutPorts = 1>
ST_33 : Operation 173 [37/68] (1.54ns)   --->   "%ret = urem i64 %data_in_temp_V_load, i64 %conv_i_i17_cast"   --->   Operation 173 'urem' 'ret' <Predicate = (icmp_ln48 & cmp14_read & empty)> <Delay = 1.54> <CoreInst = "Divider">   --->   Core 6 'Divider' <Latency = 67> <II = 1> <Delay = 1.54> <FuncUnit> <Opcode : 'sdiv' 'srem' 'udiv' 'urem'> <InPorts = 2> <OutPorts = 1>

State 34 <SV = 33> <Delay = 1.54>
ST_34 : Operation 174 [36/68] (1.54ns)   --->   "%data_in_axiu_data_V = udiv i64 %tmp, i64 %conv_i_i17_cast"   --->   Operation 174 'udiv' 'data_in_axiu_data_V' <Predicate = (icmp_ln48 & cmp14_read & !empty)> <Delay = 1.54> <CoreInst = "Divider">   --->   Core 6 'Divider' <Latency = 67> <II = 1> <Delay = 1.54> <FuncUnit> <Opcode : 'sdiv' 'srem' 'udiv' 'urem'> <InPorts = 2> <OutPorts = 1>
ST_34 : Operation 175 [36/68] (1.54ns)   --->   "%ret = urem i64 %data_in_temp_V_load, i64 %conv_i_i17_cast"   --->   Operation 175 'urem' 'ret' <Predicate = (icmp_ln48 & cmp14_read & empty)> <Delay = 1.54> <CoreInst = "Divider">   --->   Core 6 'Divider' <Latency = 67> <II = 1> <Delay = 1.54> <FuncUnit> <Opcode : 'sdiv' 'srem' 'udiv' 'urem'> <InPorts = 2> <OutPorts = 1>

State 35 <SV = 34> <Delay = 1.54>
ST_35 : Operation 176 [35/68] (1.54ns)   --->   "%data_in_axiu_data_V = udiv i64 %tmp, i64 %conv_i_i17_cast"   --->   Operation 176 'udiv' 'data_in_axiu_data_V' <Predicate = (icmp_ln48 & cmp14_read & !empty)> <Delay = 1.54> <CoreInst = "Divider">   --->   Core 6 'Divider' <Latency = 67> <II = 1> <Delay = 1.54> <FuncUnit> <Opcode : 'sdiv' 'srem' 'udiv' 'urem'> <InPorts = 2> <OutPorts = 1>
ST_35 : Operation 177 [35/68] (1.54ns)   --->   "%ret = urem i64 %data_in_temp_V_load, i64 %conv_i_i17_cast"   --->   Operation 177 'urem' 'ret' <Predicate = (icmp_ln48 & cmp14_read & empty)> <Delay = 1.54> <CoreInst = "Divider">   --->   Core 6 'Divider' <Latency = 67> <II = 1> <Delay = 1.54> <FuncUnit> <Opcode : 'sdiv' 'srem' 'udiv' 'urem'> <InPorts = 2> <OutPorts = 1>

State 36 <SV = 35> <Delay = 1.54>
ST_36 : Operation 178 [34/68] (1.54ns)   --->   "%data_in_axiu_data_V = udiv i64 %tmp, i64 %conv_i_i17_cast"   --->   Operation 178 'udiv' 'data_in_axiu_data_V' <Predicate = (icmp_ln48 & cmp14_read & !empty)> <Delay = 1.54> <CoreInst = "Divider">   --->   Core 6 'Divider' <Latency = 67> <II = 1> <Delay = 1.54> <FuncUnit> <Opcode : 'sdiv' 'srem' 'udiv' 'urem'> <InPorts = 2> <OutPorts = 1>
ST_36 : Operation 179 [34/68] (1.54ns)   --->   "%ret = urem i64 %data_in_temp_V_load, i64 %conv_i_i17_cast"   --->   Operation 179 'urem' 'ret' <Predicate = (icmp_ln48 & cmp14_read & empty)> <Delay = 1.54> <CoreInst = "Divider">   --->   Core 6 'Divider' <Latency = 67> <II = 1> <Delay = 1.54> <FuncUnit> <Opcode : 'sdiv' 'srem' 'udiv' 'urem'> <InPorts = 2> <OutPorts = 1>

State 37 <SV = 36> <Delay = 1.54>
ST_37 : Operation 180 [33/68] (1.54ns)   --->   "%data_in_axiu_data_V = udiv i64 %tmp, i64 %conv_i_i17_cast"   --->   Operation 180 'udiv' 'data_in_axiu_data_V' <Predicate = (icmp_ln48 & cmp14_read & !empty)> <Delay = 1.54> <CoreInst = "Divider">   --->   Core 6 'Divider' <Latency = 67> <II = 1> <Delay = 1.54> <FuncUnit> <Opcode : 'sdiv' 'srem' 'udiv' 'urem'> <InPorts = 2> <OutPorts = 1>
ST_37 : Operation 181 [33/68] (1.54ns)   --->   "%ret = urem i64 %data_in_temp_V_load, i64 %conv_i_i17_cast"   --->   Operation 181 'urem' 'ret' <Predicate = (icmp_ln48 & cmp14_read & empty)> <Delay = 1.54> <CoreInst = "Divider">   --->   Core 6 'Divider' <Latency = 67> <II = 1> <Delay = 1.54> <FuncUnit> <Opcode : 'sdiv' 'srem' 'udiv' 'urem'> <InPorts = 2> <OutPorts = 1>

State 38 <SV = 37> <Delay = 1.54>
ST_38 : Operation 182 [32/68] (1.54ns)   --->   "%data_in_axiu_data_V = udiv i64 %tmp, i64 %conv_i_i17_cast"   --->   Operation 182 'udiv' 'data_in_axiu_data_V' <Predicate = (icmp_ln48 & cmp14_read & !empty)> <Delay = 1.54> <CoreInst = "Divider">   --->   Core 6 'Divider' <Latency = 67> <II = 1> <Delay = 1.54> <FuncUnit> <Opcode : 'sdiv' 'srem' 'udiv' 'urem'> <InPorts = 2> <OutPorts = 1>
ST_38 : Operation 183 [32/68] (1.54ns)   --->   "%ret = urem i64 %data_in_temp_V_load, i64 %conv_i_i17_cast"   --->   Operation 183 'urem' 'ret' <Predicate = (icmp_ln48 & cmp14_read & empty)> <Delay = 1.54> <CoreInst = "Divider">   --->   Core 6 'Divider' <Latency = 67> <II = 1> <Delay = 1.54> <FuncUnit> <Opcode : 'sdiv' 'srem' 'udiv' 'urem'> <InPorts = 2> <OutPorts = 1>

State 39 <SV = 38> <Delay = 1.54>
ST_39 : Operation 184 [31/68] (1.54ns)   --->   "%data_in_axiu_data_V = udiv i64 %tmp, i64 %conv_i_i17_cast"   --->   Operation 184 'udiv' 'data_in_axiu_data_V' <Predicate = (icmp_ln48 & cmp14_read & !empty)> <Delay = 1.54> <CoreInst = "Divider">   --->   Core 6 'Divider' <Latency = 67> <II = 1> <Delay = 1.54> <FuncUnit> <Opcode : 'sdiv' 'srem' 'udiv' 'urem'> <InPorts = 2> <OutPorts = 1>
ST_39 : Operation 185 [31/68] (1.54ns)   --->   "%ret = urem i64 %data_in_temp_V_load, i64 %conv_i_i17_cast"   --->   Operation 185 'urem' 'ret' <Predicate = (icmp_ln48 & cmp14_read & empty)> <Delay = 1.54> <CoreInst = "Divider">   --->   Core 6 'Divider' <Latency = 67> <II = 1> <Delay = 1.54> <FuncUnit> <Opcode : 'sdiv' 'srem' 'udiv' 'urem'> <InPorts = 2> <OutPorts = 1>

State 40 <SV = 39> <Delay = 1.54>
ST_40 : Operation 186 [30/68] (1.54ns)   --->   "%data_in_axiu_data_V = udiv i64 %tmp, i64 %conv_i_i17_cast"   --->   Operation 186 'udiv' 'data_in_axiu_data_V' <Predicate = (icmp_ln48 & cmp14_read & !empty)> <Delay = 1.54> <CoreInst = "Divider">   --->   Core 6 'Divider' <Latency = 67> <II = 1> <Delay = 1.54> <FuncUnit> <Opcode : 'sdiv' 'srem' 'udiv' 'urem'> <InPorts = 2> <OutPorts = 1>
ST_40 : Operation 187 [30/68] (1.54ns)   --->   "%ret = urem i64 %data_in_temp_V_load, i64 %conv_i_i17_cast"   --->   Operation 187 'urem' 'ret' <Predicate = (icmp_ln48 & cmp14_read & empty)> <Delay = 1.54> <CoreInst = "Divider">   --->   Core 6 'Divider' <Latency = 67> <II = 1> <Delay = 1.54> <FuncUnit> <Opcode : 'sdiv' 'srem' 'udiv' 'urem'> <InPorts = 2> <OutPorts = 1>

State 41 <SV = 40> <Delay = 1.54>
ST_41 : Operation 188 [29/68] (1.54ns)   --->   "%data_in_axiu_data_V = udiv i64 %tmp, i64 %conv_i_i17_cast"   --->   Operation 188 'udiv' 'data_in_axiu_data_V' <Predicate = (icmp_ln48 & cmp14_read & !empty)> <Delay = 1.54> <CoreInst = "Divider">   --->   Core 6 'Divider' <Latency = 67> <II = 1> <Delay = 1.54> <FuncUnit> <Opcode : 'sdiv' 'srem' 'udiv' 'urem'> <InPorts = 2> <OutPorts = 1>
ST_41 : Operation 189 [29/68] (1.54ns)   --->   "%ret = urem i64 %data_in_temp_V_load, i64 %conv_i_i17_cast"   --->   Operation 189 'urem' 'ret' <Predicate = (icmp_ln48 & cmp14_read & empty)> <Delay = 1.54> <CoreInst = "Divider">   --->   Core 6 'Divider' <Latency = 67> <II = 1> <Delay = 1.54> <FuncUnit> <Opcode : 'sdiv' 'srem' 'udiv' 'urem'> <InPorts = 2> <OutPorts = 1>

State 42 <SV = 41> <Delay = 1.54>
ST_42 : Operation 190 [28/68] (1.54ns)   --->   "%data_in_axiu_data_V = udiv i64 %tmp, i64 %conv_i_i17_cast"   --->   Operation 190 'udiv' 'data_in_axiu_data_V' <Predicate = (icmp_ln48 & cmp14_read & !empty)> <Delay = 1.54> <CoreInst = "Divider">   --->   Core 6 'Divider' <Latency = 67> <II = 1> <Delay = 1.54> <FuncUnit> <Opcode : 'sdiv' 'srem' 'udiv' 'urem'> <InPorts = 2> <OutPorts = 1>
ST_42 : Operation 191 [28/68] (1.54ns)   --->   "%ret = urem i64 %data_in_temp_V_load, i64 %conv_i_i17_cast"   --->   Operation 191 'urem' 'ret' <Predicate = (icmp_ln48 & cmp14_read & empty)> <Delay = 1.54> <CoreInst = "Divider">   --->   Core 6 'Divider' <Latency = 67> <II = 1> <Delay = 1.54> <FuncUnit> <Opcode : 'sdiv' 'srem' 'udiv' 'urem'> <InPorts = 2> <OutPorts = 1>

State 43 <SV = 42> <Delay = 1.54>
ST_43 : Operation 192 [27/68] (1.54ns)   --->   "%data_in_axiu_data_V = udiv i64 %tmp, i64 %conv_i_i17_cast"   --->   Operation 192 'udiv' 'data_in_axiu_data_V' <Predicate = (icmp_ln48 & cmp14_read & !empty)> <Delay = 1.54> <CoreInst = "Divider">   --->   Core 6 'Divider' <Latency = 67> <II = 1> <Delay = 1.54> <FuncUnit> <Opcode : 'sdiv' 'srem' 'udiv' 'urem'> <InPorts = 2> <OutPorts = 1>
ST_43 : Operation 193 [27/68] (1.54ns)   --->   "%ret = urem i64 %data_in_temp_V_load, i64 %conv_i_i17_cast"   --->   Operation 193 'urem' 'ret' <Predicate = (icmp_ln48 & cmp14_read & empty)> <Delay = 1.54> <CoreInst = "Divider">   --->   Core 6 'Divider' <Latency = 67> <II = 1> <Delay = 1.54> <FuncUnit> <Opcode : 'sdiv' 'srem' 'udiv' 'urem'> <InPorts = 2> <OutPorts = 1>

State 44 <SV = 43> <Delay = 1.54>
ST_44 : Operation 194 [26/68] (1.54ns)   --->   "%data_in_axiu_data_V = udiv i64 %tmp, i64 %conv_i_i17_cast"   --->   Operation 194 'udiv' 'data_in_axiu_data_V' <Predicate = (icmp_ln48 & cmp14_read & !empty)> <Delay = 1.54> <CoreInst = "Divider">   --->   Core 6 'Divider' <Latency = 67> <II = 1> <Delay = 1.54> <FuncUnit> <Opcode : 'sdiv' 'srem' 'udiv' 'urem'> <InPorts = 2> <OutPorts = 1>
ST_44 : Operation 195 [26/68] (1.54ns)   --->   "%ret = urem i64 %data_in_temp_V_load, i64 %conv_i_i17_cast"   --->   Operation 195 'urem' 'ret' <Predicate = (icmp_ln48 & cmp14_read & empty)> <Delay = 1.54> <CoreInst = "Divider">   --->   Core 6 'Divider' <Latency = 67> <II = 1> <Delay = 1.54> <FuncUnit> <Opcode : 'sdiv' 'srem' 'udiv' 'urem'> <InPorts = 2> <OutPorts = 1>

State 45 <SV = 44> <Delay = 1.54>
ST_45 : Operation 196 [25/68] (1.54ns)   --->   "%data_in_axiu_data_V = udiv i64 %tmp, i64 %conv_i_i17_cast"   --->   Operation 196 'udiv' 'data_in_axiu_data_V' <Predicate = (icmp_ln48 & cmp14_read & !empty)> <Delay = 1.54> <CoreInst = "Divider">   --->   Core 6 'Divider' <Latency = 67> <II = 1> <Delay = 1.54> <FuncUnit> <Opcode : 'sdiv' 'srem' 'udiv' 'urem'> <InPorts = 2> <OutPorts = 1>
ST_45 : Operation 197 [25/68] (1.54ns)   --->   "%ret = urem i64 %data_in_temp_V_load, i64 %conv_i_i17_cast"   --->   Operation 197 'urem' 'ret' <Predicate = (icmp_ln48 & cmp14_read & empty)> <Delay = 1.54> <CoreInst = "Divider">   --->   Core 6 'Divider' <Latency = 67> <II = 1> <Delay = 1.54> <FuncUnit> <Opcode : 'sdiv' 'srem' 'udiv' 'urem'> <InPorts = 2> <OutPorts = 1>

State 46 <SV = 45> <Delay = 1.54>
ST_46 : Operation 198 [24/68] (1.54ns)   --->   "%data_in_axiu_data_V = udiv i64 %tmp, i64 %conv_i_i17_cast"   --->   Operation 198 'udiv' 'data_in_axiu_data_V' <Predicate = (icmp_ln48 & cmp14_read & !empty)> <Delay = 1.54> <CoreInst = "Divider">   --->   Core 6 'Divider' <Latency = 67> <II = 1> <Delay = 1.54> <FuncUnit> <Opcode : 'sdiv' 'srem' 'udiv' 'urem'> <InPorts = 2> <OutPorts = 1>
ST_46 : Operation 199 [24/68] (1.54ns)   --->   "%ret = urem i64 %data_in_temp_V_load, i64 %conv_i_i17_cast"   --->   Operation 199 'urem' 'ret' <Predicate = (icmp_ln48 & cmp14_read & empty)> <Delay = 1.54> <CoreInst = "Divider">   --->   Core 6 'Divider' <Latency = 67> <II = 1> <Delay = 1.54> <FuncUnit> <Opcode : 'sdiv' 'srem' 'udiv' 'urem'> <InPorts = 2> <OutPorts = 1>

State 47 <SV = 46> <Delay = 1.54>
ST_47 : Operation 200 [23/68] (1.54ns)   --->   "%data_in_axiu_data_V = udiv i64 %tmp, i64 %conv_i_i17_cast"   --->   Operation 200 'udiv' 'data_in_axiu_data_V' <Predicate = (icmp_ln48 & cmp14_read & !empty)> <Delay = 1.54> <CoreInst = "Divider">   --->   Core 6 'Divider' <Latency = 67> <II = 1> <Delay = 1.54> <FuncUnit> <Opcode : 'sdiv' 'srem' 'udiv' 'urem'> <InPorts = 2> <OutPorts = 1>
ST_47 : Operation 201 [23/68] (1.54ns)   --->   "%ret = urem i64 %data_in_temp_V_load, i64 %conv_i_i17_cast"   --->   Operation 201 'urem' 'ret' <Predicate = (icmp_ln48 & cmp14_read & empty)> <Delay = 1.54> <CoreInst = "Divider">   --->   Core 6 'Divider' <Latency = 67> <II = 1> <Delay = 1.54> <FuncUnit> <Opcode : 'sdiv' 'srem' 'udiv' 'urem'> <InPorts = 2> <OutPorts = 1>

State 48 <SV = 47> <Delay = 1.54>
ST_48 : Operation 202 [22/68] (1.54ns)   --->   "%data_in_axiu_data_V = udiv i64 %tmp, i64 %conv_i_i17_cast"   --->   Operation 202 'udiv' 'data_in_axiu_data_V' <Predicate = (icmp_ln48 & cmp14_read & !empty)> <Delay = 1.54> <CoreInst = "Divider">   --->   Core 6 'Divider' <Latency = 67> <II = 1> <Delay = 1.54> <FuncUnit> <Opcode : 'sdiv' 'srem' 'udiv' 'urem'> <InPorts = 2> <OutPorts = 1>
ST_48 : Operation 203 [22/68] (1.54ns)   --->   "%ret = urem i64 %data_in_temp_V_load, i64 %conv_i_i17_cast"   --->   Operation 203 'urem' 'ret' <Predicate = (icmp_ln48 & cmp14_read & empty)> <Delay = 1.54> <CoreInst = "Divider">   --->   Core 6 'Divider' <Latency = 67> <II = 1> <Delay = 1.54> <FuncUnit> <Opcode : 'sdiv' 'srem' 'udiv' 'urem'> <InPorts = 2> <OutPorts = 1>

State 49 <SV = 48> <Delay = 1.54>
ST_49 : Operation 204 [21/68] (1.54ns)   --->   "%data_in_axiu_data_V = udiv i64 %tmp, i64 %conv_i_i17_cast"   --->   Operation 204 'udiv' 'data_in_axiu_data_V' <Predicate = (icmp_ln48 & cmp14_read & !empty)> <Delay = 1.54> <CoreInst = "Divider">   --->   Core 6 'Divider' <Latency = 67> <II = 1> <Delay = 1.54> <FuncUnit> <Opcode : 'sdiv' 'srem' 'udiv' 'urem'> <InPorts = 2> <OutPorts = 1>
ST_49 : Operation 205 [21/68] (1.54ns)   --->   "%ret = urem i64 %data_in_temp_V_load, i64 %conv_i_i17_cast"   --->   Operation 205 'urem' 'ret' <Predicate = (icmp_ln48 & cmp14_read & empty)> <Delay = 1.54> <CoreInst = "Divider">   --->   Core 6 'Divider' <Latency = 67> <II = 1> <Delay = 1.54> <FuncUnit> <Opcode : 'sdiv' 'srem' 'udiv' 'urem'> <InPorts = 2> <OutPorts = 1>

State 50 <SV = 49> <Delay = 1.54>
ST_50 : Operation 206 [20/68] (1.54ns)   --->   "%data_in_axiu_data_V = udiv i64 %tmp, i64 %conv_i_i17_cast"   --->   Operation 206 'udiv' 'data_in_axiu_data_V' <Predicate = (icmp_ln48 & cmp14_read & !empty)> <Delay = 1.54> <CoreInst = "Divider">   --->   Core 6 'Divider' <Latency = 67> <II = 1> <Delay = 1.54> <FuncUnit> <Opcode : 'sdiv' 'srem' 'udiv' 'urem'> <InPorts = 2> <OutPorts = 1>
ST_50 : Operation 207 [20/68] (1.54ns)   --->   "%ret = urem i64 %data_in_temp_V_load, i64 %conv_i_i17_cast"   --->   Operation 207 'urem' 'ret' <Predicate = (icmp_ln48 & cmp14_read & empty)> <Delay = 1.54> <CoreInst = "Divider">   --->   Core 6 'Divider' <Latency = 67> <II = 1> <Delay = 1.54> <FuncUnit> <Opcode : 'sdiv' 'srem' 'udiv' 'urem'> <InPorts = 2> <OutPorts = 1>

State 51 <SV = 50> <Delay = 1.54>
ST_51 : Operation 208 [19/68] (1.54ns)   --->   "%data_in_axiu_data_V = udiv i64 %tmp, i64 %conv_i_i17_cast"   --->   Operation 208 'udiv' 'data_in_axiu_data_V' <Predicate = (icmp_ln48 & cmp14_read & !empty)> <Delay = 1.54> <CoreInst = "Divider">   --->   Core 6 'Divider' <Latency = 67> <II = 1> <Delay = 1.54> <FuncUnit> <Opcode : 'sdiv' 'srem' 'udiv' 'urem'> <InPorts = 2> <OutPorts = 1>
ST_51 : Operation 209 [19/68] (1.54ns)   --->   "%ret = urem i64 %data_in_temp_V_load, i64 %conv_i_i17_cast"   --->   Operation 209 'urem' 'ret' <Predicate = (icmp_ln48 & cmp14_read & empty)> <Delay = 1.54> <CoreInst = "Divider">   --->   Core 6 'Divider' <Latency = 67> <II = 1> <Delay = 1.54> <FuncUnit> <Opcode : 'sdiv' 'srem' 'udiv' 'urem'> <InPorts = 2> <OutPorts = 1>

State 52 <SV = 51> <Delay = 1.54>
ST_52 : Operation 210 [18/68] (1.54ns)   --->   "%data_in_axiu_data_V = udiv i64 %tmp, i64 %conv_i_i17_cast"   --->   Operation 210 'udiv' 'data_in_axiu_data_V' <Predicate = (icmp_ln48 & cmp14_read & !empty)> <Delay = 1.54> <CoreInst = "Divider">   --->   Core 6 'Divider' <Latency = 67> <II = 1> <Delay = 1.54> <FuncUnit> <Opcode : 'sdiv' 'srem' 'udiv' 'urem'> <InPorts = 2> <OutPorts = 1>
ST_52 : Operation 211 [18/68] (1.54ns)   --->   "%ret = urem i64 %data_in_temp_V_load, i64 %conv_i_i17_cast"   --->   Operation 211 'urem' 'ret' <Predicate = (icmp_ln48 & cmp14_read & empty)> <Delay = 1.54> <CoreInst = "Divider">   --->   Core 6 'Divider' <Latency = 67> <II = 1> <Delay = 1.54> <FuncUnit> <Opcode : 'sdiv' 'srem' 'udiv' 'urem'> <InPorts = 2> <OutPorts = 1>

State 53 <SV = 52> <Delay = 1.54>
ST_53 : Operation 212 [17/68] (1.54ns)   --->   "%data_in_axiu_data_V = udiv i64 %tmp, i64 %conv_i_i17_cast"   --->   Operation 212 'udiv' 'data_in_axiu_data_V' <Predicate = (icmp_ln48 & cmp14_read & !empty)> <Delay = 1.54> <CoreInst = "Divider">   --->   Core 6 'Divider' <Latency = 67> <II = 1> <Delay = 1.54> <FuncUnit> <Opcode : 'sdiv' 'srem' 'udiv' 'urem'> <InPorts = 2> <OutPorts = 1>
ST_53 : Operation 213 [17/68] (1.54ns)   --->   "%ret = urem i64 %data_in_temp_V_load, i64 %conv_i_i17_cast"   --->   Operation 213 'urem' 'ret' <Predicate = (icmp_ln48 & cmp14_read & empty)> <Delay = 1.54> <CoreInst = "Divider">   --->   Core 6 'Divider' <Latency = 67> <II = 1> <Delay = 1.54> <FuncUnit> <Opcode : 'sdiv' 'srem' 'udiv' 'urem'> <InPorts = 2> <OutPorts = 1>

State 54 <SV = 53> <Delay = 1.54>
ST_54 : Operation 214 [16/68] (1.54ns)   --->   "%data_in_axiu_data_V = udiv i64 %tmp, i64 %conv_i_i17_cast"   --->   Operation 214 'udiv' 'data_in_axiu_data_V' <Predicate = (icmp_ln48 & cmp14_read & !empty)> <Delay = 1.54> <CoreInst = "Divider">   --->   Core 6 'Divider' <Latency = 67> <II = 1> <Delay = 1.54> <FuncUnit> <Opcode : 'sdiv' 'srem' 'udiv' 'urem'> <InPorts = 2> <OutPorts = 1>
ST_54 : Operation 215 [16/68] (1.54ns)   --->   "%ret = urem i64 %data_in_temp_V_load, i64 %conv_i_i17_cast"   --->   Operation 215 'urem' 'ret' <Predicate = (icmp_ln48 & cmp14_read & empty)> <Delay = 1.54> <CoreInst = "Divider">   --->   Core 6 'Divider' <Latency = 67> <II = 1> <Delay = 1.54> <FuncUnit> <Opcode : 'sdiv' 'srem' 'udiv' 'urem'> <InPorts = 2> <OutPorts = 1>

State 55 <SV = 54> <Delay = 1.54>
ST_55 : Operation 216 [15/68] (1.54ns)   --->   "%data_in_axiu_data_V = udiv i64 %tmp, i64 %conv_i_i17_cast"   --->   Operation 216 'udiv' 'data_in_axiu_data_V' <Predicate = (icmp_ln48 & cmp14_read & !empty)> <Delay = 1.54> <CoreInst = "Divider">   --->   Core 6 'Divider' <Latency = 67> <II = 1> <Delay = 1.54> <FuncUnit> <Opcode : 'sdiv' 'srem' 'udiv' 'urem'> <InPorts = 2> <OutPorts = 1>
ST_55 : Operation 217 [15/68] (1.54ns)   --->   "%ret = urem i64 %data_in_temp_V_load, i64 %conv_i_i17_cast"   --->   Operation 217 'urem' 'ret' <Predicate = (icmp_ln48 & cmp14_read & empty)> <Delay = 1.54> <CoreInst = "Divider">   --->   Core 6 'Divider' <Latency = 67> <II = 1> <Delay = 1.54> <FuncUnit> <Opcode : 'sdiv' 'srem' 'udiv' 'urem'> <InPorts = 2> <OutPorts = 1>

State 56 <SV = 55> <Delay = 1.54>
ST_56 : Operation 218 [14/68] (1.54ns)   --->   "%data_in_axiu_data_V = udiv i64 %tmp, i64 %conv_i_i17_cast"   --->   Operation 218 'udiv' 'data_in_axiu_data_V' <Predicate = (icmp_ln48 & cmp14_read & !empty)> <Delay = 1.54> <CoreInst = "Divider">   --->   Core 6 'Divider' <Latency = 67> <II = 1> <Delay = 1.54> <FuncUnit> <Opcode : 'sdiv' 'srem' 'udiv' 'urem'> <InPorts = 2> <OutPorts = 1>
ST_56 : Operation 219 [14/68] (1.54ns)   --->   "%ret = urem i64 %data_in_temp_V_load, i64 %conv_i_i17_cast"   --->   Operation 219 'urem' 'ret' <Predicate = (icmp_ln48 & cmp14_read & empty)> <Delay = 1.54> <CoreInst = "Divider">   --->   Core 6 'Divider' <Latency = 67> <II = 1> <Delay = 1.54> <FuncUnit> <Opcode : 'sdiv' 'srem' 'udiv' 'urem'> <InPorts = 2> <OutPorts = 1>

State 57 <SV = 56> <Delay = 1.54>
ST_57 : Operation 220 [13/68] (1.54ns)   --->   "%data_in_axiu_data_V = udiv i64 %tmp, i64 %conv_i_i17_cast"   --->   Operation 220 'udiv' 'data_in_axiu_data_V' <Predicate = (icmp_ln48 & cmp14_read & !empty)> <Delay = 1.54> <CoreInst = "Divider">   --->   Core 6 'Divider' <Latency = 67> <II = 1> <Delay = 1.54> <FuncUnit> <Opcode : 'sdiv' 'srem' 'udiv' 'urem'> <InPorts = 2> <OutPorts = 1>
ST_57 : Operation 221 [13/68] (1.54ns)   --->   "%ret = urem i64 %data_in_temp_V_load, i64 %conv_i_i17_cast"   --->   Operation 221 'urem' 'ret' <Predicate = (icmp_ln48 & cmp14_read & empty)> <Delay = 1.54> <CoreInst = "Divider">   --->   Core 6 'Divider' <Latency = 67> <II = 1> <Delay = 1.54> <FuncUnit> <Opcode : 'sdiv' 'srem' 'udiv' 'urem'> <InPorts = 2> <OutPorts = 1>

State 58 <SV = 57> <Delay = 1.54>
ST_58 : Operation 222 [12/68] (1.54ns)   --->   "%data_in_axiu_data_V = udiv i64 %tmp, i64 %conv_i_i17_cast"   --->   Operation 222 'udiv' 'data_in_axiu_data_V' <Predicate = (icmp_ln48 & cmp14_read & !empty)> <Delay = 1.54> <CoreInst = "Divider">   --->   Core 6 'Divider' <Latency = 67> <II = 1> <Delay = 1.54> <FuncUnit> <Opcode : 'sdiv' 'srem' 'udiv' 'urem'> <InPorts = 2> <OutPorts = 1>
ST_58 : Operation 223 [12/68] (1.54ns)   --->   "%ret = urem i64 %data_in_temp_V_load, i64 %conv_i_i17_cast"   --->   Operation 223 'urem' 'ret' <Predicate = (icmp_ln48 & cmp14_read & empty)> <Delay = 1.54> <CoreInst = "Divider">   --->   Core 6 'Divider' <Latency = 67> <II = 1> <Delay = 1.54> <FuncUnit> <Opcode : 'sdiv' 'srem' 'udiv' 'urem'> <InPorts = 2> <OutPorts = 1>

State 59 <SV = 58> <Delay = 1.54>
ST_59 : Operation 224 [11/68] (1.54ns)   --->   "%data_in_axiu_data_V = udiv i64 %tmp, i64 %conv_i_i17_cast"   --->   Operation 224 'udiv' 'data_in_axiu_data_V' <Predicate = (icmp_ln48 & cmp14_read & !empty)> <Delay = 1.54> <CoreInst = "Divider">   --->   Core 6 'Divider' <Latency = 67> <II = 1> <Delay = 1.54> <FuncUnit> <Opcode : 'sdiv' 'srem' 'udiv' 'urem'> <InPorts = 2> <OutPorts = 1>
ST_59 : Operation 225 [11/68] (1.54ns)   --->   "%ret = urem i64 %data_in_temp_V_load, i64 %conv_i_i17_cast"   --->   Operation 225 'urem' 'ret' <Predicate = (icmp_ln48 & cmp14_read & empty)> <Delay = 1.54> <CoreInst = "Divider">   --->   Core 6 'Divider' <Latency = 67> <II = 1> <Delay = 1.54> <FuncUnit> <Opcode : 'sdiv' 'srem' 'udiv' 'urem'> <InPorts = 2> <OutPorts = 1>

State 60 <SV = 59> <Delay = 1.54>
ST_60 : Operation 226 [10/68] (1.54ns)   --->   "%data_in_axiu_data_V = udiv i64 %tmp, i64 %conv_i_i17_cast"   --->   Operation 226 'udiv' 'data_in_axiu_data_V' <Predicate = (icmp_ln48 & cmp14_read & !empty)> <Delay = 1.54> <CoreInst = "Divider">   --->   Core 6 'Divider' <Latency = 67> <II = 1> <Delay = 1.54> <FuncUnit> <Opcode : 'sdiv' 'srem' 'udiv' 'urem'> <InPorts = 2> <OutPorts = 1>
ST_60 : Operation 227 [10/68] (1.54ns)   --->   "%ret = urem i64 %data_in_temp_V_load, i64 %conv_i_i17_cast"   --->   Operation 227 'urem' 'ret' <Predicate = (icmp_ln48 & cmp14_read & empty)> <Delay = 1.54> <CoreInst = "Divider">   --->   Core 6 'Divider' <Latency = 67> <II = 1> <Delay = 1.54> <FuncUnit> <Opcode : 'sdiv' 'srem' 'udiv' 'urem'> <InPorts = 2> <OutPorts = 1>

State 61 <SV = 60> <Delay = 1.54>
ST_61 : Operation 228 [9/68] (1.54ns)   --->   "%data_in_axiu_data_V = udiv i64 %tmp, i64 %conv_i_i17_cast"   --->   Operation 228 'udiv' 'data_in_axiu_data_V' <Predicate = (icmp_ln48 & cmp14_read & !empty)> <Delay = 1.54> <CoreInst = "Divider">   --->   Core 6 'Divider' <Latency = 67> <II = 1> <Delay = 1.54> <FuncUnit> <Opcode : 'sdiv' 'srem' 'udiv' 'urem'> <InPorts = 2> <OutPorts = 1>
ST_61 : Operation 229 [9/68] (1.54ns)   --->   "%ret = urem i64 %data_in_temp_V_load, i64 %conv_i_i17_cast"   --->   Operation 229 'urem' 'ret' <Predicate = (icmp_ln48 & cmp14_read & empty)> <Delay = 1.54> <CoreInst = "Divider">   --->   Core 6 'Divider' <Latency = 67> <II = 1> <Delay = 1.54> <FuncUnit> <Opcode : 'sdiv' 'srem' 'udiv' 'urem'> <InPorts = 2> <OutPorts = 1>

State 62 <SV = 61> <Delay = 1.54>
ST_62 : Operation 230 [8/68] (1.54ns)   --->   "%data_in_axiu_data_V = udiv i64 %tmp, i64 %conv_i_i17_cast"   --->   Operation 230 'udiv' 'data_in_axiu_data_V' <Predicate = (icmp_ln48 & cmp14_read & !empty)> <Delay = 1.54> <CoreInst = "Divider">   --->   Core 6 'Divider' <Latency = 67> <II = 1> <Delay = 1.54> <FuncUnit> <Opcode : 'sdiv' 'srem' 'udiv' 'urem'> <InPorts = 2> <OutPorts = 1>
ST_62 : Operation 231 [8/68] (1.54ns)   --->   "%ret = urem i64 %data_in_temp_V_load, i64 %conv_i_i17_cast"   --->   Operation 231 'urem' 'ret' <Predicate = (icmp_ln48 & cmp14_read & empty)> <Delay = 1.54> <CoreInst = "Divider">   --->   Core 6 'Divider' <Latency = 67> <II = 1> <Delay = 1.54> <FuncUnit> <Opcode : 'sdiv' 'srem' 'udiv' 'urem'> <InPorts = 2> <OutPorts = 1>

State 63 <SV = 62> <Delay = 1.54>
ST_63 : Operation 232 [7/68] (1.54ns)   --->   "%data_in_axiu_data_V = udiv i64 %tmp, i64 %conv_i_i17_cast"   --->   Operation 232 'udiv' 'data_in_axiu_data_V' <Predicate = (icmp_ln48 & cmp14_read & !empty)> <Delay = 1.54> <CoreInst = "Divider">   --->   Core 6 'Divider' <Latency = 67> <II = 1> <Delay = 1.54> <FuncUnit> <Opcode : 'sdiv' 'srem' 'udiv' 'urem'> <InPorts = 2> <OutPorts = 1>
ST_63 : Operation 233 [7/68] (1.54ns)   --->   "%ret = urem i64 %data_in_temp_V_load, i64 %conv_i_i17_cast"   --->   Operation 233 'urem' 'ret' <Predicate = (icmp_ln48 & cmp14_read & empty)> <Delay = 1.54> <CoreInst = "Divider">   --->   Core 6 'Divider' <Latency = 67> <II = 1> <Delay = 1.54> <FuncUnit> <Opcode : 'sdiv' 'srem' 'udiv' 'urem'> <InPorts = 2> <OutPorts = 1>

State 64 <SV = 63> <Delay = 1.54>
ST_64 : Operation 234 [6/68] (1.54ns)   --->   "%data_in_axiu_data_V = udiv i64 %tmp, i64 %conv_i_i17_cast"   --->   Operation 234 'udiv' 'data_in_axiu_data_V' <Predicate = (icmp_ln48 & cmp14_read & !empty)> <Delay = 1.54> <CoreInst = "Divider">   --->   Core 6 'Divider' <Latency = 67> <II = 1> <Delay = 1.54> <FuncUnit> <Opcode : 'sdiv' 'srem' 'udiv' 'urem'> <InPorts = 2> <OutPorts = 1>
ST_64 : Operation 235 [6/68] (1.54ns)   --->   "%ret = urem i64 %data_in_temp_V_load, i64 %conv_i_i17_cast"   --->   Operation 235 'urem' 'ret' <Predicate = (icmp_ln48 & cmp14_read & empty)> <Delay = 1.54> <CoreInst = "Divider">   --->   Core 6 'Divider' <Latency = 67> <II = 1> <Delay = 1.54> <FuncUnit> <Opcode : 'sdiv' 'srem' 'udiv' 'urem'> <InPorts = 2> <OutPorts = 1>

State 65 <SV = 64> <Delay = 1.54>
ST_65 : Operation 236 [5/68] (1.54ns)   --->   "%data_in_axiu_data_V = udiv i64 %tmp, i64 %conv_i_i17_cast"   --->   Operation 236 'udiv' 'data_in_axiu_data_V' <Predicate = (icmp_ln48 & cmp14_read & !empty)> <Delay = 1.54> <CoreInst = "Divider">   --->   Core 6 'Divider' <Latency = 67> <II = 1> <Delay = 1.54> <FuncUnit> <Opcode : 'sdiv' 'srem' 'udiv' 'urem'> <InPorts = 2> <OutPorts = 1>
ST_65 : Operation 237 [5/68] (1.54ns)   --->   "%ret = urem i64 %data_in_temp_V_load, i64 %conv_i_i17_cast"   --->   Operation 237 'urem' 'ret' <Predicate = (icmp_ln48 & cmp14_read & empty)> <Delay = 1.54> <CoreInst = "Divider">   --->   Core 6 'Divider' <Latency = 67> <II = 1> <Delay = 1.54> <FuncUnit> <Opcode : 'sdiv' 'srem' 'udiv' 'urem'> <InPorts = 2> <OutPorts = 1>

State 66 <SV = 65> <Delay = 1.54>
ST_66 : Operation 238 [4/68] (1.54ns)   --->   "%data_in_axiu_data_V = udiv i64 %tmp, i64 %conv_i_i17_cast"   --->   Operation 238 'udiv' 'data_in_axiu_data_V' <Predicate = (icmp_ln48 & cmp14_read & !empty)> <Delay = 1.54> <CoreInst = "Divider">   --->   Core 6 'Divider' <Latency = 67> <II = 1> <Delay = 1.54> <FuncUnit> <Opcode : 'sdiv' 'srem' 'udiv' 'urem'> <InPorts = 2> <OutPorts = 1>
ST_66 : Operation 239 [4/68] (1.54ns)   --->   "%ret = urem i64 %data_in_temp_V_load, i64 %conv_i_i17_cast"   --->   Operation 239 'urem' 'ret' <Predicate = (icmp_ln48 & cmp14_read & empty)> <Delay = 1.54> <CoreInst = "Divider">   --->   Core 6 'Divider' <Latency = 67> <II = 1> <Delay = 1.54> <FuncUnit> <Opcode : 'sdiv' 'srem' 'udiv' 'urem'> <InPorts = 2> <OutPorts = 1>

State 67 <SV = 66> <Delay = 1.54>
ST_67 : Operation 240 [3/68] (1.54ns)   --->   "%data_in_axiu_data_V = udiv i64 %tmp, i64 %conv_i_i17_cast"   --->   Operation 240 'udiv' 'data_in_axiu_data_V' <Predicate = (icmp_ln48 & cmp14_read & !empty)> <Delay = 1.54> <CoreInst = "Divider">   --->   Core 6 'Divider' <Latency = 67> <II = 1> <Delay = 1.54> <FuncUnit> <Opcode : 'sdiv' 'srem' 'udiv' 'urem'> <InPorts = 2> <OutPorts = 1>
ST_67 : Operation 241 [3/68] (1.54ns)   --->   "%ret = urem i64 %data_in_temp_V_load, i64 %conv_i_i17_cast"   --->   Operation 241 'urem' 'ret' <Predicate = (icmp_ln48 & cmp14_read & empty)> <Delay = 1.54> <CoreInst = "Divider">   --->   Core 6 'Divider' <Latency = 67> <II = 1> <Delay = 1.54> <FuncUnit> <Opcode : 'sdiv' 'srem' 'udiv' 'urem'> <InPorts = 2> <OutPorts = 1>

State 68 <SV = 67> <Delay = 1.54>
ST_68 : Operation 242 [2/68] (1.54ns)   --->   "%data_in_axiu_data_V = udiv i64 %tmp, i64 %conv_i_i17_cast"   --->   Operation 242 'udiv' 'data_in_axiu_data_V' <Predicate = (icmp_ln48 & cmp14_read & !empty)> <Delay = 1.54> <CoreInst = "Divider">   --->   Core 6 'Divider' <Latency = 67> <II = 1> <Delay = 1.54> <FuncUnit> <Opcode : 'sdiv' 'srem' 'udiv' 'urem'> <InPorts = 2> <OutPorts = 1>
ST_68 : Operation 243 [1/1] (0.00ns)   --->   "%store_ln55 = store i8 %tmp_7, i8 %data_in_axiu_keep_V" [../pixl2sym_src/pixl_to_symbol.cpp:55]   --->   Operation 243 'store' 'store_ln55' <Predicate = (icmp_ln48 & cmp14_read & !empty)> <Delay = 0.00>
ST_68 : Operation 244 [1/1] (0.00ns)   --->   "%store_ln55 = store i8 %tmp_8, i8 %data_in_axiu_strb_V" [../pixl2sym_src/pixl_to_symbol.cpp:55]   --->   Operation 244 'store' 'store_ln55' <Predicate = (icmp_ln48 & cmp14_read & !empty)> <Delay = 0.00>
ST_68 : Operation 245 [1/1] (0.00ns)   --->   "%store_ln55 = store i1 %tmp_9, i1 %data_in_axiu_last_V" [../pixl2sym_src/pixl_to_symbol.cpp:55]   --->   Operation 245 'store' 'store_ln55' <Predicate = (icmp_ln48 & cmp14_read & !empty)> <Delay = 0.00>
ST_68 : Operation 246 [2/68] (1.54ns)   --->   "%ret = urem i64 %data_in_temp_V_load, i64 %conv_i_i17_cast"   --->   Operation 246 'urem' 'ret' <Predicate = (icmp_ln48 & cmp14_read & empty)> <Delay = 1.54> <CoreInst = "Divider">   --->   Core 6 'Divider' <Latency = 67> <II = 1> <Delay = 1.54> <FuncUnit> <Opcode : 'sdiv' 'srem' 'udiv' 'urem'> <InPorts = 2> <OutPorts = 1>
ST_68 : Operation 261 [1/1] (0.00ns)   --->   "%ret_ln0 = ret"   --->   Operation 261 'ret' 'ret_ln0' <Predicate = (!icmp_ln48)> <Delay = 0.00>

State 69 <SV = 68> <Delay = 1.96>
ST_69 : Operation 247 [1/68] (1.54ns)   --->   "%data_in_axiu_data_V = udiv i64 %tmp, i64 %conv_i_i17_cast"   --->   Operation 247 'udiv' 'data_in_axiu_data_V' <Predicate = (icmp_ln48 & cmp14_read & !empty)> <Delay = 1.54> <CoreInst = "Divider">   --->   Core 6 'Divider' <Latency = 67> <II = 1> <Delay = 1.54> <FuncUnit> <Opcode : 'sdiv' 'srem' 'udiv' 'urem'> <InPorts = 2> <OutPorts = 1>
ST_69 : Operation 248 [1/1] (0.00ns)   --->   "%trunc_ln10_1 = trunc i60 %data_in_axiu_data_V" [../pixl2sym_src/pixl_to_symbol.cpp:10]   --->   Operation 248 'trunc' 'trunc_ln10_1' <Predicate = (icmp_ln48 & cmp14_read & !empty)> <Delay = 0.00>
ST_69 : Operation 249 [1/1] (0.42ns)   --->   "%br_ln55 = br void" [../pixl2sym_src/pixl_to_symbol.cpp:55]   --->   Operation 249 'br' 'br_ln55' <Predicate = (icmp_ln48 & cmp14_read & !empty)> <Delay = 0.42>
ST_69 : Operation 250 [1/68] (1.54ns)   --->   "%ret = urem i64 %data_in_temp_V_load, i64 %conv_i_i17_cast"   --->   Operation 250 'urem' 'ret' <Predicate = (icmp_ln48 & cmp14_read & empty)> <Delay = 1.54> <CoreInst = "Divider">   --->   Core 6 'Divider' <Latency = 67> <II = 1> <Delay = 1.54> <FuncUnit> <Opcode : 'sdiv' 'srem' 'udiv' 'urem'> <InPorts = 2> <OutPorts = 1>
ST_69 : Operation 251 [1/1] (0.00ns)   --->   "%trunc_ln10 = trunc i4 %ret" [../pixl2sym_src/pixl_to_symbol.cpp:10]   --->   Operation 251 'trunc' 'trunc_ln10' <Predicate = (icmp_ln48 & cmp14_read & empty)> <Delay = 0.00>
ST_69 : Operation 252 [1/1] (0.00ns)   --->   "%zext_ln10 = zext i4 %trunc_ln10" [../pixl2sym_src/pixl_to_symbol.cpp:10]   --->   Operation 252 'zext' 'zext_ln10' <Predicate = (icmp_ln48 & cmp14_read & empty)> <Delay = 0.00>
ST_69 : Operation 253 [1/1] (0.42ns)   --->   "%br_ln0 = br void"   --->   Operation 253 'br' 'br_ln0' <Predicate = (icmp_ln48 & cmp14_read & empty)> <Delay = 0.42>
ST_69 : Operation 254 [1/1] (0.00ns)   --->   "%data_in_axiu_data_V_4 = phi i60 %trunc_ln10_1, void, i60 %zext_ln10, void" [../pixl2sym_src/pixl_to_symbol.cpp:10]   --->   Operation 254 'phi' 'data_in_axiu_data_V_4' <Predicate = (cmp14_read)> <Delay = 0.00>
ST_69 : Operation 255 [1/1] (0.00ns)   --->   "%data_in_axiu_last_V_3 = load i1 %data_in_axiu_last_V"   --->   Operation 255 'load' 'data_in_axiu_last_V_3' <Predicate = (cmp14_read)> <Delay = 0.00>
ST_69 : Operation 256 [1/1] (0.00ns)   --->   "%data_in_axiu_strb_V_3 = load i8 %data_in_axiu_strb_V"   --->   Operation 256 'load' 'data_in_axiu_strb_V_3' <Predicate = (cmp14_read)> <Delay = 0.00>
ST_69 : Operation 257 [1/1] (0.00ns)   --->   "%data_in_axiu_keep_V_3 = load i8 %data_in_axiu_keep_V"   --->   Operation 257 'load' 'data_in_axiu_keep_V_3' <Predicate = (cmp14_read)> <Delay = 0.00>
ST_69 : Operation 258 [1/1] (0.00ns)   --->   "%zext_ln10_1 = zext i60 %data_in_axiu_data_V_4" [../pixl2sym_src/pixl_to_symbol.cpp:10]   --->   Operation 258 'zext' 'zext_ln10_1' <Predicate = (cmp14_read)> <Delay = 0.00>
ST_69 : Operation 259 [1/1] (0.00ns)   --->   "%write_ln304 = write void @_ssdm_op_Write.axis.volatile.i64P0A.i8P0A.i8P0A.i1P0A, i64 %data_out_V_data_V, i8 %data_out_V_keep_V, i8 %data_out_V_strb_V, i1 %data_out_V_last_V, i64 %zext_ln10_1, i8 %data_in_axiu_keep_V_3, i8 %data_in_axiu_strb_V_3, i1 %data_in_axiu_last_V_3"   --->   Operation 259 'write' 'write_ln304' <Predicate = (cmp14_read)> <Delay = 0.00> <CoreInst = "axis">   --->   Core 123 'axis' <Latency = 0> <II = 1> <Delay = 1.00> <Adapter> <Opcode : >
ST_69 : Operation 260 [1/1] (0.00ns)   --->   "%br_ln61 = br void %.split._crit_edge" [../pixl2sym_src/pixl_to_symbol.cpp:61]   --->   Operation 260 'br' 'br_ln61' <Predicate = (cmp14_read)> <Delay = 0.00>


============================================================
+ Verbose Summary: Timing violations
============================================================
Target clock period: 20ns, clock uncertainty: 5.4ns.

 <State 1>: 1.43ns
The critical path consists of the following:
	'alloca' operation ('i') [12]  (0 ns)
	'load' operation ('i') on local variable 'i' [32]  (0 ns)
	'add' operation ('i', ../pixl2sym_src/pixl_to_symbol.cpp:48) [36]  (1.01 ns)
	'store' operation ('store_ln48', ../pixl2sym_src/pixl_to_symbol.cpp:48) of variable 'i', ../pixl2sym_src/pixl_to_symbol.cpp:48 on local variable 'i' [72]  (0.427 ns)

 <State 2>: 1.54ns
The critical path consists of the following:
	'load' operation ('data_in_temp_V_load') on local variable 'data_in_temp.V' [58]  (0 ns)
	'urem' operation ('ret') [59]  (1.54 ns)

 <State 3>: 1.54ns
The critical path consists of the following:
	'urem' operation ('ret') [59]  (1.54 ns)

 <State 4>: 1.54ns
The critical path consists of the following:
	'urem' operation ('ret') [59]  (1.54 ns)

 <State 5>: 1.54ns
The critical path consists of the following:
	'urem' operation ('ret') [59]  (1.54 ns)

 <State 6>: 1.54ns
The critical path consists of the following:
	'urem' operation ('ret') [59]  (1.54 ns)

 <State 7>: 1.54ns
The critical path consists of the following:
	'urem' operation ('ret') [59]  (1.54 ns)

 <State 8>: 1.54ns
The critical path consists of the following:
	'urem' operation ('ret') [59]  (1.54 ns)

 <State 9>: 1.54ns
The critical path consists of the following:
	'urem' operation ('ret') [59]  (1.54 ns)

 <State 10>: 1.54ns
The critical path consists of the following:
	'urem' operation ('ret') [59]  (1.54 ns)

 <State 11>: 1.54ns
The critical path consists of the following:
	'urem' operation ('ret') [59]  (1.54 ns)

 <State 12>: 1.54ns
The critical path consists of the following:
	'urem' operation ('ret') [59]  (1.54 ns)

 <State 13>: 1.54ns
The critical path consists of the following:
	'urem' operation ('ret') [59]  (1.54 ns)

 <State 14>: 1.54ns
The critical path consists of the following:
	'urem' operation ('ret') [59]  (1.54 ns)

 <State 15>: 1.54ns
The critical path consists of the following:
	'urem' operation ('ret') [59]  (1.54 ns)

 <State 16>: 1.54ns
The critical path consists of the following:
	'urem' operation ('ret') [59]  (1.54 ns)

 <State 17>: 1.54ns
The critical path consists of the following:
	'urem' operation ('ret') [59]  (1.54 ns)

 <State 18>: 1.54ns
The critical path consists of the following:
	'urem' operation ('ret') [59]  (1.54 ns)

 <State 19>: 1.54ns
The critical path consists of the following:
	'urem' operation ('ret') [59]  (1.54 ns)

 <State 20>: 1.54ns
The critical path consists of the following:
	'urem' operation ('ret') [59]  (1.54 ns)

 <State 21>: 1.54ns
The critical path consists of the following:
	'urem' operation ('ret') [59]  (1.54 ns)

 <State 22>: 1.54ns
The critical path consists of the following:
	'urem' operation ('ret') [59]  (1.54 ns)

 <State 23>: 1.54ns
The critical path consists of the following:
	'urem' operation ('ret') [59]  (1.54 ns)

 <State 24>: 1.54ns
The critical path consists of the following:
	'urem' operation ('ret') [59]  (1.54 ns)

 <State 25>: 1.54ns
The critical path consists of the following:
	'urem' operation ('ret') [59]  (1.54 ns)

 <State 26>: 1.54ns
The critical path consists of the following:
	'urem' operation ('ret') [59]  (1.54 ns)

 <State 27>: 1.54ns
The critical path consists of the following:
	'urem' operation ('ret') [59]  (1.54 ns)

 <State 28>: 1.54ns
The critical path consists of the following:
	'urem' operation ('ret') [59]  (1.54 ns)

 <State 29>: 1.54ns
The critical path consists of the following:
	'urem' operation ('ret') [59]  (1.54 ns)

 <State 30>: 1.54ns
The critical path consists of the following:
	'urem' operation ('ret') [59]  (1.54 ns)

 <State 31>: 1.54ns
The critical path consists of the following:
	'urem' operation ('ret') [59]  (1.54 ns)

 <State 32>: 1.54ns
The critical path consists of the following:
	'urem' operation ('ret') [59]  (1.54 ns)

 <State 33>: 1.54ns
The critical path consists of the following:
	'urem' operation ('ret') [59]  (1.54 ns)

 <State 34>: 1.54ns
The critical path consists of the following:
	'urem' operation ('ret') [59]  (1.54 ns)

 <State 35>: 1.54ns
The critical path consists of the following:
	'urem' operation ('ret') [59]  (1.54 ns)

 <State 36>: 1.54ns
The critical path consists of the following:
	'urem' operation ('ret') [59]  (1.54 ns)

 <State 37>: 1.54ns
The critical path consists of the following:
	'urem' operation ('ret') [59]  (1.54 ns)

 <State 38>: 1.54ns
The critical path consists of the following:
	'urem' operation ('ret') [59]  (1.54 ns)

 <State 39>: 1.54ns
The critical path consists of the following:
	'urem' operation ('ret') [59]  (1.54 ns)

 <State 40>: 1.54ns
The critical path consists of the following:
	'urem' operation ('ret') [59]  (1.54 ns)

 <State 41>: 1.54ns
The critical path consists of the following:
	'urem' operation ('ret') [59]  (1.54 ns)

 <State 42>: 1.54ns
The critical path consists of the following:
	'urem' operation ('ret') [59]  (1.54 ns)

 <State 43>: 1.54ns
The critical path consists of the following:
	'urem' operation ('ret') [59]  (1.54 ns)

 <State 44>: 1.54ns
The critical path consists of the following:
	'urem' operation ('ret') [59]  (1.54 ns)

 <State 45>: 1.54ns
The critical path consists of the following:
	'urem' operation ('ret') [59]  (1.54 ns)

 <State 46>: 1.54ns
The critical path consists of the following:
	'urem' operation ('ret') [59]  (1.54 ns)

 <State 47>: 1.54ns
The critical path consists of the following:
	'urem' operation ('ret') [59]  (1.54 ns)

 <State 48>: 1.54ns
The critical path consists of the following:
	'urem' operation ('ret') [59]  (1.54 ns)

 <State 49>: 1.54ns
The critical path consists of the following:
	'urem' operation ('ret') [59]  (1.54 ns)

 <State 50>: 1.54ns
The critical path consists of the following:
	'urem' operation ('ret') [59]  (1.54 ns)

 <State 51>: 1.54ns
The critical path consists of the following:
	'urem' operation ('ret') [59]  (1.54 ns)

 <State 52>: 1.54ns
The critical path consists of the following:
	'urem' operation ('ret') [59]  (1.54 ns)

 <State 53>: 1.54ns
The critical path consists of the following:
	'urem' operation ('ret') [59]  (1.54 ns)

 <State 54>: 1.54ns
The critical path consists of the following:
	'urem' operation ('ret') [59]  (1.54 ns)

 <State 55>: 1.54ns
The critical path consists of the following:
	'urem' operation ('ret') [59]  (1.54 ns)

 <State 56>: 1.54ns
The critical path consists of the following:
	'urem' operation ('ret') [59]  (1.54 ns)

 <State 57>: 1.54ns
The critical path consists of the following:
	'urem' operation ('ret') [59]  (1.54 ns)

 <State 58>: 1.54ns
The critical path consists of the following:
	'urem' operation ('ret') [59]  (1.54 ns)

 <State 59>: 1.54ns
The critical path consists of the following:
	'urem' operation ('ret') [59]  (1.54 ns)

 <State 60>: 1.54ns
The critical path consists of the following:
	'urem' operation ('ret') [59]  (1.54 ns)

 <State 61>: 1.54ns
The critical path consists of the following:
	'urem' operation ('ret') [59]  (1.54 ns)

 <State 62>: 1.54ns
The critical path consists of the following:
	'urem' operation ('ret') [59]  (1.54 ns)

 <State 63>: 1.54ns
The critical path consists of the following:
	'urem' operation ('ret') [59]  (1.54 ns)

 <State 64>: 1.54ns
The critical path consists of the following:
	'urem' operation ('ret') [59]  (1.54 ns)

 <State 65>: 1.54ns
The critical path consists of the following:
	'urem' operation ('ret') [59]  (1.54 ns)

 <State 66>: 1.54ns
The critical path consists of the following:
	'urem' operation ('ret') [59]  (1.54 ns)

 <State 67>: 1.54ns
The critical path consists of the following:
	'urem' operation ('ret') [59]  (1.54 ns)

 <State 68>: 1.54ns
The critical path consists of the following:
	'urem' operation ('ret') [59]  (1.54 ns)

 <State 69>: 1.97ns
The critical path consists of the following:
	'udiv' operation ('data_in_axiu.data.V') [50]  (1.54 ns)
	multiplexor before 'phi' operation ('data_in_axiu.data.V', ../pixl2sym_src/pixl_to_symbol.cpp:10) with incoming values : ('trunc_ln10_1', ../pixl2sym_src/pixl_to_symbol.cpp:10) ('zext_ln10', ../pixl2sym_src/pixl_to_symbol.cpp:10) [64]  (0.427 ns)
	'phi' operation ('data_in_axiu.data.V', ../pixl2sym_src/pixl_to_symbol.cpp:10) with incoming values : ('trunc_ln10_1', ../pixl2sym_src/pixl_to_symbol.cpp:10) ('zext_ln10', ../pixl2sym_src/pixl_to_symbol.cpp:10) [64]  (0 ns)


============================================================
+ Verbose Summary: Binding
============================================================
N/A
* FSMD analyzer results:
  - Output states:
 - Input state : 
  - Chain level:
	State 1
	State 2
	State 3
	State 4
	State 5
	State 6
	State 7
	State 8
	State 9
	State 10
	State 11
	State 12
	State 13
	State 14
	State 15
	State 16
	State 17
	State 18
	State 19
	State 20
	State 21
	State 22
	State 23
	State 24
	State 25
	State 26
	State 27
	State 28
	State 29
	State 30
	State 31
	State 32
	State 33
	State 34
	State 35
	State 36
	State 37
	State 38
	State 39
	State 40
	State 41
	State 42
	State 43
	State 44
	State 45
	State 46
	State 47
	State 48
	State 49
	State 50
	State 51
	State 52
	State 53
	State 54
	State 55
	State 56
	State 57
	State 58
	State 59
	State 60
	State 61
	State 62
	State 63
	State 64
	State 65
	State 66
	State 67
	State 68
	State 69


============================================================
+ Verbose Summary: Datapath Resource usage 
============================================================
N/A
