

================================================================
== Vitis HLS Report for 'channel_gen_Pipeline_VITIS_LOOP_115_4'
================================================================
* Date:           Wed Sep 14 20:24:12 2022

* Version:        2021.1 (Build 3247384 on Thu Jun 10 19:36:07 MDT 2021)
* Project:        project
* Solution:       solution1 (Vivado IP Flow Target)
* Product family: zynquplus
* Target device:  xck26-sfvc784-2LV-c


================================================================
== Performance Estimates
================================================================
+ Timing: 
    * Summary: 
    +--------+----------+----------+------------+
    |  Clock |  Target  | Estimated| Uncertainty|
    +--------+----------+----------+------------+
    |ap_clk  |  20.00 ns|  1.224 ns|     5.40 ns|
    +--------+----------+----------+------------+

+ Latency: 
    * Summary: 
    +---------+---------+----------+----------+-----+-----+---------+
    |  Latency (cycles) |  Latency (absolute) |  Interval | Pipeline|
    |   min   |   max   |    min   |    max   | min | max |   Type  |
    +---------+---------+----------+----------+-----+-----+---------+
    |        ?|        ?|         ?|         ?|    ?|    ?|       no|
    +---------+---------+----------+----------+-----+-----+---------+

    + Detail: 
        * Instance: 
        N/A

        * Loop: 
        +--------------------+---------+---------+----------+-----------+-----------+------+----------+
        |                    |  Latency (cycles) | Iteration|  Initiation Interval  | Trip |          |
        |      Loop Name     |   min   |   max   |  Latency |  achieved |   target  | Count| Pipelined|
        +--------------------+---------+---------+----------+-----------+-----------+------+----------+
        |- VITIS_LOOP_115_4  |        ?|        ?|         1|          1|          1|     ?|       yes|
        +--------------------+---------+---------+----------+-----------+-----------+------+----------+



================================================================
== Utilization Estimates
================================================================
* Summary: 
+-----------------+---------+------+--------+--------+-----+
|       Name      | BRAM_18K|  DSP |   FF   |   LUT  | URAM|
+-----------------+---------+------+--------+--------+-----+
|DSP              |        -|     -|       -|       -|    -|
|Expression       |        -|     -|       0|      65|    -|
|FIFO             |        -|     -|       -|       -|    -|
|Instance         |        -|     -|       -|       -|    -|
|Memory           |        -|     -|       -|       -|    -|
|Multiplexer      |        -|     -|       -|      63|    -|
|Register         |        -|     -|      95|       -|    -|
+-----------------+---------+------+--------+--------+-----+
|Total            |        0|     0|      95|     128|    0|
+-----------------+---------+------+--------+--------+-----+
|Available        |      288|  1248|  234240|  117120|   64|
+-----------------+---------+------+--------+--------+-----+
|Utilization (%)  |        0|     0|      ~0|      ~0|    0|
+-----------------+---------+------+--------+--------+-----+

+ Detail: 
    * Instance: 
    N/A

    * DSP: 
    N/A

    * Memory: 
    N/A

    * FIFO: 
    N/A

    * Expression: 
    +------------------------+----------+----+---+----+------------+------------+
    |      Variable Name     | Operation| DSP| FF| LUT| Bitwidth P0| Bitwidth P1|
    +------------------------+----------+----+---+----+------------+------------+
    |i_V_17_fu_168_p2        |         +|   0|  0|  12|           4|           2|
    |icmp_ln1065_fu_130_p2   |      icmp|   0|  0|   9|           4|           1|
    |select_ln116_fu_152_p3  |    select|   0|  0|  21|           1|          22|
    |select_ln117_fu_160_p3  |    select|   0|  0|  21|           1|          22|
    |ap_enable_pp0           |       xor|   0|  0|   2|           1|           2|
    +------------------------+----------+----+---+----+------------+------------+
    |Total                   |          |   0|  0|  65|          11|          49|
    +------------------------+----------+----+---+----+------------+------------+

    * Multiplexer: 
    +--------------------------+----+-----------+-----+-----------+
    |           Name           | LUT| Input Size| Bits| Total Bits|
    +--------------------------+----+-----------+-----+-----------+
    |ap_done_int               |   9|          2|    1|          2|
    |ap_enable_reg_pp0_iter1   |   9|          2|    1|          2|
    |i_V_4_fu_38               |   9|          2|    4|          8|
    |x_imag_2taps_V_0_2_fu_50  |   9|          2|   22|         44|
    |x_imag_2taps_V_1_2_fu_54  |   9|          2|   22|         44|
    |x_real_2taps_V_0_2_fu_42  |   9|          2|   22|         44|
    |x_real_2taps_V_1_2_fu_46  |   9|          2|   22|         44|
    +--------------------------+----+-----------+-----+-----------+
    |Total                     |  63|         14|   94|        188|
    +--------------------------+----+-----------+-----+-----------+

    * Register: 
    +--------------------------+----+----+-----+-----------+
    |           Name           | FF | LUT| Bits| Const Bits|
    +--------------------------+----+----+-----+-----------+
    |ap_CS_fsm                 |   1|   0|    1|          0|
    |ap_done_reg               |   1|   0|    1|          0|
    |ap_enable_reg_pp0_iter1   |   1|   0|    1|          0|
    |i_V_4_fu_38               |   4|   0|    4|          0|
    |x_imag_2taps_V_0_2_fu_50  |  22|   0|   22|          0|
    |x_imag_2taps_V_1_2_fu_54  |  22|   0|   22|          0|
    |x_real_2taps_V_0_2_fu_42  |  22|   0|   22|          0|
    |x_real_2taps_V_1_2_fu_46  |  22|   0|   22|          0|
    +--------------------------+----+----+-----+-----------+
    |Total                     |  95|   0|   95|          0|
    +--------------------------+----+----+-----+-----------+



================================================================
== Interface
================================================================
* Summary: 
+-------------------------------+-----+-----+------------+---------------------------------------+--------------+
|           RTL Ports           | Dir | Bits|  Protocol  |             Source Object             |    C Type    |
+-------------------------------+-----+-----+------------+---------------------------------------+--------------+
|ap_clk                         |   in|    1|  ap_ctrl_hs|  channel_gen_Pipeline_VITIS_LOOP_115_4|  return value|
|ap_rst                         |   in|    1|  ap_ctrl_hs|  channel_gen_Pipeline_VITIS_LOOP_115_4|  return value|
|ap_start                       |   in|    1|  ap_ctrl_hs|  channel_gen_Pipeline_VITIS_LOOP_115_4|  return value|
|ap_done                        |  out|    1|  ap_ctrl_hs|  channel_gen_Pipeline_VITIS_LOOP_115_4|  return value|
|ap_idle                        |  out|    1|  ap_ctrl_hs|  channel_gen_Pipeline_VITIS_LOOP_115_4|  return value|
|ap_ready                       |  out|    1|  ap_ctrl_hs|  channel_gen_Pipeline_VITIS_LOOP_115_4|  return value|
|x_imag_2taps_V_1_1             |   in|   22|     ap_none|                     x_imag_2taps_V_1_1|        scalar|
|x_imag_2taps_V_0_1             |   in|   22|     ap_none|                     x_imag_2taps_V_0_1|        scalar|
|x_real_2taps_V_1_1             |   in|   22|     ap_none|                     x_real_2taps_V_1_1|        scalar|
|x_real_2taps_V_0_1             |   in|   22|     ap_none|                     x_real_2taps_V_0_1|        scalar|
|i_V                            |   in|    4|     ap_none|                                    i_V|        scalar|
|x_imag_2taps_V_1_2_out         |  out|   22|      ap_vld|                 x_imag_2taps_V_1_2_out|       pointer|
|x_imag_2taps_V_1_2_out_ap_vld  |  out|    1|      ap_vld|                 x_imag_2taps_V_1_2_out|       pointer|
|x_real_2taps_V_1_2_out         |  out|   22|      ap_vld|                 x_real_2taps_V_1_2_out|       pointer|
|x_real_2taps_V_1_2_out_ap_vld  |  out|    1|      ap_vld|                 x_real_2taps_V_1_2_out|       pointer|
+-------------------------------+-----+-----+------------+---------------------------------------+--------------+

