

================================================================
== Vitis HLS Report for 'channel_gen_Pipeline_VITIS_LOOP_181_12'
================================================================
* Date:           Wed Sep 14 20:24:11 2022

* Version:        2021.1 (Build 3247384 on Thu Jun 10 19:36:07 MDT 2021)
* Project:        project
* Solution:       solution1 (Vivado IP Flow Target)
* Product family: zynquplus
* Target device:  xck26-sfvc784-2LV-c


================================================================
== Performance Estimates
================================================================
+ Timing: 
    * Summary: 
    +--------+----------+----------+------------+
    |  Clock |  Target  | Estimated| Uncertainty|
    +--------+----------+----------+------------+
    |ap_clk  |  20.00 ns|  4.831 ns|     5.40 ns|
    +--------+----------+----------+------------+

+ Latency: 
    * Summary: 
    +---------+---------+----------+----------+-----+-----+---------+
    |  Latency (cycles) |  Latency (absolute) |  Interval | Pipeline|
    |   min   |   max   |    min   |    max   | min | max |   Type  |
    +---------+---------+----------+----------+-----+-----+---------+
    |       11|       11|  0.220 us|  0.220 us|   11|   11|       no|
    +---------+---------+----------+----------+-----+-----+---------+

    + Detail: 
        * Instance: 
        N/A

        * Loop: 
        +---------------------+---------+---------+----------+-----------+-----------+------+----------+
        |                     |  Latency (cycles) | Iteration|  Initiation Interval  | Trip |          |
        |      Loop Name      |   min   |   max   |  Latency |  achieved |   target  | Count| Pipelined|
        +---------------------+---------+---------+----------+-----------+-----------+------+----------+
        |- VITIS_LOOP_181_12  |        9|        9|         5|          1|          1|     6|       yes|
        +---------------------+---------+---------+----------+-----------+-----------+------+----------+



================================================================
== Utilization Estimates
================================================================
* Summary: 
+-----------------+---------+------+--------+--------+-----+
|       Name      | BRAM_18K|  DSP |   FF   |   LUT  | URAM|
+-----------------+---------+------+--------+--------+-----+
|DSP              |        -|     1|       -|       -|    -|
|Expression       |        -|     -|       0|     108|    -|
|FIFO             |        -|     -|       -|       -|    -|
|Instance         |        -|     4|       0|      44|    -|
|Memory           |        0|     -|      15|       2|    -|
|Multiplexer      |        -|     -|       -|      54|    -|
|Register         |        -|     -|     188|      64|    -|
+-----------------+---------+------+--------+--------+-----+
|Total            |        0|     5|     203|     272|    0|
+-----------------+---------+------+--------+--------+-----+
|Available        |      288|  1248|  234240|  117120|   64|
+-----------------+---------+------+--------+--------+-----+
|Utilization (%)  |        0|    ~0|      ~0|      ~0|    0|
+-----------------+---------+------+--------+--------+-----+

+ Detail: 
    * Instance: 
    +------------------------+--------------------+---------+----+---+----+-----+
    |        Instance        |       Module       | BRAM_18K| DSP| FF| LUT| URAM|
    +------------------------+--------------------+---------+----+---+----+-----+
    |mul_22s_22s_37_1_1_U71  |mul_22s_22s_37_1_1  |        0|   2|  0|  22|    0|
    |mul_22s_22s_37_1_1_U72  |mul_22s_22s_37_1_1  |        0|   2|  0|  22|    0|
    +------------------------+--------------------+---------+----+---+----+-----+
    |Total                   |                    |        0|   4|  0|  44|    0|
    +------------------------+--------------------+---------+----+---+----+-----+

    * DSP: 
    +-----------------------------+-------------------------+-----------+
    |           Instance          |          Module         | Expression|
    +-----------------------------+-------------------------+-----------+
    |mul_mul_22s_15ns_37_4_1_U73  |mul_mul_22s_15ns_37_4_1  |    i0 * i1|
    +-----------------------------+-------------------------+-----------+

    * Memory: 
    +----------------+-----------------------------------------------------+---------+----+----+-----+------+-----+------+-------------+
    |     Memory     |                        Module                       | BRAM_18K| FF | LUT| URAM| Words| Bits| Banks| W*Bits*Banks|
    +----------------+-----------------------------------------------------+---------+----+----+-----+------+-----+------+-------------+
    |weight_6taps_U  |channel_gen_Pipeline_VITIS_LOOP_181_12_weight_6taps  |        0|  15|   2|    0|     6|   15|     1|           90|
    +----------------+-----------------------------------------------------+---------+----+----+-----+------+-----+------+-------------+
    |Total           |                                                     |        0|  15|   2|    0|     6|   15|     1|           90|
    +----------------+-----------------------------------------------------+---------+----+----+-----+------+-----+------+-------------+

    * FIFO: 
    N/A

    * Expression: 
    +-----------------------+----------+----+---+----+------------+------------+
    |     Variable Name     | Operation| DSP| FF| LUT| Bitwidth P0| Bitwidth P1|
    +-----------------------+----------+----+---+----+------------+------------+
    |add_ln870_fu_170_p2    |         +|   0|  0|  10|           3|           1|
    |ret_V_13_fu_266_p2     |         +|   0|  0|  44|          37|          37|
    |ret_V_fu_232_p2        |         +|   0|  0|  44|          37|          37|
    |icmp_ln1057_fu_164_p2  |      icmp|   0|  0|   8|           3|           3|
    |ap_enable_pp0          |       xor|   0|  0|   2|           1|           2|
    +-----------------------+----------+----+---+----+------------+------------+
    |Total                  |          |   0|  0| 108|          81|          80|
    +-----------------------+----------+----+---+----+------------+------------+

    * Multiplexer: 
    +-------------------------+----+-----------+-----+-----------+
    |           Name          | LUT| Input Size| Bits| Total Bits|
    +-------------------------+----+-----------+-----+-----------+
    |ap_done_int              |   9|          2|    1|          2|
    |ap_enable_reg_pp0_iter1  |   9|          2|    1|          2|
    |ap_sig_allocacmp_i_V_8   |   9|          2|    3|          6|
    |i_V_fu_64                |   9|          2|    3|          6|
    |lhs_V_8_fu_60            |   9|          2|   22|         44|
    |lhs_V_fu_56              |   9|          2|   22|         44|
    +-------------------------+----+-----------+-----+-----------+
    |Total                    |  54|         12|   52|        104|
    +-------------------------+----+-----------+-----+-----------+

    * Register: 
    +----------------------------------+----+----+-----+-----------+
    |               Name               | FF | LUT| Bits| Const Bits|
    +----------------------------------+----+----+-----+-----------+
    |ap_CS_fsm                         |   1|   0|    1|          0|
    |ap_done_reg                       |   1|   0|    1|          0|
    |ap_enable_reg_pp0_iter1           |   1|   0|    1|          0|
    |ap_enable_reg_pp0_iter2           |   1|   0|    1|          0|
    |ap_enable_reg_pp0_iter3           |   1|   0|    1|          0|
    |ap_enable_reg_pp0_iter4           |   1|   0|    1|          0|
    |ap_loop_exit_ready_pp0_iter1_reg  |   1|   0|    1|          0|
    |ap_loop_exit_ready_pp0_iter2_reg  |   1|   0|    1|          0|
    |ap_loop_exit_ready_pp0_iter3_reg  |   1|   0|    1|          0|
    |i_V_19_cast_reg_334               |   3|   0|   64|         61|
    |i_V_fu_64                         |   3|   0|    3|          0|
    |icmp_ln1057_reg_330               |   1|   0|    1|          0|
    |lhs_V_8_fu_60                     |  22|   0|   22|          0|
    |lhs_V_fu_56                       |  22|   0|   22|          0|
    |i_V_19_cast_reg_334               |  64|  32|   64|         61|
    |icmp_ln1057_reg_330               |  64|  32|    1|          0|
    +----------------------------------+----+----+-----+-----------+
    |Total                             | 188|  64|  186|        122|
    +----------------------------------+----+----+-----+-----------+



================================================================
== Interface
================================================================
* Summary: 
+-------------------------+-----+-----+------------+----------------------------------------+--------------+
|        RTL Ports        | Dir | Bits|  Protocol  |              Source Object             |    C Type    |
+-------------------------+-----+-----+------------+----------------------------------------+--------------+
|ap_clk                   |   in|    1|  ap_ctrl_hs|  channel_gen_Pipeline_VITIS_LOOP_181_12|  return value|
|ap_rst                   |   in|    1|  ap_ctrl_hs|  channel_gen_Pipeline_VITIS_LOOP_181_12|  return value|
|ap_start                 |   in|    1|  ap_ctrl_hs|  channel_gen_Pipeline_VITIS_LOOP_181_12|  return value|
|ap_done                  |  out|    1|  ap_ctrl_hs|  channel_gen_Pipeline_VITIS_LOOP_181_12|  return value|
|ap_idle                  |  out|    1|  ap_ctrl_hs|  channel_gen_Pipeline_VITIS_LOOP_181_12|  return value|
|ap_ready                 |  out|    1|  ap_ctrl_hs|  channel_gen_Pipeline_VITIS_LOOP_181_12|  return value|
|conv_i_i_i131_le3933     |   in|   22|     ap_none|                    conv_i_i_i131_le3933|        scalar|
|conv_i_i_i205_le3926     |   in|   22|     ap_none|                    conv_i_i_i205_le3926|        scalar|
|n_6taps_V_address0       |  out|    3|   ap_memory|                               n_6taps_V|         array|
|n_6taps_V_ce0            |  out|    1|   ap_memory|                               n_6taps_V|         array|
|n_6taps_V_q0             |   in|   22|   ap_memory|                               n_6taps_V|         array|
|x_real_6taps_V_address0  |  out|    3|   ap_memory|                          x_real_6taps_V|         array|
|x_real_6taps_V_ce0       |  out|    1|   ap_memory|                          x_real_6taps_V|         array|
|x_real_6taps_V_q0        |   in|   22|   ap_memory|                          x_real_6taps_V|         array|
|x_imag_6taps_V_address0  |  out|    3|   ap_memory|                          x_imag_6taps_V|         array|
|x_imag_6taps_V_ce0       |  out|    1|   ap_memory|                          x_imag_6taps_V|         array|
|x_imag_6taps_V_q0        |   in|   22|   ap_memory|                          x_imag_6taps_V|         array|
|lhs_V_18_out             |  out|   22|      ap_vld|                            lhs_V_18_out|       pointer|
|lhs_V_18_out_ap_vld      |  out|    1|      ap_vld|                            lhs_V_18_out|       pointer|
|lhs_V_16_out             |  out|   22|      ap_vld|                            lhs_V_16_out|       pointer|
|lhs_V_16_out_ap_vld      |  out|    1|      ap_vld|                            lhs_V_16_out|       pointer|
+-------------------------+-----+-----+------------+----------------------------------------+--------------+

