

================================================================
== Vitis HLS Report for 'channel_gen_Pipeline_VITIS_LOOP_128_6'
================================================================
* Date:           Wed Sep 14 20:24:07 2022

* Version:        2021.1 (Build 3247384 on Thu Jun 10 19:36:07 MDT 2021)
* Project:        project
* Solution:       solution1 (Vivado IP Flow Target)
* Product family: zynquplus
* Target device:  xck26-sfvc784-2LV-c


================================================================
== Performance Estimates
================================================================
+ Timing: 
    * Summary: 
    +--------+----------+----------+------------+
    |  Clock |  Target  | Estimated| Uncertainty|
    +--------+----------+----------+------------+
    |ap_clk  |  20.00 ns|  4.496 ns|     5.40 ns|
    +--------+----------+----------+------------+

+ Latency: 
    * Summary: 
    +---------+---------+----------+----------+-----+-----+---------+
    |  Latency (cycles) |  Latency (absolute) |  Interval | Pipeline|
    |   min   |   max   |    min   |    max   | min | max |   Type  |
    +---------+---------+----------+----------+-----+-----+---------+
    |        6|        6|  0.120 us|  0.120 us|    6|    6|       no|
    +---------+---------+----------+----------+-----+-----+---------+

    + Detail: 
        * Instance: 
        N/A

        * Loop: 
        +--------------------+---------+---------+----------+-----------+-----------+------+----------+
        |                    |  Latency (cycles) | Iteration|  Initiation Interval  | Trip |          |
        |      Loop Name     |   min   |   max   |  Latency |  achieved |   target  | Count| Pipelined|
        +--------------------+---------+---------+----------+-----------+-----------+------+----------+
        |- VITIS_LOOP_128_6  |        4|        4|         4|          1|          1|     2|       yes|
        +--------------------+---------+---------+----------+-----------+-----------+------+----------+

============================================================
+ Verbose Summary: Synthesis Manager
============================================================
InlineROM: 1
ExposeGlobal: 0
============================================================
+ Verbose Summary: CDFG Model
============================================================
IsTopModel: 0
ResetActiveHigh: 1
IsCombinational: 0
IsDatapathOnly: 0
HasWiredReturn: 1
HasMFsm: 2
HasVarLatency: 1
IsPipeline: 0
IsRtlPipelined: 0
IsInstanceOverlapped: 0
IsDontTouch: 0
HasImplIP: 0
IsGatedGlobalClock: 0

+ Individual pipeline summary: 
  * Pipeline-0: initiation interval (II) = 1, depth = 4


============================================================
+ Verbose Summary: Schedule
============================================================
* Number of FSM states : 4
* Pipeline : 1
  Pipeline-0 : II = 1, D = 4, States = { 1 2 3 4 }
* Dataflow Pipeline: 0

* FSM state transitions: 
1 --> 2 
2 --> 3 
3 --> 4 
4 --> 

* FSM state operations: 

State 1 <SV = 0> <Delay = 0.97>
ST_1 : Operation 7 [1/1] (0.00ns)   --->   "%lhs_V_8 = alloca i32 1"   --->   Operation 7 'alloca' 'lhs_V_8' <Predicate = true> <Delay = 0.00>
ST_1 : Operation 8 [1/1] (0.00ns)   --->   "%lhs_V_10 = alloca i32 1"   --->   Operation 8 'alloca' 'lhs_V_10' <Predicate = true> <Delay = 0.00>
ST_1 : Operation 9 [1/1] (0.00ns)   --->   "%i_V = alloca i32 1"   --->   Operation 9 'alloca' 'i_V' <Predicate = true> <Delay = 0.00>
ST_1 : Operation 10 [1/1] (0.00ns)   --->   "%p_Result_16_read = read i22 @_ssdm_op_Read.ap_auto.i22, i22 %p_Result_16"   --->   Operation 10 'read' 'p_Result_16_read' <Predicate = true> <Delay = 0.00>
ST_1 : Operation 11 [1/1] (0.00ns)   --->   "%x_imag_2taps_V_1_2_reload_read = read i22 @_ssdm_op_Read.ap_auto.i22, i22 %x_imag_2taps_V_1_2_reload"   --->   Operation 11 'read' 'x_imag_2taps_V_1_2_reload_read' <Predicate = true> <Delay = 0.00>
ST_1 : Operation 12 [1/1] (0.00ns)   --->   "%p_Result_15_read = read i22 @_ssdm_op_Read.ap_auto.i22, i22 %p_Result_15"   --->   Operation 12 'read' 'p_Result_15_read' <Predicate = true> <Delay = 0.00>
ST_1 : Operation 13 [1/1] (0.00ns)   --->   "%x_real_2taps_V_1_2_reload_read = read i22 @_ssdm_op_Read.ap_auto.i22, i22 %x_real_2taps_V_1_2_reload"   --->   Operation 13 'read' 'x_real_2taps_V_1_2_reload_read' <Predicate = true> <Delay = 0.00>
ST_1 : Operation 14 [1/1] (0.00ns)   --->   "%n_2taps_V_0_5_read = read i22 @_ssdm_op_Read.ap_auto.i22, i22 %n_2taps_V_0_5"   --->   Operation 14 'read' 'n_2taps_V_0_5_read' <Predicate = true> <Delay = 0.00>
ST_1 : Operation 15 [1/1] (0.00ns)   --->   "%n_2taps_V_1_5_read = read i22 @_ssdm_op_Read.ap_auto.i22, i22 %n_2taps_V_1_5"   --->   Operation 15 'read' 'n_2taps_V_1_5_read' <Predicate = true> <Delay = 0.00>
ST_1 : Operation 16 [1/1] (0.00ns)   --->   "%conv_i_i_i205_le3926_read = read i22 @_ssdm_op_Read.ap_auto.i22, i22 %conv_i_i_i205_le3926"   --->   Operation 16 'read' 'conv_i_i_i205_le3926_read' <Predicate = true> <Delay = 0.00>
ST_1 : Operation 17 [1/1] (0.00ns)   --->   "%conv_i_i_i131_le3933_read = read i22 @_ssdm_op_Read.ap_auto.i22, i22 %conv_i_i_i131_le3933"   --->   Operation 17 'read' 'conv_i_i_i131_le3933_read' <Predicate = true> <Delay = 0.00>
ST_1 : Operation 18 [1/1] (0.42ns)   --->   "%store_ln0 = store i2 0, i2 %i_V"   --->   Operation 18 'store' 'store_ln0' <Predicate = true> <Delay = 0.42>
ST_1 : Operation 19 [1/1] (0.42ns)   --->   "%store_ln0 = store i22 %conv_i_i_i131_le3933_read, i22 %lhs_V_10"   --->   Operation 19 'store' 'store_ln0' <Predicate = true> <Delay = 0.42>
ST_1 : Operation 20 [1/1] (0.42ns)   --->   "%store_ln0 = store i22 %conv_i_i_i205_le3926_read, i22 %lhs_V_8"   --->   Operation 20 'store' 'store_ln0' <Predicate = true> <Delay = 0.42>
ST_1 : Operation 21 [1/1] (0.00ns)   --->   "%br_ln0 = br void %_ZN8ap_fixedILi22ELi7EL9ap_q_mode5EL9ap_o_mode3ELi0EEC2ILi44ELi14ELb1ELS0_5ELS1_3ELi0EEERK13ap_fixed_baseIXT_EXT0_EXT1_EXT2_EXT3_EXT4_EE.exit1714"   --->   Operation 21 'br' 'br_ln0' <Predicate = true> <Delay = 0.00>
ST_1 : Operation 22 [1/1] (0.00ns)   --->   "%i_V_15 = load i2 %i_V"   --->   Operation 22 'load' 'i_V_15' <Predicate = true> <Delay = 0.00>
ST_1 : Operation 23 [1/1] (0.00ns)   --->   "%specpipeline_ln0 = specpipeline void @_ssdm_op_SpecPipeline, i32 4294967295, i32 0, i32 1, i32 0, void @p_str"   --->   Operation 23 'specpipeline' 'specpipeline_ln0' <Predicate = true> <Delay = 0.00>
ST_1 : Operation 24 [1/1] (0.44ns)   --->   "%icmp_ln1057 = icmp_eq  i2 %i_V_15, i2 2"   --->   Operation 24 'icmp' 'icmp_ln1057' <Predicate = true> <Delay = 0.44> <CoreInst = "Cmp">   --->   Core 9 'Cmp' <Latency = 0> <II = 1> <Delay = 0.44> <FuncUnit> <Opcode : 'icmp'> <InPorts = 2> <OutPorts = 1>
ST_1 : Operation 25 [1/1] (0.00ns)   --->   "%empty = speclooptripcount i32 @_ssdm_op_SpecLoopTripCount, i64 2, i64 2, i64 2"   --->   Operation 25 'speclooptripcount' 'empty' <Predicate = true> <Delay = 0.00>
ST_1 : Operation 26 [1/1] (0.54ns)   --->   "%add_ln870 = add i2 %i_V_15, i2 1"   --->   Operation 26 'add' 'add_ln870' <Predicate = true> <Delay = 0.54> <CoreInst = "Adder">   --->   Core 1 'Adder' <Latency = 0> <II = 1> <Delay = 1.02> <FuncUnit> <Opcode : 'add' 'sub'> <InPorts = 2> <OutPorts = 1>
ST_1 : Operation 27 [1/1] (0.00ns)   --->   "%br_ln128 = br i1 %icmp_ln1057, void %_ZN8ap_fixedILi22ELi7EL9ap_q_mode5EL9ap_o_mode3ELi0EEC2ILi44ELi14ELb1ELS0_5ELS1_3ELi0EEERK13ap_fixed_baseIXT_EXT0_EXT1_EXT2_EXT3_EXT4_EE.exit1714.split, void %._crit_edge3871.loopexit.exitStub" [../channel_code/channel_gen.cpp:128]   --->   Operation 27 'br' 'br_ln128' <Predicate = true> <Delay = 0.00>
ST_1 : Operation 28 [1/1] (0.00ns)   --->   "%trunc_ln1169 = trunc i2 %i_V_15"   --->   Operation 28 'trunc' 'trunc_ln1169' <Predicate = (!icmp_ln1057)> <Delay = 0.00>
ST_1 : Operation 29 [1/1] (0.35ns)   --->   "%select_ln1171_3 = select i1 %trunc_ln1169, i37 17258, i37 27852"   --->   Operation 29 'select' 'select_ln1171_3' <Predicate = (!icmp_ln1057)> <Delay = 0.35> <CoreInst = "Sel">   --->   Core 73 'Sel' <Latency = 0> <II = 1> <Delay = 0.34> <FuncUnit> <Opcode : 'select'> <InPorts = 3> <OutPorts = 1>
ST_1 : Operation 30 [1/1] (0.34ns)   --->   "%select_ln1171 = select i1 %trunc_ln1169, i22 %n_2taps_V_1_5_read, i22 %n_2taps_V_0_5_read"   --->   Operation 30 'select' 'select_ln1171' <Predicate = (!icmp_ln1057)> <Delay = 0.34> <CoreInst = "Sel">   --->   Core 73 'Sel' <Latency = 0> <II = 1> <Delay = 0.34> <FuncUnit> <Opcode : 'select'> <InPorts = 3> <OutPorts = 1>
ST_1 : Operation 31 [1/1] (0.00ns)   --->   "%sext_ln1171_3 = sext i22 %select_ln1171"   --->   Operation 31 'sext' 'sext_ln1171_3' <Predicate = (!icmp_ln1057)> <Delay = 0.00>
ST_1 : Operation 32 [4/4] (0.53ns) (root node of the DSP)   --->   "%r_V = mul i37 %select_ln1171_3, i37 %sext_ln1171_3"   --->   Operation 32 'mul' 'r_V' <Predicate = (!icmp_ln1057)> <Delay = 0.53> <CoreInst = "DSP48">   --->   Core 127 'DSP48' <Latency = 3> <II = 1> <Delay = 0.53> <IPBlock> <Opcode : 'mul' 'add' 'sub' 'select'> <InPorts = 0> <OutPorts = 1> <Sync> <CReg>
ST_1 : Operation 33 [1/1] (0.42ns)   --->   "%store_ln870 = store i2 %add_ln870, i2 %i_V"   --->   Operation 33 'store' 'store_ln870' <Predicate = (!icmp_ln1057)> <Delay = 0.42>

State 2 <SV = 1> <Delay = 0.53>
ST_2 : Operation 34 [3/4] (0.53ns) (root node of the DSP)   --->   "%r_V = mul i37 %select_ln1171_3, i37 %sext_ln1171_3"   --->   Operation 34 'mul' 'r_V' <Predicate = true> <Delay = 0.53> <CoreInst = "DSP48">   --->   Core 127 'DSP48' <Latency = 3> <II = 1> <Delay = 0.53> <IPBlock> <Opcode : 'mul' 'add' 'sub' 'select'> <InPorts = 0> <OutPorts = 1> <Sync> <CReg>

State 3 <SV = 2> <Delay = 0.53>
ST_3 : Operation 35 [2/4] (0.53ns) (root node of the DSP)   --->   "%r_V = mul i37 %select_ln1171_3, i37 %sext_ln1171_3"   --->   Operation 35 'mul' 'r_V' <Predicate = true> <Delay = 0.53> <CoreInst = "DSP48">   --->   Core 127 'DSP48' <Latency = 3> <II = 1> <Delay = 0.53> <IPBlock> <Opcode : 'mul' 'add' 'sub' 'select'> <InPorts = 0> <OutPorts = 1> <Sync> <CReg>
ST_3 : Operation 57 [1/1] (0.00ns)   --->   "%lhs_V_8_load = load i22 %lhs_V_8"   --->   Operation 57 'load' 'lhs_V_8_load' <Predicate = (icmp_ln1057)> <Delay = 0.00>
ST_3 : Operation 58 [1/1] (0.00ns)   --->   "%lhs_V_10_load = load i22 %lhs_V_10"   --->   Operation 58 'load' 'lhs_V_10_load' <Predicate = (icmp_ln1057)> <Delay = 0.00>
ST_3 : Operation 59 [1/1] (0.00ns)   --->   "%write_ln0 = write void @_ssdm_op_Write.ap_auto.i22P0A, i22 %lhs_V_10_out, i22 %lhs_V_10_load"   --->   Operation 59 'write' 'write_ln0' <Predicate = (icmp_ln1057)> <Delay = 0.00>
ST_3 : Operation 60 [1/1] (0.00ns)   --->   "%write_ln0 = write void @_ssdm_op_Write.ap_auto.i22P0A, i22 %lhs_V_8_out, i22 %lhs_V_8_load"   --->   Operation 60 'write' 'write_ln0' <Predicate = (icmp_ln1057)> <Delay = 0.00>
ST_3 : Operation 61 [1/1] (0.00ns)   --->   "%ret_ln0 = ret"   --->   Operation 61 'ret' 'ret_ln0' <Predicate = (icmp_ln1057)> <Delay = 0.00>

State 4 <SV = 3> <Delay = 4.49>
ST_4 : Operation 36 [1/1] (0.00ns)   --->   "%lhs_V_8_load11 = load i22 %lhs_V_8"   --->   Operation 36 'load' 'lhs_V_8_load11' <Predicate = true> <Delay = 0.00>
ST_4 : Operation 37 [1/1] (0.00ns)   --->   "%lhs_V_10_load_1 = load i22 %lhs_V_10"   --->   Operation 37 'load' 'lhs_V_10_load_1' <Predicate = true> <Delay = 0.00>
ST_4 : Operation 38 [1/1] (0.00ns)   --->   "%specloopname_ln18 = specloopname void @_ssdm_op_SpecLoopName, void @empty_8" [../channel_code/channel_gen.cpp:18]   --->   Operation 38 'specloopname' 'specloopname_ln18' <Predicate = true> <Delay = 0.00>
ST_4 : Operation 39 [1/4] (0.00ns) (root node of the DSP)   --->   "%r_V = mul i37 %select_ln1171_3, i37 %sext_ln1171_3"   --->   Operation 39 'mul' 'r_V' <Predicate = true> <Delay = 0.00> <CoreInst = "DSP48">   --->   Core 127 'DSP48' <Latency = 3> <II = 1> <Delay = 0.53> <IPBlock> <Opcode : 'mul' 'add' 'sub' 'select'> <InPorts = 0> <OutPorts = 1> <Sync> <CReg>
ST_4 : Operation 40 [1/1] (0.00ns)   --->   "%r_V_23 = partselect i22 @_ssdm_op_PartSelect.i22.i37.i32.i32, i37 %r_V, i32 15, i32 36"   --->   Operation 40 'partselect' 'r_V_23' <Predicate = true> <Delay = 0.00>
ST_4 : Operation 41 [1/1] (0.34ns)   --->   "%select_ln1171_1 = select i1 %trunc_ln1169, i22 %x_real_2taps_V_1_2_reload_read, i22 %p_Result_15_read"   --->   Operation 41 'select' 'select_ln1171_1' <Predicate = true> <Delay = 0.34> <CoreInst = "Sel">   --->   Core 73 'Sel' <Latency = 0> <II = 1> <Delay = 0.34> <FuncUnit> <Opcode : 'select'> <InPorts = 3> <OutPorts = 1>
ST_4 : Operation 42 [1/1] (0.00ns)   --->   "%sext_ln1171_4 = sext i22 %r_V_23"   --->   Operation 42 'sext' 'sext_ln1171_4' <Predicate = true> <Delay = 0.00>
ST_4 : Operation 43 [1/1] (0.00ns)   --->   "%sext_ln1171_5 = sext i22 %select_ln1171_1"   --->   Operation 43 'sext' 'sext_ln1171_5' <Predicate = true> <Delay = 0.00>
ST_4 : Operation 44 [1/1] (0.00ns)   --->   "%lhs_V_9 = bitconcatenate i37 @_ssdm_op_BitConcatenate.i37.i22.i15, i22 %lhs_V_8_load11, i15 0"   --->   Operation 44 'bitconcatenate' 'lhs_V_9' <Predicate = true> <Delay = 0.00>
ST_4 : Operation 45 [1/1] (2.70ns)   --->   "%mul_ln1245_2 = mul i37 %sext_ln1171_4, i37 %sext_ln1171_5"   --->   Operation 45 'mul' 'mul_ln1245_2' <Predicate = true> <Delay = 2.70> <CoreInst = "Multiplier">   --->   Core 3 'Multiplier' <Latency = 0> <II = 1> <Delay = 2.70> <FuncUnit> <Opcode : 'mul'> <InPorts = 2> <OutPorts = 1>
ST_4 : Operation 46 [1/1] (1.02ns)   --->   "%ret_V = add i37 %lhs_V_9, i37 %mul_ln1245_2"   --->   Operation 46 'add' 'ret_V' <Predicate = true> <Delay = 1.02> <CoreInst = "Adder">   --->   Core 1 'Adder' <Latency = 0> <II = 1> <Delay = 1.02> <FuncUnit> <Opcode : 'add' 'sub'> <InPorts = 2> <OutPorts = 1>
ST_4 : Operation 47 [1/1] (0.00ns)   --->   "%trunc_ln717_3 = partselect i22 @_ssdm_op_PartSelect.i22.i37.i32.i32, i37 %ret_V, i32 15, i32 36"   --->   Operation 47 'partselect' 'trunc_ln717_3' <Predicate = true> <Delay = 0.00>
ST_4 : Operation 48 [1/1] (0.34ns)   --->   "%select_ln1171_2 = select i1 %trunc_ln1169, i22 %x_imag_2taps_V_1_2_reload_read, i22 %p_Result_16_read"   --->   Operation 48 'select' 'select_ln1171_2' <Predicate = true> <Delay = 0.34> <CoreInst = "Sel">   --->   Core 73 'Sel' <Latency = 0> <II = 1> <Delay = 0.34> <FuncUnit> <Opcode : 'select'> <InPorts = 3> <OutPorts = 1>
ST_4 : Operation 49 [1/1] (0.00ns)   --->   "%sext_ln1171_6 = sext i22 %select_ln1171_2"   --->   Operation 49 'sext' 'sext_ln1171_6' <Predicate = true> <Delay = 0.00>
ST_4 : Operation 50 [1/1] (0.00ns)   --->   "%lhs_V = bitconcatenate i37 @_ssdm_op_BitConcatenate.i37.i22.i15, i22 %lhs_V_10_load_1, i15 0"   --->   Operation 50 'bitconcatenate' 'lhs_V' <Predicate = true> <Delay = 0.00>
ST_4 : Operation 51 [1/1] (2.70ns)   --->   "%mul_ln1245_3 = mul i37 %sext_ln1171_4, i37 %sext_ln1171_6"   --->   Operation 51 'mul' 'mul_ln1245_3' <Predicate = true> <Delay = 2.70> <CoreInst = "Multiplier">   --->   Core 3 'Multiplier' <Latency = 0> <II = 1> <Delay = 2.70> <FuncUnit> <Opcode : 'mul'> <InPorts = 2> <OutPorts = 1>
ST_4 : Operation 52 [1/1] (1.02ns)   --->   "%ret_V_15 = add i37 %lhs_V, i37 %mul_ln1245_3"   --->   Operation 52 'add' 'ret_V_15' <Predicate = true> <Delay = 1.02> <CoreInst = "Adder">   --->   Core 1 'Adder' <Latency = 0> <II = 1> <Delay = 1.02> <FuncUnit> <Opcode : 'add' 'sub'> <InPorts = 2> <OutPorts = 1>
ST_4 : Operation 53 [1/1] (0.00ns)   --->   "%trunc_ln717_4 = partselect i22 @_ssdm_op_PartSelect.i22.i37.i32.i32, i37 %ret_V_15, i32 15, i32 36"   --->   Operation 53 'partselect' 'trunc_ln717_4' <Predicate = true> <Delay = 0.00>
ST_4 : Operation 54 [1/1] (0.42ns)   --->   "%store_ln717 = store i22 %trunc_ln717_4, i22 %lhs_V_10"   --->   Operation 54 'store' 'store_ln717' <Predicate = true> <Delay = 0.42>
ST_4 : Operation 55 [1/1] (0.42ns)   --->   "%store_ln717 = store i22 %trunc_ln717_3, i22 %lhs_V_8"   --->   Operation 55 'store' 'store_ln717' <Predicate = true> <Delay = 0.42>
ST_4 : Operation 56 [1/1] (0.00ns)   --->   "%br_ln0 = br void %_ZN8ap_fixedILi22ELi7EL9ap_q_mode5EL9ap_o_mode3ELi0EEC2ILi44ELi14ELb1ELS0_5ELS1_3ELi0EEERK13ap_fixed_baseIXT_EXT0_EXT1_EXT2_EXT3_EXT4_EE.exit1714"   --->   Operation 56 'br' 'br_ln0' <Predicate = true> <Delay = 0.00>


============================================================
+ Verbose Summary: Timing violations
============================================================
Target clock period: 20ns, clock uncertainty: 5.4ns.

 <State 1>: 0.975ns
The critical path consists of the following:
	'alloca' operation ('i.V') [13]  (0 ns)
	'load' operation ('i.V') on local variable 'i.V' [27]  (0 ns)
	'add' operation ('add_ln870') [31]  (0.548 ns)
	'store' operation ('store_ln870') of variable 'add_ln870' on local variable 'i.V' [56]  (0.427 ns)

 <State 2>: 0.535ns
The critical path consists of the following:
	'mul' operation of DSP[41] ('r.V') [41]  (0.535 ns)

 <State 3>: 0.535ns
The critical path consists of the following:
	'mul' operation of DSP[41] ('r.V') [41]  (0.535 ns)

 <State 4>: 4.5ns
The critical path consists of the following:
	'select' operation ('select_ln1171_2') [50]  (0.342 ns)
	'mul' operation ('mul_ln1245_3') [53]  (2.7 ns)
	'add' operation ('ret.V') [54]  (1.03 ns)
	'store' operation ('store_ln717') of variable 'trunc_ln717_4' on local variable 'lhs.V' [57]  (0.427 ns)


============================================================
+ Verbose Summary: Binding
============================================================
N/A
* FSMD analyzer results:
  - Output states:
 - Input state : 
  - Chain level:
	State 1
	State 2
	State 3
	State 4


============================================================
+ Verbose Summary: Datapath Resource usage 
============================================================
N/A
