

================================================================
== Vitis HLS Report for 'channel_gen_Pipeline_VITIS_LOOP_60_1'
================================================================
* Date:           Wed Sep 14 20:24:04 2022

* Version:        2021.1 (Build 3247384 on Thu Jun 10 19:36:07 MDT 2021)
* Project:        project
* Solution:       solution1 (Vivado IP Flow Target)
* Product family: zynquplus
* Target device:  xck26-sfvc784-2LV-c


================================================================
== Performance Estimates
================================================================
+ Timing: 
    * Summary: 
    +--------+----------+----------+------------+
    |  Clock |  Target  | Estimated| Uncertainty|
    +--------+----------+----------+------------+
    |ap_clk  |  20.00 ns|  1.102 ns|     5.40 ns|
    +--------+----------+----------+------------+

+ Latency: 
    * Summary: 
    +---------+---------+----------+----------+-----+-----+---------+
    |  Latency (cycles) |  Latency (absolute) |  Interval | Pipeline|
    |   min   |   max   |    min   |    max   | min | max |   Type  |
    +---------+---------+----------+----------+-----+-----+---------+
    |        ?|        ?|         ?|         ?|    ?|    ?|       no|
    +---------+---------+----------+----------+-----+-----+---------+

    + Detail: 
        * Instance: 
        N/A

        * Loop: 
        +-------------------+---------+---------+----------+-----------+-----------+------+----------+
        |                   |  Latency (cycles) | Iteration|  Initiation Interval  | Trip |          |
        |     Loop Name     |   min   |   max   |  Latency |  achieved |   target  | Count| Pipelined|
        +-------------------+---------+---------+----------+-----------+-----------+------+----------+
        |- VITIS_LOOP_60_1  |        ?|        ?|         2|          1|          1|     ?|       yes|
        +-------------------+---------+---------+----------+-----------+-----------+------+----------+

============================================================
+ Verbose Summary: Synthesis Manager
============================================================
InlineROM: 1
ExposeGlobal: 0
============================================================
+ Verbose Summary: CDFG Model
============================================================
IsTopModel: 0
ResetActiveHigh: 1
IsCombinational: 0
IsDatapathOnly: 0
HasWiredReturn: 1
HasMFsm: 2
HasVarLatency: 1
IsPipeline: 0
IsRtlPipelined: 0
IsInstanceOverlapped: 0
IsDontTouch: 0
HasImplIP: 0
IsGatedGlobalClock: 0

+ Individual pipeline summary: 
  * Pipeline-0: initiation interval (II) = 1, depth = 2


============================================================
+ Verbose Summary: Schedule
============================================================
* Number of FSM states : 2
* Pipeline : 1
  Pipeline-0 : II = 1, D = 2, States = { 1 2 }
* Dataflow Pipeline: 0

* FSM state transitions: 
1 --> 2 
2 --> 

* FSM state operations: 

State 1 <SV = 0> <Delay = 1.10>
ST_1 : Operation 5 [1/1] (0.00ns)   --->   "%SNR = alloca i32 1"   --->   Operation 5 'alloca' 'SNR' <Predicate = true> <Delay = 0.00>
ST_1 : Operation 6 [1/1] (0.00ns)   --->   "%DATA_LEN = alloca i32 1"   --->   Operation 6 'alloca' 'DATA_LEN' <Predicate = true> <Delay = 0.00>
ST_1 : Operation 7 [1/1] (0.00ns)   --->   "%sym_num = alloca i32 1"   --->   Operation 7 'alloca' 'sym_num' <Predicate = true> <Delay = 0.00>
ST_1 : Operation 8 [1/1] (0.00ns)   --->   "%pilot_width = alloca i32 1"   --->   Operation 8 'alloca' 'pilot_width' <Predicate = true> <Delay = 0.00>
ST_1 : Operation 9 [1/1] (0.00ns)   --->   "%CP_length = alloca i32 1"   --->   Operation 9 'alloca' 'CP_length' <Predicate = true> <Delay = 0.00>
ST_1 : Operation 10 [1/1] (0.00ns)   --->   "%TAPS_NUM = alloca i32 1"   --->   Operation 10 'alloca' 'TAPS_NUM' <Predicate = true> <Delay = 0.00>
ST_1 : Operation 11 [1/1] (0.00ns)   --->   "%specinterface_ln0 = specinterface void @_ssdm_op_SpecInterface, i1 %data_out_V_dest_V, i1 %data_out_V_id_V, i1 %data_out_V_last_V, i1 %data_out_V_user_V, i8 %data_out_V_strb_V, i8 %data_out_V_keep_V, i64 %data_out_V_data_V, void @empty_31, i32 0, i32 0, void @empty_15, i32 0, i32 0, void @empty_20, void @empty_20, void @empty_20, i32 0, i32 0, i32 0, i32 0, void @empty_20, void @empty_20"   --->   Operation 11 'specinterface' 'specinterface_ln0' <Predicate = true> <Delay = 0.00>
ST_1 : Operation 12 [1/1] (0.00ns)   --->   "%specinterface_ln0 = specinterface void @_ssdm_op_SpecInterface, i1 %data_in_V_dest_V, i1 %data_in_V_id_V, i1 %data_in_V_last_V, i1 %data_in_V_user_V, i8 %data_in_V_strb_V, i8 %data_in_V_keep_V, i64 %data_in_V_data_V, void @empty_31, i32 0, i32 0, void @empty_15, i32 0, i32 0, void @empty_20, void @empty_20, void @empty_20, i32 0, i32 0, i32 0, i32 0, void @empty_20, void @empty_20"   --->   Operation 12 'specinterface' 'specinterface_ln0' <Predicate = true> <Delay = 0.00>
ST_1 : Operation 13 [1/1] (0.00ns)   --->   "%br_ln0 = br void"   --->   Operation 13 'br' 'br_ln0' <Predicate = true> <Delay = 0.00>
ST_1 : Operation 14 [1/1] (0.00ns)   --->   "%specpipeline_ln0 = specpipeline void @_ssdm_op_SpecPipeline, i32 4294967295, i32 0, i32 1, i32 0, void @p_str"   --->   Operation 14 'specpipeline' 'specpipeline_ln0' <Predicate = true> <Delay = 0.00>
ST_1 : Operation 15 [1/1] (0.00ns)   --->   "%specloopname_ln50 = specloopname void @_ssdm_op_SpecLoopName, void @empty_30" [../channel_code/channel_gen.cpp:50]   --->   Operation 15 'specloopname' 'specloopname_ln50' <Predicate = true> <Delay = 0.00>
ST_1 : Operation 16 [1/1] (0.00ns)   --->   "%empty = read i84 @_ssdm_op_Read.axis.volatile.i64P0A.i8P0A.i8P0A.i1P0A.i1P0A.i1P0A.i1P0A, i64 %data_in_V_data_V, i8 %data_in_V_keep_V, i8 %data_in_V_strb_V, i1 %data_in_V_user_V, i1 %data_in_V_last_V, i1 %data_in_V_id_V, i1 %data_in_V_dest_V"   --->   Operation 16 'read' 'empty' <Predicate = true> <Delay = 0.00> <CoreInst = "axis">   --->   Core 123 'axis' <Latency = 0> <II = 1> <Delay = 1.00> <Adapter> <Opcode : >
ST_1 : Operation 17 [1/1] (0.00ns)   --->   "%tmp = extractvalue i84 %empty"   --->   Operation 17 'extractvalue' 'tmp' <Predicate = true> <Delay = 0.00>
ST_1 : Operation 18 [1/1] (0.00ns)   --->   "%p_Result_s = partselect i16 @_ssdm_op_PartSelect.i16.i64.i32.i32, i64 %tmp, i32 48, i32 63"   --->   Operation 18 'partselect' 'p_Result_s' <Predicate = true> <Delay = 0.00>
ST_1 : Operation 19 [1/1] (1.10ns)   --->   "%icmp_ln63 = icmp_eq  i16 %p_Result_s, i16 6" [../channel_code/channel_gen.cpp:63]   --->   Operation 19 'icmp' 'icmp_ln63' <Predicate = true> <Delay = 1.10> <CoreInst = "Cmp">   --->   Core 9 'Cmp' <Latency = 0> <II = 1> <Delay = 1.10> <FuncUnit> <Opcode : 'icmp'> <InPorts = 2> <OutPorts = 1>
ST_1 : Operation 20 [1/1] (0.00ns)   --->   "%br_ln63 = br i1 %icmp_ln63, void, void" [../channel_code/channel_gen.cpp:63]   --->   Operation 20 'br' 'br_ln63' <Predicate = true> <Delay = 0.00>
ST_1 : Operation 21 [1/1] (0.00ns)   --->   "%p_Result_s_83 = partselect i16 @_ssdm_op_PartSelect.i16.i64.i32.i32, i64 %tmp, i32 32, i32 47"   --->   Operation 21 'partselect' 'p_Result_s_83' <Predicate = (icmp_ln63)> <Delay = 0.00>
ST_1 : Operation 22 [1/1] (0.00ns)   --->   "%SNR_2 = trunc i64 %tmp"   --->   Operation 22 'trunc' 'SNR_2' <Predicate = (icmp_ln63)> <Delay = 0.00>
ST_1 : Operation 23 [1/1] (0.72ns)   --->   "%switch_ln66 = switch i16 %p_Result_s_83, void %._crit_edge82, i16 0, void %.._crit_edge82_crit_edge, i16 1, void %.._crit_edge83_crit_edge, i16 2, void %.._crit_edge84_crit_edge, i16 3, void %.._crit_edge85_crit_edge, i16 4, void %.._crit_edge86_crit_edge, i16 5, void %.._crit_edge82_crit_edge7" [../channel_code/channel_gen.cpp:66]   --->   Operation 23 'switch' 'switch_ln66' <Predicate = (icmp_ln63)> <Delay = 0.72>
ST_1 : Operation 24 [1/1] (0.00ns)   --->   "%store_ln66 = store i32 %SNR_2, i32 %SNR" [../channel_code/channel_gen.cpp:66]   --->   Operation 24 'store' 'store_ln66' <Predicate = (icmp_ln63 & p_Result_s_83 == 5)> <Delay = 0.00>
ST_1 : Operation 25 [1/1] (0.00ns)   --->   "%br_ln66 = br void %._crit_edge82" [../channel_code/channel_gen.cpp:66]   --->   Operation 25 'br' 'br_ln66' <Predicate = (icmp_ln63 & p_Result_s_83 == 5)> <Delay = 0.00>
ST_1 : Operation 26 [1/1] (0.00ns)   --->   "%store_ln66 = store i32 %SNR_2, i32 %TAPS_NUM" [../channel_code/channel_gen.cpp:66]   --->   Operation 26 'store' 'store_ln66' <Predicate = (icmp_ln63 & p_Result_s_83 == 4)> <Delay = 0.00>
ST_1 : Operation 27 [1/1] (0.00ns)   --->   "%br_ln66 = br void %._crit_edge82" [../channel_code/channel_gen.cpp:66]   --->   Operation 27 'br' 'br_ln66' <Predicate = (icmp_ln63 & p_Result_s_83 == 4)> <Delay = 0.00>
ST_1 : Operation 28 [1/1] (0.00ns)   --->   "%store_ln66 = store i32 %SNR_2, i32 %CP_length" [../channel_code/channel_gen.cpp:66]   --->   Operation 28 'store' 'store_ln66' <Predicate = (icmp_ln63 & p_Result_s_83 == 3)> <Delay = 0.00>
ST_1 : Operation 29 [1/1] (0.00ns)   --->   "%br_ln66 = br void %._crit_edge82" [../channel_code/channel_gen.cpp:66]   --->   Operation 29 'br' 'br_ln66' <Predicate = (icmp_ln63 & p_Result_s_83 == 3)> <Delay = 0.00>
ST_1 : Operation 30 [1/1] (0.00ns)   --->   "%store_ln66 = store i32 %SNR_2, i32 %pilot_width" [../channel_code/channel_gen.cpp:66]   --->   Operation 30 'store' 'store_ln66' <Predicate = (icmp_ln63 & p_Result_s_83 == 2)> <Delay = 0.00>
ST_1 : Operation 31 [1/1] (0.00ns)   --->   "%br_ln66 = br void %._crit_edge82" [../channel_code/channel_gen.cpp:66]   --->   Operation 31 'br' 'br_ln66' <Predicate = (icmp_ln63 & p_Result_s_83 == 2)> <Delay = 0.00>
ST_1 : Operation 32 [1/1] (0.00ns)   --->   "%store_ln66 = store i32 %SNR_2, i32 %sym_num" [../channel_code/channel_gen.cpp:66]   --->   Operation 32 'store' 'store_ln66' <Predicate = (icmp_ln63 & p_Result_s_83 == 1)> <Delay = 0.00>
ST_1 : Operation 33 [1/1] (0.00ns)   --->   "%br_ln66 = br void %._crit_edge82" [../channel_code/channel_gen.cpp:66]   --->   Operation 33 'br' 'br_ln66' <Predicate = (icmp_ln63 & p_Result_s_83 == 1)> <Delay = 0.00>
ST_1 : Operation 34 [1/1] (0.00ns)   --->   "%store_ln66 = store i32 %SNR_2, i32 %DATA_LEN" [../channel_code/channel_gen.cpp:66]   --->   Operation 34 'store' 'store_ln66' <Predicate = (icmp_ln63 & p_Result_s_83 == 0)> <Delay = 0.00>
ST_1 : Operation 35 [1/1] (0.00ns)   --->   "%br_ln66 = br void %._crit_edge82" [../channel_code/channel_gen.cpp:66]   --->   Operation 35 'br' 'br_ln66' <Predicate = (icmp_ln63 & p_Result_s_83 == 0)> <Delay = 0.00>
ST_1 : Operation 36 [1/1] (1.10ns)   --->   "%icmp_ln89 = icmp_eq  i16 %p_Result_s, i16 65535" [../channel_code/channel_gen.cpp:89]   --->   Operation 36 'icmp' 'icmp_ln89' <Predicate = true> <Delay = 1.10> <CoreInst = "Cmp">   --->   Core 9 'Cmp' <Latency = 0> <II = 1> <Delay = 1.10> <FuncUnit> <Opcode : 'icmp'> <InPorts = 2> <OutPorts = 1>
ST_1 : Operation 37 [1/1] (0.00ns)   --->   "%br_ln89 = br i1 %icmp_ln89, void, void %_ifconv.exitStub" [../channel_code/channel_gen.cpp:89]   --->   Operation 37 'br' 'br_ln89' <Predicate = true> <Delay = 0.00>

State 2 <SV = 1> <Delay = 0.00>
ST_2 : Operation 38 [1/1] (0.00ns)   --->   "%write_ln304 = write void @_ssdm_op_Write.axis.volatile.i64P0A.i8P0A.i8P0A.i1P0A.i1P0A.i1P0A.i1P0A, i64 %data_out_V_data_V, i8 %data_out_V_keep_V, i8 %data_out_V_strb_V, i1 %data_out_V_user_V, i1 %data_out_V_last_V, i1 %data_out_V_id_V, i1 %data_out_V_dest_V, i64 %tmp, i8 0, i8 0, i1 0, i1 0, i1 0, i1 0"   --->   Operation 38 'write' 'write_ln304' <Predicate = (!icmp_ln63)> <Delay = 0.00> <CoreInst = "axis">   --->   Core 123 'axis' <Latency = 0> <II = 1> <Delay = 1.00> <Adapter> <Opcode : >
ST_2 : Operation 39 [1/1] (0.00ns)   --->   "%br_ln0 = br void %._crit_edge82"   --->   Operation 39 'br' 'br_ln0' <Predicate = (!icmp_ln63)> <Delay = 0.00>
ST_2 : Operation 40 [1/1] (0.00ns)   --->   "%SNR_load = load i32 %SNR"   --->   Operation 40 'load' 'SNR_load' <Predicate = (icmp_ln89)> <Delay = 0.00>
ST_2 : Operation 41 [1/1] (0.00ns)   --->   "%DATA_LEN_load = load i32 %DATA_LEN"   --->   Operation 41 'load' 'DATA_LEN_load' <Predicate = (icmp_ln89)> <Delay = 0.00>
ST_2 : Operation 42 [1/1] (0.00ns)   --->   "%sym_num_load = load i32 %sym_num"   --->   Operation 42 'load' 'sym_num_load' <Predicate = (icmp_ln89)> <Delay = 0.00>
ST_2 : Operation 43 [1/1] (0.00ns)   --->   "%pilot_width_load = load i32 %pilot_width"   --->   Operation 43 'load' 'pilot_width_load' <Predicate = (icmp_ln89)> <Delay = 0.00>
ST_2 : Operation 44 [1/1] (0.00ns)   --->   "%CP_length_load = load i32 %CP_length"   --->   Operation 44 'load' 'CP_length_load' <Predicate = (icmp_ln89)> <Delay = 0.00>
ST_2 : Operation 45 [1/1] (0.00ns)   --->   "%TAPS_NUM_load = load i32 %TAPS_NUM"   --->   Operation 45 'load' 'TAPS_NUM_load' <Predicate = (icmp_ln89)> <Delay = 0.00>
ST_2 : Operation 46 [1/1] (0.00ns)   --->   "%write_ln0 = write void @_ssdm_op_Write.ap_auto.i32P0A, i32 %TAPS_NUM_5_out, i32 %TAPS_NUM_load"   --->   Operation 46 'write' 'write_ln0' <Predicate = (icmp_ln89)> <Delay = 0.00>
ST_2 : Operation 47 [1/1] (0.00ns)   --->   "%write_ln0 = write void @_ssdm_op_Write.ap_auto.i32P0A, i32 %CP_length_4_out, i32 %CP_length_load"   --->   Operation 47 'write' 'write_ln0' <Predicate = (icmp_ln89)> <Delay = 0.00>
ST_2 : Operation 48 [1/1] (0.00ns)   --->   "%write_ln0 = write void @_ssdm_op_Write.ap_auto.i32P0A, i32 %pilot_width_3_out, i32 %pilot_width_load"   --->   Operation 48 'write' 'write_ln0' <Predicate = (icmp_ln89)> <Delay = 0.00>
ST_2 : Operation 49 [1/1] (0.00ns)   --->   "%write_ln0 = write void @_ssdm_op_Write.ap_auto.i32P0A, i32 %sym_num_2_out, i32 %sym_num_load"   --->   Operation 49 'write' 'write_ln0' <Predicate = (icmp_ln89)> <Delay = 0.00>
ST_2 : Operation 50 [1/1] (0.00ns)   --->   "%write_ln0 = write void @_ssdm_op_Write.ap_auto.i32P0A, i32 %DATA_LEN_1_out, i32 %DATA_LEN_load"   --->   Operation 50 'write' 'write_ln0' <Predicate = (icmp_ln89)> <Delay = 0.00>
ST_2 : Operation 51 [1/1] (0.00ns)   --->   "%write_ln0 = write void @_ssdm_op_Write.ap_auto.i32P0A, i32 %SNR_7_out, i32 %SNR_load"   --->   Operation 51 'write' 'write_ln0' <Predicate = (icmp_ln89)> <Delay = 0.00>
ST_2 : Operation 52 [1/1] (0.00ns)   --->   "%ret_ln0 = ret"   --->   Operation 52 'ret' 'ret_ln0' <Predicate = (icmp_ln89)> <Delay = 0.00>


============================================================
+ Verbose Summary: Binding
============================================================
STG Binding: 
---------------- STG Properties BEGIN ----------------
- Is combinational: 0
- Is one-state seq: 0
- Is datapath-only: 0
- Is pipelined: 0
- Is top level: 0
Port [ Return ] is wired: 1; IO mode=ap_ctrl_hs:ce=0
Port [ data_in_V_data_V]:  wired=1; compound=1; hidden=0; nouse=0; global=0; static=0; extern=0; dir=0; type=0; pingpong=0; private_global=0; IO mode=axis:ce=0
Port [ data_in_V_keep_V]:  wired=1; compound=1; hidden=0; nouse=0; global=0; static=0; extern=0; dir=0; type=0; pingpong=0; private_global=0; IO mode=axis:ce=0
Port [ data_in_V_strb_V]:  wired=1; compound=1; hidden=0; nouse=0; global=0; static=0; extern=0; dir=0; type=0; pingpong=0; private_global=0; IO mode=axis:ce=0
Port [ data_in_V_user_V]:  wired=1; compound=1; hidden=0; nouse=0; global=0; static=0; extern=0; dir=0; type=0; pingpong=0; private_global=0; IO mode=axis:ce=0
Port [ data_in_V_last_V]:  wired=1; compound=1; hidden=0; nouse=0; global=0; static=0; extern=0; dir=0; type=0; pingpong=0; private_global=0; IO mode=axis:ce=0
Port [ data_in_V_id_V]:  wired=1; compound=1; hidden=0; nouse=0; global=0; static=0; extern=0; dir=0; type=0; pingpong=0; private_global=0; IO mode=axis:ce=0
Port [ data_in_V_dest_V]:  wired=1; compound=1; hidden=0; nouse=0; global=0; static=0; extern=0; dir=0; type=0; pingpong=0; private_global=0; IO mode=axis:ce=0
Port [ data_out_V_data_V]:  wired=1; compound=1; hidden=0; nouse=0; global=0; static=0; extern=0; dir=1; type=0; pingpong=0; private_global=0; IO mode=axis:ce=0
Port [ data_out_V_keep_V]:  wired=1; compound=1; hidden=0; nouse=0; global=0; static=0; extern=0; dir=1; type=0; pingpong=0; private_global=0; IO mode=axis:ce=0
Port [ data_out_V_strb_V]:  wired=1; compound=1; hidden=0; nouse=0; global=0; static=0; extern=0; dir=1; type=0; pingpong=0; private_global=0; IO mode=axis:ce=0
Port [ data_out_V_user_V]:  wired=1; compound=1; hidden=0; nouse=0; global=0; static=0; extern=0; dir=1; type=0; pingpong=0; private_global=0; IO mode=axis:ce=0
Port [ data_out_V_last_V]:  wired=1; compound=1; hidden=0; nouse=0; global=0; static=0; extern=0; dir=1; type=0; pingpong=0; private_global=0; IO mode=axis:ce=0
Port [ data_out_V_id_V]:  wired=1; compound=1; hidden=0; nouse=0; global=0; static=0; extern=0; dir=1; type=0; pingpong=0; private_global=0; IO mode=axis:ce=0
Port [ data_out_V_dest_V]:  wired=1; compound=1; hidden=0; nouse=0; global=0; static=0; extern=0; dir=1; type=0; pingpong=0; private_global=0; IO mode=axis:ce=0
Port [ TAPS_NUM_5_out]:  wired=1; compound=0; hidden=0; nouse=0; global=0; static=0; extern=0; dir=1; type=0; pingpong=0; private_global=0; IO mode=ap_vld:ce=0
Port [ CP_length_4_out]:  wired=1; compound=0; hidden=0; nouse=0; global=0; static=0; extern=0; dir=1; type=0; pingpong=0; private_global=0; IO mode=ap_vld:ce=0
Port [ pilot_width_3_out]:  wired=1; compound=0; hidden=0; nouse=0; global=0; static=0; extern=0; dir=1; type=0; pingpong=0; private_global=0; IO mode=ap_vld:ce=0
Port [ sym_num_2_out]:  wired=1; compound=0; hidden=0; nouse=0; global=0; static=0; extern=0; dir=1; type=0; pingpong=0; private_global=0; IO mode=ap_vld:ce=0
Port [ DATA_LEN_1_out]:  wired=1; compound=0; hidden=0; nouse=0; global=0; static=0; extern=0; dir=1; type=0; pingpong=0; private_global=0; IO mode=ap_vld:ce=0
Port [ SNR_7_out]:  wired=1; compound=0; hidden=0; nouse=0; global=0; static=0; extern=0; dir=1; type=0; pingpong=0; private_global=0; IO mode=ap_vld:ce=0
---------------- STG Properties END ------------------

---------------- Datapath Model BEGIN ----------------

<LifeTime>
<method=bitvector/>
SNR               (alloca       ) [ 011]
DATA_LEN          (alloca       ) [ 011]
sym_num           (alloca       ) [ 011]
pilot_width       (alloca       ) [ 011]
CP_length         (alloca       ) [ 011]
TAPS_NUM          (alloca       ) [ 011]
specinterface_ln0 (specinterface) [ 000]
specinterface_ln0 (specinterface) [ 000]
br_ln0            (br           ) [ 000]
specpipeline_ln0  (specpipeline ) [ 000]
specloopname_ln50 (specloopname ) [ 000]
empty             (read         ) [ 000]
tmp               (extractvalue ) [ 011]
p_Result_s        (partselect   ) [ 000]
icmp_ln63         (icmp         ) [ 011]
br_ln63           (br           ) [ 000]
p_Result_s_83     (partselect   ) [ 010]
SNR_2             (trunc        ) [ 000]
switch_ln66       (switch       ) [ 000]
store_ln66        (store        ) [ 000]
br_ln66           (br           ) [ 000]
store_ln66        (store        ) [ 000]
br_ln66           (br           ) [ 000]
store_ln66        (store        ) [ 000]
br_ln66           (br           ) [ 000]
store_ln66        (store        ) [ 000]
br_ln66           (br           ) [ 000]
store_ln66        (store        ) [ 000]
br_ln66           (br           ) [ 000]
store_ln66        (store        ) [ 000]
br_ln66           (br           ) [ 000]
icmp_ln89         (icmp         ) [ 011]
br_ln89           (br           ) [ 000]
write_ln304       (write        ) [ 000]
br_ln0            (br           ) [ 000]
SNR_load          (load         ) [ 000]
DATA_LEN_load     (load         ) [ 000]
sym_num_load      (load         ) [ 000]
pilot_width_load  (load         ) [ 000]
CP_length_load    (load         ) [ 000]
TAPS_NUM_load     (load         ) [ 000]
write_ln0         (write        ) [ 000]
write_ln0         (write        ) [ 000]
write_ln0         (write        ) [ 000]
write_ln0         (write        ) [ 000]
write_ln0         (write        ) [ 000]
write_ln0         (write        ) [ 000]
ret_ln0           (ret          ) [ 000]
</LifeTime>

<model>

<comp_list>
<comp id="0" class="1000" name="data_in_V_data_V">
<pin_list>
<pin id="1" dir="1" index="0" bw="1" slack="0"/>
</pin_list>
<bind>
<StgValue><ssdm name="data_in_V_data_V"/></StgValue>
</bind>
</comp>

<comp id="2" class="1000" name="data_in_V_keep_V">
<pin_list>
<pin id="3" dir="1" index="0" bw="1" slack="0"/>
</pin_list>
<bind>
<StgValue><ssdm name="data_in_V_keep_V"/></StgValue>
</bind>
</comp>

<comp id="4" class="1000" name="data_in_V_strb_V">
<pin_list>
<pin id="5" dir="1" index="0" bw="1" slack="0"/>
</pin_list>
<bind>
<StgValue><ssdm name="data_in_V_strb_V"/></StgValue>
</bind>
</comp>

<comp id="6" class="1000" name="data_in_V_user_V">
<pin_list>
<pin id="7" dir="1" index="0" bw="1" slack="0"/>
</pin_list>
<bind>
<StgValue><ssdm name="data_in_V_user_V"/></StgValue>
</bind>
</comp>

<comp id="8" class="1000" name="data_in_V_last_V">
<pin_list>
<pin id="9" dir="1" index="0" bw="1" slack="0"/>
</pin_list>
<bind>
<StgValue><ssdm name="data_in_V_last_V"/></StgValue>
</bind>
</comp>

<comp id="10" class="1000" name="data_in_V_id_V">
<pin_list>
<pin id="11" dir="1" index="0" bw="1" slack="0"/>
</pin_list>
<bind>
<StgValue><ssdm name="data_in_V_id_V"/></StgValue>
</bind>
</comp>

<comp id="12" class="1000" name="data_in_V_dest_V">
<pin_list>
<pin id="13" dir="1" index="0" bw="1" slack="0"/>
</pin_list>
<bind>
<StgValue><ssdm name="data_in_V_dest_V"/></StgValue>
</bind>
</comp>

<comp id="14" class="1000" name="data_out_V_data_V">
<pin_list>
<pin id="15" dir="1" index="0" bw="1" slack="0"/>
</pin_list>
<bind>
<StgValue><ssdm name="data_out_V_data_V"/></StgValue>
</bind>
</comp>

<comp id="16" class="1000" name="data_out_V_keep_V">
<pin_list>
<pin id="17" dir="1" index="0" bw="1" slack="0"/>
</pin_list>
<bind>
<StgValue><ssdm name="data_out_V_keep_V"/></StgValue>
</bind>
</comp>

<comp id="18" class="1000" name="data_out_V_strb_V">
<pin_list>
<pin id="19" dir="1" index="0" bw="1" slack="0"/>
</pin_list>
<bind>
<StgValue><ssdm name="data_out_V_strb_V"/></StgValue>
</bind>
</comp>

<comp id="20" class="1000" name="data_out_V_user_V">
<pin_list>
<pin id="21" dir="1" index="0" bw="1" slack="0"/>
</pin_list>
<bind>
<StgValue><ssdm name="data_out_V_user_V"/></StgValue>
</bind>
</comp>

<comp id="22" class="1000" name="data_out_V_last_V">
<pin_list>
<pin id="23" dir="1" index="0" bw="1" slack="0"/>
</pin_list>
<bind>
<StgValue><ssdm name="data_out_V_last_V"/></StgValue>
</bind>
</comp>

<comp id="24" class="1000" name="data_out_V_id_V">
<pin_list>
<pin id="25" dir="1" index="0" bw="1" slack="0"/>
</pin_list>
<bind>
<StgValue><ssdm name="data_out_V_id_V"/></StgValue>
</bind>
</comp>

<comp id="26" class="1000" name="data_out_V_dest_V">
<pin_list>
<pin id="27" dir="1" index="0" bw="1" slack="0"/>
</pin_list>
<bind>
<StgValue><ssdm name="data_out_V_dest_V"/></StgValue>
</bind>
</comp>

<comp id="28" class="1000" name="TAPS_NUM_5_out">
<pin_list>
<pin id="29" dir="1" index="0" bw="1" slack="0"/>
</pin_list>
<bind>
<StgValue><ssdm name="TAPS_NUM_5_out"/></StgValue>
</bind>
</comp>

<comp id="30" class="1000" name="CP_length_4_out">
<pin_list>
<pin id="31" dir="1" index="0" bw="1" slack="0"/>
</pin_list>
<bind>
<StgValue><ssdm name="CP_length_4_out"/></StgValue>
</bind>
</comp>

<comp id="32" class="1000" name="pilot_width_3_out">
<pin_list>
<pin id="33" dir="1" index="0" bw="1" slack="0"/>
</pin_list>
<bind>
<StgValue><ssdm name="pilot_width_3_out"/></StgValue>
</bind>
</comp>

<comp id="34" class="1000" name="sym_num_2_out">
<pin_list>
<pin id="35" dir="1" index="0" bw="1" slack="0"/>
</pin_list>
<bind>
<StgValue><ssdm name="sym_num_2_out"/></StgValue>
</bind>
</comp>

<comp id="36" class="1000" name="DATA_LEN_1_out">
<pin_list>
<pin id="37" dir="1" index="0" bw="1" slack="0"/>
</pin_list>
<bind>
<StgValue><ssdm name="DATA_LEN_1_out"/></StgValue>
</bind>
</comp>

<comp id="38" class="1000" name="SNR_7_out">
<pin_list>
<pin id="39" dir="1" index="0" bw="1" slack="0"/>
</pin_list>
<bind>
<StgValue><ssdm name="SNR_7_out"/></StgValue>
</bind>
</comp>

<comp id="40" class="1001" name="const_40">
<pin_list>
<pin id="41" dir="1" index="0" bw="1" slack="0"/>
</pin_list>
<bind>
<StgValue><ssdm name=""/></StgValue>
</bind>
</comp>

<comp id="42" class="1001" name="const_42">
<pin_list>
<pin id="43" dir="1" index="0" bw="1" slack="2147483647"/>
</pin_list>
<bind>
<StgValue><ssdm name="_ssdm_op_SpecInterface"/></StgValue>
</bind>
</comp>

<comp id="44" class="1001" name="const_44">
<pin_list>
<pin id="45" dir="1" index="0" bw="1" slack="2147483647"/>
</pin_list>
<bind>
<StgValue><ssdm name="empty_31"/></StgValue>
</bind>
</comp>

<comp id="46" class="1001" name="const_46">
<pin_list>
<pin id="47" dir="1" index="0" bw="1" slack="2147483647"/>
</pin_list>
<bind>
<StgValue><ssdm name=""/></StgValue>
</bind>
</comp>

<comp id="48" class="1001" name="const_48">
<pin_list>
<pin id="49" dir="1" index="0" bw="1" slack="2147483647"/>
</pin_list>
<bind>
<StgValue><ssdm name="empty_15"/></StgValue>
</bind>
</comp>

<comp id="50" class="1001" name="const_50">
<pin_list>
<pin id="51" dir="1" index="0" bw="1" slack="2147483647"/>
</pin_list>
<bind>
<StgValue><ssdm name="empty_20"/></StgValue>
</bind>
</comp>

<comp id="52" class="1001" name="const_52">
<pin_list>
<pin id="53" dir="1" index="0" bw="1" slack="2147483647"/>
</pin_list>
<bind>
<StgValue><ssdm name="_ssdm_op_SpecPipeline"/></StgValue>
</bind>
</comp>

<comp id="54" class="1001" name="const_54">
<pin_list>
<pin id="55" dir="1" index="0" bw="1" slack="2147483647"/>
</pin_list>
<bind>
<StgValue><ssdm name=""/></StgValue>
</bind>
</comp>

<comp id="56" class="1001" name="const_56">
<pin_list>
<pin id="57" dir="1" index="0" bw="1" slack="2147483647"/>
</pin_list>
<bind>
<StgValue><ssdm name="p_str"/></StgValue>
</bind>
</comp>

<comp id="58" class="1001" name="const_58">
<pin_list>
<pin id="59" dir="1" index="0" bw="1" slack="2147483647"/>
</pin_list>
<bind>
<StgValue><ssdm name="_ssdm_op_SpecLoopName"/></StgValue>
</bind>
</comp>

<comp id="60" class="1001" name="const_60">
<pin_list>
<pin id="61" dir="1" index="0" bw="1" slack="2147483647"/>
</pin_list>
<bind>
<StgValue><ssdm name="empty_30"/></StgValue>
</bind>
</comp>

<comp id="62" class="1001" name="const_62">
<pin_list>
<pin id="63" dir="1" index="0" bw="1" slack="0"/>
</pin_list>
<bind>
<StgValue><ssdm name="_ssdm_op_Read.axis.volatile.i64P0A.i8P0A.i8P0A.i1P0A.i1P0A.i1P0A.i1P0A"/></StgValue>
</bind>
</comp>

<comp id="64" class="1001" name="const_64">
<pin_list>
<pin id="65" dir="1" index="0" bw="1" slack="0"/>
</pin_list>
<bind>
<StgValue><ssdm name="_ssdm_op_PartSelect.i16.i64.i32.i32"/></StgValue>
</bind>
</comp>

<comp id="66" class="1001" name="const_66">
<pin_list>
<pin id="67" dir="1" index="0" bw="1" slack="0"/>
</pin_list>
<bind>
<StgValue><ssdm name=""/></StgValue>
</bind>
</comp>

<comp id="68" class="1001" name="const_68">
<pin_list>
<pin id="69" dir="1" index="0" bw="1" slack="0"/>
</pin_list>
<bind>
<StgValue><ssdm name=""/></StgValue>
</bind>
</comp>

<comp id="70" class="1001" name="const_70">
<pin_list>
<pin id="71" dir="1" index="0" bw="1" slack="0"/>
</pin_list>
<bind>
<StgValue><ssdm name=""/></StgValue>
</bind>
</comp>

<comp id="72" class="1001" name="const_72">
<pin_list>
<pin id="73" dir="1" index="0" bw="1" slack="0"/>
</pin_list>
<bind>
<StgValue><ssdm name=""/></StgValue>
</bind>
</comp>

<comp id="74" class="1001" name="const_74">
<pin_list>
<pin id="75" dir="1" index="0" bw="1" slack="0"/>
</pin_list>
<bind>
<StgValue><ssdm name=""/></StgValue>
</bind>
</comp>

<comp id="76" class="1001" name="const_76">
<pin_list>
<pin id="77" dir="1" index="0" bw="1" slack="2147483647"/>
</pin_list>
<bind>
<StgValue><ssdm name=""/></StgValue>
</bind>
</comp>

<comp id="78" class="1001" name="const_78">
<pin_list>
<pin id="79" dir="1" index="0" bw="1" slack="2147483647"/>
</pin_list>
<bind>
<StgValue><ssdm name=""/></StgValue>
</bind>
</comp>

<comp id="80" class="1001" name="const_80">
<pin_list>
<pin id="81" dir="1" index="0" bw="1" slack="2147483647"/>
</pin_list>
<bind>
<StgValue><ssdm name=""/></StgValue>
</bind>
</comp>

<comp id="82" class="1001" name="const_82">
<pin_list>
<pin id="83" dir="1" index="0" bw="1" slack="2147483647"/>
</pin_list>
<bind>
<StgValue><ssdm name=""/></StgValue>
</bind>
</comp>

<comp id="84" class="1001" name="const_84">
<pin_list>
<pin id="85" dir="1" index="0" bw="1" slack="2147483647"/>
</pin_list>
<bind>
<StgValue><ssdm name=""/></StgValue>
</bind>
</comp>

<comp id="86" class="1001" name="const_86">
<pin_list>
<pin id="87" dir="1" index="0" bw="1" slack="2147483647"/>
</pin_list>
<bind>
<StgValue><ssdm name=""/></StgValue>
</bind>
</comp>

<comp id="88" class="1001" name="const_88">
<pin_list>
<pin id="89" dir="1" index="0" bw="1" slack="0"/>
</pin_list>
<bind>
<StgValue><ssdm name=""/></StgValue>
</bind>
</comp>

<comp id="90" class="1001" name="const_90">
<pin_list>
<pin id="91" dir="1" index="0" bw="1" slack="0"/>
</pin_list>
<bind>
<StgValue><ssdm name="_ssdm_op_Write.axis.volatile.i64P0A.i8P0A.i8P0A.i1P0A.i1P0A.i1P0A.i1P0A"/></StgValue>
</bind>
</comp>

<comp id="92" class="1001" name="const_92">
<pin_list>
<pin id="93" dir="1" index="0" bw="1" slack="0"/>
</pin_list>
<bind>
<StgValue><ssdm name=""/></StgValue>
</bind>
</comp>

<comp id="94" class="1001" name="const_94">
<pin_list>
<pin id="95" dir="1" index="0" bw="1" slack="0"/>
</pin_list>
<bind>
<StgValue><ssdm name=""/></StgValue>
</bind>
</comp>

<comp id="96" class="1001" name="const_96">
<pin_list>
<pin id="97" dir="1" index="0" bw="1" slack="0"/>
</pin_list>
<bind>
<StgValue><ssdm name="_ssdm_op_Write.ap_auto.i32P0A"/></StgValue>
</bind>
</comp>

<comp id="98" class="1004" name="SNR_fu_98">
<pin_list>
<pin id="99" dir="0" index="0" bw="1" slack="0"/>
<pin id="100" dir="1" index="1" bw="32" slack="0"/>
</pin_list>
<bind>
<opcode="alloca(26) " fcode="alloca"/>
<opset="SNR/1 "/>
</bind>
</comp>

<comp id="102" class="1004" name="DATA_LEN_fu_102">
<pin_list>
<pin id="103" dir="0" index="0" bw="1" slack="0"/>
<pin id="104" dir="1" index="1" bw="32" slack="0"/>
</pin_list>
<bind>
<opcode="alloca(26) " fcode="alloca"/>
<opset="DATA_LEN/1 "/>
</bind>
</comp>

<comp id="106" class="1004" name="sym_num_fu_106">
<pin_list>
<pin id="107" dir="0" index="0" bw="1" slack="0"/>
<pin id="108" dir="1" index="1" bw="32" slack="0"/>
</pin_list>
<bind>
<opcode="alloca(26) " fcode="alloca"/>
<opset="sym_num/1 "/>
</bind>
</comp>

<comp id="110" class="1004" name="pilot_width_fu_110">
<pin_list>
<pin id="111" dir="0" index="0" bw="1" slack="0"/>
<pin id="112" dir="1" index="1" bw="32" slack="0"/>
</pin_list>
<bind>
<opcode="alloca(26) " fcode="alloca"/>
<opset="pilot_width/1 "/>
</bind>
</comp>

<comp id="114" class="1004" name="CP_length_fu_114">
<pin_list>
<pin id="115" dir="0" index="0" bw="1" slack="0"/>
<pin id="116" dir="1" index="1" bw="32" slack="0"/>
</pin_list>
<bind>
<opcode="alloca(26) " fcode="alloca"/>
<opset="CP_length/1 "/>
</bind>
</comp>

<comp id="118" class="1004" name="TAPS_NUM_fu_118">
<pin_list>
<pin id="119" dir="0" index="0" bw="1" slack="0"/>
<pin id="120" dir="1" index="1" bw="32" slack="0"/>
</pin_list>
<bind>
<opcode="alloca(26) " fcode="alloca"/>
<opset="TAPS_NUM/1 "/>
</bind>
</comp>

<comp id="122" class="1004" name="empty_read_fu_122">
<pin_list>
<pin id="123" dir="0" index="0" bw="84" slack="0"/>
<pin id="124" dir="0" index="1" bw="64" slack="0"/>
<pin id="125" dir="0" index="2" bw="8" slack="0"/>
<pin id="126" dir="0" index="3" bw="8" slack="0"/>
<pin id="127" dir="0" index="4" bw="1" slack="0"/>
<pin id="128" dir="0" index="5" bw="1" slack="0"/>
<pin id="129" dir="0" index="6" bw="1" slack="0"/>
<pin id="130" dir="0" index="7" bw="1" slack="0"/>
<pin id="131" dir="1" index="8" bw="84" slack="0"/>
</pin_list>
<bind>
<opcode="read(1150) " fcode="read"/>
<opset="empty/1 "/>
</bind>
</comp>

<comp id="140" class="1004" name="write_ln304_write_fu_140">
<pin_list>
<pin id="141" dir="0" index="0" bw="0" slack="0"/>
<pin id="142" dir="0" index="1" bw="64" slack="0"/>
<pin id="143" dir="0" index="2" bw="8" slack="0"/>
<pin id="144" dir="0" index="3" bw="8" slack="0"/>
<pin id="145" dir="0" index="4" bw="1" slack="0"/>
<pin id="146" dir="0" index="5" bw="1" slack="0"/>
<pin id="147" dir="0" index="6" bw="1" slack="0"/>
<pin id="148" dir="0" index="7" bw="1" slack="0"/>
<pin id="149" dir="0" index="8" bw="64" slack="1"/>
<pin id="150" dir="0" index="9" bw="1" slack="0"/>
<pin id="151" dir="0" index="10" bw="1" slack="0"/>
<pin id="152" dir="0" index="11" bw="1" slack="0"/>
<pin id="153" dir="0" index="12" bw="1" slack="0"/>
<pin id="154" dir="0" index="13" bw="1" slack="0"/>
<pin id="155" dir="0" index="14" bw="1" slack="0"/>
<pin id="156" dir="1" index="15" bw="0" slack="2147483647"/>
</pin_list>
<bind>
<opcode="write(1151) " fcode="write"/>
<opset="write_ln304/2 "/>
</bind>
</comp>

<comp id="171" class="1004" name="write_ln0_write_fu_171">
<pin_list>
<pin id="172" dir="0" index="0" bw="0" slack="0"/>
<pin id="173" dir="0" index="1" bw="32" slack="0"/>
<pin id="174" dir="0" index="2" bw="32" slack="0"/>
<pin id="175" dir="1" index="3" bw="0" slack="2147483647"/>
</pin_list>
<bind>
<opcode="write(1151) " fcode="write"/>
<opset="write_ln0/2 "/>
</bind>
</comp>

<comp id="178" class="1004" name="write_ln0_write_fu_178">
<pin_list>
<pin id="179" dir="0" index="0" bw="0" slack="0"/>
<pin id="180" dir="0" index="1" bw="32" slack="0"/>
<pin id="181" dir="0" index="2" bw="32" slack="0"/>
<pin id="182" dir="1" index="3" bw="0" slack="2147483647"/>
</pin_list>
<bind>
<opcode="write(1151) " fcode="write"/>
<opset="write_ln0/2 "/>
</bind>
</comp>

<comp id="185" class="1004" name="write_ln0_write_fu_185">
<pin_list>
<pin id="186" dir="0" index="0" bw="0" slack="0"/>
<pin id="187" dir="0" index="1" bw="32" slack="0"/>
<pin id="188" dir="0" index="2" bw="32" slack="0"/>
<pin id="189" dir="1" index="3" bw="0" slack="2147483647"/>
</pin_list>
<bind>
<opcode="write(1151) " fcode="write"/>
<opset="write_ln0/2 "/>
</bind>
</comp>

<comp id="192" class="1004" name="write_ln0_write_fu_192">
<pin_list>
<pin id="193" dir="0" index="0" bw="0" slack="0"/>
<pin id="194" dir="0" index="1" bw="32" slack="0"/>
<pin id="195" dir="0" index="2" bw="32" slack="0"/>
<pin id="196" dir="1" index="3" bw="0" slack="2147483647"/>
</pin_list>
<bind>
<opcode="write(1151) " fcode="write"/>
<opset="write_ln0/2 "/>
</bind>
</comp>

<comp id="199" class="1004" name="write_ln0_write_fu_199">
<pin_list>
<pin id="200" dir="0" index="0" bw="0" slack="0"/>
<pin id="201" dir="0" index="1" bw="32" slack="0"/>
<pin id="202" dir="0" index="2" bw="32" slack="0"/>
<pin id="203" dir="1" index="3" bw="0" slack="2147483647"/>
</pin_list>
<bind>
<opcode="write(1151) " fcode="write"/>
<opset="write_ln0/2 "/>
</bind>
</comp>

<comp id="206" class="1004" name="write_ln0_write_fu_206">
<pin_list>
<pin id="207" dir="0" index="0" bw="0" slack="0"/>
<pin id="208" dir="0" index="1" bw="32" slack="0"/>
<pin id="209" dir="0" index="2" bw="32" slack="0"/>
<pin id="210" dir="1" index="3" bw="0" slack="2147483647"/>
</pin_list>
<bind>
<opcode="write(1151) " fcode="write"/>
<opset="write_ln0/2 "/>
</bind>
</comp>

<comp id="213" class="1004" name="tmp_fu_213">
<pin_list>
<pin id="214" dir="0" index="0" bw="84" slack="0"/>
<pin id="215" dir="1" index="1" bw="64" slack="0"/>
</pin_list>
<bind>
<opcode="extractvalue(56) " fcode="extractvalue"/>
<opset="tmp/1 "/>
</bind>
</comp>

<comp id="217" class="1004" name="p_Result_s_fu_217">
<pin_list>
<pin id="218" dir="0" index="0" bw="16" slack="0"/>
<pin id="219" dir="0" index="1" bw="64" slack="0"/>
<pin id="220" dir="0" index="2" bw="7" slack="0"/>
<pin id="221" dir="0" index="3" bw="7" slack="0"/>
<pin id="222" dir="1" index="4" bw="16" slack="0"/>
</pin_list>
<bind>
<opcode="partselect(1002) " fcode="partselect"/>
<opset="p_Result_s/1 "/>
</bind>
</comp>

<comp id="227" class="1004" name="icmp_ln63_fu_227">
<pin_list>
<pin id="228" dir="0" index="0" bw="16" slack="0"/>
<pin id="229" dir="0" index="1" bw="4" slack="0"/>
<pin id="230" dir="1" index="2" bw="1" slack="1"/>
</pin_list>
<bind>
<opcode="icmp(45) " fcode="icmp"/>
<opset="icmp_ln63/1 "/>
</bind>
</comp>

<comp id="233" class="1004" name="p_Result_s_83_fu_233">
<pin_list>
<pin id="234" dir="0" index="0" bw="16" slack="0"/>
<pin id="235" dir="0" index="1" bw="64" slack="0"/>
<pin id="236" dir="0" index="2" bw="7" slack="0"/>
<pin id="237" dir="0" index="3" bw="7" slack="0"/>
<pin id="238" dir="1" index="4" bw="16" slack="2147483647"/>
</pin_list>
<bind>
<opcode="partselect(1002) " fcode="partselect"/>
<opset="p_Result_s_83/1 "/>
</bind>
</comp>

<comp id="243" class="1004" name="SNR_2_fu_243">
<pin_list>
<pin id="244" dir="0" index="0" bw="64" slack="0"/>
<pin id="245" dir="1" index="1" bw="32" slack="0"/>
</pin_list>
<bind>
<opcode="trunc(33) " fcode="trunc"/>
<opset="SNR_2/1 "/>
</bind>
</comp>

<comp id="247" class="1004" name="store_ln66_store_fu_247">
<pin_list>
<pin id="248" dir="0" index="0" bw="32" slack="0"/>
<pin id="249" dir="0" index="1" bw="32" slack="0"/>
<pin id="250" dir="1" index="2" bw="0" slack="2147483647"/>
</pin_list>
<bind>
<opcode="store(28) " fcode="store"/>
<opset="store_ln66/1 "/>
</bind>
</comp>

<comp id="252" class="1004" name="store_ln66_store_fu_252">
<pin_list>
<pin id="253" dir="0" index="0" bw="32" slack="0"/>
<pin id="254" dir="0" index="1" bw="32" slack="0"/>
<pin id="255" dir="1" index="2" bw="0" slack="2147483647"/>
</pin_list>
<bind>
<opcode="store(28) " fcode="store"/>
<opset="store_ln66/1 "/>
</bind>
</comp>

<comp id="257" class="1004" name="store_ln66_store_fu_257">
<pin_list>
<pin id="258" dir="0" index="0" bw="32" slack="0"/>
<pin id="259" dir="0" index="1" bw="32" slack="0"/>
<pin id="260" dir="1" index="2" bw="0" slack="2147483647"/>
</pin_list>
<bind>
<opcode="store(28) " fcode="store"/>
<opset="store_ln66/1 "/>
</bind>
</comp>

<comp id="262" class="1004" name="store_ln66_store_fu_262">
<pin_list>
<pin id="263" dir="0" index="0" bw="32" slack="0"/>
<pin id="264" dir="0" index="1" bw="32" slack="0"/>
<pin id="265" dir="1" index="2" bw="0" slack="2147483647"/>
</pin_list>
<bind>
<opcode="store(28) " fcode="store"/>
<opset="store_ln66/1 "/>
</bind>
</comp>

<comp id="267" class="1004" name="store_ln66_store_fu_267">
<pin_list>
<pin id="268" dir="0" index="0" bw="32" slack="0"/>
<pin id="269" dir="0" index="1" bw="32" slack="0"/>
<pin id="270" dir="1" index="2" bw="0" slack="2147483647"/>
</pin_list>
<bind>
<opcode="store(28) " fcode="store"/>
<opset="store_ln66/1 "/>
</bind>
</comp>

<comp id="272" class="1004" name="store_ln66_store_fu_272">
<pin_list>
<pin id="273" dir="0" index="0" bw="32" slack="0"/>
<pin id="274" dir="0" index="1" bw="32" slack="0"/>
<pin id="275" dir="1" index="2" bw="0" slack="2147483647"/>
</pin_list>
<bind>
<opcode="store(28) " fcode="store"/>
<opset="store_ln66/1 "/>
</bind>
</comp>

<comp id="277" class="1004" name="icmp_ln89_fu_277">
<pin_list>
<pin id="278" dir="0" index="0" bw="16" slack="0"/>
<pin id="279" dir="0" index="1" bw="1" slack="0"/>
<pin id="280" dir="1" index="2" bw="1" slack="1"/>
</pin_list>
<bind>
<opcode="icmp(45) " fcode="icmp"/>
<opset="icmp_ln89/1 "/>
</bind>
</comp>

<comp id="283" class="1004" name="SNR_load_load_fu_283">
<pin_list>
<pin id="284" dir="0" index="0" bw="32" slack="1"/>
<pin id="285" dir="1" index="1" bw="32" slack="0"/>
</pin_list>
<bind>
<opcode="load(27) " fcode="load"/>
<opset="SNR_load/2 "/>
</bind>
</comp>

<comp id="287" class="1004" name="DATA_LEN_load_load_fu_287">
<pin_list>
<pin id="288" dir="0" index="0" bw="32" slack="1"/>
<pin id="289" dir="1" index="1" bw="32" slack="0"/>
</pin_list>
<bind>
<opcode="load(27) " fcode="load"/>
<opset="DATA_LEN_load/2 "/>
</bind>
</comp>

<comp id="291" class="1004" name="sym_num_load_load_fu_291">
<pin_list>
<pin id="292" dir="0" index="0" bw="32" slack="1"/>
<pin id="293" dir="1" index="1" bw="32" slack="0"/>
</pin_list>
<bind>
<opcode="load(27) " fcode="load"/>
<opset="sym_num_load/2 "/>
</bind>
</comp>

<comp id="295" class="1004" name="pilot_width_load_load_fu_295">
<pin_list>
<pin id="296" dir="0" index="0" bw="32" slack="1"/>
<pin id="297" dir="1" index="1" bw="32" slack="0"/>
</pin_list>
<bind>
<opcode="load(27) " fcode="load"/>
<opset="pilot_width_load/2 "/>
</bind>
</comp>

<comp id="299" class="1004" name="CP_length_load_load_fu_299">
<pin_list>
<pin id="300" dir="0" index="0" bw="32" slack="1"/>
<pin id="301" dir="1" index="1" bw="32" slack="0"/>
</pin_list>
<bind>
<opcode="load(27) " fcode="load"/>
<opset="CP_length_load/2 "/>
</bind>
</comp>

<comp id="303" class="1004" name="TAPS_NUM_load_load_fu_303">
<pin_list>
<pin id="304" dir="0" index="0" bw="32" slack="1"/>
<pin id="305" dir="1" index="1" bw="32" slack="0"/>
</pin_list>
<bind>
<opcode="load(27) " fcode="load"/>
<opset="TAPS_NUM_load/2 "/>
</bind>
</comp>

<comp id="307" class="1005" name="SNR_reg_307">
<pin_list>
<pin id="308" dir="0" index="0" bw="32" slack="0"/>
<pin id="309" dir="1" index="1" bw="32" slack="0"/>
</pin_list>
<bind>
<opset="SNR "/>
</bind>
</comp>

<comp id="313" class="1005" name="DATA_LEN_reg_313">
<pin_list>
<pin id="314" dir="0" index="0" bw="32" slack="0"/>
<pin id="315" dir="1" index="1" bw="32" slack="0"/>
</pin_list>
<bind>
<opset="DATA_LEN "/>
</bind>
</comp>

<comp id="319" class="1005" name="sym_num_reg_319">
<pin_list>
<pin id="320" dir="0" index="0" bw="32" slack="0"/>
<pin id="321" dir="1" index="1" bw="32" slack="0"/>
</pin_list>
<bind>
<opset="sym_num "/>
</bind>
</comp>

<comp id="325" class="1005" name="pilot_width_reg_325">
<pin_list>
<pin id="326" dir="0" index="0" bw="32" slack="0"/>
<pin id="327" dir="1" index="1" bw="32" slack="0"/>
</pin_list>
<bind>
<opset="pilot_width "/>
</bind>
</comp>

<comp id="331" class="1005" name="CP_length_reg_331">
<pin_list>
<pin id="332" dir="0" index="0" bw="32" slack="0"/>
<pin id="333" dir="1" index="1" bw="32" slack="0"/>
</pin_list>
<bind>
<opset="CP_length "/>
</bind>
</comp>

<comp id="337" class="1005" name="TAPS_NUM_reg_337">
<pin_list>
<pin id="338" dir="0" index="0" bw="32" slack="0"/>
<pin id="339" dir="1" index="1" bw="32" slack="0"/>
</pin_list>
<bind>
<opset="TAPS_NUM "/>
</bind>
</comp>

<comp id="343" class="1005" name="tmp_reg_343">
<pin_list>
<pin id="344" dir="0" index="0" bw="64" slack="1"/>
<pin id="345" dir="1" index="1" bw="64" slack="1"/>
</pin_list>
<bind>
<opset="tmp "/>
</bind>
</comp>

<comp id="348" class="1005" name="icmp_ln63_reg_348">
<pin_list>
<pin id="349" dir="0" index="0" bw="1" slack="1"/>
<pin id="350" dir="1" index="1" bw="1" slack="2147483647"/>
</pin_list>
<bind>
<opset="icmp_ln63 "/>
</bind>
</comp>

<comp id="355" class="1005" name="icmp_ln89_reg_355">
<pin_list>
<pin id="356" dir="0" index="0" bw="1" slack="1"/>
<pin id="357" dir="1" index="1" bw="1" slack="2147483647"/>
</pin_list>
<bind>
<opset="icmp_ln89 "/>
</bind>
</comp>

</comp_list>

<net_list>
<net id="101"><net_src comp="40" pin="0"/><net_sink comp="98" pin=0"/></net>

<net id="105"><net_src comp="40" pin="0"/><net_sink comp="102" pin=0"/></net>

<net id="109"><net_src comp="40" pin="0"/><net_sink comp="106" pin=0"/></net>

<net id="113"><net_src comp="40" pin="0"/><net_sink comp="110" pin=0"/></net>

<net id="117"><net_src comp="40" pin="0"/><net_sink comp="114" pin=0"/></net>

<net id="121"><net_src comp="40" pin="0"/><net_sink comp="118" pin=0"/></net>

<net id="132"><net_src comp="62" pin="0"/><net_sink comp="122" pin=0"/></net>

<net id="133"><net_src comp="0" pin="0"/><net_sink comp="122" pin=1"/></net>

<net id="134"><net_src comp="2" pin="0"/><net_sink comp="122" pin=2"/></net>

<net id="135"><net_src comp="4" pin="0"/><net_sink comp="122" pin=3"/></net>

<net id="136"><net_src comp="6" pin="0"/><net_sink comp="122" pin=4"/></net>

<net id="137"><net_src comp="8" pin="0"/><net_sink comp="122" pin=5"/></net>

<net id="138"><net_src comp="10" pin="0"/><net_sink comp="122" pin=6"/></net>

<net id="139"><net_src comp="12" pin="0"/><net_sink comp="122" pin=7"/></net>

<net id="157"><net_src comp="90" pin="0"/><net_sink comp="140" pin=0"/></net>

<net id="158"><net_src comp="14" pin="0"/><net_sink comp="140" pin=1"/></net>

<net id="159"><net_src comp="16" pin="0"/><net_sink comp="140" pin=2"/></net>

<net id="160"><net_src comp="18" pin="0"/><net_sink comp="140" pin=3"/></net>

<net id="161"><net_src comp="20" pin="0"/><net_sink comp="140" pin=4"/></net>

<net id="162"><net_src comp="22" pin="0"/><net_sink comp="140" pin=5"/></net>

<net id="163"><net_src comp="24" pin="0"/><net_sink comp="140" pin=6"/></net>

<net id="164"><net_src comp="26" pin="0"/><net_sink comp="140" pin=7"/></net>

<net id="165"><net_src comp="92" pin="0"/><net_sink comp="140" pin=9"/></net>

<net id="166"><net_src comp="92" pin="0"/><net_sink comp="140" pin=10"/></net>

<net id="167"><net_src comp="94" pin="0"/><net_sink comp="140" pin=11"/></net>

<net id="168"><net_src comp="94" pin="0"/><net_sink comp="140" pin=12"/></net>

<net id="169"><net_src comp="94" pin="0"/><net_sink comp="140" pin=13"/></net>

<net id="170"><net_src comp="94" pin="0"/><net_sink comp="140" pin=14"/></net>

<net id="176"><net_src comp="96" pin="0"/><net_sink comp="171" pin=0"/></net>

<net id="177"><net_src comp="28" pin="0"/><net_sink comp="171" pin=1"/></net>

<net id="183"><net_src comp="96" pin="0"/><net_sink comp="178" pin=0"/></net>

<net id="184"><net_src comp="30" pin="0"/><net_sink comp="178" pin=1"/></net>

<net id="190"><net_src comp="96" pin="0"/><net_sink comp="185" pin=0"/></net>

<net id="191"><net_src comp="32" pin="0"/><net_sink comp="185" pin=1"/></net>

<net id="197"><net_src comp="96" pin="0"/><net_sink comp="192" pin=0"/></net>

<net id="198"><net_src comp="34" pin="0"/><net_sink comp="192" pin=1"/></net>

<net id="204"><net_src comp="96" pin="0"/><net_sink comp="199" pin=0"/></net>

<net id="205"><net_src comp="36" pin="0"/><net_sink comp="199" pin=1"/></net>

<net id="211"><net_src comp="96" pin="0"/><net_sink comp="206" pin=0"/></net>

<net id="212"><net_src comp="38" pin="0"/><net_sink comp="206" pin=1"/></net>

<net id="216"><net_src comp="122" pin="8"/><net_sink comp="213" pin=0"/></net>

<net id="223"><net_src comp="64" pin="0"/><net_sink comp="217" pin=0"/></net>

<net id="224"><net_src comp="213" pin="1"/><net_sink comp="217" pin=1"/></net>

<net id="225"><net_src comp="66" pin="0"/><net_sink comp="217" pin=2"/></net>

<net id="226"><net_src comp="68" pin="0"/><net_sink comp="217" pin=3"/></net>

<net id="231"><net_src comp="217" pin="4"/><net_sink comp="227" pin=0"/></net>

<net id="232"><net_src comp="70" pin="0"/><net_sink comp="227" pin=1"/></net>

<net id="239"><net_src comp="64" pin="0"/><net_sink comp="233" pin=0"/></net>

<net id="240"><net_src comp="213" pin="1"/><net_sink comp="233" pin=1"/></net>

<net id="241"><net_src comp="72" pin="0"/><net_sink comp="233" pin=2"/></net>

<net id="242"><net_src comp="74" pin="0"/><net_sink comp="233" pin=3"/></net>

<net id="246"><net_src comp="213" pin="1"/><net_sink comp="243" pin=0"/></net>

<net id="251"><net_src comp="243" pin="1"/><net_sink comp="247" pin=0"/></net>

<net id="256"><net_src comp="243" pin="1"/><net_sink comp="252" pin=0"/></net>

<net id="261"><net_src comp="243" pin="1"/><net_sink comp="257" pin=0"/></net>

<net id="266"><net_src comp="243" pin="1"/><net_sink comp="262" pin=0"/></net>

<net id="271"><net_src comp="243" pin="1"/><net_sink comp="267" pin=0"/></net>

<net id="276"><net_src comp="243" pin="1"/><net_sink comp="272" pin=0"/></net>

<net id="281"><net_src comp="217" pin="4"/><net_sink comp="277" pin=0"/></net>

<net id="282"><net_src comp="88" pin="0"/><net_sink comp="277" pin=1"/></net>

<net id="286"><net_src comp="283" pin="1"/><net_sink comp="206" pin=2"/></net>

<net id="290"><net_src comp="287" pin="1"/><net_sink comp="199" pin=2"/></net>

<net id="294"><net_src comp="291" pin="1"/><net_sink comp="192" pin=2"/></net>

<net id="298"><net_src comp="295" pin="1"/><net_sink comp="185" pin=2"/></net>

<net id="302"><net_src comp="299" pin="1"/><net_sink comp="178" pin=2"/></net>

<net id="306"><net_src comp="303" pin="1"/><net_sink comp="171" pin=2"/></net>

<net id="310"><net_src comp="98" pin="1"/><net_sink comp="307" pin=0"/></net>

<net id="311"><net_src comp="307" pin="1"/><net_sink comp="247" pin=1"/></net>

<net id="312"><net_src comp="307" pin="1"/><net_sink comp="283" pin=0"/></net>

<net id="316"><net_src comp="102" pin="1"/><net_sink comp="313" pin=0"/></net>

<net id="317"><net_src comp="313" pin="1"/><net_sink comp="272" pin=1"/></net>

<net id="318"><net_src comp="313" pin="1"/><net_sink comp="287" pin=0"/></net>

<net id="322"><net_src comp="106" pin="1"/><net_sink comp="319" pin=0"/></net>

<net id="323"><net_src comp="319" pin="1"/><net_sink comp="267" pin=1"/></net>

<net id="324"><net_src comp="319" pin="1"/><net_sink comp="291" pin=0"/></net>

<net id="328"><net_src comp="110" pin="1"/><net_sink comp="325" pin=0"/></net>

<net id="329"><net_src comp="325" pin="1"/><net_sink comp="262" pin=1"/></net>

<net id="330"><net_src comp="325" pin="1"/><net_sink comp="295" pin=0"/></net>

<net id="334"><net_src comp="114" pin="1"/><net_sink comp="331" pin=0"/></net>

<net id="335"><net_src comp="331" pin="1"/><net_sink comp="257" pin=1"/></net>

<net id="336"><net_src comp="331" pin="1"/><net_sink comp="299" pin=0"/></net>

<net id="340"><net_src comp="118" pin="1"/><net_sink comp="337" pin=0"/></net>

<net id="341"><net_src comp="337" pin="1"/><net_sink comp="252" pin=1"/></net>

<net id="342"><net_src comp="337" pin="1"/><net_sink comp="303" pin=0"/></net>

<net id="346"><net_src comp="213" pin="1"/><net_sink comp="343" pin=0"/></net>

<net id="347"><net_src comp="343" pin="1"/><net_sink comp="140" pin=8"/></net>

<net id="351"><net_src comp="227" pin="2"/><net_sink comp="348" pin=0"/></net>

<net id="358"><net_src comp="277" pin="2"/><net_sink comp="355" pin=0"/></net>

</net_list>

</model> 
---------------- Datapath Model END ------------------

* FSMD analyzer results:
  - Output states:
	Port: data_out_V_data_V | {2 }
	Port: data_out_V_keep_V | {2 }
	Port: data_out_V_strb_V | {2 }
	Port: data_out_V_user_V | {2 }
	Port: data_out_V_last_V | {2 }
	Port: data_out_V_id_V | {2 }
	Port: data_out_V_dest_V | {2 }
	Port: TAPS_NUM_5_out | {2 }
	Port: CP_length_4_out | {2 }
	Port: pilot_width_3_out | {2 }
	Port: sym_num_2_out | {2 }
	Port: DATA_LEN_1_out | {2 }
	Port: SNR_7_out | {2 }
 - Input state : 
	Port: channel_gen_Pipeline_VITIS_LOOP_60_1 : data_in_V_data_V | {1 }
	Port: channel_gen_Pipeline_VITIS_LOOP_60_1 : data_in_V_keep_V | {1 }
	Port: channel_gen_Pipeline_VITIS_LOOP_60_1 : data_in_V_strb_V | {1 }
	Port: channel_gen_Pipeline_VITIS_LOOP_60_1 : data_in_V_user_V | {1 }
	Port: channel_gen_Pipeline_VITIS_LOOP_60_1 : data_in_V_last_V | {1 }
	Port: channel_gen_Pipeline_VITIS_LOOP_60_1 : data_in_V_id_V | {1 }
	Port: channel_gen_Pipeline_VITIS_LOOP_60_1 : data_in_V_dest_V | {1 }
  - Chain level:
	State 1
		p_Result_s : 1
		icmp_ln63 : 2
		br_ln63 : 3
		p_Result_s_83 : 1
		SNR_2 : 1
		switch_ln66 : 2
		store_ln66 : 2
		store_ln66 : 2
		store_ln66 : 2
		store_ln66 : 2
		store_ln66 : 2
		store_ln66 : 2
		icmp_ln89 : 2
		br_ln89 : 3
	State 2
		write_ln0 : 1
		write_ln0 : 1
		write_ln0 : 1
		write_ln0 : 1
		write_ln0 : 1
		write_ln0 : 1


============================================================
+ Verbose Summary: Datapath Resource usage 
============================================================

* Functional unit list:
|----------|--------------------------|---------|---------|
| Operation|      Functional Unit     |    FF   |   LUT   |
|----------|--------------------------|---------|---------|
|   icmp   |     icmp_ln63_fu_227     |    0    |    13   |
|          |     icmp_ln89_fu_277     |    0    |    13   |
|----------|--------------------------|---------|---------|
|   read   |     empty_read_fu_122    |    0    |    0    |
|----------|--------------------------|---------|---------|
|          | write_ln304_write_fu_140 |    0    |    0    |
|          |  write_ln0_write_fu_171  |    0    |    0    |
|          |  write_ln0_write_fu_178  |    0    |    0    |
|   write  |  write_ln0_write_fu_185  |    0    |    0    |
|          |  write_ln0_write_fu_192  |    0    |    0    |
|          |  write_ln0_write_fu_199  |    0    |    0    |
|          |  write_ln0_write_fu_206  |    0    |    0    |
|----------|--------------------------|---------|---------|
|extractvalue|        tmp_fu_213        |    0    |    0    |
|----------|--------------------------|---------|---------|
|partselect|     p_Result_s_fu_217    |    0    |    0    |
|          |   p_Result_s_83_fu_233   |    0    |    0    |
|----------|--------------------------|---------|---------|
|   trunc  |       SNR_2_fu_243       |    0    |    0    |
|----------|--------------------------|---------|---------|
|   Total  |                          |    0    |    26   |
|----------|--------------------------|---------|---------|

Memories:
N/A

* Register list:
+-------------------+--------+
|                   |   FF   |
+-------------------+--------+
| CP_length_reg_331 |   32   |
|  DATA_LEN_reg_313 |   32   |
|    SNR_reg_307    |   32   |
|  TAPS_NUM_reg_337 |   32   |
| icmp_ln63_reg_348 |    1   |
| icmp_ln89_reg_355 |    1   |
|pilot_width_reg_325|   32   |
|  sym_num_reg_319  |   32   |
|    tmp_reg_343    |   64   |
+-------------------+--------+
|       Total       |   258  |
+-------------------+--------+

* Multiplexer (MUX) list: 
|--------|------|------|------|--------|
|  Comp  |  Pin | Size |  BW  | S x BW |
|--------|------|------|------|--------|
|  Total |      |      |      |    0   |
|--------|------|------|------|--------|



* Summary:
+-----------+--------+--------+
|           |   FF   |   LUT  |
+-----------+--------+--------+
|  Function |    0   |   26   |
|   Memory  |    -   |    -   |
|Multiplexer|    -   |    -   |
|  Register |   258  |    -   |
+-----------+--------+--------+
|   Total   |   258  |   26   |
+-----------+--------+--------+
