

================================================================
== Synthesis Summary Report of 'pilot_insertion'
================================================================
+ General Information: 
    * Date:           Mon Dec  5 17:16:49 2022
    * Version:        2021.1 (Build 3247384 on Thu Jun 10 19:36:07 MDT 2021)
    * Project:        project
    * Solution:       solution1 (Vivado IP Flow Target)
    * Product family: zynquplus
    * Target device:  xck26-sfvc784-2LV-c
    

+ Performance & Resource Estimates: 
    
    PS: '+' for module; 'o' for loop; '*' for dataflow
    +------------------------------------------------------------------------+------+-------+---------+--------+----------+---------+------+----------+------+----------+-----------+-----------+-----+
    |                                 Modules                                | Issue|       | Latency | Latency| Iteration|         | Trip |          |      |          |           |           |     |
    |                                 & Loops                                | Type | Slack | (cycles)|  (ns)  |  Latency | Interval| Count| Pipelined| BRAM |    DSP   |     FF    |    LUT    | URAM|
    +------------------------------------------------------------------------+------+-------+---------+--------+----------+---------+------+----------+------+----------+-----------+-----------+-----+
    |+ pilot_insertion                                                       |     -|   6.47|        -|       -|         -|        -|     -|        no|     -|  11 (~0%)|  3544 (1%)|  3278 (2%)|    -|
    | + grp_pilot_insertion_Pipeline_VITIS_LOOP_34_1_fu_76                   |     -|  13.50|        -|       -|         -|        -|     -|        no|     -|         -|  186 (~0%)|   70 (~0%)|    -|
    |  o VITIS_LOOP_34_1                                                     |     -|  14.60|        -|       -|         2|        1|     -|       yes|     -|         -|          -|          -|    -|
    | + grp_pilot_insertion_Pipeline_VITIS_LOOP_63_2_VITIS_LOOP_64_3_fu_111  |     -|   7.95|        -|       -|         -|        -|     -|        no|     -|   8 (~0%)|  2483 (1%)|  2327 (1%)|    -|
    |  o VITIS_LOOP_63_2_VITIS_LOOP_64_3                                     |     -|  14.60|        -|       -|        13|        1|     -|       yes|     -|         -|          -|          -|    -|
    +------------------------------------------------------------------------+------+-------+---------+--------+----------+---------+------+----------+------+----------+-----------+-----------+-----+


================================================================
== HW Interfaces
================================================================
* AXIS
+-----------+---------------+-------+-------+-----+-------+-------+--------+-------+-------+--------+
| Interface | Register Mode | TDATA | TDEST | TID | TKEEP | TLAST | TREADY | TSTRB | TUSER | TVALID |
+-----------+---------------+-------+-------+-----+-------+-------+--------+-------+-------+--------+
| data_in   | both          | 64    | 1     | 1   | 8     | 1     | 1      | 8     | 1     | 1      |
| data_out  | both          | 64    | 1     | 1   | 8     | 1     | 1      | 8     | 1     | 1      |
+-----------+---------------+-------+-------+-----+-------+-------+--------+-------+-------+--------+

* TOP LEVEL CONTROL
+-----------+--------------+----------+
| Interface | Type         | Ports    |
+-----------+--------------+----------+
| ap_clk    | clock        | ap_clk   |
| ap_rst_n  | reset        | ap_rst_n |
| ap_ctrl   | ap_ctrl_none |          |
+-----------+--------------+----------+


================================================================
== SW I/O Information
================================================================
* Top Function Arguments
+----------+-----------+---------------------------------------------+
| Argument | Direction | Datatype                                    |
+----------+-----------+---------------------------------------------+
| data_in  | in        | stream<hls::axis<ap_uint<64>, 1, 1, 1>, 0>& |
| data_out | out       | stream<hls::axis<ap_uint<64>, 1, 1, 1>, 0>& |
+----------+-----------+---------------------------------------------+

* SW-to-HW Mapping
+----------+----------+-----------+
| Argument | HW Name  | HW Type   |
+----------+----------+-----------+
| data_in  | data_in  | interface |
| data_out | data_out | interface |
+----------+----------+-----------+


================================================================
== M_AXI Burst Information
================================================================

